{
  "timestamp": "2023-03-29T19:29:38.580Z",
  "level": "INFO",
  "class": "liquibase.integration",
  "thread": "1",
  "message": "Starting command execution.",
  "liquibaseVersion": "4.20.0",
  "liquibaseSystemUser": "mariochampion",
  "liquibaseSystemName": "mmc-mbp.local"
}
{
  "timestamp": "2023-03-29T19:29:38.708Z",
  "level": "INFO",
  "class": "liquibase.license",
  "thread": "1",
  "message": "Successfully installed license from Base64 string starting with 'ABwwGgQU6h' (property liquibaseProLicenseKey).\n",
  "liquibaseOperation": "updateToTag"
}
{
  "timestamp": "2023-03-29T19:29:38.875Z",
  "level": "INFO",
  "class": "liquibase.database",
  "thread": "1",
  "message": "Set default schema name to PUBLIC",
  "liquibaseOperation": "updateToTag",
  "liquibaseCommandName": "updateToTag"
}
{
  "timestamp": "2023-03-29T19:29:38.968Z",
  "level": "INFO",
  "class": "liquibase.executor",
  "thread": "1",
  "message": "Changelog query completed.",
  "liquibaseOperation": "updateToTag",
  "liquibaseCommandName": "updateToTag",
  "commandLabelFilter": "",
  "commandContextFilter": "",
  "databaseChangelogSQL": "SELECT COUNT(*) FROM PUBLIC.DATABASECHANGELOGLOCK;",
  "databaseChangelogTableOutcome": "executed"
}
{
  "timestamp": "2023-03-29T19:29:38.975Z",
  "level": "INFO",
  "class": "liquibase.executor",
  "thread": "1",
  "message": "Changelog query completed.",
  "liquibaseOperation": "updateToTag",
  "liquibaseCommandName": "updateToTag",
  "commandLabelFilter": "",
  "commandContextFilter": "",
  "databaseChangelogSQL": "SELECT LOCKED FROM PUBLIC.DATABASECHANGELOGLOCK WHERE ID=1;",
  "databaseChangelogTableOutcome": "executed"
}
{
  "timestamp": "2023-03-29T19:29:38.999Z",
  "level": "INFO",
  "class": "liquibase.executor",
  "thread": "1",
  "message": "Changelog query completed.",
  "liquibaseOperation": "updateToTag",
  "liquibaseCommandName": "updateToTag",
  "commandLabelFilter": "",
  "commandContextFilter": "",
  "databaseChangelogSQL": "UPDATE PUBLIC.DATABASECHANGELOGLOCK SET LOCKED = TRUE, LOCKEDBY = 'mmc-mbp.local (192.168.12.47)', LOCKGRANTED = NOW() WHERE ID = 1 AND LOCKED = FALSE;",
  "databaseChangelogTableOutcome": "executed"
}
{
  "timestamp": "2023-03-29T19:29:39.001Z",
  "level": "INFO",
  "class": "liquibase.lockservice",
  "thread": "1",
  "message": "Successfully acquired change log lock",
  "liquibaseOperation": "updateToTag",
  "liquibaseCommandName": "updateToTag",
  "commandLabelFilter": "",
  "commandContextFilter": ""
}
{
  "timestamp": "2023-03-29T19:29:39.075Z",
  "level": "INFO",
  "class": "liquibase.executor",
  "thread": "1",
  "message": "Changelog query completed.",
  "liquibaseOperation": "updateToTag",
  "liquibaseCommandName": "updateToTag",
  "commandLabelFilter": "",
  "commandContextFilter": "",
  "liquibaseTargetUrl": "jdbc:h2:tcp://localhost:9090/mem:dev",
  "changelogFile": "changelog.mdc-03.sql",
  "databaseChangelogSQL": "SELECT MD5SUM FROM PUBLIC.DATABASECHANGELOG WHERE MD5SUM IS NOT NULL;",
  "databaseChangelogTableOutcome": "executed"
}
{
  "timestamp": "2023-03-29T19:29:39.078Z",
  "level": "INFO",
  "class": "liquibase.changelog",
  "thread": "1",
  "message": "Reading from PUBLIC.DATABASECHANGELOG",
  "liquibaseOperation": "updateToTag",
  "liquibaseCommandName": "updateToTag",
  "commandLabelFilter": "",
  "commandContextFilter": "",
  "liquibaseTargetUrl": "jdbc:h2:tcp://localhost:9090/mem:dev",
  "changelogFile": "changelog.mdc-03.sql"
}
{
  "timestamp": "2023-03-29T19:29:39.084Z",
  "level": "INFO",
  "class": "liquibase.executor",
  "thread": "1",
  "message": "Changelog query completed.",
  "liquibaseOperation": "updateToTag",
  "liquibaseCommandName": "updateToTag",
  "commandLabelFilter": "",
  "commandContextFilter": "",
  "liquibaseTargetUrl": "jdbc:h2:tcp://localhost:9090/mem:dev",
  "changelogFile": "changelog.mdc-03.sql",
  "databaseChangelogSQL": "SELECT * FROM PUBLIC.DATABASECHANGELOG ORDER BY DATEEXECUTED ASC, ORDEREXECUTED ASC;",
  "databaseChangelogTableOutcome": "executed"
}
{
  "timestamp": "2023-03-29T19:29:39.089Z",
  "level": "INFO",
  "class": "liquibase.executor",
  "thread": "1",
  "message": "Changelog query completed.",
  "liquibaseOperation": "updateToTag",
  "liquibaseCommandName": "updateToTag",
  "commandLabelFilter": "",
  "commandContextFilter": "",
  "liquibaseTargetUrl": "jdbc:h2:tcp://localhost:9090/mem:dev",
  "changelogFile": "changelog.mdc-03.sql",
  "databaseChangelogSQL": "SELECT COUNT(*) FROM PUBLIC.DATABASECHANGELOGLOCK;",
  "databaseChangelogTableOutcome": "executed"
}
{
  "timestamp": "2023-03-29T19:29:39.124Z",
  "level": "INFO",
  "class": "liquibase.changelog",
  "thread": "1",
  "message": "Custom SQL executed",
  "liquibaseOperation": "updateToTag",
  "liquibaseCommandName": "updateToTag",
  "commandLabelFilter": "",
  "commandContextFilter": "",
  "liquibaseTargetUrl": "jdbc:h2:tcp://localhost:9090/mem:dev",
  "changelogFile": "changelog.mdc-03.sql",
  "deploymentId": "0118179105",
  "changesetId": "mdc-poc-01",
  "changesetAuthor": "mmc-03",
  "changesetFilepath": "changelog.mdc-03.sql",
  "changesetComment": "example comment",
  "changesetLabel": "example-label",
  "changesetContext": "example-context",
  "changesetOperationStart": "2023-03-29T14:29:39.114",
  "changesetSql": "create table person03 (\n    id int primary key auto_increment not null,\n    name varchar(50) not null,\n    address1 varchar(50),\n    address2 varchar(50),\n    city varchar(30)\n);"
}
{
  "timestamp": "2023-03-29T19:29:39.127Z",
  "level": "INFO",
  "class": "liquibase.changelog",
  "thread": "1",
  "message": "ChangeSet changelog.mdc-03.sql::mdc-poc-01::mmc-03 ran successfully in 14ms",
  "liquibaseOperation": "updateToTag",
  "liquibaseCommandName": "updateToTag",
  "commandLabelFilter": "",
  "commandContextFilter": "",
  "liquibaseTargetUrl": "jdbc:h2:tcp://localhost:9090/mem:dev",
  "changelogFile": "changelog.mdc-03.sql",
  "deploymentId": "0118179105",
  "changesetId": "mdc-poc-01",
  "changesetAuthor": "mmc-03",
  "changesetFilepath": "changelog.mdc-03.sql",
  "changesetComment": "example comment",
  "changesetLabel": "example-label",
  "changesetContext": "example-context",
  "changesetOperationStart": "2023-03-29T14:29:39.114",
  "changesetSql": "create table person03 (\n    id int primary key auto_increment not null,\n    name varchar(50) not null,\n    address1 varchar(50),\n    address2 varchar(50),\n    city varchar(30)\n);",
  "changesetOperationStop": "2023-03-29T14:29:39.127",
  "changesetOutcome": "executed"
}
{
  "timestamp": "2023-03-29T19:29:39.133Z",
  "level": "INFO",
  "class": "liquibase.executor",
  "thread": "1",
  "message": "Changelog query completed.",
  "liquibaseOperation": "updateToTag",
  "liquibaseCommandName": "updateToTag",
  "commandLabelFilter": "",
  "commandContextFilter": "",
  "liquibaseTargetUrl": "jdbc:h2:tcp://localhost:9090/mem:dev",
  "changelogFile": "changelog.mdc-03.sql",
  "deploymentId": "0118179105",
  "changesetId": "mdc-poc-01",
  "changesetAuthor": "mmc-03",
  "changesetFilepath": "changelog.mdc-03.sql",
  "changesetComment": "example comment",
  "changesetLabel": "example-label",
  "changesetContext": "example-context",
  "changesetOperationStart": "2023-03-29T14:29:39.114",
  "changesetSql": "create table person03 (\n    id int primary key auto_increment not null,\n    name varchar(50) not null,\n    address1 varchar(50),\n    address2 varchar(50),\n    city varchar(30)\n);",
  "changesetOperationStop": "2023-03-29T14:29:39.127",
  "changesetOutcome": "executed",
  "databaseChangelogSQL": "SELECT MAX(ORDEREXECUTED) FROM PUBLIC.DATABASECHANGELOG;",
  "databaseChangelogTableOutcome": "executed"
}
{
  "timestamp": "2023-03-29T19:29:39.138Z",
  "level": "INFO",
  "class": "liquibase.executor",
  "thread": "1",
  "message": "Changelog query completed.",
  "liquibaseOperation": "updateToTag",
  "liquibaseCommandName": "updateToTag",
  "commandLabelFilter": "",
  "commandContextFilter": "",
  "liquibaseTargetUrl": "jdbc:h2:tcp://localhost:9090/mem:dev",
  "changelogFile": "changelog.mdc-03.sql",
  "deploymentId": "0118179105",
  "changesetId": "mdc-poc-01",
  "changesetAuthor": "mmc-03",
  "changesetFilepath": "changelog.mdc-03.sql",
  "changesetComment": "example comment",
  "changesetLabel": "example-label",
  "changesetContext": "example-context",
  "changesetOperationStart": "2023-03-29T14:29:39.114",
  "changesetSql": "create table person03 (\n    id int primary key auto_increment not null,\n    name varchar(50) not null,\n    address1 varchar(50),\n    address2 varchar(50),\n    city varchar(30)\n);",
  "changesetOperationStop": "2023-03-29T14:29:39.127",
  "changesetOutcome": "executed",
  "databaseChangelogTableOutcome": "executed"
}
{
  "timestamp": "2023-03-29T19:29:39.149Z",
  "level": "INFO",
  "class": "liquibase.changelog",
  "thread": "1",
  "message": "Custom SQL executed",
  "liquibaseOperation": "updateToTag",
  "liquibaseCommandName": "updateToTag",
  "commandLabelFilter": "",
  "commandContextFilter": "",
  "liquibaseTargetUrl": "jdbc:h2:tcp://localhost:9090/mem:dev",
  "changelogFile": "changelog.mdc-03.sql",
  "deploymentId": "0118179105",
  "changesetId": "mdc-poc-02",
  "changesetAuthor": "mmc-03",
  "changesetFilepath": "changelog.mdc-03.sql",
  "changesetComment": "example comment",
  "changesetLabel": "example2-label",
  "changesetContext": "example-context",
  "changesetOperationStart": "2023-03-29T14:29:39.145",
  "changesetSql": "create table company03 (\n    id int primary key auto_increment not null,\n    name varchar(50) not null,\n    address1 varchar(50),\n    address2 varchar(50),\n    city varchar(30)\n);"
}
{
  "timestamp": "2023-03-29T19:29:39.151Z",
  "level": "INFO",
  "class": "liquibase.changelog",
  "thread": "1",
  "message": "ChangeSet changelog.mdc-03.sql::mdc-poc-02::mmc-03 ran successfully in 6ms",
  "liquibaseOperation": "updateToTag",
  "liquibaseCommandName": "updateToTag",
  "commandLabelFilter": "",
  "commandContextFilter": "",
  "liquibaseTargetUrl": "jdbc:h2:tcp://localhost:9090/mem:dev",
  "changelogFile": "changelog.mdc-03.sql",
  "deploymentId": "0118179105",
  "changesetId": "mdc-poc-02",
  "changesetAuthor": "mmc-03",
  "changesetFilepath": "changelog.mdc-03.sql",
  "changesetComment": "example comment",
  "changesetLabel": "example2-label",
  "changesetContext": "example-context",
  "changesetOperationStart": "2023-03-29T14:29:39.145",
  "changesetSql": "create table company03 (\n    id int primary key auto_increment not null,\n    name varchar(50) not null,\n    address1 varchar(50),\n    address2 varchar(50),\n    city varchar(30)\n);",
  "changesetOperationStop": "2023-03-29T14:29:39.151",
  "changesetOutcome": "executed"
}
{
  "timestamp": "2023-03-29T19:29:39.154Z",
  "level": "INFO",
  "class": "liquibase.executor",
  "thread": "1",
  "message": "Changelog query completed.",
  "liquibaseOperation": "updateToTag",
  "liquibaseCommandName": "updateToTag",
  "commandLabelFilter": "",
  "commandContextFilter": "",
  "liquibaseTargetUrl": "jdbc:h2:tcp://localhost:9090/mem:dev",
  "changelogFile": "changelog.mdc-03.sql",
  "deploymentId": "0118179105",
  "changesetId": "mdc-poc-02",
  "changesetAuthor": "mmc-03",
  "changesetFilepath": "changelog.mdc-03.sql",
  "changesetComment": "example comment",
  "changesetLabel": "example2-label",
  "changesetContext": "example-context",
  "changesetOperationStart": "2023-03-29T14:29:39.145",
  "changesetSql": "create table company03 (\n    id int primary key auto_increment not null,\n    name varchar(50) not null,\n    address1 varchar(50),\n    address2 varchar(50),\n    city varchar(30)\n);",
  "changesetOperationStop": "2023-03-29T14:29:39.151",
  "changesetOutcome": "executed",
  "databaseChangelogTableOutcome": "executed"
}
{
  "timestamp": "2023-03-29T19:29:39.163Z",
  "level": "INFO",
  "class": "liquibase.changelog",
  "thread": "1",
  "message": "Custom SQL executed",
  "liquibaseOperation": "updateToTag",
  "liquibaseCommandName": "updateToTag",
  "commandLabelFilter": "",
  "commandContextFilter": "",
  "liquibaseTargetUrl": "jdbc:h2:tcp://localhost:9090/mem:dev",
  "changelogFile": "changelog.mdc-03.sql",
  "deploymentId": "0118179105",
  "changesetId": "mdc-poc-03yyy",
  "changesetAuthor": "mmc-03",
  "changesetFilepath": "changelog.mdc-03.sql",
  "changesetComment": "example comment",
  "changesetLabel": "example3-label",
  "changesetContext": "example-context",
  "changesetOperationStart": "2023-03-29T14:29:39.16",
  "changesetSql": "alter table person03 add column country varchar(2);"
}
{
  "timestamp": "2023-03-29T19:29:39.166Z",
  "level": "INFO",
  "class": "liquibase.changelog",
  "thread": "1",
  "message": "ChangeSet changelog.mdc-03.sql::mdc-poc-03yyy::mmc-03 ran successfully in 5ms",
  "liquibaseOperation": "updateToTag",
  "liquibaseCommandName": "updateToTag",
  "commandLabelFilter": "",
  "commandContextFilter": "",
  "liquibaseTargetUrl": "jdbc:h2:tcp://localhost:9090/mem:dev",
  "changelogFile": "changelog.mdc-03.sql",
  "deploymentId": "0118179105",
  "changesetId": "mdc-poc-03yyy",
  "changesetAuthor": "mmc-03",
  "changesetFilepath": "changelog.mdc-03.sql",
  "changesetComment": "example comment",
  "changesetLabel": "example3-label",
  "changesetContext": "example-context",
  "changesetOperationStart": "2023-03-29T14:29:39.16",
  "changesetSql": "alter table person03 add column country varchar(2);",
  "changesetOperationStop": "2023-03-29T14:29:39.165",
  "changesetOutcome": "executed"
}
{
  "timestamp": "2023-03-29T19:29:39.169Z",
  "level": "INFO",
  "class": "liquibase.executor",
  "thread": "1",
  "message": "Changelog query completed.",
  "liquibaseOperation": "updateToTag",
  "liquibaseCommandName": "updateToTag",
  "commandLabelFilter": "",
  "commandContextFilter": "",
  "liquibaseTargetUrl": "jdbc:h2:tcp://localhost:9090/mem:dev",
  "changelogFile": "changelog.mdc-03.sql",
  "deploymentId": "0118179105",
  "changesetId": "mdc-poc-03yyy",
  "changesetAuthor": "mmc-03",
  "changesetFilepath": "changelog.mdc-03.sql",
  "changesetComment": "example comment",
  "changesetLabel": "example3-label",
  "changesetContext": "example-context",
  "changesetOperationStart": "2023-03-29T14:29:39.16",
  "changesetSql": "alter table person03 add column country varchar(2);",
  "changesetOperationStop": "2023-03-29T14:29:39.165",
  "changesetOutcome": "executed",
  "databaseChangelogTableOutcome": "executed"
}
{
  "timestamp": "2023-03-29T19:29:39.173Z",
  "level": "INFO",
  "class": "liquibase",
  "thread": "1",
  "message": "Update command completed successfully.",
  "liquibaseOperation": "updateToTag",
  "liquibaseCommandName": "updateToTag",
  "commandLabelFilter": "",
  "commandContextFilter": "",
  "liquibaseTargetUrl": "jdbc:h2:tcp://localhost:9090/mem:dev",
  "changelogFile": "changelog.mdc-03.sql",
  "deploymentId": "0118179105",
  "deploymentOutcome": "success",
  "deploymentOutcomeCount": "3"
}
{
  "timestamp": "2023-03-29T19:29:39.177Z",
  "level": "INFO",
  "class": "liquibase.executor",
  "thread": "1",
  "message": "Changelog query completed.",
  "liquibaseOperation": "updateToTag",
  "liquibaseCommandName": "updateToTag",
  "commandLabelFilter": "",
  "commandContextFilter": "",
  "liquibaseTargetUrl": "jdbc:h2:tcp://localhost:9090/mem:dev",
  "changelogFile": "changelog.mdc-03.sql",
  "deploymentId": "0118179105",
  "databaseChangelogSQL": "UPDATE PUBLIC.DATABASECHANGELOGLOCK SET LOCKED = FALSE, LOCKEDBY = NULL, LOCKGRANTED = NULL WHERE ID = 1;",
  "databaseChangelogTableOutcome": "executed"
}
{
  "timestamp": "2023-03-29T19:29:39.178Z",
  "level": "INFO",
  "class": "liquibase.lockservice",
  "thread": "1",
  "message": "Successfully released change log lock",
  "liquibaseOperation": "updateToTag",
  "liquibaseCommandName": "updateToTag",
  "commandLabelFilter": "",
  "commandContextFilter": "",
  "liquibaseTargetUrl": "jdbc:h2:tcp://localhost:9090/mem:dev",
  "changelogFile": "changelog.mdc-03.sql",
  "deploymentId": "0118179105"
}
