{
  "timestamp": "2023-03-29T19:30:29.630Z",
  "level": "INFO",
  "class": "liquibase.integration",
  "thread": "1",
  "message": "Starting command execution.",
  "liquibaseVersion": "4.20.0",
  "liquibaseSystemUser": "mariochampion",
  "liquibaseSystemName": "mmc-mbp.local"
}
{
  "timestamp": "2023-03-29T19:30:29.765Z",
  "level": "INFO",
  "class": "liquibase.license",
  "thread": "1",
  "message": "Successfully installed license from Base64 string starting with 'ABwwGgQU6h' (property liquibaseProLicenseKey).\n",
  "liquibaseOperation": "rollbackCount"
}
{
  "timestamp": "2023-03-29T19:30:29.907Z",
  "level": "INFO",
  "class": "liquibase.database",
  "thread": "1",
  "message": "Set default schema name to PUBLIC",
  "liquibaseOperation": "rollbackCount",
  "liquibaseCommandName": "rollbackCount"
}
{
  "timestamp": "2023-03-29T19:30:30.059Z",
  "level": "INFO",
  "class": "liquibase.executor",
  "thread": "1",
  "message": "Changelog query completed.",
  "liquibaseOperation": "rollbackCount",
  "liquibaseCommandName": "rollbackCount",
  "commandLabelFilter": "",
  "commandContextFilter": "",
  "rollbackCount": "2",
  "rollbackScript": "",
  "liquibaseTargetUrl": "jdbc:h2:tcp://localhost:9090/mem:dev",
  "databaseChangelogSQL": "SELECT COUNT(*) FROM PUBLIC.DATABASECHANGELOGLOCK;",
  "databaseChangelogTableOutcome": "executed"
}
{
  "timestamp": "2023-03-29T19:30:30.068Z",
  "level": "INFO",
  "class": "liquibase.executor",
  "thread": "1",
  "message": "Changelog query completed.",
  "liquibaseOperation": "rollbackCount",
  "liquibaseCommandName": "rollbackCount",
  "commandLabelFilter": "",
  "commandContextFilter": "",
  "rollbackCount": "2",
  "rollbackScript": "",
  "liquibaseTargetUrl": "jdbc:h2:tcp://localhost:9090/mem:dev",
  "databaseChangelogSQL": "SELECT LOCKED FROM PUBLIC.DATABASECHANGELOGLOCK WHERE ID=1;",
  "databaseChangelogTableOutcome": "executed"
}
{
  "timestamp": "2023-03-29T19:30:30.118Z",
  "level": "INFO",
  "class": "liquibase.executor",
  "thread": "1",
  "message": "Changelog query completed.",
  "liquibaseOperation": "rollbackCount",
  "liquibaseCommandName": "rollbackCount",
  "commandLabelFilter": "",
  "commandContextFilter": "",
  "rollbackCount": "2",
  "rollbackScript": "",
  "liquibaseTargetUrl": "jdbc:h2:tcp://localhost:9090/mem:dev",
  "databaseChangelogSQL": "UPDATE PUBLIC.DATABASECHANGELOGLOCK SET LOCKED = TRUE, LOCKEDBY = 'mmc-mbp.local (192.168.12.47)', LOCKGRANTED = NOW() WHERE ID = 1 AND LOCKED = FALSE;",
  "databaseChangelogTableOutcome": "executed"
}
{
  "timestamp": "2023-03-29T19:30:30.121Z",
  "level": "INFO",
  "class": "liquibase.lockservice",
  "thread": "1",
  "message": "Successfully acquired change log lock",
  "liquibaseOperation": "rollbackCount",
  "liquibaseCommandName": "rollbackCount",
  "commandLabelFilter": "",
  "commandContextFilter": "",
  "rollbackCount": "2",
  "rollbackScript": "",
  "liquibaseTargetUrl": "jdbc:h2:tcp://localhost:9090/mem:dev"
}
{
  "timestamp": "2023-03-29T19:30:30.184Z",
  "level": "INFO",
  "class": "liquibase.executor",
  "thread": "1",
  "message": "Changelog query completed.",
  "liquibaseOperation": "rollbackCount",
  "liquibaseCommandName": "rollbackCount",
  "commandLabelFilter": "",
  "commandContextFilter": "",
  "rollbackCount": "2",
  "rollbackScript": "",
  "liquibaseTargetUrl": "jdbc:h2:tcp://localhost:9090/mem:dev",
  "changelogFile": "changelog.mdc-03.sql",
  "databaseChangelogSQL": "SELECT MD5SUM FROM PUBLIC.DATABASECHANGELOG WHERE MD5SUM IS NOT NULL;",
  "databaseChangelogTableOutcome": "executed"
}
{
  "timestamp": "2023-03-29T19:30:30.187Z",
  "level": "INFO",
  "class": "liquibase.executor",
  "thread": "1",
  "message": "Changelog query completed.",
  "liquibaseOperation": "rollbackCount",
  "liquibaseCommandName": "rollbackCount",
  "commandLabelFilter": "",
  "commandContextFilter": "",
  "rollbackCount": "2",
  "rollbackScript": "",
  "liquibaseTargetUrl": "jdbc:h2:tcp://localhost:9090/mem:dev",
  "changelogFile": "changelog.mdc-03.sql",
  "databaseChangelogSQL": "SELECT COUNT(*) FROM PUBLIC.DATABASECHANGELOGLOCK;",
  "databaseChangelogTableOutcome": "executed"
}
{
  "timestamp": "2023-03-29T19:30:30.192Z",
  "level": "INFO",
  "class": "liquibase.changelog",
  "thread": "1",
  "message": "Reading from PUBLIC.DATABASECHANGELOG",
  "liquibaseOperation": "rollbackCount",
  "liquibaseCommandName": "rollbackCount",
  "commandLabelFilter": "",
  "commandContextFilter": "",
  "rollbackCount": "2",
  "rollbackScript": "",
  "liquibaseTargetUrl": "jdbc:h2:tcp://localhost:9090/mem:dev",
  "changelogFile": "changelog.mdc-03.sql"
}
{
  "timestamp": "2023-03-29T19:30:30.196Z",
  "level": "INFO",
  "class": "liquibase.executor",
  "thread": "1",
  "message": "Changelog query completed.",
  "liquibaseOperation": "rollbackCount",
  "liquibaseCommandName": "rollbackCount",
  "commandLabelFilter": "",
  "commandContextFilter": "",
  "rollbackCount": "2",
  "rollbackScript": "",
  "liquibaseTargetUrl": "jdbc:h2:tcp://localhost:9090/mem:dev",
  "changelogFile": "changelog.mdc-03.sql",
  "databaseChangelogSQL": "SELECT * FROM PUBLIC.DATABASECHANGELOG ORDER BY DATEEXECUTED ASC, ORDEREXECUTED ASC;",
  "databaseChangelogTableOutcome": "executed"
}
{
  "timestamp": "2023-03-29T19:30:30.231Z",
  "level": "INFO",
  "class": "liquibase.executor",
  "thread": "1",
  "message": "Changelog query completed.",
  "liquibaseOperation": "rollbackCount",
  "liquibaseCommandName": "rollbackCount",
  "commandLabelFilter": "",
  "commandContextFilter": "",
  "rollbackCount": "2",
  "rollbackScript": "",
  "liquibaseTargetUrl": "jdbc:h2:tcp://localhost:9090/mem:dev",
  "changelogFile": "changelog.mdc-03.sql",
  "changesetId": "mdc-poc-03yyy",
  "changesetAuthor": "mmc-03",
  "changesetFilepath": "changelog.mdc-03.sql",
  "changesetOperationStart": "2023-03-29T14:30:30.215",
  "changesetComment": "example comment",
  "changesetLabel": "example3-label",
  "changesetContext": "example-context",
  "changesetSql": "ALTER TABLE person03 DROP COLUMN country;",
  "changesetOutcome": "executed",
  "changesetOperationStop": "2023-03-29T14:30:30.227",
  "databaseChangelogSQL": "DELETE FROM PUBLIC.DATABASECHANGELOG WHERE ID = 'mdc-poc-03yyy' AND AUTHOR = 'mmc-03' AND FILENAME = 'changelog.mdc-03.sql';",
  "databaseChangelogTableOutcome": "executed"
}
{
  "timestamp": "2023-03-29T19:30:30.245Z",
  "level": "INFO",
  "class": "liquibase.executor",
  "thread": "1",
  "message": "Changelog query completed.",
  "liquibaseOperation": "rollbackCount",
  "liquibaseCommandName": "rollbackCount",
  "commandLabelFilter": "",
  "commandContextFilter": "",
  "rollbackCount": "2",
  "rollbackScript": "",
  "liquibaseTargetUrl": "jdbc:h2:tcp://localhost:9090/mem:dev",
  "changelogFile": "changelog.mdc-03.sql",
  "changesetId": "mdc-poc-02",
  "changesetAuthor": "mmc-03",
  "changesetFilepath": "changelog.mdc-03.sql",
  "changesetOperationStart": "2023-03-29T14:30:30.239",
  "changesetComment": "example comment",
  "changesetLabel": "example2-label",
  "changesetContext": "example-context",
  "changesetSql": "DROP TABLE company03;",
  "changesetOutcome": "executed",
  "changesetOperationStop": "2023-03-29T14:30:30.242",
  "databaseChangelogSQL": "DELETE FROM PUBLIC.DATABASECHANGELOG WHERE ID = 'mdc-poc-02' AND AUTHOR = 'mmc-03' AND FILENAME = 'changelog.mdc-03.sql';",
  "databaseChangelogTableOutcome": "executed"
}
{
  "timestamp": "2023-03-29T19:30:30.250Z",
  "level": "INFO",
  "class": "liquibase",
  "thread": "1",
  "message": "Rollback command completed successfully.",
  "liquibaseOperation": "rollbackCount",
  "liquibaseCommandName": "rollbackCount",
  "commandLabelFilter": "",
  "commandContextFilter": "",
  "rollbackCount": "2",
  "rollbackScript": "",
  "liquibaseTargetUrl": "jdbc:h2:tcp://localhost:9090/mem:dev",
  "changelogFile": "changelog.mdc-03.sql",
  "changesetsRolledback": {
    "changesetCount": 2,
    "changesets": [
      {
        "author": "mmc-03",
        "changesetId": "mdc-poc-03yyy",
        "deploymentId": "0118228076",
        "filepath": "changelog.mdc-03.sql"
      },
      {
        "author": "mmc-03",
        "changesetId": "mdc-poc-02",
        "deploymentId": "0118228076",
        "filepath": "changelog.mdc-03.sql"
      }
    ]
    
  },
  "deploymentOutcome": "success"
}
{
  "timestamp": "2023-03-29T19:30:30.261Z",
  "level": "INFO",
  "class": "liquibase.executor",
  "thread": "1",
  "message": "Changelog query completed.",
  "liquibaseOperation": "rollbackCount",
  "liquibaseCommandName": "rollbackCount",
  "commandLabelFilter": "",
  "commandContextFilter": "",
  "rollbackCount": "2",
  "rollbackScript": "",
  "liquibaseTargetUrl": "jdbc:h2:tcp://localhost:9090/mem:dev",
  "changelogFile": "changelog.mdc-03.sql",
  "changesetsRolledback": {
    "changesetCount": 2,
    "changesets": [
      {
        "author": "mmc-03",
        "changesetId": "mdc-poc-03yyy",
        "deploymentId": "0118228076",
        "filepath": "changelog.mdc-03.sql"
      },
      {
        "author": "mmc-03",
        "changesetId": "mdc-poc-02",
        "deploymentId": "0118228076",
        "filepath": "changelog.mdc-03.sql"
      }
    ]
    
  },
  "databaseChangelogSQL": "UPDATE PUBLIC.DATABASECHANGELOGLOCK SET LOCKED = FALSE, LOCKEDBY = NULL, LOCKGRANTED = NULL WHERE ID = 1;",
  "databaseChangelogTableOutcome": "executed"
}
{
  "timestamp": "2023-03-29T19:30:30.263Z",
  "level": "INFO",
  "class": "liquibase.lockservice",
  "thread": "1",
  "message": "Successfully released change log lock",
  "liquibaseOperation": "rollbackCount",
  "liquibaseCommandName": "rollbackCount",
  "commandLabelFilter": "",
  "commandContextFilter": "",
  "rollbackCount": "2",
  "rollbackScript": "",
  "liquibaseTargetUrl": "jdbc:h2:tcp://localhost:9090/mem:dev",
  "changelogFile": "changelog.mdc-03.sql",
  "changesetsRolledback": {
    "changesetCount": 2,
    "changesets": [
      {
        "author": "mmc-03",
        "changesetId": "mdc-poc-03yyy",
        "deploymentId": "0118228076",
        "filepath": "changelog.mdc-03.sql"
      },
      {
        "author": "mmc-03",
        "changesetId": "mdc-poc-02",
        "deploymentId": "0118228076",
        "filepath": "changelog.mdc-03.sql"
      }
    ]
    
  }
}
{
  "timestamp": "2023-04-02T15:38:18.249Z",
  "level": "INFO",
  "class": "liquibase.integration",
  "thread": "1",
  "message": "Starting command execution.",
  "liquibaseVersion": "4.20.0",
  "liquibaseSystemUser": "mariochampion",
  "liquibaseSystemName": "mmc-mbp.lan"
}
{
  "timestamp": "2023-04-02T15:38:18.359Z",
  "level": "INFO",
  "class": "liquibase.license",
  "thread": "1",
  "message": "Successfully installed license from Base64 string starting with 'ABwwGgQU6h' (property liquibaseProLicenseKey).\n",
  "liquibaseOperation": "rollbackCount"
}
{
  "timestamp": "2023-04-02T15:38:18.492Z",
  "level": "INFO",
  "class": "liquibase.database",
  "thread": "1",
  "message": "Set default schema name to PUBLIC",
  "liquibaseOperation": "rollbackCount",
  "liquibaseCommandName": "rollbackCount"
}
{
  "timestamp": "2023-04-02T15:38:18.582Z",
  "level": "INFO",
  "class": "liquibase.executor",
  "thread": "1",
  "message": "Changelog query completed.",
  "liquibaseOperation": "rollbackCount",
  "liquibaseCommandName": "rollbackCount",
  "commandLabelFilter": "",
  "commandContextFilter": "",
  "rollbackCount": "2",
  "rollbackScript": "",
  "liquibaseTargetUrl": "jdbc:h2:tcp://localhost:9090/mem:dev",
  "databaseChangelogSQL": "SELECT COUNT(*) FROM PUBLIC.DATABASECHANGELOGLOCK;",
  "databaseChangelogTableOutcome": "executed"
}
{
  "timestamp": "2023-04-02T15:38:18.587Z",
  "level": "INFO",
  "class": "liquibase.executor",
  "thread": "1",
  "message": "Changelog query completed.",
  "liquibaseOperation": "rollbackCount",
  "liquibaseCommandName": "rollbackCount",
  "commandLabelFilter": "",
  "commandContextFilter": "",
  "rollbackCount": "2",
  "rollbackScript": "",
  "liquibaseTargetUrl": "jdbc:h2:tcp://localhost:9090/mem:dev",
  "databaseChangelogSQL": "SELECT LOCKED FROM PUBLIC.DATABASECHANGELOGLOCK WHERE ID=1;",
  "databaseChangelogTableOutcome": "executed"
}
{
  "timestamp": "2023-04-02T15:38:18.606Z",
  "level": "INFO",
  "class": "liquibase.executor",
  "thread": "1",
  "message": "Changelog query completed.",
  "liquibaseOperation": "rollbackCount",
  "liquibaseCommandName": "rollbackCount",
  "commandLabelFilter": "",
  "commandContextFilter": "",
  "rollbackCount": "2",
  "rollbackScript": "",
  "liquibaseTargetUrl": "jdbc:h2:tcp://localhost:9090/mem:dev",
  "databaseChangelogSQL": "UPDATE PUBLIC.DATABASECHANGELOGLOCK SET LOCKED = TRUE, LOCKEDBY = 'mmc-mbp.lan (192.168.86.30)', LOCKGRANTED = NOW() WHERE ID = 1 AND LOCKED = FALSE;",
  "databaseChangelogTableOutcome": "executed"
}
{
  "timestamp": "2023-04-02T15:38:18.608Z",
  "level": "INFO",
  "class": "liquibase.lockservice",
  "thread": "1",
  "message": "Successfully acquired change log lock",
  "liquibaseOperation": "rollbackCount",
  "liquibaseCommandName": "rollbackCount",
  "commandLabelFilter": "",
  "commandContextFilter": "",
  "rollbackCount": "2",
  "rollbackScript": "",
  "liquibaseTargetUrl": "jdbc:h2:tcp://localhost:9090/mem:dev"
}
{
  "timestamp": "2023-04-02T15:38:18.667Z",
  "level": "INFO",
  "class": "liquibase.executor",
  "thread": "1",
  "message": "Changelog query completed.",
  "liquibaseOperation": "rollbackCount",
  "liquibaseCommandName": "rollbackCount",
  "commandLabelFilter": "",
  "commandContextFilter": "",
  "rollbackCount": "2",
  "rollbackScript": "",
  "liquibaseTargetUrl": "jdbc:h2:tcp://localhost:9090/mem:dev",
  "changelogFile": "changelog.mdc-03.sql",
  "databaseChangelogSQL": "SELECT MD5SUM FROM PUBLIC.DATABASECHANGELOG WHERE MD5SUM IS NOT NULL;",
  "databaseChangelogTableOutcome": "executed"
}
{
  "timestamp": "2023-04-02T15:38:18.671Z",
  "level": "INFO",
  "class": "liquibase.executor",
  "thread": "1",
  "message": "Changelog query completed.",
  "liquibaseOperation": "rollbackCount",
  "liquibaseCommandName": "rollbackCount",
  "commandLabelFilter": "",
  "commandContextFilter": "",
  "rollbackCount": "2",
  "rollbackScript": "",
  "liquibaseTargetUrl": "jdbc:h2:tcp://localhost:9090/mem:dev",
  "changelogFile": "changelog.mdc-03.sql",
  "databaseChangelogSQL": "SELECT COUNT(*) FROM PUBLIC.DATABASECHANGELOGLOCK;",
  "databaseChangelogTableOutcome": "executed"
}
{
  "timestamp": "2023-04-02T15:38:18.677Z",
  "level": "INFO",
  "class": "liquibase.changelog",
  "thread": "1",
  "message": "Reading from PUBLIC.DATABASECHANGELOG",
  "liquibaseOperation": "rollbackCount",
  "liquibaseCommandName": "rollbackCount",
  "commandLabelFilter": "",
  "commandContextFilter": "",
  "rollbackCount": "2",
  "rollbackScript": "",
  "liquibaseTargetUrl": "jdbc:h2:tcp://localhost:9090/mem:dev",
  "changelogFile": "changelog.mdc-03.sql"
}
{
  "timestamp": "2023-04-02T15:38:18.682Z",
  "level": "INFO",
  "class": "liquibase.executor",
  "thread": "1",
  "message": "Changelog query completed.",
  "liquibaseOperation": "rollbackCount",
  "liquibaseCommandName": "rollbackCount",
  "commandLabelFilter": "",
  "commandContextFilter": "",
  "rollbackCount": "2",
  "rollbackScript": "",
  "liquibaseTargetUrl": "jdbc:h2:tcp://localhost:9090/mem:dev",
  "changelogFile": "changelog.mdc-03.sql",
  "databaseChangelogSQL": "SELECT * FROM PUBLIC.DATABASECHANGELOG ORDER BY DATEEXECUTED ASC, ORDEREXECUTED ASC;",
  "databaseChangelogTableOutcome": "executed"
}
{
  "timestamp": "2023-04-02T15:38:18.717Z",
  "level": "INFO",
  "class": "liquibase.executor",
  "thread": "1",
  "message": "Changelog query completed.",
  "liquibaseOperation": "rollbackCount",
  "liquibaseCommandName": "rollbackCount",
  "commandLabelFilter": "",
  "commandContextFilter": "",
  "rollbackCount": "2",
  "rollbackScript": "",
  "liquibaseTargetUrl": "jdbc:h2:tcp://localhost:9090/mem:dev",
  "changelogFile": "changelog.mdc-03.sql",
  "changesetId": "mdc-poc-03yyy",
  "changesetAuthor": "mmc-03",
  "changesetFilepath": "changelog.mdc-03.sql",
  "changesetOperationStart": "2023-04-02T10:38:18.701",
  "changesetComment": "example comment",
  "changesetLabel": "example3-label",
  "changesetContext": "example-context",
  "changesetSql": "ALTER TABLE person03 DROP COLUMN country;",
  "changesetOutcome": "executed",
  "changesetOperationStop": "2023-04-02T10:38:18.713",
  "databaseChangelogSQL": "DELETE FROM PUBLIC.DATABASECHANGELOG WHERE ID = 'mdc-poc-03yyy' AND AUTHOR = 'mmc-03' AND FILENAME = 'changelog.mdc-03.sql';",
  "databaseChangelogTableOutcome": "executed"
}
{
  "timestamp": "2023-04-02T15:38:18.731Z",
  "level": "INFO",
  "class": "liquibase.executor",
  "thread": "1",
  "message": "Changelog query completed.",
  "liquibaseOperation": "rollbackCount",
  "liquibaseCommandName": "rollbackCount",
  "commandLabelFilter": "",
  "commandContextFilter": "",
  "rollbackCount": "2",
  "rollbackScript": "",
  "liquibaseTargetUrl": "jdbc:h2:tcp://localhost:9090/mem:dev",
  "changelogFile": "changelog.mdc-03.sql",
  "changesetId": "mdc-poc-02",
  "changesetAuthor": "mmc-03",
  "changesetFilepath": "changelog.mdc-03.sql",
  "changesetOperationStart": "2023-04-02T10:38:18.725",
  "changesetComment": "example comment",
  "changesetLabel": "example2-label",
  "changesetContext": "example-context",
  "changesetSql": "DROP TABLE company03;",
  "changesetOutcome": "executed",
  "changesetOperationStop": "2023-04-02T10:38:18.728",
  "databaseChangelogSQL": "DELETE FROM PUBLIC.DATABASECHANGELOG WHERE ID = 'mdc-poc-02' AND AUTHOR = 'mmc-03' AND FILENAME = 'changelog.mdc-03.sql';",
  "databaseChangelogTableOutcome": "executed"
}
{
  "timestamp": "2023-04-02T15:38:18.736Z",
  "level": "INFO",
  "class": "liquibase",
  "thread": "1",
  "message": "Rollback command completed successfully.",
  "liquibaseOperation": "rollbackCount",
  "liquibaseCommandName": "rollbackCount",
  "commandLabelFilter": "",
  "commandContextFilter": "",
  "rollbackCount": "2",
  "rollbackScript": "",
  "liquibaseTargetUrl": "jdbc:h2:tcp://localhost:9090/mem:dev",
  "changelogFile": "changelog.mdc-03.sql",
  "changesetsRolledback": {
    "changesetCount": 2,
    "changesets": [
      {
        "author": "mmc-03",
        "changesetId": "mdc-poc-03yyy",
        "deploymentId": "0449896732",
        "filepath": "changelog.mdc-03.sql"
      },
      {
        "author": "mmc-03",
        "changesetId": "mdc-poc-02",
        "deploymentId": "0449896732",
        "filepath": "changelog.mdc-03.sql"
      }
    ]
    
  },
  "deploymentOutcome": "success"
}
{
  "timestamp": "2023-04-02T15:38:18.747Z",
  "level": "INFO",
  "class": "liquibase.executor",
  "thread": "1",
  "message": "Changelog query completed.",
  "liquibaseOperation": "rollbackCount",
  "liquibaseCommandName": "rollbackCount",
  "commandLabelFilter": "",
  "commandContextFilter": "",
  "rollbackCount": "2",
  "rollbackScript": "",
  "liquibaseTargetUrl": "jdbc:h2:tcp://localhost:9090/mem:dev",
  "changelogFile": "changelog.mdc-03.sql",
  "changesetsRolledback": {
    "changesetCount": 2,
    "changesets": [
      {
        "author": "mmc-03",
        "changesetId": "mdc-poc-03yyy",
        "deploymentId": "0449896732",
        "filepath": "changelog.mdc-03.sql"
      },
      {
        "author": "mmc-03",
        "changesetId": "mdc-poc-02",
        "deploymentId": "0449896732",
        "filepath": "changelog.mdc-03.sql"
      }
    ]
    
  },
  "databaseChangelogSQL": "UPDATE PUBLIC.DATABASECHANGELOGLOCK SET LOCKED = FALSE, LOCKEDBY = NULL, LOCKGRANTED = NULL WHERE ID = 1;",
  "databaseChangelogTableOutcome": "executed"
}
{
  "timestamp": "2023-04-02T15:38:18.749Z",
  "level": "INFO",
  "class": "liquibase.lockservice",
  "thread": "1",
  "message": "Successfully released change log lock",
  "liquibaseOperation": "rollbackCount",
  "liquibaseCommandName": "rollbackCount",
  "commandLabelFilter": "",
  "commandContextFilter": "",
  "rollbackCount": "2",
  "rollbackScript": "",
  "liquibaseTargetUrl": "jdbc:h2:tcp://localhost:9090/mem:dev",
  "changelogFile": "changelog.mdc-03.sql",
  "changesetsRolledback": {
    "changesetCount": 2,
    "changesets": [
      {
        "author": "mmc-03",
        "changesetId": "mdc-poc-03yyy",
        "deploymentId": "0449896732",
        "filepath": "changelog.mdc-03.sql"
      },
      {
        "author": "mmc-03",
        "changesetId": "mdc-poc-02",
        "deploymentId": "0449896732",
        "filepath": "changelog.mdc-03.sql"
      }
    ]
    
  }
}
