{
  "timestamp": "2023-03-29T19:29:21.073Z",
  "level": "INFO",
  "class": "liquibase.integration",
  "thread": "1",
  "message": "Starting command execution.",
  "liquibaseVersion": "4.20.0",
  "liquibaseSystemUser": "mariochampion",
  "liquibaseSystemName": "mmc-mbp.local"
}
{
  "timestamp": "2023-03-29T19:29:21.183Z",
  "level": "INFO",
  "class": "liquibase.license",
  "thread": "1",
  "message": "Successfully installed license from Base64 string starting with 'ABwwGgQU6h' (property liquibaseProLicenseKey).\n",
  "liquibaseOperation": "update"
}
{
  "timestamp": "2023-03-29T19:29:21.340Z",
  "level": "INFO",
  "class": "liquibase.database",
  "thread": "1",
  "message": "Set default schema name to PUBLIC",
  "liquibaseOperation": "update",
  "liquibaseCommandName": "update"
}
{
  "timestamp": "2023-03-29T19:29:21.585Z",
  "level": "INFO",
  "class": "liquibase.changelog",
  "thread": "1",
  "message": "Reading from PUBLIC.DATABASECHANGELOG",
  "liquibaseOperation": "update",
  "liquibaseCommandName": "update",
  "changelogFile": "changelog.mdc-04-errors.xml"
}
{
  "timestamp": "2023-03-29T19:29:21.600Z",
  "level": "INFO",
  "class": "liquibase.executor",
  "thread": "1",
  "message": "Changelog query completed.",
  "liquibaseOperation": "update",
  "liquibaseCommandName": "update",
  "changelogFile": "changelog.mdc-04-errors.xml",
  "databaseChangelogSQL": "SELECT * FROM PUBLIC.DATABASECHANGELOG ORDER BY DATEEXECUTED ASC, ORDEREXECUTED ASC;",
  "databaseChangelogTableOutcome": "executed"
}
{
  "timestamp": "2023-03-29T19:29:21.669Z",
  "level": "INFO",
  "class": "liquibase.executor",
  "thread": "1",
  "message": "Changelog query completed.",
  "liquibaseOperation": "update",
  "liquibaseCommandName": "update",
  "databaseChangelogSQL": "SELECT COUNT(*) FROM PUBLIC.DATABASECHANGELOGLOCK;",
  "databaseChangelogTableOutcome": "executed"
}
{
  "timestamp": "2023-03-29T19:29:21.673Z",
  "level": "INFO",
  "class": "liquibase.executor",
  "thread": "1",
  "message": "Changelog query completed.",
  "liquibaseOperation": "update",
  "liquibaseCommandName": "update",
  "databaseChangelogSQL": "SELECT LOCKED FROM PUBLIC.DATABASECHANGELOGLOCK WHERE ID=1;",
  "databaseChangelogTableOutcome": "executed"
}
{
  "timestamp": "2023-03-29T19:29:21.679Z",
  "level": "INFO",
  "class": "liquibase.executor",
  "thread": "1",
  "message": "Changelog query completed.",
  "liquibaseOperation": "update",
  "liquibaseCommandName": "update",
  "databaseChangelogSQL": "UPDATE PUBLIC.DATABASECHANGELOGLOCK SET LOCKED = TRUE, LOCKEDBY = 'mmc-mbp.local (192.168.12.47)', LOCKGRANTED = NOW() WHERE ID = 1 AND LOCKED = FALSE;",
  "databaseChangelogTableOutcome": "executed"
}
{
  "timestamp": "2023-03-29T19:29:21.681Z",
  "level": "INFO",
  "class": "liquibase.lockservice",
  "thread": "1",
  "message": "Successfully acquired change log lock",
  "liquibaseOperation": "update",
  "liquibaseCommandName": "update"
}
{
  "timestamp": "2023-03-29T19:29:21.708Z",
  "level": "INFO",
  "class": "liquibase.executor",
  "thread": "1",
  "message": "Changelog query completed.",
  "liquibaseOperation": "update",
  "liquibaseCommandName": "update",
  "liquibaseTargetUrl": "jdbc:h2:tcp://localhost:9090/mem:dev",
  "commandLabelFilter": "",
  "commandContextFilter": "",
  "databaseChangelogSQL": "SELECT MD5SUM FROM PUBLIC.DATABASECHANGELOG WHERE MD5SUM IS NOT NULL;",
  "databaseChangelogTableOutcome": "executed"
}
{
  "timestamp": "2023-03-29T19:29:21.711Z",
  "level": "INFO",
  "class": "liquibase.changelog",
  "thread": "1",
  "message": "Reading from PUBLIC.DATABASECHANGELOG",
  "liquibaseOperation": "update",
  "liquibaseCommandName": "update",
  "liquibaseTargetUrl": "jdbc:h2:tcp://localhost:9090/mem:dev",
  "commandLabelFilter": "",
  "commandContextFilter": ""
}
{
  "timestamp": "2023-03-29T19:29:21.715Z",
  "level": "INFO",
  "class": "liquibase.executor",
  "thread": "1",
  "message": "Changelog query completed.",
  "liquibaseOperation": "update",
  "liquibaseCommandName": "update",
  "liquibaseTargetUrl": "jdbc:h2:tcp://localhost:9090/mem:dev",
  "commandLabelFilter": "",
  "commandContextFilter": "",
  "databaseChangelogSQL": "SELECT * FROM PUBLIC.DATABASECHANGELOG ORDER BY DATEEXECUTED ASC, ORDEREXECUTED ASC;",
  "databaseChangelogTableOutcome": "executed"
}
{
  "timestamp": "2023-03-29T19:29:21.718Z",
  "level": "INFO",
  "class": "liquibase.executor",
  "thread": "1",
  "message": "Changelog query completed.",
  "liquibaseOperation": "update",
  "liquibaseCommandName": "update",
  "liquibaseTargetUrl": "jdbc:h2:tcp://localhost:9090/mem:dev",
  "commandLabelFilter": "",
  "commandContextFilter": "",
  "databaseChangelogSQL": "SELECT COUNT(*) FROM PUBLIC.DATABASECHANGELOGLOCK;",
  "databaseChangelogTableOutcome": "executed"
}
{
  "timestamp": "2023-03-29T19:29:21.757Z",
  "level": "INFO",
  "class": "liquibase.changelog",
  "thread": "1",
  "message": "Table person04 created",
  "liquibaseOperation": "update",
  "liquibaseCommandName": "update",
  "liquibaseTargetUrl": "jdbc:h2:tcp://localhost:9090/mem:dev",
  "commandLabelFilter": "",
  "commandContextFilter": "",
  "deploymentId": "0118161731",
  "changesetId": "mdc-xml-01",
  "changesetAuthor": "mmc-xml",
  "changesetFilepath": "changelog.mdc-04-errors.xml",
  "changesetComment": "example-comment",
  "changesetLabel": "simple",
  "changesetContext": "example-context",
  "changesetOperationStart": "2023-03-29T14:29:21.75",
  "changesetSql": "CREATE TABLE PUBLIC.person04 (id INT GENERATED BY DEFAULT AS IDENTITY NOT NULL, name VARCHAR(50) NOT NULL, address1 VARCHAR(50), address2 VARCHAR(50), city VARCHAR(30), CONSTRAINT PK_PERSON04 PRIMARY KEY (id));"
}
{
  "timestamp": "2023-03-29T19:29:21.761Z",
  "level": "INFO",
  "class": "liquibase.changelog",
  "thread": "1",
  "message": "ChangeSet changelog.mdc-04-errors.xml::mdc-xml-01::mmc-xml ran successfully in 11ms",
  "liquibaseOperation": "update",
  "liquibaseCommandName": "update",
  "liquibaseTargetUrl": "jdbc:h2:tcp://localhost:9090/mem:dev",
  "commandLabelFilter": "",
  "commandContextFilter": "",
  "deploymentId": "0118161731",
  "changesetId": "mdc-xml-01",
  "changesetAuthor": "mmc-xml",
  "changesetFilepath": "changelog.mdc-04-errors.xml",
  "changesetComment": "example-comment",
  "changesetLabel": "simple",
  "changesetContext": "example-context",
  "changesetOperationStart": "2023-03-29T14:29:21.75",
  "changesetSql": "CREATE TABLE PUBLIC.person04 (id INT GENERATED BY DEFAULT AS IDENTITY NOT NULL, name VARCHAR(50) NOT NULL, address1 VARCHAR(50), address2 VARCHAR(50), city VARCHAR(30), CONSTRAINT PK_PERSON04 PRIMARY KEY (id));",
  "changesetOperationStop": "2023-03-29T14:29:21.76",
  "changesetOutcome": "executed"
}
{
  "timestamp": "2023-03-29T19:29:21.766Z",
  "level": "INFO",
  "class": "liquibase.executor",
  "thread": "1",
  "message": "Changelog query completed.",
  "liquibaseOperation": "update",
  "liquibaseCommandName": "update",
  "liquibaseTargetUrl": "jdbc:h2:tcp://localhost:9090/mem:dev",
  "commandLabelFilter": "",
  "commandContextFilter": "",
  "deploymentId": "0118161731",
  "changesetId": "mdc-xml-01",
  "changesetAuthor": "mmc-xml",
  "changesetFilepath": "changelog.mdc-04-errors.xml",
  "changesetComment": "example-comment",
  "changesetLabel": "simple",
  "changesetContext": "example-context",
  "changesetOperationStart": "2023-03-29T14:29:21.75",
  "changesetSql": "CREATE TABLE PUBLIC.person04 (id INT GENERATED BY DEFAULT AS IDENTITY NOT NULL, name VARCHAR(50) NOT NULL, address1 VARCHAR(50), address2 VARCHAR(50), city VARCHAR(30), CONSTRAINT PK_PERSON04 PRIMARY KEY (id));",
  "changesetOperationStop": "2023-03-29T14:29:21.76",
  "changesetOutcome": "executed",
  "databaseChangelogSQL": "SELECT MAX(ORDEREXECUTED) FROM PUBLIC.DATABASECHANGELOG;",
  "databaseChangelogTableOutcome": "executed"
}
{
  "timestamp": "2023-03-29T19:29:21.770Z",
  "level": "INFO",
  "class": "liquibase.executor",
  "thread": "1",
  "message": "Changelog query completed.",
  "liquibaseOperation": "update",
  "liquibaseCommandName": "update",
  "liquibaseTargetUrl": "jdbc:h2:tcp://localhost:9090/mem:dev",
  "commandLabelFilter": "",
  "commandContextFilter": "",
  "deploymentId": "0118161731",
  "changesetId": "mdc-xml-01",
  "changesetAuthor": "mmc-xml",
  "changesetFilepath": "changelog.mdc-04-errors.xml",
  "changesetComment": "example-comment",
  "changesetLabel": "simple",
  "changesetContext": "example-context",
  "changesetOperationStart": "2023-03-29T14:29:21.75",
  "changesetSql": "CREATE TABLE PUBLIC.person04 (id INT GENERATED BY DEFAULT AS IDENTITY NOT NULL, name VARCHAR(50) NOT NULL, address1 VARCHAR(50), address2 VARCHAR(50), city VARCHAR(30), CONSTRAINT PK_PERSON04 PRIMARY KEY (id));",
  "changesetOperationStop": "2023-03-29T14:29:21.76",
  "changesetOutcome": "executed",
  "databaseChangelogTableOutcome": "executed"
}
{
  "timestamp": "2023-03-29T19:29:21.780Z",
  "level": "INFO",
  "class": "liquibase.changelog",
  "thread": "1",
  "message": "Tag 'newtables' applied to database",
  "liquibaseOperation": "update",
  "liquibaseCommandName": "update",
  "liquibaseTargetUrl": "jdbc:h2:tcp://localhost:9090/mem:dev",
  "commandLabelFilter": "",
  "commandContextFilter": "",
  "deploymentId": "0118161731",
  "changesetId": "tagDatabase-example",
  "changesetAuthor": "liquibase-docs",
  "changesetFilepath": "changelog.mdc-04-errors.xml",
  "changesetComment": "",
  "changesetLabel": "",
  "changesetContext": "",
  "changesetOperationStart": "2023-03-29T14:29:21.779",
  "changesetSql": ""
}
{
  "timestamp": "2023-03-29T19:29:21.781Z",
  "level": "INFO",
  "class": "liquibase.changelog",
  "thread": "1",
  "message": "ChangeSet changelog.mdc-04-errors.xml::tagDatabase-example::liquibase-docs ran successfully in 2ms",
  "liquibaseOperation": "update",
  "liquibaseCommandName": "update",
  "liquibaseTargetUrl": "jdbc:h2:tcp://localhost:9090/mem:dev",
  "commandLabelFilter": "",
  "commandContextFilter": "",
  "deploymentId": "0118161731",
  "changesetId": "tagDatabase-example",
  "changesetAuthor": "liquibase-docs",
  "changesetFilepath": "changelog.mdc-04-errors.xml",
  "changesetComment": "",
  "changesetLabel": "",
  "changesetContext": "",
  "changesetOperationStart": "2023-03-29T14:29:21.779",
  "changesetSql": "",
  "changesetOperationStop": "2023-03-29T14:29:21.781",
  "changesetOutcome": "executed"
}
{
  "timestamp": "2023-03-29T19:29:21.784Z",
  "level": "INFO",
  "class": "liquibase.executor",
  "thread": "1",
  "message": "Changelog query completed.",
  "liquibaseOperation": "update",
  "liquibaseCommandName": "update",
  "liquibaseTargetUrl": "jdbc:h2:tcp://localhost:9090/mem:dev",
  "commandLabelFilter": "",
  "commandContextFilter": "",
  "deploymentId": "0118161731",
  "changesetId": "tagDatabase-example",
  "changesetAuthor": "liquibase-docs",
  "changesetFilepath": "changelog.mdc-04-errors.xml",
  "changesetComment": "",
  "changesetLabel": "",
  "changesetContext": "",
  "changesetOperationStart": "2023-03-29T14:29:21.779",
  "changesetSql": "",
  "changesetOperationStop": "2023-03-29T14:29:21.781",
  "changesetOutcome": "executed",
  "databaseChangelogTableOutcome": "executed"
}
{
  "timestamp": "2023-03-29T19:29:21.793Z",
  "level": "SEVERE",
  "class": "liquibase.changelog",
  "thread": "1",
  "message": "ChangeSet changelog.mdc-04-errors.xml::mdc-xml-02::mmc-xml encountered an exception.",
  "liquibaseOperation": "update",
  "liquibaseCommandName": "update",
  "liquibaseTargetUrl": "jdbc:h2:tcp://localhost:9090/mem:dev",
  "commandLabelFilter": "",
  "commandContextFilter": "",
  "deploymentId": "0118161731",
  "changesetId": "mdc-xml-02",
  "changesetAuthor": "mmc-xml",
  "changesetFilepath": "changelog.mdc-04-errors.xml",
  "changesetComment": "this changeset has an error",
  "changesetLabel": "has-error",
  "changesetContext": "example-contexts",
  "changesetOperationStart": "2023-03-29T14:29:21.789",
  "changesetSql": "CREATE TABLE PUBLIC.company04 (id INT22 GENERATED BY DEFAULT AS IDENTITY NOT NULL, name VARCHAR(50) NOT NULL, address1 VARCHAR(50), address2 VARCHAR(50), city VARCHAR(30), CONSTRAINT PK_COMPANY04 PRIMARY KEY (id));"
}
{
  "timestamp": "2023-03-29T19:29:21.795Z",
  "level": "INFO",
  "class": "liquibase.changelog",
  "thread": "1",
  "message": "Changeset changelog.mdc-04-errors.xml::mdc-xml-02::mmc-xml failed, but failOnError was false.  Error: Unknown data type: \"INT22\"; SQL statement:\nCREATE TABLE PUBLIC.company04 (id INT22 GENERATED BY DEFAULT AS IDENTITY NOT NULL, name VARCHAR(50) NOT NULL, address1 VARCHAR(50), address2 VARCHAR(50), city VARCHAR(30), CONSTRAINT PK_COMPANY04 PRIMARY KEY (id)) [50004-214] [Failed SQL: (50004) CREATE TABLE PUBLIC.company04 (id INT22 GENERATED BY DEFAULT AS IDENTITY NOT NULL, name VARCHAR(50) NOT NULL, address1 VARCHAR(50), address2 VARCHAR(50), city VARCHAR(30), CONSTRAINT PK_COMPANY04 PRIMARY KEY (id))]",
  "liquibaseOperation": "update",
  "liquibaseCommandName": "update",
  "liquibaseTargetUrl": "jdbc:h2:tcp://localhost:9090/mem:dev",
  "commandLabelFilter": "",
  "commandContextFilter": "",
  "deploymentId": "0118161731",
  "changesetId": "mdc-xml-02",
  "changesetAuthor": "mmc-xml",
  "changesetFilepath": "changelog.mdc-04-errors.xml",
  "changesetComment": "this changeset has an error",
  "changesetLabel": "has-error",
  "changesetContext": "example-contexts",
  "changesetOperationStart": "2023-03-29T14:29:21.789",
  "changesetSql": "CREATE TABLE PUBLIC.company04 (id INT22 GENERATED BY DEFAULT AS IDENTITY NOT NULL, name VARCHAR(50) NOT NULL, address1 VARCHAR(50), address2 VARCHAR(50), city VARCHAR(30), CONSTRAINT PK_COMPANY04 PRIMARY KEY (id));"
}
{
  "timestamp": "2023-03-29T19:29:21.797Z",
  "level": "INFO",
  "class": "liquibase.executor",
  "thread": "1",
  "message": "Changelog query completed.",
  "liquibaseOperation": "update",
  "liquibaseCommandName": "update",
  "liquibaseTargetUrl": "jdbc:h2:tcp://localhost:9090/mem:dev",
  "commandLabelFilter": "",
  "commandContextFilter": "",
  "deploymentId": "0118161731",
  "changesetId": "mdc-xml-02",
  "changesetAuthor": "mmc-xml",
  "changesetFilepath": "changelog.mdc-04-errors.xml",
  "changesetComment": "this changeset has an error",
  "changesetLabel": "has-error",
  "changesetContext": "example-contexts",
  "changesetOperationStart": "2023-03-29T14:29:21.789",
  "changesetSql": "CREATE TABLE PUBLIC.company04 (id INT22 GENERATED BY DEFAULT AS IDENTITY NOT NULL, name VARCHAR(50) NOT NULL, address1 VARCHAR(50), address2 VARCHAR(50), city VARCHAR(30), CONSTRAINT PK_COMPANY04 PRIMARY KEY (id));",
  "databaseChangelogTableOutcome": "executed"
}
{
  "timestamp": "2023-03-29T19:29:21.804Z",
  "level": "INFO",
  "class": "liquibase.changelog",
  "thread": "1",
  "message": "Columns country(varchar(2)) added to person04",
  "liquibaseOperation": "update",
  "liquibaseCommandName": "update",
  "liquibaseTargetUrl": "jdbc:h2:tcp://localhost:9090/mem:dev",
  "commandLabelFilter": "",
  "commandContextFilter": "",
  "deploymentId": "0118161731",
  "changesetId": "mdc-xml-03",
  "changesetAuthor": "mmc-xml",
  "changesetFilepath": "changelog.mdc-04-errors.xml",
  "changesetComment": "example-comment",
  "changesetLabel": "simple",
  "changesetContext": "example-context",
  "changesetOperationStart": "2023-03-29T14:29:21.8",
  "changesetSql": "ALTER TABLE PUBLIC.person04 ADD country VARCHAR(2);"
}
{
  "timestamp": "2023-03-29T19:29:21.806Z",
  "level": "INFO",
  "class": "liquibase.changelog",
  "thread": "1",
  "message": "ChangeSet changelog.mdc-04-errors.xml::mdc-xml-03::mmc-xml ran successfully in 6ms",
  "liquibaseOperation": "update",
  "liquibaseCommandName": "update",
  "liquibaseTargetUrl": "jdbc:h2:tcp://localhost:9090/mem:dev",
  "commandLabelFilter": "",
  "commandContextFilter": "",
  "deploymentId": "0118161731",
  "changesetId": "mdc-xml-03",
  "changesetAuthor": "mmc-xml",
  "changesetFilepath": "changelog.mdc-04-errors.xml",
  "changesetComment": "example-comment",
  "changesetLabel": "simple",
  "changesetContext": "example-context",
  "changesetOperationStart": "2023-03-29T14:29:21.8",
  "changesetSql": "ALTER TABLE PUBLIC.person04 ADD country VARCHAR(2);",
  "changesetOperationStop": "2023-03-29T14:29:21.806",
  "changesetOutcome": "executed"
}
{
  "timestamp": "2023-03-29T19:29:21.809Z",
  "level": "INFO",
  "class": "liquibase.executor",
  "thread": "1",
  "message": "Changelog query completed.",
  "liquibaseOperation": "update",
  "liquibaseCommandName": "update",
  "liquibaseTargetUrl": "jdbc:h2:tcp://localhost:9090/mem:dev",
  "commandLabelFilter": "",
  "commandContextFilter": "",
  "deploymentId": "0118161731",
  "changesetId": "mdc-xml-03",
  "changesetAuthor": "mmc-xml",
  "changesetFilepath": "changelog.mdc-04-errors.xml",
  "changesetComment": "example-comment",
  "changesetLabel": "simple",
  "changesetContext": "example-context",
  "changesetOperationStart": "2023-03-29T14:29:21.8",
  "changesetSql": "ALTER TABLE PUBLIC.person04 ADD country VARCHAR(2);",
  "changesetOperationStop": "2023-03-29T14:29:21.806",
  "changesetOutcome": "executed",
  "databaseChangelogTableOutcome": "executed"
}
{
  "timestamp": "2023-03-29T19:29:21.813Z",
  "level": "INFO",
  "class": "liquibase",
  "thread": "1",
  "message": "Update command completed successfully.",
  "liquibaseOperation": "update",
  "liquibaseCommandName": "update",
  "liquibaseTargetUrl": "jdbc:h2:tcp://localhost:9090/mem:dev",
  "commandLabelFilter": "",
  "commandContextFilter": "",
  "deploymentId": "0118161731",
  "deploymentOutcome": "success",
  "deploymentOutcomeCount": "4"
}
{
  "timestamp": "2023-03-29T19:29:21.817Z",
  "level": "INFO",
  "class": "liquibase.executor",
  "thread": "1",
  "message": "Changelog query completed.",
  "liquibaseOperation": "update",
  "liquibaseCommandName": "update",
  "liquibaseTargetUrl": "jdbc:h2:tcp://localhost:9090/mem:dev",
  "commandLabelFilter": "",
  "commandContextFilter": "",
  "deploymentId": "0118161731",
  "databaseChangelogSQL": "UPDATE PUBLIC.DATABASECHANGELOGLOCK SET LOCKED = FALSE, LOCKEDBY = NULL, LOCKGRANTED = NULL WHERE ID = 1;",
  "databaseChangelogTableOutcome": "executed"
}
{
  "timestamp": "2023-03-29T19:29:21.818Z",
  "level": "INFO",
  "class": "liquibase.lockservice",
  "thread": "1",
  "message": "Successfully released change log lock",
  "liquibaseOperation": "update",
  "liquibaseCommandName": "update",
  "liquibaseTargetUrl": "jdbc:h2:tcp://localhost:9090/mem:dev",
  "commandLabelFilter": "",
  "commandContextFilter": "",
  "deploymentId": "0118161731"
}
{
  "timestamp": "2023-03-31T16:37:19.784Z",
  "level": "INFO",
  "class": "liquibase.integration",
  "thread": "1",
  "message": "Starting command execution.",
  "liquibaseVersion": "4.20.0",
  "liquibaseSystemUser": "mariochampion",
  "liquibaseSystemName": "mmc-mbp.local"
}
{
  "timestamp": "2023-03-31T16:37:19.886Z",
  "level": "INFO",
  "class": "liquibase.license",
  "thread": "1",
  "message": "Successfully installed license from Base64 string starting with 'ABwwGgQU6h' (property liquibaseProLicenseKey).\n",
  "liquibaseOperation": "update"
}
{
  "timestamp": "2023-03-31T16:37:20.019Z",
  "level": "INFO",
  "class": "liquibase.database",
  "thread": "1",
  "message": "Set default schema name to PUBLIC",
  "liquibaseOperation": "update",
  "liquibaseCommandName": "update"
}
{
  "timestamp": "2023-03-31T16:37:20.250Z",
  "level": "INFO",
  "class": "liquibase.changelog",
  "thread": "1",
  "message": "Reading from PUBLIC.DATABASECHANGELOG",
  "liquibaseOperation": "update",
  "liquibaseCommandName": "update",
  "changelogFile": "changelog.mdc-04-errors.xml"
}
{
  "timestamp": "2023-03-31T16:37:20.264Z",
  "level": "INFO",
  "class": "liquibase.executor",
  "thread": "1",
  "message": "Changelog query completed.",
  "liquibaseOperation": "update",
  "liquibaseCommandName": "update",
  "changelogFile": "changelog.mdc-04-errors.xml",
  "databaseChangelogSQL": "SELECT * FROM PUBLIC.DATABASECHANGELOG ORDER BY DATEEXECUTED ASC, ORDEREXECUTED ASC;",
  "databaseChangelogTableOutcome": "executed"
}
{
  "timestamp": "2023-03-31T16:37:20.327Z",
  "level": "INFO",
  "class": "liquibase.executor",
  "thread": "1",
  "message": "Changelog query completed.",
  "liquibaseOperation": "update",
  "liquibaseCommandName": "update",
  "databaseChangelogSQL": "SELECT COUNT(*) FROM PUBLIC.DATABASECHANGELOGLOCK;",
  "databaseChangelogTableOutcome": "executed"
}
{
  "timestamp": "2023-03-31T16:37:20.331Z",
  "level": "INFO",
  "class": "liquibase.executor",
  "thread": "1",
  "message": "Changelog query completed.",
  "liquibaseOperation": "update",
  "liquibaseCommandName": "update",
  "databaseChangelogSQL": "SELECT LOCKED FROM PUBLIC.DATABASECHANGELOGLOCK WHERE ID=1;",
  "databaseChangelogTableOutcome": "executed"
}
{
  "timestamp": "2023-03-31T16:37:20.336Z",
  "level": "INFO",
  "class": "liquibase.executor",
  "thread": "1",
  "message": "Changelog query completed.",
  "liquibaseOperation": "update",
  "liquibaseCommandName": "update",
  "databaseChangelogSQL": "UPDATE PUBLIC.DATABASECHANGELOGLOCK SET LOCKED = TRUE, LOCKEDBY = 'mmc-mbp.local (192.168.1.160)', LOCKGRANTED = NOW() WHERE ID = 1 AND LOCKED = FALSE;",
  "databaseChangelogTableOutcome": "executed"
}
{
  "timestamp": "2023-03-31T16:37:20.338Z",
  "level": "INFO",
  "class": "liquibase.lockservice",
  "thread": "1",
  "message": "Successfully acquired change log lock",
  "liquibaseOperation": "update",
  "liquibaseCommandName": "update"
}
{
  "timestamp": "2023-03-31T16:37:20.365Z",
  "level": "INFO",
  "class": "liquibase.executor",
  "thread": "1",
  "message": "Changelog query completed.",
  "liquibaseOperation": "update",
  "liquibaseCommandName": "update",
  "liquibaseTargetUrl": "jdbc:h2:tcp://localhost:9090/mem:dev",
  "commandLabelFilter": "",
  "commandContextFilter": "",
  "databaseChangelogSQL": "SELECT MD5SUM FROM PUBLIC.DATABASECHANGELOG WHERE MD5SUM IS NOT NULL;",
  "databaseChangelogTableOutcome": "executed"
}
{
  "timestamp": "2023-03-31T16:37:20.368Z",
  "level": "INFO",
  "class": "liquibase.changelog",
  "thread": "1",
  "message": "Reading from PUBLIC.DATABASECHANGELOG",
  "liquibaseOperation": "update",
  "liquibaseCommandName": "update",
  "liquibaseTargetUrl": "jdbc:h2:tcp://localhost:9090/mem:dev",
  "commandLabelFilter": "",
  "commandContextFilter": ""
}
{
  "timestamp": "2023-03-31T16:37:20.371Z",
  "level": "INFO",
  "class": "liquibase.executor",
  "thread": "1",
  "message": "Changelog query completed.",
  "liquibaseOperation": "update",
  "liquibaseCommandName": "update",
  "liquibaseTargetUrl": "jdbc:h2:tcp://localhost:9090/mem:dev",
  "commandLabelFilter": "",
  "commandContextFilter": "",
  "databaseChangelogSQL": "SELECT * FROM PUBLIC.DATABASECHANGELOG ORDER BY DATEEXECUTED ASC, ORDEREXECUTED ASC;",
  "databaseChangelogTableOutcome": "executed"
}
{
  "timestamp": "2023-03-31T16:37:20.374Z",
  "level": "INFO",
  "class": "liquibase.executor",
  "thread": "1",
  "message": "Changelog query completed.",
  "liquibaseOperation": "update",
  "liquibaseCommandName": "update",
  "liquibaseTargetUrl": "jdbc:h2:tcp://localhost:9090/mem:dev",
  "commandLabelFilter": "",
  "commandContextFilter": "",
  "databaseChangelogSQL": "SELECT COUNT(*) FROM PUBLIC.DATABASECHANGELOGLOCK;",
  "databaseChangelogTableOutcome": "executed"
}
{
  "timestamp": "2023-03-31T16:37:20.410Z",
  "level": "INFO",
  "class": "liquibase.changelog",
  "thread": "1",
  "message": "Table person04 created",
  "liquibaseOperation": "update",
  "liquibaseCommandName": "update",
  "liquibaseTargetUrl": "jdbc:h2:tcp://localhost:9090/mem:dev",
  "commandLabelFilter": "",
  "commandContextFilter": "",
  "deploymentId": "0280640387",
  "changesetId": "mdc-xml-01",
  "changesetAuthor": "mmc-xml",
  "changesetFilepath": "changelog.mdc-04-errors.xml",
  "changesetComment": "example-comment",
  "changesetLabel": "simple",
  "changesetContext": "example-context",
  "changesetOperationStart": "2023-03-31T11:37:20.403",
  "changesetSql": "CREATE TABLE PUBLIC.person04 (id INT GENERATED BY DEFAULT AS IDENTITY NOT NULL, name VARCHAR(50) NOT NULL, address1 VARCHAR(50), address2 VARCHAR(50), city VARCHAR(30), CONSTRAINT PK_PERSON04 PRIMARY KEY (id));"
}
{
  "timestamp": "2023-03-31T16:37:20.413Z",
  "level": "INFO",
  "class": "liquibase.changelog",
  "thread": "1",
  "message": "ChangeSet changelog.mdc-04-errors.xml::mdc-xml-01::mmc-xml ran successfully in 9ms",
  "liquibaseOperation": "update",
  "liquibaseCommandName": "update",
  "liquibaseTargetUrl": "jdbc:h2:tcp://localhost:9090/mem:dev",
  "commandLabelFilter": "",
  "commandContextFilter": "",
  "deploymentId": "0280640387",
  "changesetId": "mdc-xml-01",
  "changesetAuthor": "mmc-xml",
  "changesetFilepath": "changelog.mdc-04-errors.xml",
  "changesetComment": "example-comment",
  "changesetLabel": "simple",
  "changesetContext": "example-context",
  "changesetOperationStart": "2023-03-31T11:37:20.403",
  "changesetSql": "CREATE TABLE PUBLIC.person04 (id INT GENERATED BY DEFAULT AS IDENTITY NOT NULL, name VARCHAR(50) NOT NULL, address1 VARCHAR(50), address2 VARCHAR(50), city VARCHAR(30), CONSTRAINT PK_PERSON04 PRIMARY KEY (id));",
  "changesetOperationStop": "2023-03-31T11:37:20.412",
  "changesetOutcome": "executed"
}
{
  "timestamp": "2023-03-31T16:37:20.419Z",
  "level": "INFO",
  "class": "liquibase.executor",
  "thread": "1",
  "message": "Changelog query completed.",
  "liquibaseOperation": "update",
  "liquibaseCommandName": "update",
  "liquibaseTargetUrl": "jdbc:h2:tcp://localhost:9090/mem:dev",
  "commandLabelFilter": "",
  "commandContextFilter": "",
  "deploymentId": "0280640387",
  "changesetId": "mdc-xml-01",
  "changesetAuthor": "mmc-xml",
  "changesetFilepath": "changelog.mdc-04-errors.xml",
  "changesetComment": "example-comment",
  "changesetLabel": "simple",
  "changesetContext": "example-context",
  "changesetOperationStart": "2023-03-31T11:37:20.403",
  "changesetSql": "CREATE TABLE PUBLIC.person04 (id INT GENERATED BY DEFAULT AS IDENTITY NOT NULL, name VARCHAR(50) NOT NULL, address1 VARCHAR(50), address2 VARCHAR(50), city VARCHAR(30), CONSTRAINT PK_PERSON04 PRIMARY KEY (id));",
  "changesetOperationStop": "2023-03-31T11:37:20.412",
  "changesetOutcome": "executed",
  "databaseChangelogSQL": "SELECT MAX(ORDEREXECUTED) FROM PUBLIC.DATABASECHANGELOG;",
  "databaseChangelogTableOutcome": "executed"
}
{
  "timestamp": "2023-03-31T16:37:20.424Z",
  "level": "INFO",
  "class": "liquibase.executor",
  "thread": "1",
  "message": "Changelog query completed.",
  "liquibaseOperation": "update",
  "liquibaseCommandName": "update",
  "liquibaseTargetUrl": "jdbc:h2:tcp://localhost:9090/mem:dev",
  "commandLabelFilter": "",
  "commandContextFilter": "",
  "deploymentId": "0280640387",
  "changesetId": "mdc-xml-01",
  "changesetAuthor": "mmc-xml",
  "changesetFilepath": "changelog.mdc-04-errors.xml",
  "changesetComment": "example-comment",
  "changesetLabel": "simple",
  "changesetContext": "example-context",
  "changesetOperationStart": "2023-03-31T11:37:20.403",
  "changesetSql": "CREATE TABLE PUBLIC.person04 (id INT GENERATED BY DEFAULT AS IDENTITY NOT NULL, name VARCHAR(50) NOT NULL, address1 VARCHAR(50), address2 VARCHAR(50), city VARCHAR(30), CONSTRAINT PK_PERSON04 PRIMARY KEY (id));",
  "changesetOperationStop": "2023-03-31T11:37:20.412",
  "changesetOutcome": "executed",
  "databaseChangelogTableOutcome": "executed"
}
{
  "timestamp": "2023-03-31T16:37:20.432Z",
  "level": "INFO",
  "class": "liquibase.changelog",
  "thread": "1",
  "message": "Tag 'newtables' applied to database",
  "liquibaseOperation": "update",
  "liquibaseCommandName": "update",
  "liquibaseTargetUrl": "jdbc:h2:tcp://localhost:9090/mem:dev",
  "commandLabelFilter": "",
  "commandContextFilter": "",
  "deploymentId": "0280640387",
  "changesetId": "tagDatabase-example",
  "changesetAuthor": "liquibase-docs",
  "changesetFilepath": "changelog.mdc-04-errors.xml",
  "changesetComment": "",
  "changesetLabel": "",
  "changesetContext": "",
  "changesetOperationStart": "2023-03-31T11:37:20.431",
  "changesetSql": ""
}
{
  "timestamp": "2023-03-31T16:37:20.434Z",
  "level": "INFO",
  "class": "liquibase.changelog",
  "thread": "1",
  "message": "ChangeSet changelog.mdc-04-errors.xml::tagDatabase-example::liquibase-docs ran successfully in 3ms",
  "liquibaseOperation": "update",
  "liquibaseCommandName": "update",
  "liquibaseTargetUrl": "jdbc:h2:tcp://localhost:9090/mem:dev",
  "commandLabelFilter": "",
  "commandContextFilter": "",
  "deploymentId": "0280640387",
  "changesetId": "tagDatabase-example",
  "changesetAuthor": "liquibase-docs",
  "changesetFilepath": "changelog.mdc-04-errors.xml",
  "changesetComment": "",
  "changesetLabel": "",
  "changesetContext": "",
  "changesetOperationStart": "2023-03-31T11:37:20.431",
  "changesetSql": "",
  "changesetOperationStop": "2023-03-31T11:37:20.433",
  "changesetOutcome": "executed"
}
{
  "timestamp": "2023-03-31T16:37:20.437Z",
  "level": "INFO",
  "class": "liquibase.executor",
  "thread": "1",
  "message": "Changelog query completed.",
  "liquibaseOperation": "update",
  "liquibaseCommandName": "update",
  "liquibaseTargetUrl": "jdbc:h2:tcp://localhost:9090/mem:dev",
  "commandLabelFilter": "",
  "commandContextFilter": "",
  "deploymentId": "0280640387",
  "changesetId": "tagDatabase-example",
  "changesetAuthor": "liquibase-docs",
  "changesetFilepath": "changelog.mdc-04-errors.xml",
  "changesetComment": "",
  "changesetLabel": "",
  "changesetContext": "",
  "changesetOperationStart": "2023-03-31T11:37:20.431",
  "changesetSql": "",
  "changesetOperationStop": "2023-03-31T11:37:20.433",
  "changesetOutcome": "executed",
  "databaseChangelogTableOutcome": "executed"
}
{
  "timestamp": "2023-03-31T16:37:20.446Z",
  "level": "SEVERE",
  "class": "liquibase.changelog",
  "thread": "1",
  "message": "ChangeSet changelog.mdc-04-errors.xml::mdc-xml-02::mmc-xml encountered an exception.",
  "liquibaseOperation": "update",
  "liquibaseCommandName": "update",
  "liquibaseTargetUrl": "jdbc:h2:tcp://localhost:9090/mem:dev",
  "commandLabelFilter": "",
  "commandContextFilter": "",
  "deploymentId": "0280640387",
  "changesetId": "mdc-xml-02",
  "changesetAuthor": "mmc-xml",
  "changesetFilepath": "changelog.mdc-04-errors.xml",
  "changesetComment": "this changeset has an error",
  "changesetLabel": "has-error",
  "changesetContext": "example-contexts",
  "changesetOperationStart": "2023-03-31T11:37:20.442",
  "changesetSql": "CREATE TABLE PUBLIC.company04 (id INT22 GENERATED BY DEFAULT AS IDENTITY NOT NULL, name VARCHAR(50) NOT NULL, address1 VARCHAR(50), address2 VARCHAR(50), city VARCHAR(30), CONSTRAINT PK_COMPANY04 PRIMARY KEY (id));"
}
{
  "timestamp": "2023-03-31T16:37:20.447Z",
  "level": "INFO",
  "class": "liquibase.changelog",
  "thread": "1",
  "message": "Changeset changelog.mdc-04-errors.xml::mdc-xml-02::mmc-xml failed, but failOnError was false.  Error: Unknown data type: \"INT22\"; SQL statement:\nCREATE TABLE PUBLIC.company04 (id INT22 GENERATED BY DEFAULT AS IDENTITY NOT NULL, name VARCHAR(50) NOT NULL, address1 VARCHAR(50), address2 VARCHAR(50), city VARCHAR(30), CONSTRAINT PK_COMPANY04 PRIMARY KEY (id)) [50004-214] [Failed SQL: (50004) CREATE TABLE PUBLIC.company04 (id INT22 GENERATED BY DEFAULT AS IDENTITY NOT NULL, name VARCHAR(50) NOT NULL, address1 VARCHAR(50), address2 VARCHAR(50), city VARCHAR(30), CONSTRAINT PK_COMPANY04 PRIMARY KEY (id))]",
  "liquibaseOperation": "update",
  "liquibaseCommandName": "update",
  "liquibaseTargetUrl": "jdbc:h2:tcp://localhost:9090/mem:dev",
  "commandLabelFilter": "",
  "commandContextFilter": "",
  "deploymentId": "0280640387",
  "changesetId": "mdc-xml-02",
  "changesetAuthor": "mmc-xml",
  "changesetFilepath": "changelog.mdc-04-errors.xml",
  "changesetComment": "this changeset has an error",
  "changesetLabel": "has-error",
  "changesetContext": "example-contexts",
  "changesetOperationStart": "2023-03-31T11:37:20.442",
  "changesetSql": "CREATE TABLE PUBLIC.company04 (id INT22 GENERATED BY DEFAULT AS IDENTITY NOT NULL, name VARCHAR(50) NOT NULL, address1 VARCHAR(50), address2 VARCHAR(50), city VARCHAR(30), CONSTRAINT PK_COMPANY04 PRIMARY KEY (id));"
}
{
  "timestamp": "2023-03-31T16:37:20.449Z",
  "level": "INFO",
  "class": "liquibase.executor",
  "thread": "1",
  "message": "Changelog query completed.",
  "liquibaseOperation": "update",
  "liquibaseCommandName": "update",
  "liquibaseTargetUrl": "jdbc:h2:tcp://localhost:9090/mem:dev",
  "commandLabelFilter": "",
  "commandContextFilter": "",
  "deploymentId": "0280640387",
  "changesetId": "mdc-xml-02",
  "changesetAuthor": "mmc-xml",
  "changesetFilepath": "changelog.mdc-04-errors.xml",
  "changesetComment": "this changeset has an error",
  "changesetLabel": "has-error",
  "changesetContext": "example-contexts",
  "changesetOperationStart": "2023-03-31T11:37:20.442",
  "changesetSql": "CREATE TABLE PUBLIC.company04 (id INT22 GENERATED BY DEFAULT AS IDENTITY NOT NULL, name VARCHAR(50) NOT NULL, address1 VARCHAR(50), address2 VARCHAR(50), city VARCHAR(30), CONSTRAINT PK_COMPANY04 PRIMARY KEY (id));",
  "databaseChangelogTableOutcome": "executed"
}
{
  "timestamp": "2023-03-31T16:37:20.458Z",
  "level": "INFO",
  "class": "liquibase.changelog",
  "thread": "1",
  "message": "Columns country(varchar(2)) added to person04",
  "liquibaseOperation": "update",
  "liquibaseCommandName": "update",
  "liquibaseTargetUrl": "jdbc:h2:tcp://localhost:9090/mem:dev",
  "commandLabelFilter": "",
  "commandContextFilter": "",
  "deploymentId": "0280640387",
  "changesetId": "mdc-xml-03",
  "changesetAuthor": "mmc-xml",
  "changesetFilepath": "changelog.mdc-04-errors.xml",
  "changesetComment": "example-comment",
  "changesetLabel": "simple",
  "changesetContext": "example-context",
  "changesetOperationStart": "2023-03-31T11:37:20.454",
  "changesetSql": "ALTER TABLE PUBLIC.person04 ADD country VARCHAR(2);"
}
{
  "timestamp": "2023-03-31T16:37:20.460Z",
  "level": "INFO",
  "class": "liquibase.changelog",
  "thread": "1",
  "message": "ChangeSet changelog.mdc-04-errors.xml::mdc-xml-03::mmc-xml ran successfully in 6ms",
  "liquibaseOperation": "update",
  "liquibaseCommandName": "update",
  "liquibaseTargetUrl": "jdbc:h2:tcp://localhost:9090/mem:dev",
  "commandLabelFilter": "",
  "commandContextFilter": "",
  "deploymentId": "0280640387",
  "changesetId": "mdc-xml-03",
  "changesetAuthor": "mmc-xml",
  "changesetFilepath": "changelog.mdc-04-errors.xml",
  "changesetComment": "example-comment",
  "changesetLabel": "simple",
  "changesetContext": "example-context",
  "changesetOperationStart": "2023-03-31T11:37:20.454",
  "changesetSql": "ALTER TABLE PUBLIC.person04 ADD country VARCHAR(2);",
  "changesetOperationStop": "2023-03-31T11:37:20.459",
  "changesetOutcome": "executed"
}
{
  "timestamp": "2023-03-31T16:37:20.462Z",
  "level": "INFO",
  "class": "liquibase.executor",
  "thread": "1",
  "message": "Changelog query completed.",
  "liquibaseOperation": "update",
  "liquibaseCommandName": "update",
  "liquibaseTargetUrl": "jdbc:h2:tcp://localhost:9090/mem:dev",
  "commandLabelFilter": "",
  "commandContextFilter": "",
  "deploymentId": "0280640387",
  "changesetId": "mdc-xml-03",
  "changesetAuthor": "mmc-xml",
  "changesetFilepath": "changelog.mdc-04-errors.xml",
  "changesetComment": "example-comment",
  "changesetLabel": "simple",
  "changesetContext": "example-context",
  "changesetOperationStart": "2023-03-31T11:37:20.454",
  "changesetSql": "ALTER TABLE PUBLIC.person04 ADD country VARCHAR(2);",
  "changesetOperationStop": "2023-03-31T11:37:20.459",
  "changesetOutcome": "executed",
  "databaseChangelogTableOutcome": "executed"
}
{
  "timestamp": "2023-03-31T16:37:20.465Z",
  "level": "INFO",
  "class": "liquibase",
  "thread": "1",
  "message": "Update command completed successfully.",
  "liquibaseOperation": "update",
  "liquibaseCommandName": "update",
  "liquibaseTargetUrl": "jdbc:h2:tcp://localhost:9090/mem:dev",
  "commandLabelFilter": "",
  "commandContextFilter": "",
  "deploymentId": "0280640387",
  "deploymentOutcome": "success",
  "deploymentOutcomeCount": "4"
}
{
  "timestamp": "2023-03-31T16:37:20.468Z",
  "level": "INFO",
  "class": "liquibase.executor",
  "thread": "1",
  "message": "Changelog query completed.",
  "liquibaseOperation": "update",
  "liquibaseCommandName": "update",
  "liquibaseTargetUrl": "jdbc:h2:tcp://localhost:9090/mem:dev",
  "commandLabelFilter": "",
  "commandContextFilter": "",
  "deploymentId": "0280640387",
  "databaseChangelogSQL": "UPDATE PUBLIC.DATABASECHANGELOGLOCK SET LOCKED = FALSE, LOCKEDBY = NULL, LOCKGRANTED = NULL WHERE ID = 1;",
  "databaseChangelogTableOutcome": "executed"
}
{
  "timestamp": "2023-03-31T16:37:20.469Z",
  "level": "INFO",
  "class": "liquibase.lockservice",
  "thread": "1",
  "message": "Successfully released change log lock",
  "liquibaseOperation": "update",
  "liquibaseCommandName": "update",
  "liquibaseTargetUrl": "jdbc:h2:tcp://localhost:9090/mem:dev",
  "commandLabelFilter": "",
  "commandContextFilter": "",
  "deploymentId": "0280640387"
}
