{
  "timestamp": "2023-03-29T19:30:39.053Z",
  "level": "INFO",
  "class": "liquibase.integration",
  "thread": "1",
  "message": "Starting command execution.",
  "liquibaseVersion": "4.20.0",
  "liquibaseSystemUser": "mariochampion",
  "liquibaseSystemName": "mmc-mbp.local"
}
{
  "timestamp": "2023-03-29T19:30:39.199Z",
  "level": "INFO",
  "class": "liquibase.license",
  "thread": "1",
  "message": "Successfully installed license from Base64 string starting with 'ABwwGgQU6h' (property liquibaseProLicenseKey).\n",
  "liquibaseOperation": "rollbackOneChangeset"
}
{
  "timestamp": "2023-03-29T19:30:39.346Z",
  "level": "INFO",
  "class": "liquibase.database",
  "thread": "1",
  "message": "Set default schema name to PUBLIC",
  "liquibaseOperation": "rollbackOneChangeset",
  "liquibaseCommandName": "rollbackOneChangeset"
}
{
  "timestamp": "2023-03-29T19:30:39.566Z",
  "level": "INFO",
  "class": "liquibase.executor",
  "thread": "1",
  "message": "Changelog query completed.",
  "liquibaseOperation": "internalRollbackOneChangeSet",
  "liquibaseCommandName": "rollbackOneChangeset",
  "changelogFile": "changelog.mdc-cafe.sql",
  "rollbackScript": "",
  "liquibaseTargetUrl": "jdbc:h2:tcp://localhost:9090/mem:dev",
  "rollbackOneChangesetForce": "true",
  "databaseChangelogSQL": "SELECT COUNT(*) FROM PUBLIC.DATABASECHANGELOGLOCK;",
  "databaseChangelogTableOutcome": "executed"
}
{
  "timestamp": "2023-03-29T19:30:39.572Z",
  "level": "INFO",
  "class": "liquibase.executor",
  "thread": "1",
  "message": "Changelog query completed.",
  "liquibaseOperation": "internalRollbackOneChangeSet",
  "liquibaseCommandName": "rollbackOneChangeset",
  "changelogFile": "changelog.mdc-cafe.sql",
  "rollbackScript": "",
  "liquibaseTargetUrl": "jdbc:h2:tcp://localhost:9090/mem:dev",
  "rollbackOneChangesetForce": "true",
  "databaseChangelogSQL": "SELECT LOCKED FROM PUBLIC.DATABASECHANGELOGLOCK WHERE ID=1;",
  "databaseChangelogTableOutcome": "executed"
}
{
  "timestamp": "2023-03-29T19:30:39.591Z",
  "level": "INFO",
  "class": "liquibase.executor",
  "thread": "1",
  "message": "Changelog query completed.",
  "liquibaseOperation": "internalRollbackOneChangeSet",
  "liquibaseCommandName": "rollbackOneChangeset",
  "changelogFile": "changelog.mdc-cafe.sql",
  "rollbackScript": "",
  "liquibaseTargetUrl": "jdbc:h2:tcp://localhost:9090/mem:dev",
  "rollbackOneChangesetForce": "true",
  "databaseChangelogSQL": "UPDATE PUBLIC.DATABASECHANGELOGLOCK SET LOCKED = TRUE, LOCKEDBY = 'mmc-mbp.local (192.168.12.47)', LOCKGRANTED = NOW() WHERE ID = 1 AND LOCKED = FALSE;",
  "databaseChangelogTableOutcome": "executed"
}
{
  "timestamp": "2023-03-29T19:30:39.594Z",
  "level": "INFO",
  "class": "liquibase.lockservice",
  "thread": "1",
  "message": "Successfully acquired change log lock",
  "liquibaseOperation": "internalRollbackOneChangeSet",
  "liquibaseCommandName": "rollbackOneChangeset",
  "changelogFile": "changelog.mdc-cafe.sql",
  "rollbackScript": "",
  "liquibaseTargetUrl": "jdbc:h2:tcp://localhost:9090/mem:dev",
  "rollbackOneChangesetForce": "true"
}
{
  "timestamp": "2023-03-29T19:30:39.629Z",
  "level": "INFO",
  "class": "liquibase.executor",
  "thread": "1",
  "message": "Changelog query completed.",
  "liquibaseOperation": "internalRollbackOneChangeSet",
  "liquibaseCommandName": "rollbackOneChangeset",
  "changelogFile": "changelog.mdc-cafe.sql",
  "rollbackScript": "",
  "liquibaseTargetUrl": "jdbc:h2:tcp://localhost:9090/mem:dev",
  "rollbackOneChangesetForce": "true",
  "databaseChangelogSQL": "SELECT MD5SUM FROM PUBLIC.DATABASECHANGELOG WHERE MD5SUM IS NOT NULL;",
  "databaseChangelogTableOutcome": "executed"
}
{
  "timestamp": "2023-03-29T19:30:39.633Z",
  "level": "INFO",
  "class": "liquibase.executor",
  "thread": "1",
  "message": "Changelog query completed.",
  "liquibaseOperation": "internalRollbackOneChangeSet",
  "liquibaseCommandName": "rollbackOneChangeset",
  "changelogFile": "changelog.mdc-cafe.sql",
  "rollbackScript": "",
  "liquibaseTargetUrl": "jdbc:h2:tcp://localhost:9090/mem:dev",
  "rollbackOneChangesetForce": "true",
  "databaseChangelogSQL": "SELECT COUNT(*) FROM PUBLIC.DATABASECHANGELOGLOCK;",
  "databaseChangelogTableOutcome": "executed"
}
{
  "timestamp": "2023-03-29T19:30:39.638Z",
  "level": "INFO",
  "class": "liquibase.changelog",
  "thread": "1",
  "message": "Reading from PUBLIC.DATABASECHANGELOG",
  "liquibaseOperation": "internalRollbackOneChangeSet",
  "liquibaseCommandName": "rollbackOneChangeset",
  "changelogFile": "changelog.mdc-cafe.sql",
  "rollbackScript": "",
  "liquibaseTargetUrl": "jdbc:h2:tcp://localhost:9090/mem:dev",
  "rollbackOneChangesetForce": "true"
}
{
  "timestamp": "2023-03-29T19:30:39.642Z",
  "level": "INFO",
  "class": "liquibase.executor",
  "thread": "1",
  "message": "Changelog query completed.",
  "liquibaseOperation": "internalRollbackOneChangeSet",
  "liquibaseCommandName": "rollbackOneChangeset",
  "changelogFile": "changelog.mdc-cafe.sql",
  "rollbackScript": "",
  "liquibaseTargetUrl": "jdbc:h2:tcp://localhost:9090/mem:dev",
  "rollbackOneChangesetForce": "true",
  "databaseChangelogSQL": "SELECT * FROM PUBLIC.DATABASECHANGELOG ORDER BY DATEEXECUTED ASC, ORDEREXECUTED ASC;",
  "databaseChangelogTableOutcome": "executed"
}
{
  "timestamp": "2023-03-29T19:30:39.673Z",
  "level": "INFO",
  "class": "liquibase.executor",
  "thread": "1",
  "message": "Changelog query completed.",
  "liquibaseOperation": "internalRollbackOneChangeSet",
  "liquibaseCommandName": "rollbackOneChangeset",
  "changelogFile": "changelog.mdc-cafe.sql",
  "rollbackScript": "",
  "liquibaseTargetUrl": "jdbc:h2:tcp://localhost:9090/mem:dev",
  "rollbackOneChangesetForce": "true",
  "changesetId": "create-drinks",
  "changesetAuthor": "mmc",
  "changesetFilepath": "changelog.mdc-cafe.sql",
  "changesetOperationStart": "2023-03-29T14:30:39.66",
  "changesetComment": "get the drinks started",
  "changesetLabel": "edible",
  "changesetContext": "one",
  "changesetSql": "DROP TABLE drinks;",
  "changesetOutcome": "executed",
  "changesetOperationStop": "2023-03-29T14:30:39.669",
  "databaseChangelogSQL": "DELETE FROM PUBLIC.DATABASECHANGELOG WHERE ID = 'create-drinks' AND AUTHOR = 'mmc' AND FILENAME = 'changelog.mdc-cafe.sql';",
  "databaseChangelogTableOutcome": "executed"
}
{
  "timestamp": "2023-03-29T19:30:39.679Z",
  "level": "INFO",
  "class": "liquibase.command",
  "thread": "1",
  "message": "Rollback command completed successfully.",
  "liquibaseOperation": "internalRollbackOneChangeSet",
  "liquibaseCommandName": "rollbackOneChangeset",
  "changelogFile": "changelog.mdc-cafe.sql",
  "rollbackScript": "",
  "liquibaseTargetUrl": "jdbc:h2:tcp://localhost:9090/mem:dev",
  "rollbackOneChangesetForce": "true",
  "changesetsRolledback": {
    "changesetCount": 1,
    "changesets": [
      {
        "author": "mmc",
        "changesetId": "create-drinks",
        "deploymentId": "0118237334",
        "filepath": "changelog.mdc-cafe.sql"
      }
    ]
    
  },
  "deploymentOutcome": "success"
}
{
  "timestamp": "2023-03-29T19:30:39.688Z",
  "level": "INFO",
  "class": "liquibase.executor",
  "thread": "1",
  "message": "Changelog query completed.",
  "liquibaseOperation": "internalRollbackOneChangeSet",
  "liquibaseCommandName": "rollbackOneChangeset",
  "changelogFile": "changelog.mdc-cafe.sql",
  "rollbackScript": "",
  "liquibaseTargetUrl": "jdbc:h2:tcp://localhost:9090/mem:dev",
  "rollbackOneChangesetForce": "true",
  "changesetsRolledback": {
    "changesetCount": 1,
    "changesets": [
      {
        "author": "mmc",
        "changesetId": "create-drinks",
        "deploymentId": "0118237334",
        "filepath": "changelog.mdc-cafe.sql"
      }
    ]
    
  },
  "databaseChangelogSQL": "UPDATE PUBLIC.DATABASECHANGELOGLOCK SET LOCKED = FALSE, LOCKEDBY = NULL, LOCKGRANTED = NULL WHERE ID = 1;",
  "databaseChangelogTableOutcome": "executed"
}
{
  "timestamp": "2023-03-29T19:30:39.690Z",
  "level": "INFO",
  "class": "liquibase.lockservice",
  "thread": "1",
  "message": "Successfully released change log lock",
  "liquibaseOperation": "internalRollbackOneChangeSet",
  "liquibaseCommandName": "rollbackOneChangeset",
  "changelogFile": "changelog.mdc-cafe.sql",
  "rollbackScript": "",
  "liquibaseTargetUrl": "jdbc:h2:tcp://localhost:9090/mem:dev",
  "rollbackOneChangesetForce": "true",
  "changesetsRolledback": {
    "changesetCount": 1,
    "changesets": [
      {
        "author": "mmc",
        "changesetId": "create-drinks",
        "deploymentId": "0118237334",
        "filepath": "changelog.mdc-cafe.sql"
      }
    ]
    
  }
}
