{
  "timestamp": "2023-03-31T16:37:21.846Z",
  "level": "INFO",
  "class": "liquibase.integration",
  "thread": "1",
  "message": "Starting command execution.",
  "liquibaseVersion": "4.20.0",
  "liquibaseSystemUser": "mariochampion",
  "liquibaseSystemName": "mmc-mbp.local"
}
{
  "timestamp": "2023-03-31T16:37:21.959Z",
  "level": "INFO",
  "class": "liquibase.license",
  "thread": "1",
  "message": "Successfully installed license from Base64 string starting with 'ABwwGgQU6h' (property liquibaseProLicenseKey).\n",
  "liquibaseOperation": "update"
}
{
  "timestamp": "2023-03-31T16:37:22.111Z",
  "level": "INFO",
  "class": "liquibase.database",
  "thread": "1",
  "message": "Set default schema name to PUBLIC",
  "liquibaseOperation": "update",
  "liquibaseCommandName": "update"
}
{
  "timestamp": "2023-03-31T16:37:22.221Z",
  "level": "INFO",
  "class": "liquibase.changelog",
  "thread": "1",
  "message": "Reading from PUBLIC.DATABASECHANGELOG",
  "liquibaseOperation": "update",
  "liquibaseCommandName": "update",
  "changelogFile": "changelog.mdc-recordstore.sql"
}
{
  "timestamp": "2023-03-31T16:37:22.234Z",
  "level": "INFO",
  "class": "liquibase.executor",
  "thread": "1",
  "message": "Changelog query completed.",
  "liquibaseOperation": "update",
  "liquibaseCommandName": "update",
  "changelogFile": "changelog.mdc-recordstore.sql",
  "databaseChangelogSQL": "SELECT * FROM PUBLIC.DATABASECHANGELOG ORDER BY DATEEXECUTED ASC, ORDEREXECUTED ASC;",
  "databaseChangelogTableOutcome": "executed"
}
{
  "timestamp": "2023-03-31T16:37:22.253Z",
  "level": "INFO",
  "class": "liquibase.executor",
  "thread": "1",
  "message": "Changelog query completed.",
  "liquibaseOperation": "update",
  "liquibaseCommandName": "update",
  "databaseChangelogSQL": "SELECT COUNT(*) FROM PUBLIC.DATABASECHANGELOGLOCK;",
  "databaseChangelogTableOutcome": "executed"
}
{
  "timestamp": "2023-03-31T16:37:22.257Z",
  "level": "INFO",
  "class": "liquibase.executor",
  "thread": "1",
  "message": "Changelog query completed.",
  "liquibaseOperation": "update",
  "liquibaseCommandName": "update",
  "databaseChangelogSQL": "SELECT LOCKED FROM PUBLIC.DATABASECHANGELOGLOCK WHERE ID=1;",
  "databaseChangelogTableOutcome": "executed"
}
{
  "timestamp": "2023-03-31T16:37:22.277Z",
  "level": "INFO",
  "class": "liquibase.executor",
  "thread": "1",
  "message": "Changelog query completed.",
  "liquibaseOperation": "update",
  "liquibaseCommandName": "update",
  "databaseChangelogSQL": "UPDATE PUBLIC.DATABASECHANGELOGLOCK SET LOCKED = TRUE, LOCKEDBY = 'mmc-mbp.local (192.168.1.160)', LOCKGRANTED = NOW() WHERE ID = 1 AND LOCKED = FALSE;",
  "databaseChangelogTableOutcome": "executed"
}
{
  "timestamp": "2023-03-31T16:37:22.279Z",
  "level": "INFO",
  "class": "liquibase.lockservice",
  "thread": "1",
  "message": "Successfully acquired change log lock",
  "liquibaseOperation": "update",
  "liquibaseCommandName": "update"
}
{
  "timestamp": "2023-03-31T16:37:22.305Z",
  "level": "INFO",
  "class": "liquibase.executor",
  "thread": "1",
  "message": "Changelog query completed.",
  "liquibaseOperation": "update",
  "liquibaseCommandName": "update",
  "liquibaseTargetUrl": "jdbc:h2:tcp://localhost:9090/mem:dev",
  "commandLabelFilter": "",
  "commandContextFilter": "",
  "databaseChangelogSQL": "SELECT MD5SUM FROM PUBLIC.DATABASECHANGELOG WHERE MD5SUM IS NOT NULL;",
  "databaseChangelogTableOutcome": "executed"
}
{
  "timestamp": "2023-03-31T16:37:22.308Z",
  "level": "INFO",
  "class": "liquibase.changelog",
  "thread": "1",
  "message": "Reading from PUBLIC.DATABASECHANGELOG",
  "liquibaseOperation": "update",
  "liquibaseCommandName": "update",
  "liquibaseTargetUrl": "jdbc:h2:tcp://localhost:9090/mem:dev",
  "commandLabelFilter": "",
  "commandContextFilter": ""
}
{
  "timestamp": "2023-03-31T16:37:22.311Z",
  "level": "INFO",
  "class": "liquibase.executor",
  "thread": "1",
  "message": "Changelog query completed.",
  "liquibaseOperation": "update",
  "liquibaseCommandName": "update",
  "liquibaseTargetUrl": "jdbc:h2:tcp://localhost:9090/mem:dev",
  "commandLabelFilter": "",
  "commandContextFilter": "",
  "databaseChangelogSQL": "SELECT * FROM PUBLIC.DATABASECHANGELOG ORDER BY DATEEXECUTED ASC, ORDEREXECUTED ASC;",
  "databaseChangelogTableOutcome": "executed"
}
{
  "timestamp": "2023-03-31T16:37:22.315Z",
  "level": "INFO",
  "class": "liquibase.executor",
  "thread": "1",
  "message": "Changelog query completed.",
  "liquibaseOperation": "update",
  "liquibaseCommandName": "update",
  "liquibaseTargetUrl": "jdbc:h2:tcp://localhost:9090/mem:dev",
  "commandLabelFilter": "",
  "commandContextFilter": "",
  "databaseChangelogSQL": "SELECT COUNT(*) FROM PUBLIC.DATABASECHANGELOGLOCK;",
  "databaseChangelogTableOutcome": "executed"
}
{
  "timestamp": "2023-03-31T16:37:22.347Z",
  "level": "INFO",
  "class": "liquibase.changelog",
  "thread": "1",
  "message": "Custom SQL executed",
  "liquibaseOperation": "update",
  "liquibaseCommandName": "update",
  "liquibaseTargetUrl": "jdbc:h2:tcp://localhost:9090/mem:dev",
  "commandLabelFilter": "",
  "commandContextFilter": "",
  "deploymentId": "0280642324",
  "changesetId": "1",
  "changesetAuthor": "myusername",
  "changesetFilepath": "changelog.mdc-recordstore.sql",
  "changesetComment": "create records table",
  "changesetLabel": "",
  "changesetContext": "",
  "changesetOperationStart": "2023-03-31T11:37:22.337",
  "changesetSql": "CREATE TABLE records (\n    id BIGINT NOT NULL AUTO_INCREMENT PRIMARY KEY,\n    title VARCHAR(255) NOT NULL,\n    year_published int,\n    genre VARCHAR(255),\n    artist_id BIGINT NOT NULL,\n    price_id BIGINT NOT NULL\n);"
}
{
  "timestamp": "2023-03-31T16:37:22.350Z",
  "level": "INFO",
  "class": "liquibase.changelog",
  "thread": "1",
  "message": "ChangeSet changelog.mdc-recordstore.sql::1::myusername ran successfully in 13ms",
  "liquibaseOperation": "update",
  "liquibaseCommandName": "update",
  "liquibaseTargetUrl": "jdbc:h2:tcp://localhost:9090/mem:dev",
  "commandLabelFilter": "",
  "commandContextFilter": "",
  "deploymentId": "0280642324",
  "changesetId": "1",
  "changesetAuthor": "myusername",
  "changesetFilepath": "changelog.mdc-recordstore.sql",
  "changesetComment": "create records table",
  "changesetLabel": "",
  "changesetContext": "",
  "changesetOperationStart": "2023-03-31T11:37:22.337",
  "changesetSql": "CREATE TABLE records (\n    id BIGINT NOT NULL AUTO_INCREMENT PRIMARY KEY,\n    title VARCHAR(255) NOT NULL,\n    year_published int,\n    genre VARCHAR(255),\n    artist_id BIGINT NOT NULL,\n    price_id BIGINT NOT NULL\n);",
  "changesetOperationStop": "2023-03-31T11:37:22.349",
  "changesetOutcome": "executed"
}
{
  "timestamp": "2023-03-31T16:37:22.356Z",
  "level": "INFO",
  "class": "liquibase.executor",
  "thread": "1",
  "message": "Changelog query completed.",
  "liquibaseOperation": "update",
  "liquibaseCommandName": "update",
  "liquibaseTargetUrl": "jdbc:h2:tcp://localhost:9090/mem:dev",
  "commandLabelFilter": "",
  "commandContextFilter": "",
  "deploymentId": "0280642324",
  "changesetId": "1",
  "changesetAuthor": "myusername",
  "changesetFilepath": "changelog.mdc-recordstore.sql",
  "changesetComment": "create records table",
  "changesetLabel": "",
  "changesetContext": "",
  "changesetOperationStart": "2023-03-31T11:37:22.337",
  "changesetSql": "CREATE TABLE records (\n    id BIGINT NOT NULL AUTO_INCREMENT PRIMARY KEY,\n    title VARCHAR(255) NOT NULL,\n    year_published int,\n    genre VARCHAR(255),\n    artist_id BIGINT NOT NULL,\n    price_id BIGINT NOT NULL\n);",
  "changesetOperationStop": "2023-03-31T11:37:22.349",
  "changesetOutcome": "executed",
  "databaseChangelogSQL": "SELECT MAX(ORDEREXECUTED) FROM PUBLIC.DATABASECHANGELOG;",
  "databaseChangelogTableOutcome": "executed"
}
{
  "timestamp": "2023-03-31T16:37:22.360Z",
  "level": "INFO",
  "class": "liquibase.executor",
  "thread": "1",
  "message": "Changelog query completed.",
  "liquibaseOperation": "update",
  "liquibaseCommandName": "update",
  "liquibaseTargetUrl": "jdbc:h2:tcp://localhost:9090/mem:dev",
  "commandLabelFilter": "",
  "commandContextFilter": "",
  "deploymentId": "0280642324",
  "changesetId": "1",
  "changesetAuthor": "myusername",
  "changesetFilepath": "changelog.mdc-recordstore.sql",
  "changesetComment": "create records table",
  "changesetLabel": "",
  "changesetContext": "",
  "changesetOperationStart": "2023-03-31T11:37:22.337",
  "changesetSql": "CREATE TABLE records (\n    id BIGINT NOT NULL AUTO_INCREMENT PRIMARY KEY,\n    title VARCHAR(255) NOT NULL,\n    year_published int,\n    genre VARCHAR(255),\n    artist_id BIGINT NOT NULL,\n    price_id BIGINT NOT NULL\n);",
  "changesetOperationStop": "2023-03-31T11:37:22.349",
  "changesetOutcome": "executed",
  "databaseChangelogTableOutcome": "executed"
}
{
  "timestamp": "2023-03-31T16:37:22.369Z",
  "level": "INFO",
  "class": "liquibase.changelog",
  "thread": "1",
  "message": "Custom SQL executed",
  "liquibaseOperation": "update",
  "liquibaseCommandName": "update",
  "liquibaseTargetUrl": "jdbc:h2:tcp://localhost:9090/mem:dev",
  "commandLabelFilter": "",
  "commandContextFilter": "",
  "deploymentId": "0280642324",
  "changesetId": "2",
  "changesetAuthor": "myusername",
  "changesetFilepath": "changelog.mdc-recordstore.sql",
  "changesetComment": "create artists table",
  "changesetLabel": "",
  "changesetContext": "",
  "changesetOperationStart": "2023-03-31T11:37:22.365",
  "changesetSql": "CREATE TABLE artists (\n    id BIGINT NOT NULL AUTO_INCREMENT PRIMARY KEY,\n    name VARCHAR(255) NOT NULL,\n    country_id BIGINT NOT NULL,\n    song_id BIGINT NOT NULL\n);"
}
{
  "timestamp": "2023-03-31T16:37:22.372Z",
  "level": "INFO",
  "class": "liquibase.changelog",
  "thread": "1",
  "message": "ChangeSet changelog.mdc-recordstore.sql::2::myusername ran successfully in 6ms",
  "liquibaseOperation": "update",
  "liquibaseCommandName": "update",
  "liquibaseTargetUrl": "jdbc:h2:tcp://localhost:9090/mem:dev",
  "commandLabelFilter": "",
  "commandContextFilter": "",
  "deploymentId": "0280642324",
  "changesetId": "2",
  "changesetAuthor": "myusername",
  "changesetFilepath": "changelog.mdc-recordstore.sql",
  "changesetComment": "create artists table",
  "changesetLabel": "",
  "changesetContext": "",
  "changesetOperationStart": "2023-03-31T11:37:22.365",
  "changesetSql": "CREATE TABLE artists (\n    id BIGINT NOT NULL AUTO_INCREMENT PRIMARY KEY,\n    name VARCHAR(255) NOT NULL,\n    country_id BIGINT NOT NULL,\n    song_id BIGINT NOT NULL\n);",
  "changesetOperationStop": "2023-03-31T11:37:22.371",
  "changesetOutcome": "executed"
}
{
  "timestamp": "2023-03-31T16:37:22.375Z",
  "level": "INFO",
  "class": "liquibase.executor",
  "thread": "1",
  "message": "Changelog query completed.",
  "liquibaseOperation": "update",
  "liquibaseCommandName": "update",
  "liquibaseTargetUrl": "jdbc:h2:tcp://localhost:9090/mem:dev",
  "commandLabelFilter": "",
  "commandContextFilter": "",
  "deploymentId": "0280642324",
  "changesetId": "2",
  "changesetAuthor": "myusername",
  "changesetFilepath": "changelog.mdc-recordstore.sql",
  "changesetComment": "create artists table",
  "changesetLabel": "",
  "changesetContext": "",
  "changesetOperationStart": "2023-03-31T11:37:22.365",
  "changesetSql": "CREATE TABLE artists (\n    id BIGINT NOT NULL AUTO_INCREMENT PRIMARY KEY,\n    name VARCHAR(255) NOT NULL,\n    country_id BIGINT NOT NULL,\n    song_id BIGINT NOT NULL\n);",
  "changesetOperationStop": "2023-03-31T11:37:22.371",
  "changesetOutcome": "executed",
  "databaseChangelogTableOutcome": "executed"
}
{
  "timestamp": "2023-03-31T16:37:22.385Z",
  "level": "INFO",
  "class": "liquibase.changelog",
  "thread": "1",
  "message": "Custom SQL executed",
  "liquibaseOperation": "update",
  "liquibaseCommandName": "update",
  "liquibaseTargetUrl": "jdbc:h2:tcp://localhost:9090/mem:dev",
  "commandLabelFilter": "",
  "commandContextFilter": "",
  "deploymentId": "0280642324",
  "changesetId": "3",
  "changesetAuthor": "myusername",
  "changesetFilepath": "changelog.mdc-recordstore.sql",
  "changesetComment": "create songs table",
  "changesetLabel": "",
  "changesetContext": "",
  "changesetOperationStart": "2023-03-31T11:37:22.381",
  "changesetSql": "CREATE TABLE songs (\n    id BIGINT NOT NULL AUTO_INCREMENT PRIMARY KEY,\n    title VARCHAR(255) NOT NULL,\n    duration TIME,\n    record_id BIGINT NOT NULL\n);"
}
{
  "timestamp": "2023-03-31T16:37:22.388Z",
  "level": "INFO",
  "class": "liquibase.changelog",
  "thread": "1",
  "message": "ChangeSet changelog.mdc-recordstore.sql::3::myusername ran successfully in 7ms",
  "liquibaseOperation": "update",
  "liquibaseCommandName": "update",
  "liquibaseTargetUrl": "jdbc:h2:tcp://localhost:9090/mem:dev",
  "commandLabelFilter": "",
  "commandContextFilter": "",
  "deploymentId": "0280642324",
  "changesetId": "3",
  "changesetAuthor": "myusername",
  "changesetFilepath": "changelog.mdc-recordstore.sql",
  "changesetComment": "create songs table",
  "changesetLabel": "",
  "changesetContext": "",
  "changesetOperationStart": "2023-03-31T11:37:22.381",
  "changesetSql": "CREATE TABLE songs (\n    id BIGINT NOT NULL AUTO_INCREMENT PRIMARY KEY,\n    title VARCHAR(255) NOT NULL,\n    duration TIME,\n    record_id BIGINT NOT NULL\n);",
  "changesetOperationStop": "2023-03-31T11:37:22.387",
  "changesetOutcome": "executed"
}
{
  "timestamp": "2023-03-31T16:37:22.391Z",
  "level": "INFO",
  "class": "liquibase.executor",
  "thread": "1",
  "message": "Changelog query completed.",
  "liquibaseOperation": "update",
  "liquibaseCommandName": "update",
  "liquibaseTargetUrl": "jdbc:h2:tcp://localhost:9090/mem:dev",
  "commandLabelFilter": "",
  "commandContextFilter": "",
  "deploymentId": "0280642324",
  "changesetId": "3",
  "changesetAuthor": "myusername",
  "changesetFilepath": "changelog.mdc-recordstore.sql",
  "changesetComment": "create songs table",
  "changesetLabel": "",
  "changesetContext": "",
  "changesetOperationStart": "2023-03-31T11:37:22.381",
  "changesetSql": "CREATE TABLE songs (\n    id BIGINT NOT NULL AUTO_INCREMENT PRIMARY KEY,\n    title VARCHAR(255) NOT NULL,\n    duration TIME,\n    record_id BIGINT NOT NULL\n);",
  "changesetOperationStop": "2023-03-31T11:37:22.387",
  "changesetOutcome": "executed",
  "databaseChangelogTableOutcome": "executed"
}
{
  "timestamp": "2023-03-31T16:37:22.401Z",
  "level": "INFO",
  "class": "liquibase.changelog",
  "thread": "1",
  "message": "Custom SQL executed",
  "liquibaseOperation": "update",
  "liquibaseCommandName": "update",
  "liquibaseTargetUrl": "jdbc:h2:tcp://localhost:9090/mem:dev",
  "commandLabelFilter": "",
  "commandContextFilter": "",
  "deploymentId": "0280642324",
  "changesetId": "4",
  "changesetAuthor": "myusername",
  "changesetFilepath": "changelog.mdc-recordstore.sql",
  "changesetComment": "create customers table",
  "changesetLabel": "",
  "changesetContext": "",
  "changesetOperationStart": "2023-03-31T11:37:22.397",
  "changesetSql": "CREATE TABLE customers (\n    id BIGINT NOT NULL AUTO_INCREMENT PRIMARY KEY,\n    first_name VARCHAR(255) NOT NULL,\n    last_name VARCHAR(255) NOT NULL,\n    address VARCHAR(255) NOT NULL,\n    email VARCHAR(255),\n    phone VARCHAR(20)\n);"
}
{
  "timestamp": "2023-03-31T16:37:22.402Z",
  "level": "INFO",
  "class": "liquibase.changelog",
  "thread": "1",
  "message": "ChangeSet changelog.mdc-recordstore.sql::4::myusername ran successfully in 5ms",
  "liquibaseOperation": "update",
  "liquibaseCommandName": "update",
  "liquibaseTargetUrl": "jdbc:h2:tcp://localhost:9090/mem:dev",
  "commandLabelFilter": "",
  "commandContextFilter": "",
  "deploymentId": "0280642324",
  "changesetId": "4",
  "changesetAuthor": "myusername",
  "changesetFilepath": "changelog.mdc-recordstore.sql",
  "changesetComment": "create customers table",
  "changesetLabel": "",
  "changesetContext": "",
  "changesetOperationStart": "2023-03-31T11:37:22.397",
  "changesetSql": "CREATE TABLE customers (\n    id BIGINT NOT NULL AUTO_INCREMENT PRIMARY KEY,\n    first_name VARCHAR(255) NOT NULL,\n    last_name VARCHAR(255) NOT NULL,\n    address VARCHAR(255) NOT NULL,\n    email VARCHAR(255),\n    phone VARCHAR(20)\n);",
  "changesetOperationStop": "2023-03-31T11:37:22.401",
  "changesetOutcome": "executed"
}
{
  "timestamp": "2023-03-31T16:37:22.405Z",
  "level": "INFO",
  "class": "liquibase.executor",
  "thread": "1",
  "message": "Changelog query completed.",
  "liquibaseOperation": "update",
  "liquibaseCommandName": "update",
  "liquibaseTargetUrl": "jdbc:h2:tcp://localhost:9090/mem:dev",
  "commandLabelFilter": "",
  "commandContextFilter": "",
  "deploymentId": "0280642324",
  "changesetId": "4",
  "changesetAuthor": "myusername",
  "changesetFilepath": "changelog.mdc-recordstore.sql",
  "changesetComment": "create customers table",
  "changesetLabel": "",
  "changesetContext": "",
  "changesetOperationStart": "2023-03-31T11:37:22.397",
  "changesetSql": "CREATE TABLE customers (\n    id BIGINT NOT NULL AUTO_INCREMENT PRIMARY KEY,\n    first_name VARCHAR(255) NOT NULL,\n    last_name VARCHAR(255) NOT NULL,\n    address VARCHAR(255) NOT NULL,\n    email VARCHAR(255),\n    phone VARCHAR(20)\n);",
  "changesetOperationStop": "2023-03-31T11:37:22.401",
  "changesetOutcome": "executed",
  "databaseChangelogTableOutcome": "executed"
}
{
  "timestamp": "2023-03-31T16:37:22.414Z",
  "level": "INFO",
  "class": "liquibase.changelog",
  "thread": "1",
  "message": "Custom SQL executed",
  "liquibaseOperation": "update",
  "liquibaseCommandName": "update",
  "liquibaseTargetUrl": "jdbc:h2:tcp://localhost:9090/mem:dev",
  "commandLabelFilter": "",
  "commandContextFilter": "",
  "deploymentId": "0280642324",
  "changesetId": "5",
  "changesetAuthor": "myusername",
  "changesetFilepath": "changelog.mdc-recordstore.sql",
  "changesetComment": "create prices table",
  "changesetLabel": "",
  "changesetContext": "",
  "changesetOperationStart": "2023-03-31T11:37:22.41",
  "changesetSql": "CREATE TABLE prices (\n    id BIGINT NOT NULL AUTO_INCREMENT PRIMARY KEY,\n    usd DECIMAL(10,2) NOT NULL,\n    pesos DECIMAL(10,2) NOT NULL,\n    euros DECIMAL(10,2) NOT NULL\n);"
}
{
  "timestamp": "2023-03-31T16:37:22.415Z",
  "level": "INFO",
  "class": "liquibase.changelog",
  "thread": "1",
  "message": "ChangeSet changelog.mdc-recordstore.sql::5::myusername ran successfully in 5ms",
  "liquibaseOperation": "update",
  "liquibaseCommandName": "update",
  "liquibaseTargetUrl": "jdbc:h2:tcp://localhost:9090/mem:dev",
  "commandLabelFilter": "",
  "commandContextFilter": "",
  "deploymentId": "0280642324",
  "changesetId": "5",
  "changesetAuthor": "myusername",
  "changesetFilepath": "changelog.mdc-recordstore.sql",
  "changesetComment": "create prices table",
  "changesetLabel": "",
  "changesetContext": "",
  "changesetOperationStart": "2023-03-31T11:37:22.41",
  "changesetSql": "CREATE TABLE prices (\n    id BIGINT NOT NULL AUTO_INCREMENT PRIMARY KEY,\n    usd DECIMAL(10,2) NOT NULL,\n    pesos DECIMAL(10,2) NOT NULL,\n    euros DECIMAL(10,2) NOT NULL\n);",
  "changesetOperationStop": "2023-03-31T11:37:22.414",
  "changesetOutcome": "executed"
}
{
  "timestamp": "2023-03-31T16:37:22.418Z",
  "level": "INFO",
  "class": "liquibase.executor",
  "thread": "1",
  "message": "Changelog query completed.",
  "liquibaseOperation": "update",
  "liquibaseCommandName": "update",
  "liquibaseTargetUrl": "jdbc:h2:tcp://localhost:9090/mem:dev",
  "commandLabelFilter": "",
  "commandContextFilter": "",
  "deploymentId": "0280642324",
  "changesetId": "5",
  "changesetAuthor": "myusername",
  "changesetFilepath": "changelog.mdc-recordstore.sql",
  "changesetComment": "create prices table",
  "changesetLabel": "",
  "changesetContext": "",
  "changesetOperationStart": "2023-03-31T11:37:22.41",
  "changesetSql": "CREATE TABLE prices (\n    id BIGINT NOT NULL AUTO_INCREMENT PRIMARY KEY,\n    usd DECIMAL(10,2) NOT NULL,\n    pesos DECIMAL(10,2) NOT NULL,\n    euros DECIMAL(10,2) NOT NULL\n);",
  "changesetOperationStop": "2023-03-31T11:37:22.414",
  "changesetOutcome": "executed",
  "databaseChangelogTableOutcome": "executed"
}
{
  "timestamp": "2023-03-31T16:37:22.425Z",
  "level": "INFO",
  "class": "liquibase.changelog",
  "thread": "1",
  "message": "Custom SQL executed",
  "liquibaseOperation": "update",
  "liquibaseCommandName": "update",
  "liquibaseTargetUrl": "jdbc:h2:tcp://localhost:9090/mem:dev",
  "commandLabelFilter": "",
  "commandContextFilter": "",
  "deploymentId": "0280642324",
  "changesetId": "6",
  "changesetAuthor": "myusername",
  "changesetFilepath": "changelog.mdc-recordstore.sql",
  "changesetComment": "create music_prices table",
  "changesetLabel": "",
  "changesetContext": "",
  "changesetOperationStart": "2023-03-31T11:37:22.422",
  "changesetSql": "CREATE TABLE music_prices (\n    id BIGINT NOT NULL AUTO_INCREMENT PRIMARY KEY,\n    music_id BIGINT NOT NULL,\n    price_id BIGINT NOT NULL\n);"
}
{
  "timestamp": "2023-03-31T16:37:22.427Z",
  "level": "INFO",
  "class": "liquibase.changelog",
  "thread": "1",
  "message": "ChangeSet changelog.mdc-recordstore.sql::6::myusername ran successfully in 5ms",
  "liquibaseOperation": "update",
  "liquibaseCommandName": "update",
  "liquibaseTargetUrl": "jdbc:h2:tcp://localhost:9090/mem:dev",
  "commandLabelFilter": "",
  "commandContextFilter": "",
  "deploymentId": "0280642324",
  "changesetId": "6",
  "changesetAuthor": "myusername",
  "changesetFilepath": "changelog.mdc-recordstore.sql",
  "changesetComment": "create music_prices table",
  "changesetLabel": "",
  "changesetContext": "",
  "changesetOperationStart": "2023-03-31T11:37:22.422",
  "changesetSql": "CREATE TABLE music_prices (\n    id BIGINT NOT NULL AUTO_INCREMENT PRIMARY KEY,\n    music_id BIGINT NOT NULL,\n    price_id BIGINT NOT NULL\n);",
  "changesetOperationStop": "2023-03-31T11:37:22.427",
  "changesetOutcome": "executed"
}
{
  "timestamp": "2023-03-31T16:37:22.430Z",
  "level": "INFO",
  "class": "liquibase.executor",
  "thread": "1",
  "message": "Changelog query completed.",
  "liquibaseOperation": "update",
  "liquibaseCommandName": "update",
  "liquibaseTargetUrl": "jdbc:h2:tcp://localhost:9090/mem:dev",
  "commandLabelFilter": "",
  "commandContextFilter": "",
  "deploymentId": "0280642324",
  "changesetId": "6",
  "changesetAuthor": "myusername",
  "changesetFilepath": "changelog.mdc-recordstore.sql",
  "changesetComment": "create music_prices table",
  "changesetLabel": "",
  "changesetContext": "",
  "changesetOperationStart": "2023-03-31T11:37:22.422",
  "changesetSql": "CREATE TABLE music_prices (\n    id BIGINT NOT NULL AUTO_INCREMENT PRIMARY KEY,\n    music_id BIGINT NOT NULL,\n    price_id BIGINT NOT NULL\n);",
  "changesetOperationStop": "2023-03-31T11:37:22.427",
  "changesetOutcome": "executed",
  "databaseChangelogTableOutcome": "executed"
}
{
  "timestamp": "2023-03-31T16:37:22.438Z",
  "level": "INFO",
  "class": "liquibase.changelog",
  "thread": "1",
  "message": "Custom SQL executed",
  "liquibaseOperation": "update",
  "liquibaseCommandName": "update",
  "liquibaseTargetUrl": "jdbc:h2:tcp://localhost:9090/mem:dev",
  "commandLabelFilter": "",
  "commandContextFilter": "",
  "deploymentId": "0280642324",
  "changesetId": "7",
  "changesetAuthor": "myusername",
  "changesetFilepath": "changelog.mdc-recordstore.sql",
  "changesetComment": "create customer_music table",
  "changesetLabel": "",
  "changesetContext": "",
  "changesetOperationStart": "2023-03-31T11:37:22.435",
  "changesetSql": "CREATE TABLE customer_music (\n    id BIGINT NOT NULL AUTO_INCREMENT PRIMARY KEY,\n    customer_id BIGINT NOT NULL,\n    music_id BIGINT NOT NULL\n);"
}
{
  "timestamp": "2023-03-31T16:37:22.440Z",
  "level": "INFO",
  "class": "liquibase.changelog",
  "thread": "1",
  "message": "ChangeSet changelog.mdc-recordstore.sql::7::myusername ran successfully in 5ms",
  "liquibaseOperation": "update",
  "liquibaseCommandName": "update",
  "liquibaseTargetUrl": "jdbc:h2:tcp://localhost:9090/mem:dev",
  "commandLabelFilter": "",
  "commandContextFilter": "",
  "deploymentId": "0280642324",
  "changesetId": "7",
  "changesetAuthor": "myusername",
  "changesetFilepath": "changelog.mdc-recordstore.sql",
  "changesetComment": "create customer_music table",
  "changesetLabel": "",
  "changesetContext": "",
  "changesetOperationStart": "2023-03-31T11:37:22.435",
  "changesetSql": "CREATE TABLE customer_music (\n    id BIGINT NOT NULL AUTO_INCREMENT PRIMARY KEY,\n    customer_id BIGINT NOT NULL,\n    music_id BIGINT NOT NULL\n);",
  "changesetOperationStop": "2023-03-31T11:37:22.439",
  "changesetOutcome": "executed"
}
{
  "timestamp": "2023-03-31T16:37:22.442Z",
  "level": "INFO",
  "class": "liquibase.executor",
  "thread": "1",
  "message": "Changelog query completed.",
  "liquibaseOperation": "update",
  "liquibaseCommandName": "update",
  "liquibaseTargetUrl": "jdbc:h2:tcp://localhost:9090/mem:dev",
  "commandLabelFilter": "",
  "commandContextFilter": "",
  "deploymentId": "0280642324",
  "changesetId": "7",
  "changesetAuthor": "myusername",
  "changesetFilepath": "changelog.mdc-recordstore.sql",
  "changesetComment": "create customer_music table",
  "changesetLabel": "",
  "changesetContext": "",
  "changesetOperationStart": "2023-03-31T11:37:22.435",
  "changesetSql": "CREATE TABLE customer_music (\n    id BIGINT NOT NULL AUTO_INCREMENT PRIMARY KEY,\n    customer_id BIGINT NOT NULL,\n    music_id BIGINT NOT NULL\n);",
  "changesetOperationStop": "2023-03-31T11:37:22.439",
  "changesetOutcome": "executed",
  "databaseChangelogTableOutcome": "executed"
}
{
  "timestamp": "2023-03-31T16:37:22.449Z",
  "level": "INFO",
  "class": "liquibase.changelog",
  "thread": "1",
  "message": "Custom SQL executed",
  "liquibaseOperation": "update",
  "liquibaseCommandName": "update",
  "liquibaseTargetUrl": "jdbc:h2:tcp://localhost:9090/mem:dev",
  "commandLabelFilter": "",
  "commandContextFilter": "",
  "deploymentId": "0280642324",
  "changesetId": "8",
  "changesetAuthor": "myusername",
  "changesetFilepath": "changelog.mdc-recordstore.sql",
  "changesetComment": "",
  "changesetLabel": "",
  "changesetContext": "",
  "changesetOperationStart": "2023-03-31T11:37:22.446",
  "changesetSql": "ALTER TABLE records ADD CONSTRAINT fk_records_artist FOREIGN KEY (artist_id) REFERENCES artists(id);"
}
{
  "timestamp": "2023-03-31T16:37:22.450Z",
  "level": "INFO",
  "class": "liquibase.changelog",
  "thread": "1",
  "message": "ChangeSet changelog.mdc-recordstore.sql::8::myusername ran successfully in 5ms",
  "liquibaseOperation": "update",
  "liquibaseCommandName": "update",
  "liquibaseTargetUrl": "jdbc:h2:tcp://localhost:9090/mem:dev",
  "commandLabelFilter": "",
  "commandContextFilter": "",
  "deploymentId": "0280642324",
  "changesetId": "8",
  "changesetAuthor": "myusername",
  "changesetFilepath": "changelog.mdc-recordstore.sql",
  "changesetComment": "",
  "changesetLabel": "",
  "changesetContext": "",
  "changesetOperationStart": "2023-03-31T11:37:22.446",
  "changesetSql": "ALTER TABLE records ADD CONSTRAINT fk_records_artist FOREIGN KEY (artist_id) REFERENCES artists(id);",
  "changesetOperationStop": "2023-03-31T11:37:22.45",
  "changesetOutcome": "executed"
}
{
  "timestamp": "2023-03-31T16:37:22.453Z",
  "level": "INFO",
  "class": "liquibase.executor",
  "thread": "1",
  "message": "Changelog query completed.",
  "liquibaseOperation": "update",
  "liquibaseCommandName": "update",
  "liquibaseTargetUrl": "jdbc:h2:tcp://localhost:9090/mem:dev",
  "commandLabelFilter": "",
  "commandContextFilter": "",
  "deploymentId": "0280642324",
  "changesetId": "8",
  "changesetAuthor": "myusername",
  "changesetFilepath": "changelog.mdc-recordstore.sql",
  "changesetComment": "",
  "changesetLabel": "",
  "changesetContext": "",
  "changesetOperationStart": "2023-03-31T11:37:22.446",
  "changesetSql": "ALTER TABLE records ADD CONSTRAINT fk_records_artist FOREIGN KEY (artist_id) REFERENCES artists(id);",
  "changesetOperationStop": "2023-03-31T11:37:22.45",
  "changesetOutcome": "executed",
  "databaseChangelogTableOutcome": "executed"
}
{
  "timestamp": "2023-03-31T16:37:22.461Z",
  "level": "INFO",
  "class": "liquibase.changelog",
  "thread": "1",
  "message": "Custom SQL executed",
  "liquibaseOperation": "update",
  "liquibaseCommandName": "update",
  "liquibaseTargetUrl": "jdbc:h2:tcp://localhost:9090/mem:dev",
  "commandLabelFilter": "",
  "commandContextFilter": "",
  "deploymentId": "0280642324",
  "changesetId": "9",
  "changesetAuthor": "myusername",
  "changesetFilepath": "changelog.mdc-recordstore.sql",
  "changesetComment": "",
  "changesetLabel": "",
  "changesetContext": "",
  "changesetOperationStart": "2023-03-31T11:37:22.458",
  "changesetSql": "ALTER TABLE records ADD CONSTRAINT fk_records_price FOREIGN KEY (price_id) REFERENCES prices(id);"
}
{
  "timestamp": "2023-03-31T16:37:22.462Z",
  "level": "INFO",
  "class": "liquibase.changelog",
  "thread": "1",
  "message": "ChangeSet changelog.mdc-recordstore.sql::9::myusername ran successfully in 4ms",
  "liquibaseOperation": "update",
  "liquibaseCommandName": "update",
  "liquibaseTargetUrl": "jdbc:h2:tcp://localhost:9090/mem:dev",
  "commandLabelFilter": "",
  "commandContextFilter": "",
  "deploymentId": "0280642324",
  "changesetId": "9",
  "changesetAuthor": "myusername",
  "changesetFilepath": "changelog.mdc-recordstore.sql",
  "changesetComment": "",
  "changesetLabel": "",
  "changesetContext": "",
  "changesetOperationStart": "2023-03-31T11:37:22.458",
  "changesetSql": "ALTER TABLE records ADD CONSTRAINT fk_records_price FOREIGN KEY (price_id) REFERENCES prices(id);",
  "changesetOperationStop": "2023-03-31T11:37:22.462",
  "changesetOutcome": "executed"
}
{
  "timestamp": "2023-03-31T16:37:22.465Z",
  "level": "INFO",
  "class": "liquibase.executor",
  "thread": "1",
  "message": "Changelog query completed.",
  "liquibaseOperation": "update",
  "liquibaseCommandName": "update",
  "liquibaseTargetUrl": "jdbc:h2:tcp://localhost:9090/mem:dev",
  "commandLabelFilter": "",
  "commandContextFilter": "",
  "deploymentId": "0280642324",
  "changesetId": "9",
  "changesetAuthor": "myusername",
  "changesetFilepath": "changelog.mdc-recordstore.sql",
  "changesetComment": "",
  "changesetLabel": "",
  "changesetContext": "",
  "changesetOperationStart": "2023-03-31T11:37:22.458",
  "changesetSql": "ALTER TABLE records ADD CONSTRAINT fk_records_price FOREIGN KEY (price_id) REFERENCES prices(id);",
  "changesetOperationStop": "2023-03-31T11:37:22.462",
  "changesetOutcome": "executed",
  "databaseChangelogTableOutcome": "executed"
}
{
  "timestamp": "2023-03-31T16:37:22.472Z",
  "level": "INFO",
  "class": "liquibase.changelog",
  "thread": "1",
  "message": "Custom SQL executed",
  "liquibaseOperation": "update",
  "liquibaseCommandName": "update",
  "liquibaseTargetUrl": "jdbc:h2:tcp://localhost:9090/mem:dev",
  "commandLabelFilter": "",
  "commandContextFilter": "",
  "deploymentId": "0280642324",
  "changesetId": "10",
  "changesetAuthor": "myusername",
  "changesetFilepath": "changelog.mdc-recordstore.sql",
  "changesetComment": "",
  "changesetLabel": "",
  "changesetContext": "",
  "changesetOperationStart": "2023-03-31T11:37:22.469",
  "changesetSql": "ALTER TABLE artists ADD CONSTRAINT fk_artists_song FOREIGN KEY (song_id) REFERENCES songs(id);"
}
{
  "timestamp": "2023-03-31T16:37:22.474Z",
  "level": "INFO",
  "class": "liquibase.changelog",
  "thread": "1",
  "message": "ChangeSet changelog.mdc-recordstore.sql::10::myusername ran successfully in 4ms",
  "liquibaseOperation": "update",
  "liquibaseCommandName": "update",
  "liquibaseTargetUrl": "jdbc:h2:tcp://localhost:9090/mem:dev",
  "commandLabelFilter": "",
  "commandContextFilter": "",
  "deploymentId": "0280642324",
  "changesetId": "10",
  "changesetAuthor": "myusername",
  "changesetFilepath": "changelog.mdc-recordstore.sql",
  "changesetComment": "",
  "changesetLabel": "",
  "changesetContext": "",
  "changesetOperationStart": "2023-03-31T11:37:22.469",
  "changesetSql": "ALTER TABLE artists ADD CONSTRAINT fk_artists_song FOREIGN KEY (song_id) REFERENCES songs(id);",
  "changesetOperationStop": "2023-03-31T11:37:22.473",
  "changesetOutcome": "executed"
}
{
  "timestamp": "2023-03-31T16:37:22.477Z",
  "level": "INFO",
  "class": "liquibase.executor",
  "thread": "1",
  "message": "Changelog query completed.",
  "liquibaseOperation": "update",
  "liquibaseCommandName": "update",
  "liquibaseTargetUrl": "jdbc:h2:tcp://localhost:9090/mem:dev",
  "commandLabelFilter": "",
  "commandContextFilter": "",
  "deploymentId": "0280642324",
  "changesetId": "10",
  "changesetAuthor": "myusername",
  "changesetFilepath": "changelog.mdc-recordstore.sql",
  "changesetComment": "",
  "changesetLabel": "",
  "changesetContext": "",
  "changesetOperationStart": "2023-03-31T11:37:22.469",
  "changesetSql": "ALTER TABLE artists ADD CONSTRAINT fk_artists_song FOREIGN KEY (song_id) REFERENCES songs(id);",
  "changesetOperationStop": "2023-03-31T11:37:22.473",
  "changesetOutcome": "executed",
  "databaseChangelogTableOutcome": "executed"
}
{
  "timestamp": "2023-03-31T16:37:22.480Z",
  "level": "INFO",
  "class": "liquibase",
  "thread": "1",
  "message": "Update command completed successfully.",
  "liquibaseOperation": "update",
  "liquibaseCommandName": "update",
  "liquibaseTargetUrl": "jdbc:h2:tcp://localhost:9090/mem:dev",
  "commandLabelFilter": "",
  "commandContextFilter": "",
  "deploymentId": "0280642324",
  "deploymentOutcome": "success",
  "deploymentOutcomeCount": "10"
}
{
  "timestamp": "2023-03-31T16:37:22.484Z",
  "level": "INFO",
  "class": "liquibase.executor",
  "thread": "1",
  "message": "Changelog query completed.",
  "liquibaseOperation": "update",
  "liquibaseCommandName": "update",
  "liquibaseTargetUrl": "jdbc:h2:tcp://localhost:9090/mem:dev",
  "commandLabelFilter": "",
  "commandContextFilter": "",
  "deploymentId": "0280642324",
  "databaseChangelogSQL": "UPDATE PUBLIC.DATABASECHANGELOGLOCK SET LOCKED = FALSE, LOCKEDBY = NULL, LOCKGRANTED = NULL WHERE ID = 1;",
  "databaseChangelogTableOutcome": "executed"
}
{
  "timestamp": "2023-03-31T16:37:22.485Z",
  "level": "INFO",
  "class": "liquibase.lockservice",
  "thread": "1",
  "message": "Successfully released change log lock",
  "liquibaseOperation": "update",
  "liquibaseCommandName": "update",
  "liquibaseTargetUrl": "jdbc:h2:tcp://localhost:9090/mem:dev",
  "commandLabelFilter": "",
  "commandContextFilter": "",
  "deploymentId": "0280642324"
}
