{
  "timestamp": "2023-03-31T16:39:50.712Z",
  "level": "INFO",
  "class": "liquibase.integration",
  "thread": "1",
  "message": "Starting command execution.",
  "liquibaseVersion": "4.20.0",
  "liquibaseSystemUser": "mariochampion",
  "liquibaseSystemName": "mmc-mbp.local"
}
{
  "timestamp": "2023-03-31T16:39:50.818Z",
  "level": "INFO",
  "class": "liquibase.license",
  "thread": "1",
  "message": "Successfully installed license from Base64 string starting with 'ABwwGgQU6h' (property liquibaseProLicenseKey).\n",
  "liquibaseOperation": "updateCount"
}
{
  "timestamp": "2023-03-31T16:39:50.949Z",
  "level": "INFO",
  "class": "liquibase.database",
  "thread": "1",
  "message": "Set default schema name to PUBLIC",
  "liquibaseOperation": "updateCount",
  "liquibaseCommandName": "updateCount"
}
{
  "timestamp": "2023-03-31T16:39:51.052Z",
  "level": "INFO",
  "class": "liquibase.executor",
  "thread": "1",
  "message": "Changelog query completed.",
  "liquibaseOperation": "updateCount",
  "liquibaseCommandName": "updateCount",
  "commandLabelFilter": "",
  "commandContextFilter": "",
  "databaseChangelogSQL": "SELECT COUNT(*) FROM PUBLIC.DATABASECHANGELOGLOCK;",
  "databaseChangelogTableOutcome": "executed"
}
{
  "timestamp": "2023-03-31T16:39:51.057Z",
  "level": "INFO",
  "class": "liquibase.executor",
  "thread": "1",
  "message": "Changelog query completed.",
  "liquibaseOperation": "updateCount",
  "liquibaseCommandName": "updateCount",
  "commandLabelFilter": "",
  "commandContextFilter": "",
  "databaseChangelogSQL": "SELECT LOCKED FROM PUBLIC.DATABASECHANGELOGLOCK WHERE ID=1;",
  "databaseChangelogTableOutcome": "executed"
}
{
  "timestamp": "2023-03-31T16:39:51.073Z",
  "level": "INFO",
  "class": "liquibase.executor",
  "thread": "1",
  "message": "Changelog query completed.",
  "liquibaseOperation": "updateCount",
  "liquibaseCommandName": "updateCount",
  "commandLabelFilter": "",
  "commandContextFilter": "",
  "databaseChangelogSQL": "UPDATE PUBLIC.DATABASECHANGELOGLOCK SET LOCKED = TRUE, LOCKEDBY = 'mmc-mbp.local (192.168.1.160)', LOCKGRANTED = NOW() WHERE ID = 1 AND LOCKED = FALSE;",
  "databaseChangelogTableOutcome": "executed"
}
{
  "timestamp": "2023-03-31T16:39:51.075Z",
  "level": "INFO",
  "class": "liquibase.lockservice",
  "thread": "1",
  "message": "Successfully acquired change log lock",
  "liquibaseOperation": "updateCount",
  "liquibaseCommandName": "updateCount",
  "commandLabelFilter": "",
  "commandContextFilter": ""
}
{
  "timestamp": "2023-03-31T16:39:51.127Z",
  "level": "INFO",
  "class": "liquibase.executor",
  "thread": "1",
  "message": "Changelog query completed.",
  "liquibaseOperation": "updateCount",
  "liquibaseCommandName": "updateCount",
  "commandLabelFilter": "",
  "commandContextFilter": "",
  "liquibaseTargetUrl": "jdbc:h2:tcp://localhost:9090/mem:dev",
  "changelogFile": "changelog.mdc-recordstore.sql",
  "databaseChangelogSQL": "SELECT MD5SUM FROM PUBLIC.DATABASECHANGELOG WHERE MD5SUM IS NOT NULL;",
  "databaseChangelogTableOutcome": "executed"
}
{
  "timestamp": "2023-03-31T16:39:51.130Z",
  "level": "INFO",
  "class": "liquibase.changelog",
  "thread": "1",
  "message": "Reading from PUBLIC.DATABASECHANGELOG",
  "liquibaseOperation": "updateCount",
  "liquibaseCommandName": "updateCount",
  "commandLabelFilter": "",
  "commandContextFilter": "",
  "liquibaseTargetUrl": "jdbc:h2:tcp://localhost:9090/mem:dev",
  "changelogFile": "changelog.mdc-recordstore.sql"
}
{
  "timestamp": "2023-03-31T16:39:51.135Z",
  "level": "INFO",
  "class": "liquibase.executor",
  "thread": "1",
  "message": "Changelog query completed.",
  "liquibaseOperation": "updateCount",
  "liquibaseCommandName": "updateCount",
  "commandLabelFilter": "",
  "commandContextFilter": "",
  "liquibaseTargetUrl": "jdbc:h2:tcp://localhost:9090/mem:dev",
  "changelogFile": "changelog.mdc-recordstore.sql",
  "databaseChangelogSQL": "SELECT * FROM PUBLIC.DATABASECHANGELOG ORDER BY DATEEXECUTED ASC, ORDEREXECUTED ASC;",
  "databaseChangelogTableOutcome": "executed"
}
{
  "timestamp": "2023-03-31T16:39:51.139Z",
  "level": "INFO",
  "class": "liquibase.executor",
  "thread": "1",
  "message": "Changelog query completed.",
  "liquibaseOperation": "updateCount",
  "liquibaseCommandName": "updateCount",
  "commandLabelFilter": "",
  "commandContextFilter": "",
  "liquibaseTargetUrl": "jdbc:h2:tcp://localhost:9090/mem:dev",
  "changelogFile": "changelog.mdc-recordstore.sql",
  "databaseChangelogSQL": "SELECT COUNT(*) FROM PUBLIC.DATABASECHANGELOGLOCK;",
  "databaseChangelogTableOutcome": "executed"
}
{
  "timestamp": "2023-03-31T16:39:51.172Z",
  "level": "INFO",
  "class": "liquibase.changelog",
  "thread": "1",
  "message": "Custom SQL executed",
  "liquibaseOperation": "updateCount",
  "liquibaseCommandName": "updateCount",
  "commandLabelFilter": "",
  "commandContextFilter": "",
  "liquibaseTargetUrl": "jdbc:h2:tcp://localhost:9090/mem:dev",
  "changelogFile": "changelog.mdc-recordstore.sql",
  "deploymentId": "0280791153",
  "changesetId": "1",
  "changesetAuthor": "myusername",
  "changesetFilepath": "changelog.mdc-recordstore.sql",
  "changesetComment": "create records table",
  "changesetLabel": "",
  "changesetContext": "",
  "changesetOperationStart": "2023-03-31T11:39:51.163",
  "changesetSql": "CREATE TABLE records (\n    id BIGINT NOT NULL AUTO_INCREMENT PRIMARY KEY,\n    title VARCHAR(255) NOT NULL,\n    year_published int,\n    genre VARCHAR(255),\n    artist_id BIGINT NOT NULL,\n    price_id BIGINT NOT NULL\n);"
}
{
  "timestamp": "2023-03-31T16:39:51.175Z",
  "level": "INFO",
  "class": "liquibase.changelog",
  "thread": "1",
  "message": "ChangeSet changelog.mdc-recordstore.sql::1::myusername ran successfully in 12ms",
  "liquibaseOperation": "updateCount",
  "liquibaseCommandName": "updateCount",
  "commandLabelFilter": "",
  "commandContextFilter": "",
  "liquibaseTargetUrl": "jdbc:h2:tcp://localhost:9090/mem:dev",
  "changelogFile": "changelog.mdc-recordstore.sql",
  "deploymentId": "0280791153",
  "changesetId": "1",
  "changesetAuthor": "myusername",
  "changesetFilepath": "changelog.mdc-recordstore.sql",
  "changesetComment": "create records table",
  "changesetLabel": "",
  "changesetContext": "",
  "changesetOperationStart": "2023-03-31T11:39:51.163",
  "changesetSql": "CREATE TABLE records (\n    id BIGINT NOT NULL AUTO_INCREMENT PRIMARY KEY,\n    title VARCHAR(255) NOT NULL,\n    year_published int,\n    genre VARCHAR(255),\n    artist_id BIGINT NOT NULL,\n    price_id BIGINT NOT NULL\n);",
  "changesetOperationStop": "2023-03-31T11:39:51.174",
  "changesetOutcome": "executed"
}
{
  "timestamp": "2023-03-31T16:39:51.180Z",
  "level": "INFO",
  "class": "liquibase.executor",
  "thread": "1",
  "message": "Changelog query completed.",
  "liquibaseOperation": "updateCount",
  "liquibaseCommandName": "updateCount",
  "commandLabelFilter": "",
  "commandContextFilter": "",
  "liquibaseTargetUrl": "jdbc:h2:tcp://localhost:9090/mem:dev",
  "changelogFile": "changelog.mdc-recordstore.sql",
  "deploymentId": "0280791153",
  "changesetId": "1",
  "changesetAuthor": "myusername",
  "changesetFilepath": "changelog.mdc-recordstore.sql",
  "changesetComment": "create records table",
  "changesetLabel": "",
  "changesetContext": "",
  "changesetOperationStart": "2023-03-31T11:39:51.163",
  "changesetSql": "CREATE TABLE records (\n    id BIGINT NOT NULL AUTO_INCREMENT PRIMARY KEY,\n    title VARCHAR(255) NOT NULL,\n    year_published int,\n    genre VARCHAR(255),\n    artist_id BIGINT NOT NULL,\n    price_id BIGINT NOT NULL\n);",
  "changesetOperationStop": "2023-03-31T11:39:51.174",
  "changesetOutcome": "executed",
  "databaseChangelogSQL": "SELECT MAX(ORDEREXECUTED) FROM PUBLIC.DATABASECHANGELOG;",
  "databaseChangelogTableOutcome": "executed"
}
{
  "timestamp": "2023-03-31T16:39:51.183Z",
  "level": "INFO",
  "class": "liquibase.executor",
  "thread": "1",
  "message": "Changelog query completed.",
  "liquibaseOperation": "updateCount",
  "liquibaseCommandName": "updateCount",
  "commandLabelFilter": "",
  "commandContextFilter": "",
  "liquibaseTargetUrl": "jdbc:h2:tcp://localhost:9090/mem:dev",
  "changelogFile": "changelog.mdc-recordstore.sql",
  "deploymentId": "0280791153",
  "changesetId": "1",
  "changesetAuthor": "myusername",
  "changesetFilepath": "changelog.mdc-recordstore.sql",
  "changesetComment": "create records table",
  "changesetLabel": "",
  "changesetContext": "",
  "changesetOperationStart": "2023-03-31T11:39:51.163",
  "changesetSql": "CREATE TABLE records (\n    id BIGINT NOT NULL AUTO_INCREMENT PRIMARY KEY,\n    title VARCHAR(255) NOT NULL,\n    year_published int,\n    genre VARCHAR(255),\n    artist_id BIGINT NOT NULL,\n    price_id BIGINT NOT NULL\n);",
  "changesetOperationStop": "2023-03-31T11:39:51.174",
  "changesetOutcome": "executed",
  "databaseChangelogTableOutcome": "executed"
}
{
  "timestamp": "2023-03-31T16:39:51.192Z",
  "level": "INFO",
  "class": "liquibase.changelog",
  "thread": "1",
  "message": "Custom SQL executed",
  "liquibaseOperation": "updateCount",
  "liquibaseCommandName": "updateCount",
  "commandLabelFilter": "",
  "commandContextFilter": "",
  "liquibaseTargetUrl": "jdbc:h2:tcp://localhost:9090/mem:dev",
  "changelogFile": "changelog.mdc-recordstore.sql",
  "deploymentId": "0280791153",
  "changesetId": "2",
  "changesetAuthor": "myusername",
  "changesetFilepath": "changelog.mdc-recordstore.sql",
  "changesetComment": "create artists table",
  "changesetLabel": "",
  "changesetContext": "",
  "changesetOperationStart": "2023-03-31T11:39:51.189",
  "changesetSql": "CREATE TABLE artists (\n    id BIGINT NOT NULL AUTO_INCREMENT PRIMARY KEY,\n    name VARCHAR(255) NOT NULL,\n    country_id BIGINT NOT NULL,\n    song_id BIGINT NOT NULL\n);"
}
{
  "timestamp": "2023-03-31T16:39:51.194Z",
  "level": "INFO",
  "class": "liquibase.changelog",
  "thread": "1",
  "message": "ChangeSet changelog.mdc-recordstore.sql::2::myusername ran successfully in 4ms",
  "liquibaseOperation": "updateCount",
  "liquibaseCommandName": "updateCount",
  "commandLabelFilter": "",
  "commandContextFilter": "",
  "liquibaseTargetUrl": "jdbc:h2:tcp://localhost:9090/mem:dev",
  "changelogFile": "changelog.mdc-recordstore.sql",
  "deploymentId": "0280791153",
  "changesetId": "2",
  "changesetAuthor": "myusername",
  "changesetFilepath": "changelog.mdc-recordstore.sql",
  "changesetComment": "create artists table",
  "changesetLabel": "",
  "changesetContext": "",
  "changesetOperationStart": "2023-03-31T11:39:51.189",
  "changesetSql": "CREATE TABLE artists (\n    id BIGINT NOT NULL AUTO_INCREMENT PRIMARY KEY,\n    name VARCHAR(255) NOT NULL,\n    country_id BIGINT NOT NULL,\n    song_id BIGINT NOT NULL\n);",
  "changesetOperationStop": "2023-03-31T11:39:51.193",
  "changesetOutcome": "executed"
}
{
  "timestamp": "2023-03-31T16:39:51.197Z",
  "level": "INFO",
  "class": "liquibase.executor",
  "thread": "1",
  "message": "Changelog query completed.",
  "liquibaseOperation": "updateCount",
  "liquibaseCommandName": "updateCount",
  "commandLabelFilter": "",
  "commandContextFilter": "",
  "liquibaseTargetUrl": "jdbc:h2:tcp://localhost:9090/mem:dev",
  "changelogFile": "changelog.mdc-recordstore.sql",
  "deploymentId": "0280791153",
  "changesetId": "2",
  "changesetAuthor": "myusername",
  "changesetFilepath": "changelog.mdc-recordstore.sql",
  "changesetComment": "create artists table",
  "changesetLabel": "",
  "changesetContext": "",
  "changesetOperationStart": "2023-03-31T11:39:51.189",
  "changesetSql": "CREATE TABLE artists (\n    id BIGINT NOT NULL AUTO_INCREMENT PRIMARY KEY,\n    name VARCHAR(255) NOT NULL,\n    country_id BIGINT NOT NULL,\n    song_id BIGINT NOT NULL\n);",
  "changesetOperationStop": "2023-03-31T11:39:51.193",
  "changesetOutcome": "executed",
  "databaseChangelogTableOutcome": "executed"
}
{
  "timestamp": "2023-03-31T16:39:51.201Z",
  "level": "INFO",
  "class": "liquibase",
  "thread": "1",
  "message": "Update command completed successfully.",
  "liquibaseOperation": "updateCount",
  "liquibaseCommandName": "updateCount",
  "commandLabelFilter": "",
  "commandContextFilter": "",
  "liquibaseTargetUrl": "jdbc:h2:tcp://localhost:9090/mem:dev",
  "changelogFile": "changelog.mdc-recordstore.sql",
  "deploymentId": "0280791153",
  "deploymentOutcome": "success",
  "deploymentOutcomeCount": "2"
}
{
  "timestamp": "2023-03-31T16:39:51.205Z",
  "level": "INFO",
  "class": "liquibase.executor",
  "thread": "1",
  "message": "Changelog query completed.",
  "liquibaseOperation": "updateCount",
  "liquibaseCommandName": "updateCount",
  "commandLabelFilter": "",
  "commandContextFilter": "",
  "liquibaseTargetUrl": "jdbc:h2:tcp://localhost:9090/mem:dev",
  "changelogFile": "changelog.mdc-recordstore.sql",
  "deploymentId": "0280791153",
  "databaseChangelogSQL": "UPDATE PUBLIC.DATABASECHANGELOGLOCK SET LOCKED = FALSE, LOCKEDBY = NULL, LOCKGRANTED = NULL WHERE ID = 1;",
  "databaseChangelogTableOutcome": "executed"
}
{
  "timestamp": "2023-03-31T16:39:51.206Z",
  "level": "INFO",
  "class": "liquibase.lockservice",
  "thread": "1",
  "message": "Successfully released change log lock",
  "liquibaseOperation": "updateCount",
  "liquibaseCommandName": "updateCount",
  "commandLabelFilter": "",
  "commandContextFilter": "",
  "liquibaseTargetUrl": "jdbc:h2:tcp://localhost:9090/mem:dev",
  "changelogFile": "changelog.mdc-recordstore.sql",
  "deploymentId": "0280791153"
}
