{
  "timestamp": "2023-04-02T18:36:15.330Z",
  "level": "INFO",
  "class": "liquibase.integration",
  "thread": "1",
  "message": "Starting command execution.",
  "liquibaseVersion": "4.20.0",
  "liquibaseSystemUser": "mariochampion",
  "liquibaseSystemName": "mmc-mbp.lan"
}
{
  "timestamp": "2023-04-02T18:36:15.441Z",
  "level": "INFO",
  "class": "liquibase.license",
  "thread": "1",
  "message": "Successfully installed license from Base64 string starting with 'ABwwGgQU6h' (property liquibaseProLicenseKey).\n",
  "liquibaseOperation": "updateToTag"
}
{
  "timestamp": "2023-04-02T18:36:15.572Z",
  "level": "INFO",
  "class": "liquibase.database",
  "thread": "1",
  "message": "Set default schema name to PUBLIC",
  "liquibaseOperation": "updateToTag",
  "liquibaseCommandName": "updateToTag"
}
{
  "timestamp": "2023-04-02T18:36:15.678Z",
  "level": "INFO",
  "class": "liquibase.executor",
  "thread": "1",
  "message": "Changelog query completed.",
  "liquibaseOperation": "updateToTag",
  "liquibaseCommandName": "updateToTag",
  "commandLabelFilter": "",
  "commandContextFilter": "",
  "databaseChangelogSQL": "SELECT COUNT(*) FROM PUBLIC.DATABASECHANGELOGLOCK;",
  "databaseChangelogTableOutcome": "executed"
}
{
  "timestamp": "2023-04-02T18:36:15.683Z",
  "level": "INFO",
  "class": "liquibase.executor",
  "thread": "1",
  "message": "Changelog query completed.",
  "liquibaseOperation": "updateToTag",
  "liquibaseCommandName": "updateToTag",
  "commandLabelFilter": "",
  "commandContextFilter": "",
  "databaseChangelogSQL": "SELECT LOCKED FROM PUBLIC.DATABASECHANGELOGLOCK WHERE ID=1;",
  "databaseChangelogTableOutcome": "executed"
}
{
  "timestamp": "2023-04-02T18:36:15.702Z",
  "level": "INFO",
  "class": "liquibase.executor",
  "thread": "1",
  "message": "Changelog query completed.",
  "liquibaseOperation": "updateToTag",
  "liquibaseCommandName": "updateToTag",
  "commandLabelFilter": "",
  "commandContextFilter": "",
  "databaseChangelogSQL": "UPDATE PUBLIC.DATABASECHANGELOGLOCK SET LOCKED = TRUE, LOCKEDBY = 'mmc-mbp.lan (192.168.86.30)', LOCKGRANTED = NOW() WHERE ID = 1 AND LOCKED = FALSE;",
  "databaseChangelogTableOutcome": "executed"
}
{
  "timestamp": "2023-04-02T18:36:15.704Z",
  "level": "INFO",
  "class": "liquibase.lockservice",
  "thread": "1",
  "message": "Successfully acquired change log lock",
  "liquibaseOperation": "updateToTag",
  "liquibaseCommandName": "updateToTag",
  "commandLabelFilter": "",
  "commandContextFilter": ""
}
{
  "timestamp": "2023-04-02T18:36:15.765Z",
  "level": "INFO",
  "class": "liquibase.executor",
  "thread": "1",
  "message": "Changelog query completed.",
  "liquibaseOperation": "updateToTag",
  "liquibaseCommandName": "updateToTag",
  "commandLabelFilter": "",
  "commandContextFilter": "",
  "liquibaseTargetUrl": "jdbc:h2:tcp://localhost:9090/mem:dev",
  "changelogFile": "changelog.mdc-03.sql",
  "databaseChangelogSQL": "SELECT MD5SUM FROM PUBLIC.DATABASECHANGELOG WHERE MD5SUM IS NOT NULL;",
  "databaseChangelogTableOutcome": "executed"
}
{
  "timestamp": "2023-04-02T18:36:15.768Z",
  "level": "INFO",
  "class": "liquibase.changelog",
  "thread": "1",
  "message": "Reading from PUBLIC.DATABASECHANGELOG",
  "liquibaseOperation": "updateToTag",
  "liquibaseCommandName": "updateToTag",
  "commandLabelFilter": "",
  "commandContextFilter": "",
  "liquibaseTargetUrl": "jdbc:h2:tcp://localhost:9090/mem:dev",
  "changelogFile": "changelog.mdc-03.sql"
}
{
  "timestamp": "2023-04-02T18:36:15.774Z",
  "level": "INFO",
  "class": "liquibase.executor",
  "thread": "1",
  "message": "Changelog query completed.",
  "liquibaseOperation": "updateToTag",
  "liquibaseCommandName": "updateToTag",
  "commandLabelFilter": "",
  "commandContextFilter": "",
  "liquibaseTargetUrl": "jdbc:h2:tcp://localhost:9090/mem:dev",
  "changelogFile": "changelog.mdc-03.sql",
  "databaseChangelogSQL": "SELECT * FROM PUBLIC.DATABASECHANGELOG ORDER BY DATEEXECUTED ASC, ORDEREXECUTED ASC;",
  "databaseChangelogTableOutcome": "executed"
}
{
  "timestamp": "2023-04-02T18:36:15.780Z",
  "level": "INFO",
  "class": "liquibase.executor",
  "thread": "1",
  "message": "Changelog query completed.",
  "liquibaseOperation": "updateToTag",
  "liquibaseCommandName": "updateToTag",
  "commandLabelFilter": "",
  "commandContextFilter": "",
  "liquibaseTargetUrl": "jdbc:h2:tcp://localhost:9090/mem:dev",
  "changelogFile": "changelog.mdc-03.sql",
  "databaseChangelogSQL": "SELECT COUNT(*) FROM PUBLIC.DATABASECHANGELOGLOCK;",
  "databaseChangelogTableOutcome": "executed"
}
{
  "timestamp": "2023-04-02T18:36:15.816Z",
  "level": "INFO",
  "class": "liquibase.changelog",
  "thread": "1",
  "message": "Custom SQL executed",
  "liquibaseOperation": "updateToTag",
  "liquibaseCommandName": "updateToTag",
  "commandLabelFilter": "",
  "commandContextFilter": "",
  "liquibaseTargetUrl": "jdbc:h2:tcp://localhost:9090/mem:dev",
  "changelogFile": "changelog.mdc-03.sql",
  "deploymentId": "0460575795",
  "changesetId": "mdc-poc-01",
  "changesetAuthor": "mmc-03",
  "changesetFilepath": "changelog.mdc-03.sql",
  "changesetComment": "example comment",
  "changesetLabel": "example-label",
  "changesetContext": "example-context",
  "changesetOperationStart": "2023-04-02T13:36:15.805",
  "changesetSql": "create table person03 (\n    id int primary key auto_increment not null,\n    name varchar(50) not null,\n    address1 varchar(50),\n    address2 varchar(50),\n    city varchar(30)\n);"
}
{
  "timestamp": "2023-04-02T18:36:15.819Z",
  "level": "INFO",
  "class": "liquibase.changelog",
  "thread": "1",
  "message": "ChangeSet changelog.mdc-03.sql::mdc-poc-01::mmc-03 ran successfully in 15ms",
  "liquibaseOperation": "updateToTag",
  "liquibaseCommandName": "updateToTag",
  "commandLabelFilter": "",
  "commandContextFilter": "",
  "liquibaseTargetUrl": "jdbc:h2:tcp://localhost:9090/mem:dev",
  "changelogFile": "changelog.mdc-03.sql",
  "deploymentId": "0460575795",
  "changesetId": "mdc-poc-01",
  "changesetAuthor": "mmc-03",
  "changesetFilepath": "changelog.mdc-03.sql",
  "changesetComment": "example comment",
  "changesetLabel": "example-label",
  "changesetContext": "example-context",
  "changesetOperationStart": "2023-04-02T13:36:15.805",
  "changesetSql": "create table person03 (\n    id int primary key auto_increment not null,\n    name varchar(50) not null,\n    address1 varchar(50),\n    address2 varchar(50),\n    city varchar(30)\n);",
  "changesetOperationStop": "2023-04-02T13:36:15.819",
  "changesetOutcome": "executed"
}
{
  "timestamp": "2023-04-02T18:36:15.825Z",
  "level": "INFO",
  "class": "liquibase.executor",
  "thread": "1",
  "message": "Changelog query completed.",
  "liquibaseOperation": "updateToTag",
  "liquibaseCommandName": "updateToTag",
  "commandLabelFilter": "",
  "commandContextFilter": "",
  "liquibaseTargetUrl": "jdbc:h2:tcp://localhost:9090/mem:dev",
  "changelogFile": "changelog.mdc-03.sql",
  "deploymentId": "0460575795",
  "changesetId": "mdc-poc-01",
  "changesetAuthor": "mmc-03",
  "changesetFilepath": "changelog.mdc-03.sql",
  "changesetComment": "example comment",
  "changesetLabel": "example-label",
  "changesetContext": "example-context",
  "changesetOperationStart": "2023-04-02T13:36:15.805",
  "changesetSql": "create table person03 (\n    id int primary key auto_increment not null,\n    name varchar(50) not null,\n    address1 varchar(50),\n    address2 varchar(50),\n    city varchar(30)\n);",
  "changesetOperationStop": "2023-04-02T13:36:15.819",
  "changesetOutcome": "executed",
  "databaseChangelogSQL": "SELECT MAX(ORDEREXECUTED) FROM PUBLIC.DATABASECHANGELOG;",
  "databaseChangelogTableOutcome": "executed"
}
{
  "timestamp": "2023-04-02T18:36:15.830Z",
  "level": "INFO",
  "class": "liquibase.executor",
  "thread": "1",
  "message": "Changelog query completed.",
  "liquibaseOperation": "updateToTag",
  "liquibaseCommandName": "updateToTag",
  "commandLabelFilter": "",
  "commandContextFilter": "",
  "liquibaseTargetUrl": "jdbc:h2:tcp://localhost:9090/mem:dev",
  "changelogFile": "changelog.mdc-03.sql",
  "deploymentId": "0460575795",
  "changesetId": "mdc-poc-01",
  "changesetAuthor": "mmc-03",
  "changesetFilepath": "changelog.mdc-03.sql",
  "changesetComment": "example comment",
  "changesetLabel": "example-label",
  "changesetContext": "example-context",
  "changesetOperationStart": "2023-04-02T13:36:15.805",
  "changesetSql": "create table person03 (\n    id int primary key auto_increment not null,\n    name varchar(50) not null,\n    address1 varchar(50),\n    address2 varchar(50),\n    city varchar(30)\n);",
  "changesetOperationStop": "2023-04-02T13:36:15.819",
  "changesetOutcome": "executed",
  "databaseChangelogTableOutcome": "executed"
}
{
  "timestamp": "2023-04-02T18:36:15.839Z",
  "level": "INFO",
  "class": "liquibase.changelog",
  "thread": "1",
  "message": "Custom SQL executed",
  "liquibaseOperation": "updateToTag",
  "liquibaseCommandName": "updateToTag",
  "commandLabelFilter": "",
  "commandContextFilter": "",
  "liquibaseTargetUrl": "jdbc:h2:tcp://localhost:9090/mem:dev",
  "changelogFile": "changelog.mdc-03.sql",
  "deploymentId": "0460575795",
  "changesetId": "mdc-poc-02",
  "changesetAuthor": "mmc-03",
  "changesetFilepath": "changelog.mdc-03.sql",
  "changesetComment": "example comment",
  "changesetLabel": "example2-label",
  "changesetContext": "example-context",
  "changesetOperationStart": "2023-04-02T13:36:15.836",
  "changesetSql": "create table company03 (\n    id int primary key auto_increment not null,\n    name varchar(50) not null,\n    address1 varchar(50),\n    address2 varchar(50),\n    city varchar(30)\n);"
}
{
  "timestamp": "2023-04-02T18:36:15.841Z",
  "level": "INFO",
  "class": "liquibase.changelog",
  "thread": "1",
  "message": "ChangeSet changelog.mdc-03.sql::mdc-poc-02::mmc-03 ran successfully in 6ms",
  "liquibaseOperation": "updateToTag",
  "liquibaseCommandName": "updateToTag",
  "commandLabelFilter": "",
  "commandContextFilter": "",
  "liquibaseTargetUrl": "jdbc:h2:tcp://localhost:9090/mem:dev",
  "changelogFile": "changelog.mdc-03.sql",
  "deploymentId": "0460575795",
  "changesetId": "mdc-poc-02",
  "changesetAuthor": "mmc-03",
  "changesetFilepath": "changelog.mdc-03.sql",
  "changesetComment": "example comment",
  "changesetLabel": "example2-label",
  "changesetContext": "example-context",
  "changesetOperationStart": "2023-04-02T13:36:15.836",
  "changesetSql": "create table company03 (\n    id int primary key auto_increment not null,\n    name varchar(50) not null,\n    address1 varchar(50),\n    address2 varchar(50),\n    city varchar(30)\n);",
  "changesetOperationStop": "2023-04-02T13:36:15.841",
  "changesetOutcome": "executed"
}
{
  "timestamp": "2023-04-02T18:36:15.845Z",
  "level": "INFO",
  "class": "liquibase.executor",
  "thread": "1",
  "message": "Changelog query completed.",
  "liquibaseOperation": "updateToTag",
  "liquibaseCommandName": "updateToTag",
  "commandLabelFilter": "",
  "commandContextFilter": "",
  "liquibaseTargetUrl": "jdbc:h2:tcp://localhost:9090/mem:dev",
  "changelogFile": "changelog.mdc-03.sql",
  "deploymentId": "0460575795",
  "changesetId": "mdc-poc-02",
  "changesetAuthor": "mmc-03",
  "changesetFilepath": "changelog.mdc-03.sql",
  "changesetComment": "example comment",
  "changesetLabel": "example2-label",
  "changesetContext": "example-context",
  "changesetOperationStart": "2023-04-02T13:36:15.836",
  "changesetSql": "create table company03 (\n    id int primary key auto_increment not null,\n    name varchar(50) not null,\n    address1 varchar(50),\n    address2 varchar(50),\n    city varchar(30)\n);",
  "changesetOperationStop": "2023-04-02T13:36:15.841",
  "changesetOutcome": "executed",
  "databaseChangelogTableOutcome": "executed"
}
{
  "timestamp": "2023-04-02T18:36:15.854Z",
  "level": "INFO",
  "class": "liquibase.changelog",
  "thread": "1",
  "message": "Custom SQL executed",
  "liquibaseOperation": "updateToTag",
  "liquibaseCommandName": "updateToTag",
  "commandLabelFilter": "",
  "commandContextFilter": "",
  "liquibaseTargetUrl": "jdbc:h2:tcp://localhost:9090/mem:dev",
  "changelogFile": "changelog.mdc-03.sql",
  "deploymentId": "0460575795",
  "changesetId": "mdc-poc-03yyy",
  "changesetAuthor": "mmc-03",
  "changesetFilepath": "changelog.mdc-03.sql",
  "changesetComment": "example comment",
  "changesetLabel": "example3-label",
  "changesetContext": "example-context",
  "changesetOperationStart": "2023-04-02T13:36:15.851",
  "changesetSql": "alter table person03 add column country varchar(2);"
}
{
  "timestamp": "2023-04-02T18:36:15.856Z",
  "level": "INFO",
  "class": "liquibase.changelog",
  "thread": "1",
  "message": "ChangeSet changelog.mdc-03.sql::mdc-poc-03yyy::mmc-03 ran successfully in 4ms",
  "liquibaseOperation": "updateToTag",
  "liquibaseCommandName": "updateToTag",
  "commandLabelFilter": "",
  "commandContextFilter": "",
  "liquibaseTargetUrl": "jdbc:h2:tcp://localhost:9090/mem:dev",
  "changelogFile": "changelog.mdc-03.sql",
  "deploymentId": "0460575795",
  "changesetId": "mdc-poc-03yyy",
  "changesetAuthor": "mmc-03",
  "changesetFilepath": "changelog.mdc-03.sql",
  "changesetComment": "example comment",
  "changesetLabel": "example3-label",
  "changesetContext": "example-context",
  "changesetOperationStart": "2023-04-02T13:36:15.851",
  "changesetSql": "alter table person03 add column country varchar(2);",
  "changesetOperationStop": "2023-04-02T13:36:15.855",
  "changesetOutcome": "executed"
}
{
  "timestamp": "2023-04-02T18:36:15.859Z",
  "level": "INFO",
  "class": "liquibase.executor",
  "thread": "1",
  "message": "Changelog query completed.",
  "liquibaseOperation": "updateToTag",
  "liquibaseCommandName": "updateToTag",
  "commandLabelFilter": "",
  "commandContextFilter": "",
  "liquibaseTargetUrl": "jdbc:h2:tcp://localhost:9090/mem:dev",
  "changelogFile": "changelog.mdc-03.sql",
  "deploymentId": "0460575795",
  "changesetId": "mdc-poc-03yyy",
  "changesetAuthor": "mmc-03",
  "changesetFilepath": "changelog.mdc-03.sql",
  "changesetComment": "example comment",
  "changesetLabel": "example3-label",
  "changesetContext": "example-context",
  "changesetOperationStart": "2023-04-02T13:36:15.851",
  "changesetSql": "alter table person03 add column country varchar(2);",
  "changesetOperationStop": "2023-04-02T13:36:15.855",
  "changesetOutcome": "executed",
  "databaseChangelogTableOutcome": "executed"
}
{
  "timestamp": "2023-04-02T18:36:15.863Z",
  "level": "INFO",
  "class": "liquibase",
  "thread": "1",
  "message": "Update command completed successfully.",
  "liquibaseOperation": "updateToTag",
  "liquibaseCommandName": "updateToTag",
  "commandLabelFilter": "",
  "commandContextFilter": "",
  "liquibaseTargetUrl": "jdbc:h2:tcp://localhost:9090/mem:dev",
  "changelogFile": "changelog.mdc-03.sql",
  "deploymentId": "0460575795",
  "deploymentOutcome": "success",
  "deploymentOutcomeCount": "3"
}
{
  "timestamp": "2023-04-02T18:36:15.868Z",
  "level": "INFO",
  "class": "liquibase.executor",
  "thread": "1",
  "message": "Changelog query completed.",
  "liquibaseOperation": "updateToTag",
  "liquibaseCommandName": "updateToTag",
  "commandLabelFilter": "",
  "commandContextFilter": "",
  "liquibaseTargetUrl": "jdbc:h2:tcp://localhost:9090/mem:dev",
  "changelogFile": "changelog.mdc-03.sql",
  "deploymentId": "0460575795",
  "databaseChangelogSQL": "UPDATE PUBLIC.DATABASECHANGELOGLOCK SET LOCKED = FALSE, LOCKEDBY = NULL, LOCKGRANTED = NULL WHERE ID = 1;",
  "databaseChangelogTableOutcome": "executed"
}
{
  "timestamp": "2023-04-02T18:36:15.869Z",
  "level": "INFO",
  "class": "liquibase.lockservice",
  "thread": "1",
  "message": "Successfully released change log lock",
  "liquibaseOperation": "updateToTag",
  "liquibaseCommandName": "updateToTag",
  "commandLabelFilter": "",
  "commandContextFilter": "",
  "liquibaseTargetUrl": "jdbc:h2:tcp://localhost:9090/mem:dev",
  "changelogFile": "changelog.mdc-03.sql",
  "deploymentId": "0460575795"
}
