{
  "timestamp": "2023-04-02T18:36:00.238Z",
  "level": "INFO",
  "class": "liquibase.integration",
  "thread": "1",
  "message": "Starting command execution.",
  "liquibaseVersion": "4.20.0",
  "liquibaseSystemUser": "mariochampion",
  "liquibaseSystemName": "mmc-mbp.lan"
}
{
  "timestamp": "2023-04-02T18:36:00.361Z",
  "level": "INFO",
  "class": "liquibase.license",
  "thread": "1",
  "message": "Successfully installed license from Base64 string starting with 'ABwwGgQU6h' (property liquibaseProLicenseKey).\n",
  "liquibaseOperation": "updateCount"
}
{
  "timestamp": "2023-04-02T18:36:00.498Z",
  "level": "INFO",
  "class": "liquibase.database",
  "thread": "1",
  "message": "Set default schema name to PUBLIC",
  "liquibaseOperation": "updateCount",
  "liquibaseCommandName": "updateCount"
}
{
  "timestamp": "2023-04-02T18:36:00.611Z",
  "level": "INFO",
  "class": "liquibase.executor",
  "thread": "1",
  "message": "Changelog query completed.",
  "liquibaseOperation": "updateCount",
  "liquibaseCommandName": "updateCount",
  "commandLabelFilter": "",
  "commandContextFilter": "",
  "databaseChangelogSQL": "CREATE TABLE PUBLIC.DATABASECHANGELOGLOCK (ID INT NOT NULL, LOCKED BOOLEAN NOT NULL, LOCKGRANTED TIMESTAMP, LOCKEDBY VARCHAR(255), CONSTRAINT PK_DATABASECHANGELOGLOCK PRIMARY KEY (ID));",
  "databaseChangelogTableOutcome": "executed"
}
{
  "timestamp": "2023-04-02T18:36:00.616Z",
  "level": "INFO",
  "class": "liquibase.executor",
  "thread": "1",
  "message": "Changelog query completed.",
  "liquibaseOperation": "updateCount",
  "liquibaseCommandName": "updateCount",
  "commandLabelFilter": "",
  "commandContextFilter": "",
  "databaseChangelogSQL": "SELECT COUNT(*) FROM PUBLIC.DATABASECHANGELOGLOCK;",
  "databaseChangelogTableOutcome": "executed"
}
{
  "timestamp": "2023-04-02T18:36:00.624Z",
  "level": "INFO",
  "class": "liquibase.executor",
  "thread": "1",
  "message": "Changelog query completed.",
  "liquibaseOperation": "updateCount",
  "liquibaseCommandName": "updateCount",
  "commandLabelFilter": "",
  "commandContextFilter": "",
  "databaseChangelogSQL": "DELETE FROM PUBLIC.DATABASECHANGELOGLOCK;\nINSERT INTO PUBLIC.DATABASECHANGELOGLOCK (ID, LOCKED) VALUES (1, FALSE);",
  "databaseChangelogTableOutcome": "executed"
}
{
  "timestamp": "2023-04-02T18:36:00.630Z",
  "level": "INFO",
  "class": "liquibase.executor",
  "thread": "1",
  "message": "Changelog query completed.",
  "liquibaseOperation": "updateCount",
  "liquibaseCommandName": "updateCount",
  "commandLabelFilter": "",
  "commandContextFilter": "",
  "databaseChangelogSQL": "SELECT LOCKED FROM PUBLIC.DATABASECHANGELOGLOCK WHERE ID=1;",
  "databaseChangelogTableOutcome": "executed"
}
{
  "timestamp": "2023-04-02T18:36:00.635Z",
  "level": "INFO",
  "class": "liquibase.executor",
  "thread": "1",
  "message": "Changelog query completed.",
  "liquibaseOperation": "updateCount",
  "liquibaseCommandName": "updateCount",
  "commandLabelFilter": "",
  "commandContextFilter": "",
  "databaseChangelogSQL": "UPDATE PUBLIC.DATABASECHANGELOGLOCK SET LOCKED = TRUE, LOCKEDBY = 'mmc-mbp.lan (192.168.86.30)', LOCKGRANTED = NOW() WHERE ID = 1 AND LOCKED = FALSE;",
  "databaseChangelogTableOutcome": "executed"
}
{
  "timestamp": "2023-04-02T18:36:00.637Z",
  "level": "INFO",
  "class": "liquibase.lockservice",
  "thread": "1",
  "message": "Successfully acquired change log lock",
  "liquibaseOperation": "updateCount",
  "liquibaseCommandName": "updateCount",
  "commandLabelFilter": "",
  "commandContextFilter": ""
}
{
  "timestamp": "2023-04-02T18:36:00.677Z",
  "level": "INFO",
  "class": "liquibase.changelog",
  "thread": "1",
  "message": "Creating database history table with name: PUBLIC.DATABASECHANGELOG",
  "liquibaseOperation": "updateCount",
  "liquibaseCommandName": "updateCount",
  "commandLabelFilter": "",
  "commandContextFilter": "",
  "liquibaseTargetUrl": "jdbc:h2:tcp://localhost:9090/mem:dev",
  "changelogFile": "changelog.mdc-cafe.sql"
}
{
  "timestamp": "2023-04-02T18:36:00.683Z",
  "level": "INFO",
  "class": "liquibase.executor",
  "thread": "1",
  "message": "Changelog query completed.",
  "liquibaseOperation": "updateCount",
  "liquibaseCommandName": "updateCount",
  "commandLabelFilter": "",
  "commandContextFilter": "",
  "liquibaseTargetUrl": "jdbc:h2:tcp://localhost:9090/mem:dev",
  "changelogFile": "changelog.mdc-cafe.sql",
  "databaseChangelogSQL": "CREATE TABLE PUBLIC.DATABASECHANGELOG (ID VARCHAR(255) NOT NULL, AUTHOR VARCHAR(255) NOT NULL, FILENAME VARCHAR(255) NOT NULL, DATEEXECUTED TIMESTAMP NOT NULL, ORDEREXECUTED INT NOT NULL, EXECTYPE VARCHAR(10) NOT NULL, MD5SUM VARCHAR(35), DESCRIPTION VARCHAR(255), COMMENTS VARCHAR(255), TAG VARCHAR(255), LIQUIBASE VARCHAR(20), CONTEXTS VARCHAR(255), LABELS VARCHAR(255), DEPLOYMENT_ID VARCHAR(10));",
  "databaseChangelogTableOutcome": "executed"
}
{
  "timestamp": "2023-04-02T18:36:00.686Z",
  "level": "INFO",
  "class": "liquibase.changelog",
  "thread": "1",
  "message": "Reading from PUBLIC.DATABASECHANGELOG",
  "liquibaseOperation": "updateCount",
  "liquibaseCommandName": "updateCount",
  "commandLabelFilter": "",
  "commandContextFilter": "",
  "liquibaseTargetUrl": "jdbc:h2:tcp://localhost:9090/mem:dev",
  "changelogFile": "changelog.mdc-cafe.sql"
}
{
  "timestamp": "2023-04-02T18:36:00.689Z",
  "level": "INFO",
  "class": "liquibase.executor",
  "thread": "1",
  "message": "Changelog query completed.",
  "liquibaseOperation": "updateCount",
  "liquibaseCommandName": "updateCount",
  "commandLabelFilter": "",
  "commandContextFilter": "",
  "liquibaseTargetUrl": "jdbc:h2:tcp://localhost:9090/mem:dev",
  "changelogFile": "changelog.mdc-cafe.sql",
  "databaseChangelogSQL": "SELECT * FROM PUBLIC.DATABASECHANGELOG ORDER BY DATEEXECUTED ASC, ORDEREXECUTED ASC;",
  "databaseChangelogTableOutcome": "executed"
}
{
  "timestamp": "2023-04-02T18:36:00.693Z",
  "level": "INFO",
  "class": "liquibase.executor",
  "thread": "1",
  "message": "Changelog query completed.",
  "liquibaseOperation": "updateCount",
  "liquibaseCommandName": "updateCount",
  "commandLabelFilter": "",
  "commandContextFilter": "",
  "liquibaseTargetUrl": "jdbc:h2:tcp://localhost:9090/mem:dev",
  "changelogFile": "changelog.mdc-cafe.sql",
  "databaseChangelogSQL": "SELECT COUNT(*) FROM PUBLIC.DATABASECHANGELOGLOCK;",
  "databaseChangelogTableOutcome": "executed"
}
{
  "timestamp": "2023-04-02T18:36:00.727Z",
  "level": "INFO",
  "class": "liquibase.changelog",
  "thread": "1",
  "message": "Custom SQL executed",
  "liquibaseOperation": "updateCount",
  "liquibaseCommandName": "updateCount",
  "commandLabelFilter": "",
  "commandContextFilter": "",
  "liquibaseTargetUrl": "jdbc:h2:tcp://localhost:9090/mem:dev",
  "changelogFile": "changelog.mdc-cafe.sql",
  "deploymentId": "0460560707",
  "changesetId": "create-cafe",
  "changesetAuthor": "mmc",
  "changesetFilepath": "changelog.mdc-cafe.sql",
  "changesetComment": "",
  "changesetLabel": "cafe-setup",
  "changesetContext": "one",
  "changesetOperationStart": "2023-04-02T13:36:00.718",
  "changesetSql": "create table cafe (\n\t    id int primary key,\n\t    name varchar(255) not null,\n\t    address1 varchar(255),\n\t    address2 varchar(255),\n\t    city varchar(30)\n);"
}
{
  "timestamp": "2023-04-02T18:36:00.731Z",
  "level": "INFO",
  "class": "liquibase.changelog",
  "thread": "1",
  "message": "ChangeSet changelog.mdc-cafe.sql::create-cafe::mmc ran successfully in 13ms",
  "liquibaseOperation": "updateCount",
  "liquibaseCommandName": "updateCount",
  "commandLabelFilter": "",
  "commandContextFilter": "",
  "liquibaseTargetUrl": "jdbc:h2:tcp://localhost:9090/mem:dev",
  "changelogFile": "changelog.mdc-cafe.sql",
  "deploymentId": "0460560707",
  "changesetId": "create-cafe",
  "changesetAuthor": "mmc",
  "changesetFilepath": "changelog.mdc-cafe.sql",
  "changesetComment": "",
  "changesetLabel": "cafe-setup",
  "changesetContext": "one",
  "changesetOperationStart": "2023-04-02T13:36:00.718",
  "changesetSql": "create table cafe (\n\t    id int primary key,\n\t    name varchar(255) not null,\n\t    address1 varchar(255),\n\t    address2 varchar(255),\n\t    city varchar(30)\n);",
  "changesetOperationStop": "2023-04-02T13:36:00.73",
  "changesetOutcome": "executed"
}
{
  "timestamp": "2023-04-02T18:36:00.736Z",
  "level": "INFO",
  "class": "liquibase.executor",
  "thread": "1",
  "message": "Changelog query completed.",
  "liquibaseOperation": "updateCount",
  "liquibaseCommandName": "updateCount",
  "commandLabelFilter": "",
  "commandContextFilter": "",
  "liquibaseTargetUrl": "jdbc:h2:tcp://localhost:9090/mem:dev",
  "changelogFile": "changelog.mdc-cafe.sql",
  "deploymentId": "0460560707",
  "changesetId": "create-cafe",
  "changesetAuthor": "mmc",
  "changesetFilepath": "changelog.mdc-cafe.sql",
  "changesetComment": "",
  "changesetLabel": "cafe-setup",
  "changesetContext": "one",
  "changesetOperationStart": "2023-04-02T13:36:00.718",
  "changesetSql": "create table cafe (\n\t    id int primary key,\n\t    name varchar(255) not null,\n\t    address1 varchar(255),\n\t    address2 varchar(255),\n\t    city varchar(30)\n);",
  "changesetOperationStop": "2023-04-02T13:36:00.73",
  "changesetOutcome": "executed",
  "databaseChangelogSQL": "SELECT MAX(ORDEREXECUTED) FROM PUBLIC.DATABASECHANGELOG;",
  "databaseChangelogTableOutcome": "executed"
}
{
  "timestamp": "2023-04-02T18:36:00.740Z",
  "level": "INFO",
  "class": "liquibase.executor",
  "thread": "1",
  "message": "Changelog query completed.",
  "liquibaseOperation": "updateCount",
  "liquibaseCommandName": "updateCount",
  "commandLabelFilter": "",
  "commandContextFilter": "",
  "liquibaseTargetUrl": "jdbc:h2:tcp://localhost:9090/mem:dev",
  "changelogFile": "changelog.mdc-cafe.sql",
  "deploymentId": "0460560707",
  "changesetId": "create-cafe",
  "changesetAuthor": "mmc",
  "changesetFilepath": "changelog.mdc-cafe.sql",
  "changesetComment": "",
  "changesetLabel": "cafe-setup",
  "changesetContext": "one",
  "changesetOperationStart": "2023-04-02T13:36:00.718",
  "changesetSql": "create table cafe (\n\t    id int primary key,\n\t    name varchar(255) not null,\n\t    address1 varchar(255),\n\t    address2 varchar(255),\n\t    city varchar(30)\n);",
  "changesetOperationStop": "2023-04-02T13:36:00.73",
  "changesetOutcome": "executed",
  "databaseChangelogTableOutcome": "executed"
}
{
  "timestamp": "2023-04-02T18:36:00.749Z",
  "level": "INFO",
  "class": "liquibase.changelog",
  "thread": "1",
  "message": "Custom SQL executed",
  "liquibaseOperation": "updateCount",
  "liquibaseCommandName": "updateCount",
  "commandLabelFilter": "",
  "commandContextFilter": "",
  "liquibaseTargetUrl": "jdbc:h2:tcp://localhost:9090/mem:dev",
  "changelogFile": "changelog.mdc-cafe.sql",
  "deploymentId": "0460560707",
  "changesetId": "create-stools",
  "changesetAuthor": "mmc",
  "changesetFilepath": "changelog.mdc-cafe.sql",
  "changesetComment": "get the stools started",
  "changesetLabel": "furniture",
  "changesetContext": "one",
  "changesetOperationStart": "2023-04-02T13:36:00.746",
  "changesetSql": "create table stools (\n    id int primary key,\n    name varchar(255) not null,\n    address1 varchar(255),\n    address2 varchar(255),\n    city varchar(30)\n);"
}
{
  "timestamp": "2023-04-02T18:36:00.752Z",
  "level": "INFO",
  "class": "liquibase.changelog",
  "thread": "1",
  "message": "ChangeSet changelog.mdc-cafe.sql::create-stools::mmc ran successfully in 6ms",
  "liquibaseOperation": "updateCount",
  "liquibaseCommandName": "updateCount",
  "commandLabelFilter": "",
  "commandContextFilter": "",
  "liquibaseTargetUrl": "jdbc:h2:tcp://localhost:9090/mem:dev",
  "changelogFile": "changelog.mdc-cafe.sql",
  "deploymentId": "0460560707",
  "changesetId": "create-stools",
  "changesetAuthor": "mmc",
  "changesetFilepath": "changelog.mdc-cafe.sql",
  "changesetComment": "get the stools started",
  "changesetLabel": "furniture",
  "changesetContext": "one",
  "changesetOperationStart": "2023-04-02T13:36:00.746",
  "changesetSql": "create table stools (\n    id int primary key,\n    name varchar(255) not null,\n    address1 varchar(255),\n    address2 varchar(255),\n    city varchar(30)\n);",
  "changesetOperationStop": "2023-04-02T13:36:00.751",
  "changesetOutcome": "executed"
}
{
  "timestamp": "2023-04-02T18:36:00.755Z",
  "level": "INFO",
  "class": "liquibase.executor",
  "thread": "1",
  "message": "Changelog query completed.",
  "liquibaseOperation": "updateCount",
  "liquibaseCommandName": "updateCount",
  "commandLabelFilter": "",
  "commandContextFilter": "",
  "liquibaseTargetUrl": "jdbc:h2:tcp://localhost:9090/mem:dev",
  "changelogFile": "changelog.mdc-cafe.sql",
  "deploymentId": "0460560707",
  "changesetId": "create-stools",
  "changesetAuthor": "mmc",
  "changesetFilepath": "changelog.mdc-cafe.sql",
  "changesetComment": "get the stools started",
  "changesetLabel": "furniture",
  "changesetContext": "one",
  "changesetOperationStart": "2023-04-02T13:36:00.746",
  "changesetSql": "create table stools (\n    id int primary key,\n    name varchar(255) not null,\n    address1 varchar(255),\n    address2 varchar(255),\n    city varchar(30)\n);",
  "changesetOperationStop": "2023-04-02T13:36:00.751",
  "changesetOutcome": "executed",
  "databaseChangelogTableOutcome": "executed"
}
{
  "timestamp": "2023-04-02T18:36:00.759Z",
  "level": "INFO",
  "class": "liquibase",
  "thread": "1",
  "message": "Update command completed successfully.",
  "liquibaseOperation": "updateCount",
  "liquibaseCommandName": "updateCount",
  "commandLabelFilter": "",
  "commandContextFilter": "",
  "liquibaseTargetUrl": "jdbc:h2:tcp://localhost:9090/mem:dev",
  "changelogFile": "changelog.mdc-cafe.sql",
  "deploymentId": "0460560707",
  "deploymentOutcome": "success",
  "deploymentOutcomeCount": "2"
}
{
  "timestamp": "2023-04-02T18:36:00.764Z",
  "level": "INFO",
  "class": "liquibase.executor",
  "thread": "1",
  "message": "Changelog query completed.",
  "liquibaseOperation": "updateCount",
  "liquibaseCommandName": "updateCount",
  "commandLabelFilter": "",
  "commandContextFilter": "",
  "liquibaseTargetUrl": "jdbc:h2:tcp://localhost:9090/mem:dev",
  "changelogFile": "changelog.mdc-cafe.sql",
  "deploymentId": "0460560707",
  "databaseChangelogSQL": "UPDATE PUBLIC.DATABASECHANGELOGLOCK SET LOCKED = FALSE, LOCKEDBY = NULL, LOCKGRANTED = NULL WHERE ID = 1;",
  "databaseChangelogTableOutcome": "executed"
}
{
  "timestamp": "2023-04-02T18:36:00.765Z",
  "level": "INFO",
  "class": "liquibase.lockservice",
  "thread": "1",
  "message": "Successfully released change log lock",
  "liquibaseOperation": "updateCount",
  "liquibaseCommandName": "updateCount",
  "commandLabelFilter": "",
  "commandContextFilter": "",
  "liquibaseTargetUrl": "jdbc:h2:tcp://localhost:9090/mem:dev",
  "changelogFile": "changelog.mdc-cafe.sql",
  "deploymentId": "0460560707"
}
