{
  "timestamp": "2023-04-02T18:36:02.243Z",
  "level": "INFO",
  "class": "liquibase.integration",
  "thread": "1",
  "message": "Starting command execution.",
  "liquibaseVersion": "4.20.0",
  "liquibaseSystemUser": "mariochampion",
  "liquibaseSystemName": "mmc-mbp.lan"
}
{
  "timestamp": "2023-04-02T18:36:02.360Z",
  "level": "INFO",
  "class": "liquibase.license",
  "thread": "1",
  "message": "Successfully installed license from Base64 string starting with 'ABwwGgQU6h' (property liquibaseProLicenseKey).\n",
  "liquibaseOperation": "updateCount"
}
{
  "timestamp": "2023-04-02T18:36:02.499Z",
  "level": "INFO",
  "class": "liquibase.database",
  "thread": "1",
  "message": "Set default schema name to PUBLIC",
  "liquibaseOperation": "updateCount",
  "liquibaseCommandName": "updateCount"
}
{
  "timestamp": "2023-04-02T18:36:02.592Z",
  "level": "INFO",
  "class": "liquibase.executor",
  "thread": "1",
  "message": "Changelog query completed.",
  "liquibaseOperation": "updateCount",
  "liquibaseCommandName": "updateCount",
  "commandLabelFilter": "",
  "commandContextFilter": "",
  "databaseChangelogSQL": "SELECT COUNT(*) FROM PUBLIC.DATABASECHANGELOGLOCK;",
  "databaseChangelogTableOutcome": "executed"
}
{
  "timestamp": "2023-04-02T18:36:02.598Z",
  "level": "INFO",
  "class": "liquibase.executor",
  "thread": "1",
  "message": "Changelog query completed.",
  "liquibaseOperation": "updateCount",
  "liquibaseCommandName": "updateCount",
  "commandLabelFilter": "",
  "commandContextFilter": "",
  "databaseChangelogSQL": "SELECT LOCKED FROM PUBLIC.DATABASECHANGELOGLOCK WHERE ID=1;",
  "databaseChangelogTableOutcome": "executed"
}
{
  "timestamp": "2023-04-02T18:36:02.617Z",
  "level": "INFO",
  "class": "liquibase.executor",
  "thread": "1",
  "message": "Changelog query completed.",
  "liquibaseOperation": "updateCount",
  "liquibaseCommandName": "updateCount",
  "commandLabelFilter": "",
  "commandContextFilter": "",
  "databaseChangelogSQL": "UPDATE PUBLIC.DATABASECHANGELOGLOCK SET LOCKED = TRUE, LOCKEDBY = 'mmc-mbp.lan (192.168.86.30)', LOCKGRANTED = NOW() WHERE ID = 1 AND LOCKED = FALSE;",
  "databaseChangelogTableOutcome": "executed"
}
{
  "timestamp": "2023-04-02T18:36:02.619Z",
  "level": "INFO",
  "class": "liquibase.lockservice",
  "thread": "1",
  "message": "Successfully acquired change log lock",
  "liquibaseOperation": "updateCount",
  "liquibaseCommandName": "updateCount",
  "commandLabelFilter": "",
  "commandContextFilter": ""
}
{
  "timestamp": "2023-04-02T18:36:02.676Z",
  "level": "INFO",
  "class": "liquibase.executor",
  "thread": "1",
  "message": "Changelog query completed.",
  "liquibaseOperation": "updateCount",
  "liquibaseCommandName": "updateCount",
  "commandLabelFilter": "",
  "commandContextFilter": "",
  "liquibaseTargetUrl": "jdbc:h2:tcp://localhost:9090/mem:dev",
  "changelogFile": "changelog.mdc-somename.sql",
  "databaseChangelogSQL": "SELECT MD5SUM FROM PUBLIC.DATABASECHANGELOG WHERE MD5SUM IS NOT NULL;",
  "databaseChangelogTableOutcome": "executed"
}
{
  "timestamp": "2023-04-02T18:36:02.679Z",
  "level": "INFO",
  "class": "liquibase.changelog",
  "thread": "1",
  "message": "Reading from PUBLIC.DATABASECHANGELOG",
  "liquibaseOperation": "updateCount",
  "liquibaseCommandName": "updateCount",
  "commandLabelFilter": "",
  "commandContextFilter": "",
  "liquibaseTargetUrl": "jdbc:h2:tcp://localhost:9090/mem:dev",
  "changelogFile": "changelog.mdc-somename.sql"
}
{
  "timestamp": "2023-04-02T18:36:02.683Z",
  "level": "INFO",
  "class": "liquibase.executor",
  "thread": "1",
  "message": "Changelog query completed.",
  "liquibaseOperation": "updateCount",
  "liquibaseCommandName": "updateCount",
  "commandLabelFilter": "",
  "commandContextFilter": "",
  "liquibaseTargetUrl": "jdbc:h2:tcp://localhost:9090/mem:dev",
  "changelogFile": "changelog.mdc-somename.sql",
  "databaseChangelogSQL": "SELECT * FROM PUBLIC.DATABASECHANGELOG ORDER BY DATEEXECUTED ASC, ORDEREXECUTED ASC;",
  "databaseChangelogTableOutcome": "executed"
}
{
  "timestamp": "2023-04-02T18:36:02.687Z",
  "level": "INFO",
  "class": "liquibase.executor",
  "thread": "1",
  "message": "Changelog query completed.",
  "liquibaseOperation": "updateCount",
  "liquibaseCommandName": "updateCount",
  "commandLabelFilter": "",
  "commandContextFilter": "",
  "liquibaseTargetUrl": "jdbc:h2:tcp://localhost:9090/mem:dev",
  "changelogFile": "changelog.mdc-somename.sql",
  "databaseChangelogSQL": "SELECT COUNT(*) FROM PUBLIC.DATABASECHANGELOGLOCK;",
  "databaseChangelogTableOutcome": "executed"
}
{
  "timestamp": "2023-04-02T18:36:02.741Z",
  "level": "INFO",
  "class": "liquibase.changelog",
  "thread": "1",
  "message": "Custom SQL executed",
  "liquibaseOperation": "updateCount",
  "liquibaseCommandName": "updateCount",
  "commandLabelFilter": "",
  "commandContextFilter": "",
  "liquibaseTargetUrl": "jdbc:h2:tcp://localhost:9090/mem:dev",
  "changelogFile": "changelog.mdc-somename.sql",
  "deploymentId": "0460562702",
  "changesetId": "mdc-poc-01somename",
  "changesetAuthor": "mmc-somename",
  "changesetFilepath": "changelog.mdc-somename.sql",
  "changesetComment": "example comment",
  "changesetLabel": "example-label",
  "changesetContext": "example-context",
  "changesetOperationStart": "2023-04-02T13:36:02.712",
  "changesetSql": "create table someperson (\n    id int primary key auto_increment not null,\n    name varchar(50) not null,\n    address1 varchar(50),\n    address2 varchar(50),\n    city varchar(30)\n);"
}
{
  "timestamp": "2023-04-02T18:36:02.745Z",
  "level": "INFO",
  "class": "liquibase.changelog",
  "thread": "1",
  "message": "ChangeSet changelog.mdc-somename.sql::mdc-poc-01somename::mmc-somename ran successfully in 33ms",
  "liquibaseOperation": "updateCount",
  "liquibaseCommandName": "updateCount",
  "commandLabelFilter": "",
  "commandContextFilter": "",
  "liquibaseTargetUrl": "jdbc:h2:tcp://localhost:9090/mem:dev",
  "changelogFile": "changelog.mdc-somename.sql",
  "deploymentId": "0460562702",
  "changesetId": "mdc-poc-01somename",
  "changesetAuthor": "mmc-somename",
  "changesetFilepath": "changelog.mdc-somename.sql",
  "changesetComment": "example comment",
  "changesetLabel": "example-label",
  "changesetContext": "example-context",
  "changesetOperationStart": "2023-04-02T13:36:02.712",
  "changesetSql": "create table someperson (\n    id int primary key auto_increment not null,\n    name varchar(50) not null,\n    address1 varchar(50),\n    address2 varchar(50),\n    city varchar(30)\n);",
  "changesetOperationStop": "2023-04-02T13:36:02.744",
  "changesetOutcome": "executed"
}
{
  "timestamp": "2023-04-02T18:36:02.751Z",
  "level": "INFO",
  "class": "liquibase.executor",
  "thread": "1",
  "message": "Changelog query completed.",
  "liquibaseOperation": "updateCount",
  "liquibaseCommandName": "updateCount",
  "commandLabelFilter": "",
  "commandContextFilter": "",
  "liquibaseTargetUrl": "jdbc:h2:tcp://localhost:9090/mem:dev",
  "changelogFile": "changelog.mdc-somename.sql",
  "deploymentId": "0460562702",
  "changesetId": "mdc-poc-01somename",
  "changesetAuthor": "mmc-somename",
  "changesetFilepath": "changelog.mdc-somename.sql",
  "changesetComment": "example comment",
  "changesetLabel": "example-label",
  "changesetContext": "example-context",
  "changesetOperationStart": "2023-04-02T13:36:02.712",
  "changesetSql": "create table someperson (\n    id int primary key auto_increment not null,\n    name varchar(50) not null,\n    address1 varchar(50),\n    address2 varchar(50),\n    city varchar(30)\n);",
  "changesetOperationStop": "2023-04-02T13:36:02.744",
  "changesetOutcome": "executed",
  "databaseChangelogSQL": "SELECT MAX(ORDEREXECUTED) FROM PUBLIC.DATABASECHANGELOG;",
  "databaseChangelogTableOutcome": "executed"
}
{
  "timestamp": "2023-04-02T18:36:02.756Z",
  "level": "INFO",
  "class": "liquibase.executor",
  "thread": "1",
  "message": "Changelog query completed.",
  "liquibaseOperation": "updateCount",
  "liquibaseCommandName": "updateCount",
  "commandLabelFilter": "",
  "commandContextFilter": "",
  "liquibaseTargetUrl": "jdbc:h2:tcp://localhost:9090/mem:dev",
  "changelogFile": "changelog.mdc-somename.sql",
  "deploymentId": "0460562702",
  "changesetId": "mdc-poc-01somename",
  "changesetAuthor": "mmc-somename",
  "changesetFilepath": "changelog.mdc-somename.sql",
  "changesetComment": "example comment",
  "changesetLabel": "example-label",
  "changesetContext": "example-context",
  "changesetOperationStart": "2023-04-02T13:36:02.712",
  "changesetSql": "create table someperson (\n    id int primary key auto_increment not null,\n    name varchar(50) not null,\n    address1 varchar(50),\n    address2 varchar(50),\n    city varchar(30)\n);",
  "changesetOperationStop": "2023-04-02T13:36:02.744",
  "changesetOutcome": "executed",
  "databaseChangelogTableOutcome": "executed"
}
{
  "timestamp": "2023-04-02T18:36:02.765Z",
  "level": "INFO",
  "class": "liquibase.changelog",
  "thread": "1",
  "message": "Custom SQL executed",
  "liquibaseOperation": "updateCount",
  "liquibaseCommandName": "updateCount",
  "commandLabelFilter": "",
  "commandContextFilter": "",
  "liquibaseTargetUrl": "jdbc:h2:tcp://localhost:9090/mem:dev",
  "changelogFile": "changelog.mdc-somename.sql",
  "deploymentId": "0460562702",
  "changesetId": "mdc-poc-02somename",
  "changesetAuthor": "mmc-somename",
  "changesetFilepath": "changelog.mdc-somename.sql",
  "changesetComment": "example comment",
  "changesetLabel": "example-label",
  "changesetContext": "example-context",
  "changesetOperationStart": "2023-04-02T13:36:02.762",
  "changesetSql": "create table somecompany (\n    id int primary key auto_increment not null,\n    name varchar(50) not null,\n    address1 varchar(50),\n    address2 varchar(50),\n    city varchar(30)\n);"
}
{
  "timestamp": "2023-04-02T18:36:02.768Z",
  "level": "INFO",
  "class": "liquibase.changelog",
  "thread": "1",
  "message": "ChangeSet changelog.mdc-somename.sql::mdc-poc-02somename::mmc-somename ran successfully in 5ms",
  "liquibaseOperation": "updateCount",
  "liquibaseCommandName": "updateCount",
  "commandLabelFilter": "",
  "commandContextFilter": "",
  "liquibaseTargetUrl": "jdbc:h2:tcp://localhost:9090/mem:dev",
  "changelogFile": "changelog.mdc-somename.sql",
  "deploymentId": "0460562702",
  "changesetId": "mdc-poc-02somename",
  "changesetAuthor": "mmc-somename",
  "changesetFilepath": "changelog.mdc-somename.sql",
  "changesetComment": "example comment",
  "changesetLabel": "example-label",
  "changesetContext": "example-context",
  "changesetOperationStart": "2023-04-02T13:36:02.762",
  "changesetSql": "create table somecompany (\n    id int primary key auto_increment not null,\n    name varchar(50) not null,\n    address1 varchar(50),\n    address2 varchar(50),\n    city varchar(30)\n);",
  "changesetOperationStop": "2023-04-02T13:36:02.767",
  "changesetOutcome": "executed"
}
{
  "timestamp": "2023-04-02T18:36:02.771Z",
  "level": "INFO",
  "class": "liquibase.executor",
  "thread": "1",
  "message": "Changelog query completed.",
  "liquibaseOperation": "updateCount",
  "liquibaseCommandName": "updateCount",
  "commandLabelFilter": "",
  "commandContextFilter": "",
  "liquibaseTargetUrl": "jdbc:h2:tcp://localhost:9090/mem:dev",
  "changelogFile": "changelog.mdc-somename.sql",
  "deploymentId": "0460562702",
  "changesetId": "mdc-poc-02somename",
  "changesetAuthor": "mmc-somename",
  "changesetFilepath": "changelog.mdc-somename.sql",
  "changesetComment": "example comment",
  "changesetLabel": "example-label",
  "changesetContext": "example-context",
  "changesetOperationStart": "2023-04-02T13:36:02.762",
  "changesetSql": "create table somecompany (\n    id int primary key auto_increment not null,\n    name varchar(50) not null,\n    address1 varchar(50),\n    address2 varchar(50),\n    city varchar(30)\n);",
  "changesetOperationStop": "2023-04-02T13:36:02.767",
  "changesetOutcome": "executed",
  "databaseChangelogTableOutcome": "executed"
}
{
  "timestamp": "2023-04-02T18:36:02.775Z",
  "level": "INFO",
  "class": "liquibase",
  "thread": "1",
  "message": "Update command completed successfully.",
  "liquibaseOperation": "updateCount",
  "liquibaseCommandName": "updateCount",
  "commandLabelFilter": "",
  "commandContextFilter": "",
  "liquibaseTargetUrl": "jdbc:h2:tcp://localhost:9090/mem:dev",
  "changelogFile": "changelog.mdc-somename.sql",
  "deploymentId": "0460562702",
  "deploymentOutcome": "success",
  "deploymentOutcomeCount": "2"
}
{
  "timestamp": "2023-04-02T18:36:02.779Z",
  "level": "INFO",
  "class": "liquibase.executor",
  "thread": "1",
  "message": "Changelog query completed.",
  "liquibaseOperation": "updateCount",
  "liquibaseCommandName": "updateCount",
  "commandLabelFilter": "",
  "commandContextFilter": "",
  "liquibaseTargetUrl": "jdbc:h2:tcp://localhost:9090/mem:dev",
  "changelogFile": "changelog.mdc-somename.sql",
  "deploymentId": "0460562702",
  "databaseChangelogSQL": "UPDATE PUBLIC.DATABASECHANGELOGLOCK SET LOCKED = FALSE, LOCKEDBY = NULL, LOCKGRANTED = NULL WHERE ID = 1;",
  "databaseChangelogTableOutcome": "executed"
}
{
  "timestamp": "2023-04-02T18:36:02.780Z",
  "level": "INFO",
  "class": "liquibase.lockservice",
  "thread": "1",
  "message": "Successfully released change log lock",
  "liquibaseOperation": "updateCount",
  "liquibaseCommandName": "updateCount",
  "commandLabelFilter": "",
  "commandContextFilter": "",
  "liquibaseTargetUrl": "jdbc:h2:tcp://localhost:9090/mem:dev",
  "changelogFile": "changelog.mdc-somename.sql",
  "deploymentId": "0460562702"
}
