{
  "timestamp": "2023-04-02T18:36:06.128Z",
  "level": "INFO",
  "class": "liquibase.integration",
  "thread": "1",
  "message": "Starting command execution.",
  "liquibaseVersion": "4.20.0",
  "liquibaseSystemUser": "mariochampion",
  "liquibaseSystemName": "mmc-mbp.lan"
}
{
  "timestamp": "2023-04-02T18:36:06.248Z",
  "level": "INFO",
  "class": "liquibase.license",
  "thread": "1",
  "message": "Successfully installed license from Base64 string starting with 'ABwwGgQU6h' (property liquibaseProLicenseKey).\n",
  "liquibaseOperation": "updateCount"
}
{
  "timestamp": "2023-04-02T18:36:06.390Z",
  "level": "INFO",
  "class": "liquibase.database",
  "thread": "1",
  "message": "Set default schema name to PUBLIC",
  "liquibaseOperation": "updateCount",
  "liquibaseCommandName": "updateCount"
}
{
  "timestamp": "2023-04-02T18:36:06.484Z",
  "level": "INFO",
  "class": "liquibase.executor",
  "thread": "1",
  "message": "Changelog query completed.",
  "liquibaseOperation": "updateCount",
  "liquibaseCommandName": "updateCount",
  "commandLabelFilter": "",
  "commandContextFilter": "",
  "databaseChangelogSQL": "SELECT COUNT(*) FROM PUBLIC.DATABASECHANGELOGLOCK;",
  "databaseChangelogTableOutcome": "executed"
}
{
  "timestamp": "2023-04-02T18:36:06.490Z",
  "level": "INFO",
  "class": "liquibase.executor",
  "thread": "1",
  "message": "Changelog query completed.",
  "liquibaseOperation": "updateCount",
  "liquibaseCommandName": "updateCount",
  "commandLabelFilter": "",
  "commandContextFilter": "",
  "databaseChangelogSQL": "SELECT LOCKED FROM PUBLIC.DATABASECHANGELOGLOCK WHERE ID=1;",
  "databaseChangelogTableOutcome": "executed"
}
{
  "timestamp": "2023-04-02T18:36:06.509Z",
  "level": "INFO",
  "class": "liquibase.executor",
  "thread": "1",
  "message": "Changelog query completed.",
  "liquibaseOperation": "updateCount",
  "liquibaseCommandName": "updateCount",
  "commandLabelFilter": "",
  "commandContextFilter": "",
  "databaseChangelogSQL": "UPDATE PUBLIC.DATABASECHANGELOGLOCK SET LOCKED = TRUE, LOCKEDBY = 'mmc-mbp.lan (192.168.86.30)', LOCKGRANTED = NOW() WHERE ID = 1 AND LOCKED = FALSE;",
  "databaseChangelogTableOutcome": "executed"
}
{
  "timestamp": "2023-04-02T18:36:06.511Z",
  "level": "INFO",
  "class": "liquibase.lockservice",
  "thread": "1",
  "message": "Successfully acquired change log lock",
  "liquibaseOperation": "updateCount",
  "liquibaseCommandName": "updateCount",
  "commandLabelFilter": "",
  "commandContextFilter": ""
}
{
  "timestamp": "2023-04-02T18:36:06.706Z",
  "level": "INFO",
  "class": "liquibase.executor",
  "thread": "1",
  "message": "Changelog query completed.",
  "liquibaseOperation": "updateCount",
  "liquibaseCommandName": "updateCount",
  "commandLabelFilter": "",
  "commandContextFilter": "",
  "liquibaseTargetUrl": "jdbc:h2:tcp://localhost:9090/mem:dev",
  "changelogFile": "changelog.mdc-04-errors.xml",
  "databaseChangelogSQL": "SELECT MD5SUM FROM PUBLIC.DATABASECHANGELOG WHERE MD5SUM IS NOT NULL;",
  "databaseChangelogTableOutcome": "executed"
}
{
  "timestamp": "2023-04-02T18:36:06.708Z",
  "level": "INFO",
  "class": "liquibase.changelog",
  "thread": "1",
  "message": "Reading from PUBLIC.DATABASECHANGELOG",
  "liquibaseOperation": "updateCount",
  "liquibaseCommandName": "updateCount",
  "commandLabelFilter": "",
  "commandContextFilter": "",
  "liquibaseTargetUrl": "jdbc:h2:tcp://localhost:9090/mem:dev",
  "changelogFile": "changelog.mdc-04-errors.xml"
}
{
  "timestamp": "2023-04-02T18:36:06.712Z",
  "level": "INFO",
  "class": "liquibase.executor",
  "thread": "1",
  "message": "Changelog query completed.",
  "liquibaseOperation": "updateCount",
  "liquibaseCommandName": "updateCount",
  "commandLabelFilter": "",
  "commandContextFilter": "",
  "liquibaseTargetUrl": "jdbc:h2:tcp://localhost:9090/mem:dev",
  "changelogFile": "changelog.mdc-04-errors.xml",
  "databaseChangelogSQL": "SELECT * FROM PUBLIC.DATABASECHANGELOG ORDER BY DATEEXECUTED ASC, ORDEREXECUTED ASC;",
  "databaseChangelogTableOutcome": "executed"
}
{
  "timestamp": "2023-04-02T18:36:06.717Z",
  "level": "INFO",
  "class": "liquibase.executor",
  "thread": "1",
  "message": "Changelog query completed.",
  "liquibaseOperation": "updateCount",
  "liquibaseCommandName": "updateCount",
  "commandLabelFilter": "",
  "commandContextFilter": "",
  "liquibaseTargetUrl": "jdbc:h2:tcp://localhost:9090/mem:dev",
  "changelogFile": "changelog.mdc-04-errors.xml",
  "databaseChangelogSQL": "SELECT COUNT(*) FROM PUBLIC.DATABASECHANGELOGLOCK;",
  "databaseChangelogTableOutcome": "executed"
}
{
  "timestamp": "2023-04-02T18:36:06.792Z",
  "level": "INFO",
  "class": "liquibase.changelog",
  "thread": "1",
  "message": "Table person04 created",
  "liquibaseOperation": "updateCount",
  "liquibaseCommandName": "updateCount",
  "commandLabelFilter": "",
  "commandContextFilter": "",
  "liquibaseTargetUrl": "jdbc:h2:tcp://localhost:9090/mem:dev",
  "changelogFile": "changelog.mdc-04-errors.xml",
  "deploymentId": "0460566765",
  "changesetId": "mdc-xml-01",
  "changesetAuthor": "mmc-xml",
  "changesetFilepath": "changelog.mdc-04-errors.xml",
  "changesetComment": "example-comment",
  "changesetLabel": "simple",
  "changesetContext": "example-context",
  "changesetOperationStart": "2023-04-02T13:36:06.784",
  "changesetSql": "CREATE TABLE PUBLIC.person04 (id INT GENERATED BY DEFAULT AS IDENTITY NOT NULL, name VARCHAR(50) NOT NULL, address1 VARCHAR(50), address2 VARCHAR(50), city VARCHAR(30), CONSTRAINT PK_PERSON04 PRIMARY KEY (id));"
}
{
  "timestamp": "2023-04-02T18:36:06.794Z",
  "level": "INFO",
  "class": "liquibase.changelog",
  "thread": "1",
  "message": "ChangeSet changelog.mdc-04-errors.xml::mdc-xml-01::mmc-xml ran successfully in 10ms",
  "liquibaseOperation": "updateCount",
  "liquibaseCommandName": "updateCount",
  "commandLabelFilter": "",
  "commandContextFilter": "",
  "liquibaseTargetUrl": "jdbc:h2:tcp://localhost:9090/mem:dev",
  "changelogFile": "changelog.mdc-04-errors.xml",
  "deploymentId": "0460566765",
  "changesetId": "mdc-xml-01",
  "changesetAuthor": "mmc-xml",
  "changesetFilepath": "changelog.mdc-04-errors.xml",
  "changesetComment": "example-comment",
  "changesetLabel": "simple",
  "changesetContext": "example-context",
  "changesetOperationStart": "2023-04-02T13:36:06.784",
  "changesetSql": "CREATE TABLE PUBLIC.person04 (id INT GENERATED BY DEFAULT AS IDENTITY NOT NULL, name VARCHAR(50) NOT NULL, address1 VARCHAR(50), address2 VARCHAR(50), city VARCHAR(30), CONSTRAINT PK_PERSON04 PRIMARY KEY (id));",
  "changesetOperationStop": "2023-04-02T13:36:06.794",
  "changesetOutcome": "executed"
}
{
  "timestamp": "2023-04-02T18:36:06.799Z",
  "level": "INFO",
  "class": "liquibase.executor",
  "thread": "1",
  "message": "Changelog query completed.",
  "liquibaseOperation": "updateCount",
  "liquibaseCommandName": "updateCount",
  "commandLabelFilter": "",
  "commandContextFilter": "",
  "liquibaseTargetUrl": "jdbc:h2:tcp://localhost:9090/mem:dev",
  "changelogFile": "changelog.mdc-04-errors.xml",
  "deploymentId": "0460566765",
  "changesetId": "mdc-xml-01",
  "changesetAuthor": "mmc-xml",
  "changesetFilepath": "changelog.mdc-04-errors.xml",
  "changesetComment": "example-comment",
  "changesetLabel": "simple",
  "changesetContext": "example-context",
  "changesetOperationStart": "2023-04-02T13:36:06.784",
  "changesetSql": "CREATE TABLE PUBLIC.person04 (id INT GENERATED BY DEFAULT AS IDENTITY NOT NULL, name VARCHAR(50) NOT NULL, address1 VARCHAR(50), address2 VARCHAR(50), city VARCHAR(30), CONSTRAINT PK_PERSON04 PRIMARY KEY (id));",
  "changesetOperationStop": "2023-04-02T13:36:06.794",
  "changesetOutcome": "executed",
  "databaseChangelogSQL": "SELECT MAX(ORDEREXECUTED) FROM PUBLIC.DATABASECHANGELOG;",
  "databaseChangelogTableOutcome": "executed"
}
{
  "timestamp": "2023-04-02T18:36:06.803Z",
  "level": "INFO",
  "class": "liquibase.executor",
  "thread": "1",
  "message": "Changelog query completed.",
  "liquibaseOperation": "updateCount",
  "liquibaseCommandName": "updateCount",
  "commandLabelFilter": "",
  "commandContextFilter": "",
  "liquibaseTargetUrl": "jdbc:h2:tcp://localhost:9090/mem:dev",
  "changelogFile": "changelog.mdc-04-errors.xml",
  "deploymentId": "0460566765",
  "changesetId": "mdc-xml-01",
  "changesetAuthor": "mmc-xml",
  "changesetFilepath": "changelog.mdc-04-errors.xml",
  "changesetComment": "example-comment",
  "changesetLabel": "simple",
  "changesetContext": "example-context",
  "changesetOperationStart": "2023-04-02T13:36:06.784",
  "changesetSql": "CREATE TABLE PUBLIC.person04 (id INT GENERATED BY DEFAULT AS IDENTITY NOT NULL, name VARCHAR(50) NOT NULL, address1 VARCHAR(50), address2 VARCHAR(50), city VARCHAR(30), CONSTRAINT PK_PERSON04 PRIMARY KEY (id));",
  "changesetOperationStop": "2023-04-02T13:36:06.794",
  "changesetOutcome": "executed",
  "databaseChangelogTableOutcome": "executed"
}
{
  "timestamp": "2023-04-02T18:36:06.811Z",
  "level": "INFO",
  "class": "liquibase.changelog",
  "thread": "1",
  "message": "Tag 'r01' applied to database",
  "liquibaseOperation": "updateCount",
  "liquibaseCommandName": "updateCount",
  "commandLabelFilter": "",
  "commandContextFilter": "",
  "liquibaseTargetUrl": "jdbc:h2:tcp://localhost:9090/mem:dev",
  "changelogFile": "changelog.mdc-04-errors.xml",
  "deploymentId": "0460566765",
  "changesetId": "tagDatabase-example",
  "changesetAuthor": "liquibase-docs",
  "changesetFilepath": "changelog.mdc-04-errors.xml",
  "changesetComment": "",
  "changesetLabel": "",
  "changesetContext": "",
  "changesetOperationStart": "2023-04-02T13:36:06.81",
  "changesetSql": ""
}
{
  "timestamp": "2023-04-02T18:36:06.813Z",
  "level": "INFO",
  "class": "liquibase.changelog",
  "thread": "1",
  "message": "ChangeSet changelog.mdc-04-errors.xml::tagDatabase-example::liquibase-docs ran successfully in 3ms",
  "liquibaseOperation": "updateCount",
  "liquibaseCommandName": "updateCount",
  "commandLabelFilter": "",
  "commandContextFilter": "",
  "liquibaseTargetUrl": "jdbc:h2:tcp://localhost:9090/mem:dev",
  "changelogFile": "changelog.mdc-04-errors.xml",
  "deploymentId": "0460566765",
  "changesetId": "tagDatabase-example",
  "changesetAuthor": "liquibase-docs",
  "changesetFilepath": "changelog.mdc-04-errors.xml",
  "changesetComment": "",
  "changesetLabel": "",
  "changesetContext": "",
  "changesetOperationStart": "2023-04-02T13:36:06.81",
  "changesetSql": "",
  "changesetOperationStop": "2023-04-02T13:36:06.812",
  "changesetOutcome": "executed"
}
{
  "timestamp": "2023-04-02T18:36:06.815Z",
  "level": "INFO",
  "class": "liquibase.executor",
  "thread": "1",
  "message": "Changelog query completed.",
  "liquibaseOperation": "updateCount",
  "liquibaseCommandName": "updateCount",
  "commandLabelFilter": "",
  "commandContextFilter": "",
  "liquibaseTargetUrl": "jdbc:h2:tcp://localhost:9090/mem:dev",
  "changelogFile": "changelog.mdc-04-errors.xml",
  "deploymentId": "0460566765",
  "changesetId": "tagDatabase-example",
  "changesetAuthor": "liquibase-docs",
  "changesetFilepath": "changelog.mdc-04-errors.xml",
  "changesetComment": "",
  "changesetLabel": "",
  "changesetContext": "",
  "changesetOperationStart": "2023-04-02T13:36:06.81",
  "changesetSql": "",
  "changesetOperationStop": "2023-04-02T13:36:06.812",
  "changesetOutcome": "executed",
  "databaseChangelogTableOutcome": "executed"
}
{
  "timestamp": "2023-04-02T18:36:06.819Z",
  "level": "INFO",
  "class": "liquibase",
  "thread": "1",
  "message": "Update command completed successfully.",
  "liquibaseOperation": "updateCount",
  "liquibaseCommandName": "updateCount",
  "commandLabelFilter": "",
  "commandContextFilter": "",
  "liquibaseTargetUrl": "jdbc:h2:tcp://localhost:9090/mem:dev",
  "changelogFile": "changelog.mdc-04-errors.xml",
  "deploymentId": "0460566765",
  "deploymentOutcome": "success",
  "deploymentOutcomeCount": "2"
}
{
  "timestamp": "2023-04-02T18:36:06.823Z",
  "level": "INFO",
  "class": "liquibase.executor",
  "thread": "1",
  "message": "Changelog query completed.",
  "liquibaseOperation": "updateCount",
  "liquibaseCommandName": "updateCount",
  "commandLabelFilter": "",
  "commandContextFilter": "",
  "liquibaseTargetUrl": "jdbc:h2:tcp://localhost:9090/mem:dev",
  "changelogFile": "changelog.mdc-04-errors.xml",
  "deploymentId": "0460566765",
  "databaseChangelogSQL": "UPDATE PUBLIC.DATABASECHANGELOGLOCK SET LOCKED = FALSE, LOCKEDBY = NULL, LOCKGRANTED = NULL WHERE ID = 1;",
  "databaseChangelogTableOutcome": "executed"
}
{
  "timestamp": "2023-04-02T18:36:06.825Z",
  "level": "INFO",
  "class": "liquibase.lockservice",
  "thread": "1",
  "message": "Successfully released change log lock",
  "liquibaseOperation": "updateCount",
  "liquibaseCommandName": "updateCount",
  "commandLabelFilter": "",
  "commandContextFilter": "",
  "liquibaseTargetUrl": "jdbc:h2:tcp://localhost:9090/mem:dev",
  "changelogFile": "changelog.mdc-04-errors.xml",
  "deploymentId": "0460566765"
}
