{
  "timestamp": "2023-04-02T18:36:10.446Z",
  "level": "INFO",
  "class": "liquibase.integration",
  "thread": "1",
  "message": "Starting command execution.",
  "liquibaseVersion": "4.20.0",
  "liquibaseSystemUser": "mariochampion",
  "liquibaseSystemName": "mmc-mbp.lan"
}
{
  "timestamp": "2023-04-02T18:36:10.567Z",
  "level": "INFO",
  "class": "liquibase.license",
  "thread": "1",
  "message": "Successfully installed license from Base64 string starting with 'ABwwGgQU6h' (property liquibaseProLicenseKey).\n",
  "liquibaseOperation": "updateToTag"
}
{
  "timestamp": "2023-04-02T18:36:10.706Z",
  "level": "INFO",
  "class": "liquibase.database",
  "thread": "1",
  "message": "Set default schema name to PUBLIC",
  "liquibaseOperation": "updateToTag",
  "liquibaseCommandName": "updateToTag"
}
{
  "timestamp": "2023-04-02T18:36:10.818Z",
  "level": "INFO",
  "class": "liquibase.executor",
  "thread": "1",
  "message": "Changelog query completed.",
  "liquibaseOperation": "updateToTag",
  "liquibaseCommandName": "updateToTag",
  "commandLabelFilter": "",
  "commandContextFilter": "",
  "databaseChangelogSQL": "CREATE TABLE PUBLIC.DATABASECHANGELOGLOCK (ID INT NOT NULL, LOCKED BOOLEAN NOT NULL, LOCKGRANTED TIMESTAMP, LOCKEDBY VARCHAR(255), CONSTRAINT PK_DATABASECHANGELOGLOCK PRIMARY KEY (ID));",
  "databaseChangelogTableOutcome": "executed"
}
{
  "timestamp": "2023-04-02T18:36:10.823Z",
  "level": "INFO",
  "class": "liquibase.executor",
  "thread": "1",
  "message": "Changelog query completed.",
  "liquibaseOperation": "updateToTag",
  "liquibaseCommandName": "updateToTag",
  "commandLabelFilter": "",
  "commandContextFilter": "",
  "databaseChangelogSQL": "SELECT COUNT(*) FROM PUBLIC.DATABASECHANGELOGLOCK;",
  "databaseChangelogTableOutcome": "executed"
}
{
  "timestamp": "2023-04-02T18:36:10.829Z",
  "level": "INFO",
  "class": "liquibase.executor",
  "thread": "1",
  "message": "Changelog query completed.",
  "liquibaseOperation": "updateToTag",
  "liquibaseCommandName": "updateToTag",
  "commandLabelFilter": "",
  "commandContextFilter": "",
  "databaseChangelogSQL": "DELETE FROM PUBLIC.DATABASECHANGELOGLOCK;\nINSERT INTO PUBLIC.DATABASECHANGELOGLOCK (ID, LOCKED) VALUES (1, FALSE);",
  "databaseChangelogTableOutcome": "executed"
}
{
  "timestamp": "2023-04-02T18:36:10.836Z",
  "level": "INFO",
  "class": "liquibase.executor",
  "thread": "1",
  "message": "Changelog query completed.",
  "liquibaseOperation": "updateToTag",
  "liquibaseCommandName": "updateToTag",
  "commandLabelFilter": "",
  "commandContextFilter": "",
  "databaseChangelogSQL": "SELECT LOCKED FROM PUBLIC.DATABASECHANGELOGLOCK WHERE ID=1;",
  "databaseChangelogTableOutcome": "executed"
}
{
  "timestamp": "2023-04-02T18:36:10.842Z",
  "level": "INFO",
  "class": "liquibase.executor",
  "thread": "1",
  "message": "Changelog query completed.",
  "liquibaseOperation": "updateToTag",
  "liquibaseCommandName": "updateToTag",
  "commandLabelFilter": "",
  "commandContextFilter": "",
  "databaseChangelogSQL": "UPDATE PUBLIC.DATABASECHANGELOGLOCK SET LOCKED = TRUE, LOCKEDBY = 'mmc-mbp.lan (192.168.86.30)', LOCKGRANTED = NOW() WHERE ID = 1 AND LOCKED = FALSE;",
  "databaseChangelogTableOutcome": "executed"
}
{
  "timestamp": "2023-04-02T18:36:10.843Z",
  "level": "INFO",
  "class": "liquibase.lockservice",
  "thread": "1",
  "message": "Successfully acquired change log lock",
  "liquibaseOperation": "updateToTag",
  "liquibaseCommandName": "updateToTag",
  "commandLabelFilter": "",
  "commandContextFilter": ""
}
{
  "timestamp": "2023-04-02T18:36:10.884Z",
  "level": "INFO",
  "class": "liquibase.changelog",
  "thread": "1",
  "message": "Creating database history table with name: PUBLIC.DATABASECHANGELOG",
  "liquibaseOperation": "updateToTag",
  "liquibaseCommandName": "updateToTag",
  "commandLabelFilter": "",
  "commandContextFilter": "",
  "liquibaseTargetUrl": "jdbc:h2:tcp://localhost:9090/mem:dev",
  "changelogFile": "changelog.mdc-cafe.sql"
}
{
  "timestamp": "2023-04-02T18:36:10.890Z",
  "level": "INFO",
  "class": "liquibase.executor",
  "thread": "1",
  "message": "Changelog query completed.",
  "liquibaseOperation": "updateToTag",
  "liquibaseCommandName": "updateToTag",
  "commandLabelFilter": "",
  "commandContextFilter": "",
  "liquibaseTargetUrl": "jdbc:h2:tcp://localhost:9090/mem:dev",
  "changelogFile": "changelog.mdc-cafe.sql",
  "databaseChangelogSQL": "CREATE TABLE PUBLIC.DATABASECHANGELOG (ID VARCHAR(255) NOT NULL, AUTHOR VARCHAR(255) NOT NULL, FILENAME VARCHAR(255) NOT NULL, DATEEXECUTED TIMESTAMP NOT NULL, ORDEREXECUTED INT NOT NULL, EXECTYPE VARCHAR(10) NOT NULL, MD5SUM VARCHAR(35), DESCRIPTION VARCHAR(255), COMMENTS VARCHAR(255), TAG VARCHAR(255), LIQUIBASE VARCHAR(20), CONTEXTS VARCHAR(255), LABELS VARCHAR(255), DEPLOYMENT_ID VARCHAR(10));",
  "databaseChangelogTableOutcome": "executed"
}
{
  "timestamp": "2023-04-02T18:36:10.893Z",
  "level": "INFO",
  "class": "liquibase.changelog",
  "thread": "1",
  "message": "Reading from PUBLIC.DATABASECHANGELOG",
  "liquibaseOperation": "updateToTag",
  "liquibaseCommandName": "updateToTag",
  "commandLabelFilter": "",
  "commandContextFilter": "",
  "liquibaseTargetUrl": "jdbc:h2:tcp://localhost:9090/mem:dev",
  "changelogFile": "changelog.mdc-cafe.sql"
}
{
  "timestamp": "2023-04-02T18:36:10.898Z",
  "level": "INFO",
  "class": "liquibase.executor",
  "thread": "1",
  "message": "Changelog query completed.",
  "liquibaseOperation": "updateToTag",
  "liquibaseCommandName": "updateToTag",
  "commandLabelFilter": "",
  "commandContextFilter": "",
  "liquibaseTargetUrl": "jdbc:h2:tcp://localhost:9090/mem:dev",
  "changelogFile": "changelog.mdc-cafe.sql",
  "databaseChangelogSQL": "SELECT * FROM PUBLIC.DATABASECHANGELOG ORDER BY DATEEXECUTED ASC, ORDEREXECUTED ASC;",
  "databaseChangelogTableOutcome": "executed"
}
{
  "timestamp": "2023-04-02T18:36:10.901Z",
  "level": "INFO",
  "class": "liquibase.executor",
  "thread": "1",
  "message": "Changelog query completed.",
  "liquibaseOperation": "updateToTag",
  "liquibaseCommandName": "updateToTag",
  "commandLabelFilter": "",
  "commandContextFilter": "",
  "liquibaseTargetUrl": "jdbc:h2:tcp://localhost:9090/mem:dev",
  "changelogFile": "changelog.mdc-cafe.sql",
  "databaseChangelogSQL": "SELECT COUNT(*) FROM PUBLIC.DATABASECHANGELOGLOCK;",
  "databaseChangelogTableOutcome": "executed"
}
{
  "timestamp": "2023-04-02T18:36:10.953Z",
  "level": "INFO",
  "class": "liquibase.changelog",
  "thread": "1",
  "message": "Custom SQL executed",
  "liquibaseOperation": "updateToTag",
  "liquibaseCommandName": "updateToTag",
  "commandLabelFilter": "",
  "commandContextFilter": "",
  "liquibaseTargetUrl": "jdbc:h2:tcp://localhost:9090/mem:dev",
  "changelogFile": "changelog.mdc-cafe.sql",
  "deploymentId": "0460570914",
  "changesetId": "create-cafe",
  "changesetAuthor": "mmc",
  "changesetFilepath": "changelog.mdc-cafe.sql",
  "changesetComment": "",
  "changesetLabel": "cafe-setup",
  "changesetContext": "one",
  "changesetOperationStart": "2023-04-02T13:36:10.926",
  "changesetSql": "create table cafe (\n\t    id int primary key,\n\t    name varchar(255) not null,\n\t    address1 varchar(255),\n\t    address2 varchar(255),\n\t    city varchar(30)\n);"
}
{
  "timestamp": "2023-04-02T18:36:10.956Z",
  "level": "INFO",
  "class": "liquibase.changelog",
  "thread": "1",
  "message": "ChangeSet changelog.mdc-cafe.sql::create-cafe::mmc ran successfully in 30ms",
  "liquibaseOperation": "updateToTag",
  "liquibaseCommandName": "updateToTag",
  "commandLabelFilter": "",
  "commandContextFilter": "",
  "liquibaseTargetUrl": "jdbc:h2:tcp://localhost:9090/mem:dev",
  "changelogFile": "changelog.mdc-cafe.sql",
  "deploymentId": "0460570914",
  "changesetId": "create-cafe",
  "changesetAuthor": "mmc",
  "changesetFilepath": "changelog.mdc-cafe.sql",
  "changesetComment": "",
  "changesetLabel": "cafe-setup",
  "changesetContext": "one",
  "changesetOperationStart": "2023-04-02T13:36:10.926",
  "changesetSql": "create table cafe (\n\t    id int primary key,\n\t    name varchar(255) not null,\n\t    address1 varchar(255),\n\t    address2 varchar(255),\n\t    city varchar(30)\n);",
  "changesetOperationStop": "2023-04-02T13:36:10.955",
  "changesetOutcome": "executed"
}
{
  "timestamp": "2023-04-02T18:36:10.962Z",
  "level": "INFO",
  "class": "liquibase.executor",
  "thread": "1",
  "message": "Changelog query completed.",
  "liquibaseOperation": "updateToTag",
  "liquibaseCommandName": "updateToTag",
  "commandLabelFilter": "",
  "commandContextFilter": "",
  "liquibaseTargetUrl": "jdbc:h2:tcp://localhost:9090/mem:dev",
  "changelogFile": "changelog.mdc-cafe.sql",
  "deploymentId": "0460570914",
  "changesetId": "create-cafe",
  "changesetAuthor": "mmc",
  "changesetFilepath": "changelog.mdc-cafe.sql",
  "changesetComment": "",
  "changesetLabel": "cafe-setup",
  "changesetContext": "one",
  "changesetOperationStart": "2023-04-02T13:36:10.926",
  "changesetSql": "create table cafe (\n\t    id int primary key,\n\t    name varchar(255) not null,\n\t    address1 varchar(255),\n\t    address2 varchar(255),\n\t    city varchar(30)\n);",
  "changesetOperationStop": "2023-04-02T13:36:10.955",
  "changesetOutcome": "executed",
  "databaseChangelogSQL": "SELECT MAX(ORDEREXECUTED) FROM PUBLIC.DATABASECHANGELOG;",
  "databaseChangelogTableOutcome": "executed"
}
{
  "timestamp": "2023-04-02T18:36:10.966Z",
  "level": "INFO",
  "class": "liquibase.executor",
  "thread": "1",
  "message": "Changelog query completed.",
  "liquibaseOperation": "updateToTag",
  "liquibaseCommandName": "updateToTag",
  "commandLabelFilter": "",
  "commandContextFilter": "",
  "liquibaseTargetUrl": "jdbc:h2:tcp://localhost:9090/mem:dev",
  "changelogFile": "changelog.mdc-cafe.sql",
  "deploymentId": "0460570914",
  "changesetId": "create-cafe",
  "changesetAuthor": "mmc",
  "changesetFilepath": "changelog.mdc-cafe.sql",
  "changesetComment": "",
  "changesetLabel": "cafe-setup",
  "changesetContext": "one",
  "changesetOperationStart": "2023-04-02T13:36:10.926",
  "changesetSql": "create table cafe (\n\t    id int primary key,\n\t    name varchar(255) not null,\n\t    address1 varchar(255),\n\t    address2 varchar(255),\n\t    city varchar(30)\n);",
  "changesetOperationStop": "2023-04-02T13:36:10.955",
  "changesetOutcome": "executed",
  "databaseChangelogTableOutcome": "executed"
}
{
  "timestamp": "2023-04-02T18:36:10.975Z",
  "level": "INFO",
  "class": "liquibase.changelog",
  "thread": "1",
  "message": "Custom SQL executed",
  "liquibaseOperation": "updateToTag",
  "liquibaseCommandName": "updateToTag",
  "commandLabelFilter": "",
  "commandContextFilter": "",
  "liquibaseTargetUrl": "jdbc:h2:tcp://localhost:9090/mem:dev",
  "changelogFile": "changelog.mdc-cafe.sql",
  "deploymentId": "0460570914",
  "changesetId": "create-stools",
  "changesetAuthor": "mmc",
  "changesetFilepath": "changelog.mdc-cafe.sql",
  "changesetComment": "get the stools started",
  "changesetLabel": "furniture",
  "changesetContext": "one",
  "changesetOperationStart": "2023-04-02T13:36:10.971",
  "changesetSql": "create table stools (\n    id int primary key,\n    name varchar(255) not null,\n    address1 varchar(255),\n    address2 varchar(255),\n    city varchar(30)\n);"
}
{
  "timestamp": "2023-04-02T18:36:10.977Z",
  "level": "INFO",
  "class": "liquibase.changelog",
  "thread": "1",
  "message": "ChangeSet changelog.mdc-cafe.sql::create-stools::mmc ran successfully in 5ms",
  "liquibaseOperation": "updateToTag",
  "liquibaseCommandName": "updateToTag",
  "commandLabelFilter": "",
  "commandContextFilter": "",
  "liquibaseTargetUrl": "jdbc:h2:tcp://localhost:9090/mem:dev",
  "changelogFile": "changelog.mdc-cafe.sql",
  "deploymentId": "0460570914",
  "changesetId": "create-stools",
  "changesetAuthor": "mmc",
  "changesetFilepath": "changelog.mdc-cafe.sql",
  "changesetComment": "get the stools started",
  "changesetLabel": "furniture",
  "changesetContext": "one",
  "changesetOperationStart": "2023-04-02T13:36:10.971",
  "changesetSql": "create table stools (\n    id int primary key,\n    name varchar(255) not null,\n    address1 varchar(255),\n    address2 varchar(255),\n    city varchar(30)\n);",
  "changesetOperationStop": "2023-04-02T13:36:10.976",
  "changesetOutcome": "executed"
}
{
  "timestamp": "2023-04-02T18:36:10.979Z",
  "level": "INFO",
  "class": "liquibase.executor",
  "thread": "1",
  "message": "Changelog query completed.",
  "liquibaseOperation": "updateToTag",
  "liquibaseCommandName": "updateToTag",
  "commandLabelFilter": "",
  "commandContextFilter": "",
  "liquibaseTargetUrl": "jdbc:h2:tcp://localhost:9090/mem:dev",
  "changelogFile": "changelog.mdc-cafe.sql",
  "deploymentId": "0460570914",
  "changesetId": "create-stools",
  "changesetAuthor": "mmc",
  "changesetFilepath": "changelog.mdc-cafe.sql",
  "changesetComment": "get the stools started",
  "changesetLabel": "furniture",
  "changesetContext": "one",
  "changesetOperationStart": "2023-04-02T13:36:10.971",
  "changesetSql": "create table stools (\n    id int primary key,\n    name varchar(255) not null,\n    address1 varchar(255),\n    address2 varchar(255),\n    city varchar(30)\n);",
  "changesetOperationStop": "2023-04-02T13:36:10.976",
  "changesetOutcome": "executed",
  "databaseChangelogTableOutcome": "executed"
}
{
  "timestamp": "2023-04-02T18:36:10.988Z",
  "level": "INFO",
  "class": "liquibase.changelog",
  "thread": "1",
  "message": "Custom SQL executed",
  "liquibaseOperation": "updateToTag",
  "liquibaseCommandName": "updateToTag",
  "commandLabelFilter": "",
  "commandContextFilter": "",
  "liquibaseTargetUrl": "jdbc:h2:tcp://localhost:9090/mem:dev",
  "changelogFile": "changelog.mdc-cafe.sql",
  "deploymentId": "0460570914",
  "changesetId": "create-table-with-table-in-name",
  "changesetAuthor": "mmc",
  "changesetFilepath": "changelog.mdc-cafe.sql",
  "changesetComment": "get the tables started",
  "changesetLabel": "furniture",
  "changesetContext": "one",
  "changesetOperationStart": "2023-04-02T13:36:10.984",
  "changesetSql": "create table cafetables (\n    id int primary key,\n    cheese varchar(255) not null,\n    inches varchar(255),\n    topping varchar(255),\n    rainbows varchar(30)\n);"
}
{
  "timestamp": "2023-04-02T18:36:10.990Z",
  "level": "INFO",
  "class": "liquibase.changelog",
  "thread": "1",
  "message": "ChangeSet changelog.mdc-cafe.sql::create-table-with-table-in-name::mmc ran successfully in 6ms",
  "liquibaseOperation": "updateToTag",
  "liquibaseCommandName": "updateToTag",
  "commandLabelFilter": "",
  "commandContextFilter": "",
  "liquibaseTargetUrl": "jdbc:h2:tcp://localhost:9090/mem:dev",
  "changelogFile": "changelog.mdc-cafe.sql",
  "deploymentId": "0460570914",
  "changesetId": "create-table-with-table-in-name",
  "changesetAuthor": "mmc",
  "changesetFilepath": "changelog.mdc-cafe.sql",
  "changesetComment": "get the tables started",
  "changesetLabel": "furniture",
  "changesetContext": "one",
  "changesetOperationStart": "2023-04-02T13:36:10.984",
  "changesetSql": "create table cafetables (\n    id int primary key,\n    cheese varchar(255) not null,\n    inches varchar(255),\n    topping varchar(255),\n    rainbows varchar(30)\n);",
  "changesetOperationStop": "2023-04-02T13:36:10.989",
  "changesetOutcome": "executed"
}
{
  "timestamp": "2023-04-02T18:36:10.992Z",
  "level": "INFO",
  "class": "liquibase.executor",
  "thread": "1",
  "message": "Changelog query completed.",
  "liquibaseOperation": "updateToTag",
  "liquibaseCommandName": "updateToTag",
  "commandLabelFilter": "",
  "commandContextFilter": "",
  "liquibaseTargetUrl": "jdbc:h2:tcp://localhost:9090/mem:dev",
  "changelogFile": "changelog.mdc-cafe.sql",
  "deploymentId": "0460570914",
  "changesetId": "create-table-with-table-in-name",
  "changesetAuthor": "mmc",
  "changesetFilepath": "changelog.mdc-cafe.sql",
  "changesetComment": "get the tables started",
  "changesetLabel": "furniture",
  "changesetContext": "one",
  "changesetOperationStart": "2023-04-02T13:36:10.984",
  "changesetSql": "create table cafetables (\n    id int primary key,\n    cheese varchar(255) not null,\n    inches varchar(255),\n    topping varchar(255),\n    rainbows varchar(30)\n);",
  "changesetOperationStop": "2023-04-02T13:36:10.989",
  "changesetOutcome": "executed",
  "databaseChangelogTableOutcome": "executed"
}
{
  "timestamp": "2023-04-02T18:36:11Z",
  "level": "INFO",
  "class": "liquibase.changelog",
  "thread": "1",
  "message": "Custom SQL executed",
  "liquibaseOperation": "updateToTag",
  "liquibaseCommandName": "updateToTag",
  "commandLabelFilter": "",
  "commandContextFilter": "",
  "liquibaseTargetUrl": "jdbc:h2:tcp://localhost:9090/mem:dev",
  "changelogFile": "changelog.mdc-cafe.sql",
  "deploymentId": "0460570914",
  "changesetId": "create-foods",
  "changesetAuthor": "mmc",
  "changesetFilepath": "changelog.mdc-cafe.sql",
  "changesetComment": "get the foods started",
  "changesetLabel": "edible",
  "changesetContext": "one",
  "changesetOperationStart": "2023-04-02T13:36:10.997",
  "changesetSql": "create table foods (\n    id int primary key,\n    cheese varchar(255) not null,\n    inches varchar(255),\n    topping varchar(255),\n    rainbows varchar(30)\n);"
}
{
  "timestamp": "2023-04-02T18:36:11.002Z",
  "level": "INFO",
  "class": "liquibase.changelog",
  "thread": "1",
  "message": "ChangeSet changelog.mdc-cafe.sql::create-foods::mmc ran successfully in 5ms",
  "liquibaseOperation": "updateToTag",
  "liquibaseCommandName": "updateToTag",
  "commandLabelFilter": "",
  "commandContextFilter": "",
  "liquibaseTargetUrl": "jdbc:h2:tcp://localhost:9090/mem:dev",
  "changelogFile": "changelog.mdc-cafe.sql",
  "deploymentId": "0460570914",
  "changesetId": "create-foods",
  "changesetAuthor": "mmc",
  "changesetFilepath": "changelog.mdc-cafe.sql",
  "changesetComment": "get the foods started",
  "changesetLabel": "edible",
  "changesetContext": "one",
  "changesetOperationStart": "2023-04-02T13:36:10.997",
  "changesetSql": "create table foods (\n    id int primary key,\n    cheese varchar(255) not null,\n    inches varchar(255),\n    topping varchar(255),\n    rainbows varchar(30)\n);",
  "changesetOperationStop": "2023-04-02T13:36:11.002",
  "changesetOutcome": "executed"
}
{
  "timestamp": "2023-04-02T18:36:11.005Z",
  "level": "INFO",
  "class": "liquibase.executor",
  "thread": "1",
  "message": "Changelog query completed.",
  "liquibaseOperation": "updateToTag",
  "liquibaseCommandName": "updateToTag",
  "commandLabelFilter": "",
  "commandContextFilter": "",
  "liquibaseTargetUrl": "jdbc:h2:tcp://localhost:9090/mem:dev",
  "changelogFile": "changelog.mdc-cafe.sql",
  "deploymentId": "0460570914",
  "changesetId": "create-foods",
  "changesetAuthor": "mmc",
  "changesetFilepath": "changelog.mdc-cafe.sql",
  "changesetComment": "get the foods started",
  "changesetLabel": "edible",
  "changesetContext": "one",
  "changesetOperationStart": "2023-04-02T13:36:10.997",
  "changesetSql": "create table foods (\n    id int primary key,\n    cheese varchar(255) not null,\n    inches varchar(255),\n    topping varchar(255),\n    rainbows varchar(30)\n);",
  "changesetOperationStop": "2023-04-02T13:36:11.002",
  "changesetOutcome": "executed",
  "databaseChangelogTableOutcome": "executed"
}
{
  "timestamp": "2023-04-02T18:36:11.012Z",
  "level": "INFO",
  "class": "liquibase.changelog",
  "thread": "1",
  "message": "Custom SQL executed",
  "liquibaseOperation": "updateToTag",
  "liquibaseCommandName": "updateToTag",
  "commandLabelFilter": "",
  "commandContextFilter": "",
  "liquibaseTargetUrl": "jdbc:h2:tcp://localhost:9090/mem:dev",
  "changelogFile": "changelog.mdc-cafe.sql",
  "deploymentId": "0460570914",
  "changesetId": "create-drinks",
  "changesetAuthor": "mmc",
  "changesetFilepath": "changelog.mdc-cafe.sql",
  "changesetComment": "get the drinks started",
  "changesetLabel": "edible",
  "changesetContext": "one",
  "changesetOperationStart": "2023-04-02T13:36:11.008",
  "changesetSql": "create table drinks (\n    id int primary key,\n    cheese varchar(255) not null,\n    inches varchar(255),\n    topping varchar(255),\n    rainbows varchar(30)\n);"
}
{
  "timestamp": "2023-04-02T18:36:11.014Z",
  "level": "INFO",
  "class": "liquibase.changelog",
  "thread": "1",
  "message": "ChangeSet changelog.mdc-cafe.sql::create-drinks::mmc ran successfully in 5ms",
  "liquibaseOperation": "updateToTag",
  "liquibaseCommandName": "updateToTag",
  "commandLabelFilter": "",
  "commandContextFilter": "",
  "liquibaseTargetUrl": "jdbc:h2:tcp://localhost:9090/mem:dev",
  "changelogFile": "changelog.mdc-cafe.sql",
  "deploymentId": "0460570914",
  "changesetId": "create-drinks",
  "changesetAuthor": "mmc",
  "changesetFilepath": "changelog.mdc-cafe.sql",
  "changesetComment": "get the drinks started",
  "changesetLabel": "edible",
  "changesetContext": "one",
  "changesetOperationStart": "2023-04-02T13:36:11.008",
  "changesetSql": "create table drinks (\n    id int primary key,\n    cheese varchar(255) not null,\n    inches varchar(255),\n    topping varchar(255),\n    rainbows varchar(30)\n);",
  "changesetOperationStop": "2023-04-02T13:36:11.013",
  "changesetOutcome": "executed"
}
{
  "timestamp": "2023-04-02T18:36:11.016Z",
  "level": "INFO",
  "class": "liquibase.executor",
  "thread": "1",
  "message": "Changelog query completed.",
  "liquibaseOperation": "updateToTag",
  "liquibaseCommandName": "updateToTag",
  "commandLabelFilter": "",
  "commandContextFilter": "",
  "liquibaseTargetUrl": "jdbc:h2:tcp://localhost:9090/mem:dev",
  "changelogFile": "changelog.mdc-cafe.sql",
  "deploymentId": "0460570914",
  "changesetId": "create-drinks",
  "changesetAuthor": "mmc",
  "changesetFilepath": "changelog.mdc-cafe.sql",
  "changesetComment": "get the drinks started",
  "changesetLabel": "edible",
  "changesetContext": "one",
  "changesetOperationStart": "2023-04-02T13:36:11.008",
  "changesetSql": "create table drinks (\n    id int primary key,\n    cheese varchar(255) not null,\n    inches varchar(255),\n    topping varchar(255),\n    rainbows varchar(30)\n);",
  "changesetOperationStop": "2023-04-02T13:36:11.013",
  "changesetOutcome": "executed",
  "databaseChangelogTableOutcome": "executed"
}
{
  "timestamp": "2023-04-02T18:36:11.023Z",
  "level": "INFO",
  "class": "liquibase.changelog",
  "thread": "1",
  "message": "Custom SQL executed",
  "liquibaseOperation": "updateToTag",
  "liquibaseCommandName": "updateToTag",
  "commandLabelFilter": "",
  "commandContextFilter": "",
  "liquibaseTargetUrl": "jdbc:h2:tcp://localhost:9090/mem:dev",
  "changelogFile": "changelog.mdc-cafe.sql",
  "deploymentId": "0460570914",
  "changesetId": "create-staffers",
  "changesetAuthor": "mmc",
  "changesetFilepath": "changelog.mdc-cafe.sql",
  "changesetComment": "get the staffers started",
  "changesetLabel": "people",
  "changesetContext": "one",
  "changesetOperationStart": "2023-04-02T13:36:11.02",
  "changesetSql": "create table staffers (\n    id int primary key,\n    cheese varchar(255) not null,\n    inches varchar(255),\n    topping varchar(255),\n    rainbows varchar(30)\n);"
}
{
  "timestamp": "2023-04-02T18:36:11.026Z",
  "level": "INFO",
  "class": "liquibase.changelog",
  "thread": "1",
  "message": "ChangeSet changelog.mdc-cafe.sql::create-staffers::mmc ran successfully in 5ms",
  "liquibaseOperation": "updateToTag",
  "liquibaseCommandName": "updateToTag",
  "commandLabelFilter": "",
  "commandContextFilter": "",
  "liquibaseTargetUrl": "jdbc:h2:tcp://localhost:9090/mem:dev",
  "changelogFile": "changelog.mdc-cafe.sql",
  "deploymentId": "0460570914",
  "changesetId": "create-staffers",
  "changesetAuthor": "mmc",
  "changesetFilepath": "changelog.mdc-cafe.sql",
  "changesetComment": "get the staffers started",
  "changesetLabel": "people",
  "changesetContext": "one",
  "changesetOperationStart": "2023-04-02T13:36:11.02",
  "changesetSql": "create table staffers (\n    id int primary key,\n    cheese varchar(255) not null,\n    inches varchar(255),\n    topping varchar(255),\n    rainbows varchar(30)\n);",
  "changesetOperationStop": "2023-04-02T13:36:11.025",
  "changesetOutcome": "executed"
}
{
  "timestamp": "2023-04-02T18:36:11.028Z",
  "level": "INFO",
  "class": "liquibase.executor",
  "thread": "1",
  "message": "Changelog query completed.",
  "liquibaseOperation": "updateToTag",
  "liquibaseCommandName": "updateToTag",
  "commandLabelFilter": "",
  "commandContextFilter": "",
  "liquibaseTargetUrl": "jdbc:h2:tcp://localhost:9090/mem:dev",
  "changelogFile": "changelog.mdc-cafe.sql",
  "deploymentId": "0460570914",
  "changesetId": "create-staffers",
  "changesetAuthor": "mmc",
  "changesetFilepath": "changelog.mdc-cafe.sql",
  "changesetComment": "get the staffers started",
  "changesetLabel": "people",
  "changesetContext": "one",
  "changesetOperationStart": "2023-04-02T13:36:11.02",
  "changesetSql": "create table staffers (\n    id int primary key,\n    cheese varchar(255) not null,\n    inches varchar(255),\n    topping varchar(255),\n    rainbows varchar(30)\n);",
  "changesetOperationStop": "2023-04-02T13:36:11.025",
  "changesetOutcome": "executed",
  "databaseChangelogTableOutcome": "executed"
}
{
  "timestamp": "2023-04-02T18:36:11.036Z",
  "level": "INFO",
  "class": "liquibase.changelog",
  "thread": "1",
  "message": "Custom SQL executed",
  "liquibaseOperation": "updateToTag",
  "liquibaseCommandName": "updateToTag",
  "commandLabelFilter": "",
  "commandContextFilter": "",
  "liquibaseTargetUrl": "jdbc:h2:tcp://localhost:9090/mem:dev",
  "changelogFile": "changelog.mdc-cafe.sql",
  "deploymentId": "0460570914",
  "changesetId": "create-vendors",
  "changesetAuthor": "mmc",
  "changesetFilepath": "changelog.mdc-cafe.sql",
  "changesetComment": "get the vendors started",
  "changesetLabel": "people",
  "changesetContext": "one",
  "changesetOperationStart": "2023-04-02T13:36:11.033",
  "changesetSql": "create table vendors (\n    id int primary key,\n    cheese varchar(255) not null,\n    inches varchar(255),\n    topping varchar(255),\n    rainbows varchar(30)\n);"
}
{
  "timestamp": "2023-04-02T18:36:11.037Z",
  "level": "INFO",
  "class": "liquibase.changelog",
  "thread": "1",
  "message": "ChangeSet changelog.mdc-cafe.sql::create-vendors::mmc ran successfully in 5ms",
  "liquibaseOperation": "updateToTag",
  "liquibaseCommandName": "updateToTag",
  "commandLabelFilter": "",
  "commandContextFilter": "",
  "liquibaseTargetUrl": "jdbc:h2:tcp://localhost:9090/mem:dev",
  "changelogFile": "changelog.mdc-cafe.sql",
  "deploymentId": "0460570914",
  "changesetId": "create-vendors",
  "changesetAuthor": "mmc",
  "changesetFilepath": "changelog.mdc-cafe.sql",
  "changesetComment": "get the vendors started",
  "changesetLabel": "people",
  "changesetContext": "one",
  "changesetOperationStart": "2023-04-02T13:36:11.033",
  "changesetSql": "create table vendors (\n    id int primary key,\n    cheese varchar(255) not null,\n    inches varchar(255),\n    topping varchar(255),\n    rainbows varchar(30)\n);",
  "changesetOperationStop": "2023-04-02T13:36:11.037",
  "changesetOutcome": "executed"
}
{
  "timestamp": "2023-04-02T18:36:11.040Z",
  "level": "INFO",
  "class": "liquibase.executor",
  "thread": "1",
  "message": "Changelog query completed.",
  "liquibaseOperation": "updateToTag",
  "liquibaseCommandName": "updateToTag",
  "commandLabelFilter": "",
  "commandContextFilter": "",
  "liquibaseTargetUrl": "jdbc:h2:tcp://localhost:9090/mem:dev",
  "changelogFile": "changelog.mdc-cafe.sql",
  "deploymentId": "0460570914",
  "changesetId": "create-vendors",
  "changesetAuthor": "mmc",
  "changesetFilepath": "changelog.mdc-cafe.sql",
  "changesetComment": "get the vendors started",
  "changesetLabel": "people",
  "changesetContext": "one",
  "changesetOperationStart": "2023-04-02T13:36:11.033",
  "changesetSql": "create table vendors (\n    id int primary key,\n    cheese varchar(255) not null,\n    inches varchar(255),\n    topping varchar(255),\n    rainbows varchar(30)\n);",
  "changesetOperationStop": "2023-04-02T13:36:11.037",
  "changesetOutcome": "executed",
  "databaseChangelogTableOutcome": "executed"
}
{
  "timestamp": "2023-04-02T18:36:11.047Z",
  "level": "INFO",
  "class": "liquibase.changelog",
  "thread": "1",
  "message": "Custom SQL executed",
  "liquibaseOperation": "updateToTag",
  "liquibaseCommandName": "updateToTag",
  "commandLabelFilter": "",
  "commandContextFilter": "",
  "liquibaseTargetUrl": "jdbc:h2:tcp://localhost:9090/mem:dev",
  "changelogFile": "changelog.mdc-cafe.sql",
  "deploymentId": "0460570914",
  "changesetId": "create-fed-taxes",
  "changesetAuthor": "mmc",
  "changesetFilepath": "changelog.mdc-cafe.sql",
  "changesetComment": "get the taxes started",
  "changesetLabel": "fiscal",
  "changesetContext": "two",
  "changesetOperationStart": "2023-04-02T13:36:11.044",
  "changesetSql": "create table fed_taxes (\n    id int primary key,\n    cheese varchar(255) not null,\n    inches varchar(255),\n    topping varchar(255),\n    rainbows varchar(30)\n);"
}
{
  "timestamp": "2023-04-02T18:36:11.048Z",
  "level": "INFO",
  "class": "liquibase.changelog",
  "thread": "1",
  "message": "ChangeSet changelog.mdc-cafe.sql::create-fed-taxes::mmc ran successfully in 5ms",
  "liquibaseOperation": "updateToTag",
  "liquibaseCommandName": "updateToTag",
  "commandLabelFilter": "",
  "commandContextFilter": "",
  "liquibaseTargetUrl": "jdbc:h2:tcp://localhost:9090/mem:dev",
  "changelogFile": "changelog.mdc-cafe.sql",
  "deploymentId": "0460570914",
  "changesetId": "create-fed-taxes",
  "changesetAuthor": "mmc",
  "changesetFilepath": "changelog.mdc-cafe.sql",
  "changesetComment": "get the taxes started",
  "changesetLabel": "fiscal",
  "changesetContext": "two",
  "changesetOperationStart": "2023-04-02T13:36:11.044",
  "changesetSql": "create table fed_taxes (\n    id int primary key,\n    cheese varchar(255) not null,\n    inches varchar(255),\n    topping varchar(255),\n    rainbows varchar(30)\n);",
  "changesetOperationStop": "2023-04-02T13:36:11.048",
  "changesetOutcome": "executed"
}
{
  "timestamp": "2023-04-02T18:36:11.050Z",
  "level": "INFO",
  "class": "liquibase.executor",
  "thread": "1",
  "message": "Changelog query completed.",
  "liquibaseOperation": "updateToTag",
  "liquibaseCommandName": "updateToTag",
  "commandLabelFilter": "",
  "commandContextFilter": "",
  "liquibaseTargetUrl": "jdbc:h2:tcp://localhost:9090/mem:dev",
  "changelogFile": "changelog.mdc-cafe.sql",
  "deploymentId": "0460570914",
  "changesetId": "create-fed-taxes",
  "changesetAuthor": "mmc",
  "changesetFilepath": "changelog.mdc-cafe.sql",
  "changesetComment": "get the taxes started",
  "changesetLabel": "fiscal",
  "changesetContext": "two",
  "changesetOperationStart": "2023-04-02T13:36:11.044",
  "changesetSql": "create table fed_taxes (\n    id int primary key,\n    cheese varchar(255) not null,\n    inches varchar(255),\n    topping varchar(255),\n    rainbows varchar(30)\n);",
  "changesetOperationStop": "2023-04-02T13:36:11.048",
  "changesetOutcome": "executed",
  "databaseChangelogTableOutcome": "executed"
}
{
  "timestamp": "2023-04-02T18:36:11.057Z",
  "level": "INFO",
  "class": "liquibase.changelog",
  "thread": "1",
  "message": "Custom SQL executed",
  "liquibaseOperation": "updateToTag",
  "liquibaseCommandName": "updateToTag",
  "commandLabelFilter": "",
  "commandContextFilter": "",
  "liquibaseTargetUrl": "jdbc:h2:tcp://localhost:9090/mem:dev",
  "changelogFile": "changelog.mdc-cafe.sql",
  "deploymentId": "0460570914",
  "changesetId": "create-state-taxes",
  "changesetAuthor": "mmc",
  "changesetFilepath": "changelog.mdc-cafe.sql",
  "changesetComment": "get the taxes started",
  "changesetLabel": "fiscal",
  "changesetContext": "two",
  "changesetOperationStart": "2023-04-02T13:36:11.054",
  "changesetSql": "create table state_taxes (\n    id int primary key,\n    cheese varchar(255) not null,\n    inches varchar(255),\n    topping varchar(255),\n    rainbows varchar(30)\n);"
}
{
  "timestamp": "2023-04-02T18:36:11.059Z",
  "level": "INFO",
  "class": "liquibase.changelog",
  "thread": "1",
  "message": "ChangeSet changelog.mdc-cafe.sql::create-state-taxes::mmc ran successfully in 4ms",
  "liquibaseOperation": "updateToTag",
  "liquibaseCommandName": "updateToTag",
  "commandLabelFilter": "",
  "commandContextFilter": "",
  "liquibaseTargetUrl": "jdbc:h2:tcp://localhost:9090/mem:dev",
  "changelogFile": "changelog.mdc-cafe.sql",
  "deploymentId": "0460570914",
  "changesetId": "create-state-taxes",
  "changesetAuthor": "mmc",
  "changesetFilepath": "changelog.mdc-cafe.sql",
  "changesetComment": "get the taxes started",
  "changesetLabel": "fiscal",
  "changesetContext": "two",
  "changesetOperationStart": "2023-04-02T13:36:11.054",
  "changesetSql": "create table state_taxes (\n    id int primary key,\n    cheese varchar(255) not null,\n    inches varchar(255),\n    topping varchar(255),\n    rainbows varchar(30)\n);",
  "changesetOperationStop": "2023-04-02T13:36:11.058",
  "changesetOutcome": "executed"
}
{
  "timestamp": "2023-04-02T18:36:11.062Z",
  "level": "INFO",
  "class": "liquibase.executor",
  "thread": "1",
  "message": "Changelog query completed.",
  "liquibaseOperation": "updateToTag",
  "liquibaseCommandName": "updateToTag",
  "commandLabelFilter": "",
  "commandContextFilter": "",
  "liquibaseTargetUrl": "jdbc:h2:tcp://localhost:9090/mem:dev",
  "changelogFile": "changelog.mdc-cafe.sql",
  "deploymentId": "0460570914",
  "changesetId": "create-state-taxes",
  "changesetAuthor": "mmc",
  "changesetFilepath": "changelog.mdc-cafe.sql",
  "changesetComment": "get the taxes started",
  "changesetLabel": "fiscal",
  "changesetContext": "two",
  "changesetOperationStart": "2023-04-02T13:36:11.054",
  "changesetSql": "create table state_taxes (\n    id int primary key,\n    cheese varchar(255) not null,\n    inches varchar(255),\n    topping varchar(255),\n    rainbows varchar(30)\n);",
  "changesetOperationStop": "2023-04-02T13:36:11.058",
  "changesetOutcome": "executed",
  "databaseChangelogTableOutcome": "executed"
}
{
  "timestamp": "2023-04-02T18:36:11.067Z",
  "level": "INFO",
  "class": "liquibase.changelog",
  "thread": "1",
  "message": "Custom SQL executed",
  "liquibaseOperation": "updateToTag",
  "liquibaseCommandName": "updateToTag",
  "commandLabelFilter": "",
  "commandContextFilter": "",
  "liquibaseTargetUrl": "jdbc:h2:tcp://localhost:9090/mem:dev",
  "changelogFile": "changelog.mdc-cafe.sql",
  "deploymentId": "0460570914",
  "changesetId": "create-bonuses",
  "changesetAuthor": "mmc",
  "changesetFilepath": "changelog.mdc-cafe.sql",
  "changesetComment": "get the bonuses started",
  "changesetLabel": "fiscal",
  "changesetContext": "two",
  "changesetOperationStart": "2023-04-02T13:36:11.065",
  "changesetSql": "create table bonuses (\n    id int primary key,\n    cheese varchar(255) not null,\n    inches varchar(255),\n    topping varchar(255),\n    rainbows varchar(30)\n);"
}
{
  "timestamp": "2023-04-02T18:36:11.069Z",
  "level": "INFO",
  "class": "liquibase.changelog",
  "thread": "1",
  "message": "ChangeSet changelog.mdc-cafe.sql::create-bonuses::mmc ran successfully in 4ms",
  "liquibaseOperation": "updateToTag",
  "liquibaseCommandName": "updateToTag",
  "commandLabelFilter": "",
  "commandContextFilter": "",
  "liquibaseTargetUrl": "jdbc:h2:tcp://localhost:9090/mem:dev",
  "changelogFile": "changelog.mdc-cafe.sql",
  "deploymentId": "0460570914",
  "changesetId": "create-bonuses",
  "changesetAuthor": "mmc",
  "changesetFilepath": "changelog.mdc-cafe.sql",
  "changesetComment": "get the bonuses started",
  "changesetLabel": "fiscal",
  "changesetContext": "two",
  "changesetOperationStart": "2023-04-02T13:36:11.065",
  "changesetSql": "create table bonuses (\n    id int primary key,\n    cheese varchar(255) not null,\n    inches varchar(255),\n    topping varchar(255),\n    rainbows varchar(30)\n);",
  "changesetOperationStop": "2023-04-02T13:36:11.068",
  "changesetOutcome": "executed"
}
{
  "timestamp": "2023-04-02T18:36:11.071Z",
  "level": "INFO",
  "class": "liquibase.executor",
  "thread": "1",
  "message": "Changelog query completed.",
  "liquibaseOperation": "updateToTag",
  "liquibaseCommandName": "updateToTag",
  "commandLabelFilter": "",
  "commandContextFilter": "",
  "liquibaseTargetUrl": "jdbc:h2:tcp://localhost:9090/mem:dev",
  "changelogFile": "changelog.mdc-cafe.sql",
  "deploymentId": "0460570914",
  "changesetId": "create-bonuses",
  "changesetAuthor": "mmc",
  "changesetFilepath": "changelog.mdc-cafe.sql",
  "changesetComment": "get the bonuses started",
  "changesetLabel": "fiscal",
  "changesetContext": "two",
  "changesetOperationStart": "2023-04-02T13:36:11.065",
  "changesetSql": "create table bonuses (\n    id int primary key,\n    cheese varchar(255) not null,\n    inches varchar(255),\n    topping varchar(255),\n    rainbows varchar(30)\n);",
  "changesetOperationStop": "2023-04-02T13:36:11.068",
  "changesetOutcome": "executed",
  "databaseChangelogTableOutcome": "executed"
}
{
  "timestamp": "2023-04-02T18:36:11.074Z",
  "level": "INFO",
  "class": "liquibase",
  "thread": "1",
  "message": "Update command completed successfully.",
  "liquibaseOperation": "updateToTag",
  "liquibaseCommandName": "updateToTag",
  "commandLabelFilter": "",
  "commandContextFilter": "",
  "liquibaseTargetUrl": "jdbc:h2:tcp://localhost:9090/mem:dev",
  "changelogFile": "changelog.mdc-cafe.sql",
  "deploymentId": "0460570914",
  "deploymentOutcome": "success",
  "deploymentOutcomeCount": "10"
}
{
  "timestamp": "2023-04-02T18:36:11.077Z",
  "level": "INFO",
  "class": "liquibase.executor",
  "thread": "1",
  "message": "Changelog query completed.",
  "liquibaseOperation": "updateToTag",
  "liquibaseCommandName": "updateToTag",
  "commandLabelFilter": "",
  "commandContextFilter": "",
  "liquibaseTargetUrl": "jdbc:h2:tcp://localhost:9090/mem:dev",
  "changelogFile": "changelog.mdc-cafe.sql",
  "deploymentId": "0460570914",
  "databaseChangelogSQL": "UPDATE PUBLIC.DATABASECHANGELOGLOCK SET LOCKED = FALSE, LOCKEDBY = NULL, LOCKGRANTED = NULL WHERE ID = 1;",
  "databaseChangelogTableOutcome": "executed"
}
{
  "timestamp": "2023-04-02T18:36:11.078Z",
  "level": "INFO",
  "class": "liquibase.lockservice",
  "thread": "1",
  "message": "Successfully released change log lock",
  "liquibaseOperation": "updateToTag",
  "liquibaseCommandName": "updateToTag",
  "commandLabelFilter": "",
  "commandContextFilter": "",
  "liquibaseTargetUrl": "jdbc:h2:tcp://localhost:9090/mem:dev",
  "changelogFile": "changelog.mdc-cafe.sql",
  "deploymentId": "0460570914"
}
