{
  "timestamp": "2023-04-02T18:36:50.490Z",
  "level": "INFO",
  "class": "liquibase.integration",
  "thread": "1",
  "message": "Starting command execution.",
  "liquibaseVersion": "4.20.0",
  "liquibaseSystemUser": "mariochampion",
  "liquibaseSystemName": "mmc-mbp.lan"
}
{
  "timestamp": "2023-04-02T18:36:50.614Z",
  "level": "INFO",
  "class": "liquibase.license",
  "thread": "1",
  "message": "Successfully installed license from Base64 string starting with 'ABwwGgQU6h' (property liquibaseProLicenseKey).\n",
  "liquibaseOperation": "rollback"
}
{
  "timestamp": "2023-04-02T18:36:50.755Z",
  "level": "INFO",
  "class": "liquibase.database",
  "thread": "1",
  "message": "Set default schema name to PUBLIC",
  "liquibaseOperation": "rollback",
  "liquibaseCommandName": "rollback"
}
{
  "timestamp": "2023-04-02T18:36:50.852Z",
  "level": "INFO",
  "class": "liquibase.executor",
  "thread": "1",
  "message": "Changelog query completed.",
  "liquibaseOperation": "rollback",
  "liquibaseCommandName": "rollback",
  "commandLabelFilter": "",
  "commandContextFilter": "",
  "rollbackToTag": "v2",
  "rollbackScript": "",
  "liquibaseTargetUrl": "jdbc:h2:tcp://localhost:9090/mem:dev",
  "databaseChangelogSQL": "SELECT COUNT(*) FROM PUBLIC.DATABASECHANGELOGLOCK;",
  "databaseChangelogTableOutcome": "executed"
}
{
  "timestamp": "2023-04-02T18:36:50.857Z",
  "level": "INFO",
  "class": "liquibase.executor",
  "thread": "1",
  "message": "Changelog query completed.",
  "liquibaseOperation": "rollback",
  "liquibaseCommandName": "rollback",
  "commandLabelFilter": "",
  "commandContextFilter": "",
  "rollbackToTag": "v2",
  "rollbackScript": "",
  "liquibaseTargetUrl": "jdbc:h2:tcp://localhost:9090/mem:dev",
  "databaseChangelogSQL": "SELECT LOCKED FROM PUBLIC.DATABASECHANGELOGLOCK WHERE ID=1;",
  "databaseChangelogTableOutcome": "executed"
}
{
  "timestamp": "2023-04-02T18:36:50.876Z",
  "level": "INFO",
  "class": "liquibase.executor",
  "thread": "1",
  "message": "Changelog query completed.",
  "liquibaseOperation": "rollback",
  "liquibaseCommandName": "rollback",
  "commandLabelFilter": "",
  "commandContextFilter": "",
  "rollbackToTag": "v2",
  "rollbackScript": "",
  "liquibaseTargetUrl": "jdbc:h2:tcp://localhost:9090/mem:dev",
  "databaseChangelogSQL": "UPDATE PUBLIC.DATABASECHANGELOGLOCK SET LOCKED = TRUE, LOCKEDBY = 'mmc-mbp.lan (192.168.86.30)', LOCKGRANTED = NOW() WHERE ID = 1 AND LOCKED = FALSE;",
  "databaseChangelogTableOutcome": "executed"
}
{
  "timestamp": "2023-04-02T18:36:50.879Z",
  "level": "INFO",
  "class": "liquibase.lockservice",
  "thread": "1",
  "message": "Successfully acquired change log lock",
  "liquibaseOperation": "rollback",
  "liquibaseCommandName": "rollback",
  "commandLabelFilter": "",
  "commandContextFilter": "",
  "rollbackToTag": "v2",
  "rollbackScript": "",
  "liquibaseTargetUrl": "jdbc:h2:tcp://localhost:9090/mem:dev"
}
{
  "timestamp": "2023-04-02T18:36:51.083Z",
  "level": "INFO",
  "class": "liquibase.executor",
  "thread": "1",
  "message": "Changelog query completed.",
  "liquibaseOperation": "rollback",
  "liquibaseCommandName": "rollback",
  "commandLabelFilter": "",
  "commandContextFilter": "",
  "rollbackToTag": "v2",
  "rollbackScript": "",
  "liquibaseTargetUrl": "jdbc:h2:tcp://localhost:9090/mem:dev",
  "changelogFile": "changelog.mdc-04-errors.xml",
  "databaseChangelogSQL": "SELECT MD5SUM FROM PUBLIC.DATABASECHANGELOG WHERE MD5SUM IS NOT NULL;",
  "databaseChangelogTableOutcome": "executed"
}
{
  "timestamp": "2023-04-02T18:36:51.087Z",
  "level": "INFO",
  "class": "liquibase.executor",
  "thread": "1",
  "message": "Changelog query completed.",
  "liquibaseOperation": "rollback",
  "liquibaseCommandName": "rollback",
  "commandLabelFilter": "",
  "commandContextFilter": "",
  "rollbackToTag": "v2",
  "rollbackScript": "",
  "liquibaseTargetUrl": "jdbc:h2:tcp://localhost:9090/mem:dev",
  "changelogFile": "changelog.mdc-04-errors.xml",
  "databaseChangelogSQL": "SELECT COUNT(*) FROM PUBLIC.DATABASECHANGELOGLOCK;",
  "databaseChangelogTableOutcome": "executed"
}
{
  "timestamp": "2023-04-02T18:36:51.092Z",
  "level": "INFO",
  "class": "liquibase.changelog",
  "thread": "1",
  "message": "Reading from PUBLIC.DATABASECHANGELOG",
  "liquibaseOperation": "rollback",
  "liquibaseCommandName": "rollback",
  "commandLabelFilter": "",
  "commandContextFilter": "",
  "rollbackToTag": "v2",
  "rollbackScript": "",
  "liquibaseTargetUrl": "jdbc:h2:tcp://localhost:9090/mem:dev",
  "changelogFile": "changelog.mdc-04-errors.xml"
}
{
  "timestamp": "2023-04-02T18:36:51.096Z",
  "level": "INFO",
  "class": "liquibase.executor",
  "thread": "1",
  "message": "Changelog query completed.",
  "liquibaseOperation": "rollback",
  "liquibaseCommandName": "rollback",
  "commandLabelFilter": "",
  "commandContextFilter": "",
  "rollbackToTag": "v2",
  "rollbackScript": "",
  "liquibaseTargetUrl": "jdbc:h2:tcp://localhost:9090/mem:dev",
  "changelogFile": "changelog.mdc-04-errors.xml",
  "databaseChangelogSQL": "SELECT * FROM PUBLIC.DATABASECHANGELOG ORDER BY DATEEXECUTED ASC, ORDEREXECUTED ASC;",
  "databaseChangelogTableOutcome": "executed"
}
{
  "timestamp": "2023-04-02T18:36:51.155Z",
  "level": "INFO",
  "class": "liquibase.executor",
  "thread": "1",
  "message": "Changelog query completed.",
  "liquibaseOperation": "rollback",
  "liquibaseCommandName": "rollback",
  "commandLabelFilter": "",
  "commandContextFilter": "",
  "rollbackToTag": "v2",
  "rollbackScript": "",
  "liquibaseTargetUrl": "jdbc:h2:tcp://localhost:9090/mem:dev",
  "changelogFile": "changelog.mdc-04-errors.xml",
  "changesetId": "mdc-xml-03",
  "changesetAuthor": "mmc-xml",
  "changesetFilepath": "changelog.mdc-04-errors.xml",
  "changesetOperationStart": "2023-04-02T13:36:51.144",
  "changesetComment": "example-comment",
  "changesetLabel": "simple",
  "changesetContext": "example-context",
  "changesetSql": "ALTER TABLE PUBLIC.person04 DROP COLUMN country;",
  "changesetOutcome": "executed",
  "changesetOperationStop": "2023-04-02T13:36:51.151",
  "databaseChangelogSQL": "DELETE FROM PUBLIC.DATABASECHANGELOG WHERE ID = 'mdc-xml-03' AND AUTHOR = 'mmc-xml' AND FILENAME = 'changelog.mdc-04-errors.xml';",
  "databaseChangelogTableOutcome": "executed"
}
{
  "timestamp": "2023-04-02T18:36:51.166Z",
  "level": "INFO",
  "class": "liquibase.executor",
  "thread": "1",
  "message": "Changelog query completed.",
  "liquibaseOperation": "rollback",
  "liquibaseCommandName": "rollback",
  "commandLabelFilter": "",
  "commandContextFilter": "",
  "rollbackToTag": "v2",
  "rollbackScript": "",
  "liquibaseTargetUrl": "jdbc:h2:tcp://localhost:9090/mem:dev",
  "changelogFile": "changelog.mdc-04-errors.xml",
  "changesetId": "tagDatabase-example",
  "changesetAuthor": "liquibase-docs",
  "changesetFilepath": "changelog.mdc-04-errors.xml",
  "changesetOperationStart": "2023-04-02T13:36:51.161",
  "changesetComment": "",
  "changesetLabel": "",
  "changesetContext": "",
  "changesetSql": "",
  "changesetOutcome": "executed",
  "changesetOperationStop": "2023-04-02T13:36:51.163",
  "databaseChangelogSQL": "DELETE FROM PUBLIC.DATABASECHANGELOG WHERE ID = 'tagDatabase-example' AND AUTHOR = 'liquibase-docs' AND FILENAME = 'changelog.mdc-04-errors.xml';",
  "databaseChangelogTableOutcome": "executed"
}
{
  "timestamp": "2023-04-02T18:36:51.171Z",
  "level": "INFO",
  "class": "liquibase",
  "thread": "1",
  "message": "Rollback command completed successfully.",
  "liquibaseOperation": "rollback",
  "liquibaseCommandName": "rollback",
  "commandLabelFilter": "",
  "commandContextFilter": "",
  "rollbackToTag": "v2",
  "rollbackScript": "",
  "liquibaseTargetUrl": "jdbc:h2:tcp://localhost:9090/mem:dev",
  "changelogFile": "changelog.mdc-04-errors.xml",
  "changesetsRolledback": {
    "changesetCount": 2,
    "changesets": [
      {
        "author": "mmc-xml",
        "changesetId": "mdc-xml-03",
        "deploymentId": "0460608986",
        "filepath": "changelog.mdc-04-errors.xml"
      },
      {
        "author": "liquibase-docs",
        "changesetId": "tagDatabase-example",
        "deploymentId": "0460608986",
        "filepath": "changelog.mdc-04-errors.xml"
      }
    ]
    
  },
  "deploymentOutcome": "success"
}
{
  "timestamp": "2023-04-02T18:36:51.180Z",
  "level": "INFO",
  "class": "liquibase.executor",
  "thread": "1",
  "message": "Changelog query completed.",
  "liquibaseOperation": "rollback",
  "liquibaseCommandName": "rollback",
  "commandLabelFilter": "",
  "commandContextFilter": "",
  "rollbackToTag": "v2",
  "rollbackScript": "",
  "liquibaseTargetUrl": "jdbc:h2:tcp://localhost:9090/mem:dev",
  "changelogFile": "changelog.mdc-04-errors.xml",
  "changesetsRolledback": {
    "changesetCount": 2,
    "changesets": [
      {
        "author": "mmc-xml",
        "changesetId": "mdc-xml-03",
        "deploymentId": "0460608986",
        "filepath": "changelog.mdc-04-errors.xml"
      },
      {
        "author": "liquibase-docs",
        "changesetId": "tagDatabase-example",
        "deploymentId": "0460608986",
        "filepath": "changelog.mdc-04-errors.xml"
      }
    ]
    
  },
  "databaseChangelogSQL": "UPDATE PUBLIC.DATABASECHANGELOGLOCK SET LOCKED = FALSE, LOCKEDBY = NULL, LOCKGRANTED = NULL WHERE ID = 1;",
  "databaseChangelogTableOutcome": "executed"
}
{
  "timestamp": "2023-04-02T18:36:51.183Z",
  "level": "INFO",
  "class": "liquibase.lockservice",
  "thread": "1",
  "message": "Successfully released change log lock",
  "liquibaseOperation": "rollback",
  "liquibaseCommandName": "rollback",
  "commandLabelFilter": "",
  "commandContextFilter": "",
  "rollbackToTag": "v2",
  "rollbackScript": "",
  "liquibaseTargetUrl": "jdbc:h2:tcp://localhost:9090/mem:dev",
  "changelogFile": "changelog.mdc-04-errors.xml",
  "changesetsRolledback": {
    "changesetCount": 2,
    "changesets": [
      {
        "author": "mmc-xml",
        "changesetId": "mdc-xml-03",
        "deploymentId": "0460608986",
        "filepath": "changelog.mdc-04-errors.xml"
      },
      {
        "author": "liquibase-docs",
        "changesetId": "tagDatabase-example",
        "deploymentId": "0460608986",
        "filepath": "changelog.mdc-04-errors.xml"
      }
    ]
    
  }
}
