{
  "timestamp": "2023-04-02T18:36:13.463Z",
  "level": "INFO",
  "class": "liquibase.integration",
  "thread": "1",
  "message": "Starting command execution.",
  "liquibaseVersion": "4.20.0",
  "liquibaseSystemUser": "mariochampion",
  "liquibaseSystemName": "mmc-mbp.lan"
}
{
  "timestamp": "2023-04-02T18:36:13.571Z",
  "level": "INFO",
  "class": "liquibase.license",
  "thread": "1",
  "message": "Successfully installed license from Base64 string starting with 'ABwwGgQU6h' (property liquibaseProLicenseKey).\n",
  "liquibaseOperation": "updateToTag"
}
{
  "timestamp": "2023-04-02T18:36:13.697Z",
  "level": "INFO",
  "class": "liquibase.database",
  "thread": "1",
  "message": "Set default schema name to PUBLIC",
  "liquibaseOperation": "updateToTag",
  "liquibaseCommandName": "updateToTag"
}
{
  "timestamp": "2023-04-02T18:36:13.781Z",
  "level": "INFO",
  "class": "liquibase.executor",
  "thread": "1",
  "message": "Changelog query completed.",
  "liquibaseOperation": "updateToTag",
  "liquibaseCommandName": "updateToTag",
  "commandLabelFilter": "",
  "commandContextFilter": "",
  "databaseChangelogSQL": "SELECT COUNT(*) FROM PUBLIC.DATABASECHANGELOGLOCK;",
  "databaseChangelogTableOutcome": "executed"
}
{
  "timestamp": "2023-04-02T18:36:13.787Z",
  "level": "INFO",
  "class": "liquibase.executor",
  "thread": "1",
  "message": "Changelog query completed.",
  "liquibaseOperation": "updateToTag",
  "liquibaseCommandName": "updateToTag",
  "commandLabelFilter": "",
  "commandContextFilter": "",
  "databaseChangelogSQL": "SELECT LOCKED FROM PUBLIC.DATABASECHANGELOGLOCK WHERE ID=1;",
  "databaseChangelogTableOutcome": "executed"
}
{
  "timestamp": "2023-04-02T18:36:13.805Z",
  "level": "INFO",
  "class": "liquibase.executor",
  "thread": "1",
  "message": "Changelog query completed.",
  "liquibaseOperation": "updateToTag",
  "liquibaseCommandName": "updateToTag",
  "commandLabelFilter": "",
  "commandContextFilter": "",
  "databaseChangelogSQL": "UPDATE PUBLIC.DATABASECHANGELOGLOCK SET LOCKED = TRUE, LOCKEDBY = 'mmc-mbp.lan (192.168.86.30)', LOCKGRANTED = NOW() WHERE ID = 1 AND LOCKED = FALSE;",
  "databaseChangelogTableOutcome": "executed"
}
{
  "timestamp": "2023-04-02T18:36:13.807Z",
  "level": "INFO",
  "class": "liquibase.lockservice",
  "thread": "1",
  "message": "Successfully acquired change log lock",
  "liquibaseOperation": "updateToTag",
  "liquibaseCommandName": "updateToTag",
  "commandLabelFilter": "",
  "commandContextFilter": ""
}
{
  "timestamp": "2023-04-02T18:36:13.863Z",
  "level": "INFO",
  "class": "liquibase.executor",
  "thread": "1",
  "message": "Changelog query completed.",
  "liquibaseOperation": "updateToTag",
  "liquibaseCommandName": "updateToTag",
  "commandLabelFilter": "",
  "commandContextFilter": "",
  "liquibaseTargetUrl": "jdbc:h2:tcp://localhost:9090/mem:dev",
  "changelogFile": "changelog.mdc-somename.sql",
  "databaseChangelogSQL": "SELECT MD5SUM FROM PUBLIC.DATABASECHANGELOG WHERE MD5SUM IS NOT NULL;",
  "databaseChangelogTableOutcome": "executed"
}
{
  "timestamp": "2023-04-02T18:36:13.866Z",
  "level": "INFO",
  "class": "liquibase.changelog",
  "thread": "1",
  "message": "Reading from PUBLIC.DATABASECHANGELOG",
  "liquibaseOperation": "updateToTag",
  "liquibaseCommandName": "updateToTag",
  "commandLabelFilter": "",
  "commandContextFilter": "",
  "liquibaseTargetUrl": "jdbc:h2:tcp://localhost:9090/mem:dev",
  "changelogFile": "changelog.mdc-somename.sql"
}
{
  "timestamp": "2023-04-02T18:36:13.870Z",
  "level": "INFO",
  "class": "liquibase.executor",
  "thread": "1",
  "message": "Changelog query completed.",
  "liquibaseOperation": "updateToTag",
  "liquibaseCommandName": "updateToTag",
  "commandLabelFilter": "",
  "commandContextFilter": "",
  "liquibaseTargetUrl": "jdbc:h2:tcp://localhost:9090/mem:dev",
  "changelogFile": "changelog.mdc-somename.sql",
  "databaseChangelogSQL": "SELECT * FROM PUBLIC.DATABASECHANGELOG ORDER BY DATEEXECUTED ASC, ORDEREXECUTED ASC;",
  "databaseChangelogTableOutcome": "executed"
}
{
  "timestamp": "2023-04-02T18:36:13.873Z",
  "level": "INFO",
  "class": "liquibase.executor",
  "thread": "1",
  "message": "Changelog query completed.",
  "liquibaseOperation": "updateToTag",
  "liquibaseCommandName": "updateToTag",
  "commandLabelFilter": "",
  "commandContextFilter": "",
  "liquibaseTargetUrl": "jdbc:h2:tcp://localhost:9090/mem:dev",
  "changelogFile": "changelog.mdc-somename.sql",
  "databaseChangelogSQL": "SELECT COUNT(*) FROM PUBLIC.DATABASECHANGELOGLOCK;",
  "databaseChangelogTableOutcome": "executed"
}
{
  "timestamp": "2023-04-02T18:36:13.907Z",
  "level": "INFO",
  "class": "liquibase.changelog",
  "thread": "1",
  "message": "Custom SQL executed",
  "liquibaseOperation": "updateToTag",
  "liquibaseCommandName": "updateToTag",
  "commandLabelFilter": "",
  "commandContextFilter": "",
  "liquibaseTargetUrl": "jdbc:h2:tcp://localhost:9090/mem:dev",
  "changelogFile": "changelog.mdc-somename.sql",
  "deploymentId": "0460573888",
  "changesetId": "mdc-poc-01somename",
  "changesetAuthor": "mmc-somename",
  "changesetFilepath": "changelog.mdc-somename.sql",
  "changesetComment": "example comment",
  "changesetLabel": "example-label",
  "changesetContext": "example-context",
  "changesetOperationStart": "2023-04-02T13:36:13.897",
  "changesetSql": "create table someperson (\n    id int primary key auto_increment not null,\n    name varchar(50) not null,\n    address1 varchar(50),\n    address2 varchar(50),\n    city varchar(30)\n);"
}
{
  "timestamp": "2023-04-02T18:36:13.910Z",
  "level": "INFO",
  "class": "liquibase.changelog",
  "thread": "1",
  "message": "ChangeSet changelog.mdc-somename.sql::mdc-poc-01somename::mmc-somename ran successfully in 13ms",
  "liquibaseOperation": "updateToTag",
  "liquibaseCommandName": "updateToTag",
  "commandLabelFilter": "",
  "commandContextFilter": "",
  "liquibaseTargetUrl": "jdbc:h2:tcp://localhost:9090/mem:dev",
  "changelogFile": "changelog.mdc-somename.sql",
  "deploymentId": "0460573888",
  "changesetId": "mdc-poc-01somename",
  "changesetAuthor": "mmc-somename",
  "changesetFilepath": "changelog.mdc-somename.sql",
  "changesetComment": "example comment",
  "changesetLabel": "example-label",
  "changesetContext": "example-context",
  "changesetOperationStart": "2023-04-02T13:36:13.897",
  "changesetSql": "create table someperson (\n    id int primary key auto_increment not null,\n    name varchar(50) not null,\n    address1 varchar(50),\n    address2 varchar(50),\n    city varchar(30)\n);",
  "changesetOperationStop": "2023-04-02T13:36:13.909",
  "changesetOutcome": "executed"
}
{
  "timestamp": "2023-04-02T18:36:13.916Z",
  "level": "INFO",
  "class": "liquibase.executor",
  "thread": "1",
  "message": "Changelog query completed.",
  "liquibaseOperation": "updateToTag",
  "liquibaseCommandName": "updateToTag",
  "commandLabelFilter": "",
  "commandContextFilter": "",
  "liquibaseTargetUrl": "jdbc:h2:tcp://localhost:9090/mem:dev",
  "changelogFile": "changelog.mdc-somename.sql",
  "deploymentId": "0460573888",
  "changesetId": "mdc-poc-01somename",
  "changesetAuthor": "mmc-somename",
  "changesetFilepath": "changelog.mdc-somename.sql",
  "changesetComment": "example comment",
  "changesetLabel": "example-label",
  "changesetContext": "example-context",
  "changesetOperationStart": "2023-04-02T13:36:13.897",
  "changesetSql": "create table someperson (\n    id int primary key auto_increment not null,\n    name varchar(50) not null,\n    address1 varchar(50),\n    address2 varchar(50),\n    city varchar(30)\n);",
  "changesetOperationStop": "2023-04-02T13:36:13.909",
  "changesetOutcome": "executed",
  "databaseChangelogSQL": "SELECT MAX(ORDEREXECUTED) FROM PUBLIC.DATABASECHANGELOG;",
  "databaseChangelogTableOutcome": "executed"
}
{
  "timestamp": "2023-04-02T18:36:13.921Z",
  "level": "INFO",
  "class": "liquibase.executor",
  "thread": "1",
  "message": "Changelog query completed.",
  "liquibaseOperation": "updateToTag",
  "liquibaseCommandName": "updateToTag",
  "commandLabelFilter": "",
  "commandContextFilter": "",
  "liquibaseTargetUrl": "jdbc:h2:tcp://localhost:9090/mem:dev",
  "changelogFile": "changelog.mdc-somename.sql",
  "deploymentId": "0460573888",
  "changesetId": "mdc-poc-01somename",
  "changesetAuthor": "mmc-somename",
  "changesetFilepath": "changelog.mdc-somename.sql",
  "changesetComment": "example comment",
  "changesetLabel": "example-label",
  "changesetContext": "example-context",
  "changesetOperationStart": "2023-04-02T13:36:13.897",
  "changesetSql": "create table someperson (\n    id int primary key auto_increment not null,\n    name varchar(50) not null,\n    address1 varchar(50),\n    address2 varchar(50),\n    city varchar(30)\n);",
  "changesetOperationStop": "2023-04-02T13:36:13.909",
  "changesetOutcome": "executed",
  "databaseChangelogTableOutcome": "executed"
}
{
  "timestamp": "2023-04-02T18:36:13.930Z",
  "level": "INFO",
  "class": "liquibase.changelog",
  "thread": "1",
  "message": "Custom SQL executed",
  "liquibaseOperation": "updateToTag",
  "liquibaseCommandName": "updateToTag",
  "commandLabelFilter": "",
  "commandContextFilter": "",
  "liquibaseTargetUrl": "jdbc:h2:tcp://localhost:9090/mem:dev",
  "changelogFile": "changelog.mdc-somename.sql",
  "deploymentId": "0460573888",
  "changesetId": "mdc-poc-02somename",
  "changesetAuthor": "mmc-somename",
  "changesetFilepath": "changelog.mdc-somename.sql",
  "changesetComment": "example comment",
  "changesetLabel": "example-label",
  "changesetContext": "example-context",
  "changesetOperationStart": "2023-04-02T13:36:13.927",
  "changesetSql": "create table somecompany (\n    id int primary key auto_increment not null,\n    name varchar(50) not null,\n    address1 varchar(50),\n    address2 varchar(50),\n    city varchar(30)\n);"
}
{
  "timestamp": "2023-04-02T18:36:13.933Z",
  "level": "INFO",
  "class": "liquibase.changelog",
  "thread": "1",
  "message": "ChangeSet changelog.mdc-somename.sql::mdc-poc-02somename::mmc-somename ran successfully in 6ms",
  "liquibaseOperation": "updateToTag",
  "liquibaseCommandName": "updateToTag",
  "commandLabelFilter": "",
  "commandContextFilter": "",
  "liquibaseTargetUrl": "jdbc:h2:tcp://localhost:9090/mem:dev",
  "changelogFile": "changelog.mdc-somename.sql",
  "deploymentId": "0460573888",
  "changesetId": "mdc-poc-02somename",
  "changesetAuthor": "mmc-somename",
  "changesetFilepath": "changelog.mdc-somename.sql",
  "changesetComment": "example comment",
  "changesetLabel": "example-label",
  "changesetContext": "example-context",
  "changesetOperationStart": "2023-04-02T13:36:13.927",
  "changesetSql": "create table somecompany (\n    id int primary key auto_increment not null,\n    name varchar(50) not null,\n    address1 varchar(50),\n    address2 varchar(50),\n    city varchar(30)\n);",
  "changesetOperationStop": "2023-04-02T13:36:13.932",
  "changesetOutcome": "executed"
}
{
  "timestamp": "2023-04-02T18:36:13.936Z",
  "level": "INFO",
  "class": "liquibase.executor",
  "thread": "1",
  "message": "Changelog query completed.",
  "liquibaseOperation": "updateToTag",
  "liquibaseCommandName": "updateToTag",
  "commandLabelFilter": "",
  "commandContextFilter": "",
  "liquibaseTargetUrl": "jdbc:h2:tcp://localhost:9090/mem:dev",
  "changelogFile": "changelog.mdc-somename.sql",
  "deploymentId": "0460573888",
  "changesetId": "mdc-poc-02somename",
  "changesetAuthor": "mmc-somename",
  "changesetFilepath": "changelog.mdc-somename.sql",
  "changesetComment": "example comment",
  "changesetLabel": "example-label",
  "changesetContext": "example-context",
  "changesetOperationStart": "2023-04-02T13:36:13.927",
  "changesetSql": "create table somecompany (\n    id int primary key auto_increment not null,\n    name varchar(50) not null,\n    address1 varchar(50),\n    address2 varchar(50),\n    city varchar(30)\n);",
  "changesetOperationStop": "2023-04-02T13:36:13.932",
  "changesetOutcome": "executed",
  "databaseChangelogTableOutcome": "executed"
}
{
  "timestamp": "2023-04-02T18:36:13.944Z",
  "level": "INFO",
  "class": "liquibase.changelog",
  "thread": "1",
  "message": "Custom SQL executed",
  "liquibaseOperation": "updateToTag",
  "liquibaseCommandName": "updateToTag",
  "commandLabelFilter": "",
  "commandContextFilter": "",
  "liquibaseTargetUrl": "jdbc:h2:tcp://localhost:9090/mem:dev",
  "changelogFile": "changelog.mdc-somename.sql",
  "deploymentId": "0460573888",
  "changesetId": "mdc-poc-03somename",
  "changesetAuthor": "mmc-somename",
  "changesetFilepath": "changelog.mdc-somename.sql",
  "changesetComment": "example comment",
  "changesetLabel": "example-label",
  "changesetContext": "example-context",
  "changesetOperationStart": "2023-04-02T13:36:13.942",
  "changesetSql": "alter table someperson add column country varchar(4);"
}
{
  "timestamp": "2023-04-02T18:36:13.946Z",
  "level": "INFO",
  "class": "liquibase.changelog",
  "thread": "1",
  "message": "ChangeSet changelog.mdc-somename.sql::mdc-poc-03somename::mmc-somename ran successfully in 3ms",
  "liquibaseOperation": "updateToTag",
  "liquibaseCommandName": "updateToTag",
  "commandLabelFilter": "",
  "commandContextFilter": "",
  "liquibaseTargetUrl": "jdbc:h2:tcp://localhost:9090/mem:dev",
  "changelogFile": "changelog.mdc-somename.sql",
  "deploymentId": "0460573888",
  "changesetId": "mdc-poc-03somename",
  "changesetAuthor": "mmc-somename",
  "changesetFilepath": "changelog.mdc-somename.sql",
  "changesetComment": "example comment",
  "changesetLabel": "example-label",
  "changesetContext": "example-context",
  "changesetOperationStart": "2023-04-02T13:36:13.942",
  "changesetSql": "alter table someperson add column country varchar(4);",
  "changesetOperationStop": "2023-04-02T13:36:13.945",
  "changesetOutcome": "executed"
}
{
  "timestamp": "2023-04-02T18:36:13.949Z",
  "level": "INFO",
  "class": "liquibase.executor",
  "thread": "1",
  "message": "Changelog query completed.",
  "liquibaseOperation": "updateToTag",
  "liquibaseCommandName": "updateToTag",
  "commandLabelFilter": "",
  "commandContextFilter": "",
  "liquibaseTargetUrl": "jdbc:h2:tcp://localhost:9090/mem:dev",
  "changelogFile": "changelog.mdc-somename.sql",
  "deploymentId": "0460573888",
  "changesetId": "mdc-poc-03somename",
  "changesetAuthor": "mmc-somename",
  "changesetFilepath": "changelog.mdc-somename.sql",
  "changesetComment": "example comment",
  "changesetLabel": "example-label",
  "changesetContext": "example-context",
  "changesetOperationStart": "2023-04-02T13:36:13.942",
  "changesetSql": "alter table someperson add column country varchar(4);",
  "changesetOperationStop": "2023-04-02T13:36:13.945",
  "changesetOutcome": "executed",
  "databaseChangelogTableOutcome": "executed"
}
{
  "timestamp": "2023-04-02T18:36:13.953Z",
  "level": "INFO",
  "class": "liquibase",
  "thread": "1",
  "message": "Update command completed successfully.",
  "liquibaseOperation": "updateToTag",
  "liquibaseCommandName": "updateToTag",
  "commandLabelFilter": "",
  "commandContextFilter": "",
  "liquibaseTargetUrl": "jdbc:h2:tcp://localhost:9090/mem:dev",
  "changelogFile": "changelog.mdc-somename.sql",
  "deploymentId": "0460573888",
  "deploymentOutcome": "success",
  "deploymentOutcomeCount": "3"
}
{
  "timestamp": "2023-04-02T18:36:13.958Z",
  "level": "INFO",
  "class": "liquibase.executor",
  "thread": "1",
  "message": "Changelog query completed.",
  "liquibaseOperation": "updateToTag",
  "liquibaseCommandName": "updateToTag",
  "commandLabelFilter": "",
  "commandContextFilter": "",
  "liquibaseTargetUrl": "jdbc:h2:tcp://localhost:9090/mem:dev",
  "changelogFile": "changelog.mdc-somename.sql",
  "deploymentId": "0460573888",
  "databaseChangelogSQL": "UPDATE PUBLIC.DATABASECHANGELOGLOCK SET LOCKED = FALSE, LOCKEDBY = NULL, LOCKGRANTED = NULL WHERE ID = 1;",
  "databaseChangelogTableOutcome": "executed"
}
{
  "timestamp": "2023-04-02T18:36:13.959Z",
  "level": "INFO",
  "class": "liquibase.lockservice",
  "thread": "1",
  "message": "Successfully released change log lock",
  "liquibaseOperation": "updateToTag",
  "liquibaseCommandName": "updateToTag",
  "commandLabelFilter": "",
  "commandContextFilter": "",
  "liquibaseTargetUrl": "jdbc:h2:tcp://localhost:9090/mem:dev",
  "changelogFile": "changelog.mdc-somename.sql",
  "deploymentId": "0460573888"
}
