{
  "timestamp": "2023-04-02T18:37:02.647Z",
  "level": "INFO",
  "class": "liquibase.integration",
  "thread": "1",
  "message": "Starting command execution.",
  "liquibaseVersion": "4.20.0",
  "liquibaseSystemUser": "mariochampion",
  "liquibaseSystemName": "mmc-mbp.lan"
}
{
  "timestamp": "2023-04-02T18:37:02.766Z",
  "level": "INFO",
  "class": "liquibase.license",
  "thread": "1",
  "message": "Successfully installed license from Base64 string starting with 'ABwwGgQU6h' (property liquibaseProLicenseKey).\n",
  "liquibaseOperation": "rollbackCount"
}
{
  "timestamp": "2023-04-02T18:37:02.912Z",
  "level": "INFO",
  "class": "liquibase.database",
  "thread": "1",
  "message": "Set default schema name to PUBLIC",
  "liquibaseOperation": "rollbackCount",
  "liquibaseCommandName": "rollbackCount"
}
{
  "timestamp": "2023-04-02T18:37:03.008Z",
  "level": "INFO",
  "class": "liquibase.executor",
  "thread": "1",
  "message": "Changelog query completed.",
  "liquibaseOperation": "rollbackCount",
  "liquibaseCommandName": "rollbackCount",
  "commandLabelFilter": "",
  "commandContextFilter": "",
  "rollbackCount": "2",
  "rollbackScript": "",
  "liquibaseTargetUrl": "jdbc:h2:tcp://localhost:9090/mem:dev",
  "databaseChangelogSQL": "SELECT COUNT(*) FROM PUBLIC.DATABASECHANGELOGLOCK;",
  "databaseChangelogTableOutcome": "executed"
}
{
  "timestamp": "2023-04-02T18:37:03.013Z",
  "level": "INFO",
  "class": "liquibase.executor",
  "thread": "1",
  "message": "Changelog query completed.",
  "liquibaseOperation": "rollbackCount",
  "liquibaseCommandName": "rollbackCount",
  "commandLabelFilter": "",
  "commandContextFilter": "",
  "rollbackCount": "2",
  "rollbackScript": "",
  "liquibaseTargetUrl": "jdbc:h2:tcp://localhost:9090/mem:dev",
  "databaseChangelogSQL": "SELECT LOCKED FROM PUBLIC.DATABASECHANGELOGLOCK WHERE ID=1;",
  "databaseChangelogTableOutcome": "executed"
}
{
  "timestamp": "2023-04-02T18:37:03.033Z",
  "level": "INFO",
  "class": "liquibase.executor",
  "thread": "1",
  "message": "Changelog query completed.",
  "liquibaseOperation": "rollbackCount",
  "liquibaseCommandName": "rollbackCount",
  "commandLabelFilter": "",
  "commandContextFilter": "",
  "rollbackCount": "2",
  "rollbackScript": "",
  "liquibaseTargetUrl": "jdbc:h2:tcp://localhost:9090/mem:dev",
  "databaseChangelogSQL": "UPDATE PUBLIC.DATABASECHANGELOGLOCK SET LOCKED = TRUE, LOCKEDBY = 'mmc-mbp.lan (192.168.86.30)', LOCKGRANTED = NOW() WHERE ID = 1 AND LOCKED = FALSE;",
  "databaseChangelogTableOutcome": "executed"
}
{
  "timestamp": "2023-04-02T18:37:03.035Z",
  "level": "INFO",
  "class": "liquibase.lockservice",
  "thread": "1",
  "message": "Successfully acquired change log lock",
  "liquibaseOperation": "rollbackCount",
  "liquibaseCommandName": "rollbackCount",
  "commandLabelFilter": "",
  "commandContextFilter": "",
  "rollbackCount": "2",
  "rollbackScript": "",
  "liquibaseTargetUrl": "jdbc:h2:tcp://localhost:9090/mem:dev"
}
{
  "timestamp": "2023-04-02T18:37:03.094Z",
  "level": "INFO",
  "class": "liquibase.executor",
  "thread": "1",
  "message": "Changelog query completed.",
  "liquibaseOperation": "rollbackCount",
  "liquibaseCommandName": "rollbackCount",
  "commandLabelFilter": "",
  "commandContextFilter": "",
  "rollbackCount": "2",
  "rollbackScript": "",
  "liquibaseTargetUrl": "jdbc:h2:tcp://localhost:9090/mem:dev",
  "changelogFile": "changelog.mdc-cafe.sql",
  "databaseChangelogSQL": "SELECT MD5SUM FROM PUBLIC.DATABASECHANGELOG WHERE MD5SUM IS NOT NULL;",
  "databaseChangelogTableOutcome": "executed"
}
{
  "timestamp": "2023-04-02T18:37:03.097Z",
  "level": "INFO",
  "class": "liquibase.executor",
  "thread": "1",
  "message": "Changelog query completed.",
  "liquibaseOperation": "rollbackCount",
  "liquibaseCommandName": "rollbackCount",
  "commandLabelFilter": "",
  "commandContextFilter": "",
  "rollbackCount": "2",
  "rollbackScript": "",
  "liquibaseTargetUrl": "jdbc:h2:tcp://localhost:9090/mem:dev",
  "changelogFile": "changelog.mdc-cafe.sql",
  "databaseChangelogSQL": "SELECT COUNT(*) FROM PUBLIC.DATABASECHANGELOGLOCK;",
  "databaseChangelogTableOutcome": "executed"
}
{
  "timestamp": "2023-04-02T18:37:03.102Z",
  "level": "INFO",
  "class": "liquibase.changelog",
  "thread": "1",
  "message": "Reading from PUBLIC.DATABASECHANGELOG",
  "liquibaseOperation": "rollbackCount",
  "liquibaseCommandName": "rollbackCount",
  "commandLabelFilter": "",
  "commandContextFilter": "",
  "rollbackCount": "2",
  "rollbackScript": "",
  "liquibaseTargetUrl": "jdbc:h2:tcp://localhost:9090/mem:dev",
  "changelogFile": "changelog.mdc-cafe.sql"
}
{
  "timestamp": "2023-04-02T18:37:03.106Z",
  "level": "INFO",
  "class": "liquibase.executor",
  "thread": "1",
  "message": "Changelog query completed.",
  "liquibaseOperation": "rollbackCount",
  "liquibaseCommandName": "rollbackCount",
  "commandLabelFilter": "",
  "commandContextFilter": "",
  "rollbackCount": "2",
  "rollbackScript": "",
  "liquibaseTargetUrl": "jdbc:h2:tcp://localhost:9090/mem:dev",
  "changelogFile": "changelog.mdc-cafe.sql",
  "databaseChangelogSQL": "SELECT * FROM PUBLIC.DATABASECHANGELOG ORDER BY DATEEXECUTED ASC, ORDEREXECUTED ASC;",
  "databaseChangelogTableOutcome": "executed"
}
{
  "timestamp": "2023-04-02T18:37:03.145Z",
  "level": "INFO",
  "class": "liquibase.executor",
  "thread": "1",
  "message": "Changelog query completed.",
  "liquibaseOperation": "rollbackCount",
  "liquibaseCommandName": "rollbackCount",
  "commandLabelFilter": "",
  "commandContextFilter": "",
  "rollbackCount": "2",
  "rollbackScript": "",
  "liquibaseTargetUrl": "jdbc:h2:tcp://localhost:9090/mem:dev",
  "changelogFile": "changelog.mdc-cafe.sql",
  "changesetId": "create-bonuses",
  "changesetAuthor": "mmc",
  "changesetFilepath": "changelog.mdc-cafe.sql",
  "changesetOperationStart": "2023-04-02T13:37:03.129",
  "changesetComment": "get the bonuses started",
  "changesetLabel": "fiscal",
  "changesetContext": "two",
  "changesetSql": "DROP TABLE bonuses;",
  "changesetOutcome": "executed",
  "changesetOperationStop": "2023-04-02T13:37:03.14",
  "databaseChangelogSQL": "DELETE FROM PUBLIC.DATABASECHANGELOG WHERE ID = 'create-bonuses' AND AUTHOR = 'mmc' AND FILENAME = 'changelog.mdc-cafe.sql';",
  "databaseChangelogTableOutcome": "executed"
}
{
  "timestamp": "2023-04-02T18:37:03.157Z",
  "level": "INFO",
  "class": "liquibase.executor",
  "thread": "1",
  "message": "Changelog query completed.",
  "liquibaseOperation": "rollbackCount",
  "liquibaseCommandName": "rollbackCount",
  "commandLabelFilter": "",
  "commandContextFilter": "",
  "rollbackCount": "2",
  "rollbackScript": "",
  "liquibaseTargetUrl": "jdbc:h2:tcp://localhost:9090/mem:dev",
  "changelogFile": "changelog.mdc-cafe.sql",
  "changesetId": "create-state-taxes",
  "changesetAuthor": "mmc",
  "changesetFilepath": "changelog.mdc-cafe.sql",
  "changesetOperationStart": "2023-04-02T13:37:03.152",
  "changesetComment": "get the taxes started",
  "changesetLabel": "fiscal",
  "changesetContext": "two",
  "changesetSql": "DROP TABLE state_taxes;",
  "changesetOutcome": "executed",
  "changesetOperationStop": "2023-04-02T13:37:03.155",
  "databaseChangelogSQL": "DELETE FROM PUBLIC.DATABASECHANGELOG WHERE ID = 'create-state-taxes' AND AUTHOR = 'mmc' AND FILENAME = 'changelog.mdc-cafe.sql';",
  "databaseChangelogTableOutcome": "executed"
}
{
  "timestamp": "2023-04-02T18:37:03.183Z",
  "level": "INFO",
  "class": "liquibase",
  "thread": "1",
  "message": "Rollback command completed successfully.",
  "liquibaseOperation": "rollbackCount",
  "liquibaseCommandName": "rollbackCount",
  "commandLabelFilter": "",
  "commandContextFilter": "",
  "rollbackCount": "2",
  "rollbackScript": "",
  "liquibaseTargetUrl": "jdbc:h2:tcp://localhost:9090/mem:dev",
  "changelogFile": "changelog.mdc-cafe.sql",
  "changesetsRolledback": {
    "changesetCount": 2,
    "changesets": [
      {
        "author": "mmc",
        "changesetId": "create-bonuses",
        "deploymentId": "0460621050",
        "filepath": "changelog.mdc-cafe.sql"
      },
      {
        "author": "mmc",
        "changesetId": "create-state-taxes",
        "deploymentId": "0460621050",
        "filepath": "changelog.mdc-cafe.sql"
      }
    ]
    
  },
  "deploymentOutcome": "success"
}
{
  "timestamp": "2023-04-02T18:37:03.193Z",
  "level": "INFO",
  "class": "liquibase.executor",
  "thread": "1",
  "message": "Changelog query completed.",
  "liquibaseOperation": "rollbackCount",
  "liquibaseCommandName": "rollbackCount",
  "commandLabelFilter": "",
  "commandContextFilter": "",
  "rollbackCount": "2",
  "rollbackScript": "",
  "liquibaseTargetUrl": "jdbc:h2:tcp://localhost:9090/mem:dev",
  "changelogFile": "changelog.mdc-cafe.sql",
  "changesetsRolledback": {
    "changesetCount": 2,
    "changesets": [
      {
        "author": "mmc",
        "changesetId": "create-bonuses",
        "deploymentId": "0460621050",
        "filepath": "changelog.mdc-cafe.sql"
      },
      {
        "author": "mmc",
        "changesetId": "create-state-taxes",
        "deploymentId": "0460621050",
        "filepath": "changelog.mdc-cafe.sql"
      }
    ]
    
  },
  "databaseChangelogSQL": "UPDATE PUBLIC.DATABASECHANGELOGLOCK SET LOCKED = FALSE, LOCKEDBY = NULL, LOCKGRANTED = NULL WHERE ID = 1;",
  "databaseChangelogTableOutcome": "executed"
}
{
  "timestamp": "2023-04-02T18:37:03.196Z",
  "level": "INFO",
  "class": "liquibase.lockservice",
  "thread": "1",
  "message": "Successfully released change log lock",
  "liquibaseOperation": "rollbackCount",
  "liquibaseCommandName": "rollbackCount",
  "commandLabelFilter": "",
  "commandContextFilter": "",
  "rollbackCount": "2",
  "rollbackScript": "",
  "liquibaseTargetUrl": "jdbc:h2:tcp://localhost:9090/mem:dev",
  "changelogFile": "changelog.mdc-cafe.sql",
  "changesetsRolledback": {
    "changesetCount": 2,
    "changesets": [
      {
        "author": "mmc",
        "changesetId": "create-bonuses",
        "deploymentId": "0460621050",
        "filepath": "changelog.mdc-cafe.sql"
      },
      {
        "author": "mmc",
        "changesetId": "create-state-taxes",
        "deploymentId": "0460621050",
        "filepath": "changelog.mdc-cafe.sql"
      }
    ]
    
  }
}
