{
  "timestamp": "2023-03-29T19:29:06.494Z",
  "level": "INFO",
  "class": "liquibase.integration",
  "thread": "1",
  "message": "Starting command execution.",
  "liquibaseVersion": "4.20.0",
  "liquibaseSystemUser": "mariochampion",
  "liquibaseSystemName": "mmc-mbp.local"
}
{
  "timestamp": "2023-03-29T19:29:06.595Z",
  "level": "INFO",
  "class": "liquibase.license",
  "thread": "1",
  "message": "Successfully installed license from Base64 string starting with 'ABwwGgQU6h' (property liquibaseProLicenseKey).\n",
  "liquibaseOperation": "changelogSync"
}
{
  "timestamp": "2023-03-29T19:29:06.745Z",
  "level": "INFO",
  "class": "liquibase.database",
  "thread": "1",
  "message": "Set default schema name to PUBLIC",
  "liquibaseOperation": "changelogSync",
  "liquibaseCommandName": "changelogSync"
}
{
  "timestamp": "2023-03-29T19:29:06.841Z",
  "level": "INFO",
  "class": "liquibase.executor",
  "thread": "1",
  "message": "Changelog query completed.",
  "liquibaseOperation": "changelogSync",
  "liquibaseCommandName": "changelogSync",
  "databaseChangelogSQL": "CREATE TABLE PUBLIC.DATABASECHANGELOGLOCK (ID INT NOT NULL, LOCKED BOOLEAN NOT NULL, LOCKGRANTED TIMESTAMP, LOCKEDBY VARCHAR(255), CONSTRAINT PK_DATABASECHANGELOGLOCK PRIMARY KEY (ID));",
  "databaseChangelogTableOutcome": "executed"
}
{
  "timestamp": "2023-03-29T19:29:06.846Z",
  "level": "INFO",
  "class": "liquibase.executor",
  "thread": "1",
  "message": "Changelog query completed.",
  "liquibaseOperation": "changelogSync",
  "liquibaseCommandName": "changelogSync",
  "databaseChangelogSQL": "SELECT COUNT(*) FROM PUBLIC.DATABASECHANGELOGLOCK;",
  "databaseChangelogTableOutcome": "executed"
}
{
  "timestamp": "2023-03-29T19:29:06.852Z",
  "level": "INFO",
  "class": "liquibase.executor",
  "thread": "1",
  "message": "Changelog query completed.",
  "liquibaseOperation": "changelogSync",
  "liquibaseCommandName": "changelogSync",
  "databaseChangelogSQL": "DELETE FROM PUBLIC.DATABASECHANGELOGLOCK;\nINSERT INTO PUBLIC.DATABASECHANGELOGLOCK (ID, LOCKED) VALUES (1, FALSE);",
  "databaseChangelogTableOutcome": "executed"
}
{
  "timestamp": "2023-03-29T19:29:06.859Z",
  "level": "INFO",
  "class": "liquibase.executor",
  "thread": "1",
  "message": "Changelog query completed.",
  "liquibaseOperation": "changelogSync",
  "liquibaseCommandName": "changelogSync",
  "databaseChangelogSQL": "SELECT LOCKED FROM PUBLIC.DATABASECHANGELOGLOCK WHERE ID=1;",
  "databaseChangelogTableOutcome": "executed"
}
{
  "timestamp": "2023-03-29T19:29:06.865Z",
  "level": "INFO",
  "class": "liquibase.executor",
  "thread": "1",
  "message": "Changelog query completed.",
  "liquibaseOperation": "changelogSync",
  "liquibaseCommandName": "changelogSync",
  "databaseChangelogSQL": "UPDATE PUBLIC.DATABASECHANGELOGLOCK SET LOCKED = TRUE, LOCKEDBY = 'mmc-mbp.local (192.168.12.47)', LOCKGRANTED = NOW() WHERE ID = 1 AND LOCKED = FALSE;",
  "databaseChangelogTableOutcome": "executed"
}
{
  "timestamp": "2023-03-29T19:29:06.867Z",
  "level": "INFO",
  "class": "liquibase.lockservice",
  "thread": "1",
  "message": "Successfully acquired change log lock",
  "liquibaseOperation": "changelogSync",
  "liquibaseCommandName": "changelogSync"
}
{
  "timestamp": "2023-03-29T19:29:06.904Z",
  "level": "INFO",
  "class": "liquibase.changelog",
  "thread": "1",
  "message": "Creating database history table with name: PUBLIC.DATABASECHANGELOG",
  "liquibaseOperation": "changelogSync",
  "liquibaseCommandName": "changelogSync",
  "changelogFile": "changelog.mdc-cafe.sql"
}
{
  "timestamp": "2023-03-29T19:29:06.910Z",
  "level": "INFO",
  "class": "liquibase.executor",
  "thread": "1",
  "message": "Changelog query completed.",
  "liquibaseOperation": "changelogSync",
  "liquibaseCommandName": "changelogSync",
  "changelogFile": "changelog.mdc-cafe.sql",
  "databaseChangelogSQL": "CREATE TABLE PUBLIC.DATABASECHANGELOG (ID VARCHAR(255) NOT NULL, AUTHOR VARCHAR(255) NOT NULL, FILENAME VARCHAR(255) NOT NULL, DATEEXECUTED TIMESTAMP NOT NULL, ORDEREXECUTED INT NOT NULL, EXECTYPE VARCHAR(10) NOT NULL, MD5SUM VARCHAR(35), DESCRIPTION VARCHAR(255), COMMENTS VARCHAR(255), TAG VARCHAR(255), LIQUIBASE VARCHAR(20), CONTEXTS VARCHAR(255), LABELS VARCHAR(255), DEPLOYMENT_ID VARCHAR(10));",
  "databaseChangelogTableOutcome": "executed"
}
{
  "timestamp": "2023-03-29T19:29:06.913Z",
  "level": "INFO",
  "class": "liquibase.changelog",
  "thread": "1",
  "message": "Reading from PUBLIC.DATABASECHANGELOG",
  "liquibaseOperation": "changelogSync",
  "liquibaseCommandName": "changelogSync",
  "changelogFile": "changelog.mdc-cafe.sql"
}
{
  "timestamp": "2023-03-29T19:29:06.916Z",
  "level": "INFO",
  "class": "liquibase.executor",
  "thread": "1",
  "message": "Changelog query completed.",
  "liquibaseOperation": "changelogSync",
  "liquibaseCommandName": "changelogSync",
  "changelogFile": "changelog.mdc-cafe.sql",
  "databaseChangelogSQL": "SELECT * FROM PUBLIC.DATABASECHANGELOG ORDER BY DATEEXECUTED ASC, ORDEREXECUTED ASC;",
  "databaseChangelogTableOutcome": "executed"
}
{
  "timestamp": "2023-03-29T19:29:06.919Z",
  "level": "INFO",
  "class": "liquibase.executor",
  "thread": "1",
  "message": "Changelog query completed.",
  "liquibaseOperation": "changelogSync",
  "liquibaseCommandName": "changelogSync",
  "changelogFile": "changelog.mdc-cafe.sql",
  "databaseChangelogSQL": "SELECT COUNT(*) FROM PUBLIC.DATABASECHANGELOGLOCK;",
  "databaseChangelogTableOutcome": "executed"
}
{
  "timestamp": "2023-03-29T19:29:06.939Z",
  "level": "INFO",
  "class": "liquibase.executor",
  "thread": "1",
  "message": "Changelog query completed.",
  "liquibaseOperation": "changelogSync",
  "liquibaseCommandName": "changelogSync",
  "changelogFile": "changelog.mdc-cafe.sql",
  "databaseChangelogSQL": "SELECT MAX(ORDEREXECUTED) FROM PUBLIC.DATABASECHANGELOG;",
  "databaseChangelogTableOutcome": "executed"
}
{
  "timestamp": "2023-03-29T19:29:06.943Z",
  "level": "INFO",
  "class": "liquibase.executor",
  "thread": "1",
  "message": "Changelog query completed.",
  "liquibaseOperation": "changelogSync",
  "liquibaseCommandName": "changelogSync",
  "changelogFile": "changelog.mdc-cafe.sql",
  "databaseChangelogTableOutcome": "executed"
}
{
  "timestamp": "2023-03-29T19:29:06.949Z",
  "level": "INFO",
  "class": "liquibase.executor",
  "thread": "1",
  "message": "Changelog query completed.",
  "liquibaseOperation": "changelogSync",
  "liquibaseCommandName": "changelogSync",
  "changelogFile": "changelog.mdc-cafe.sql",
  "databaseChangelogTableOutcome": "executed"
}
{
  "timestamp": "2023-03-29T19:29:06.952Z",
  "level": "INFO",
  "class": "liquibase.executor",
  "thread": "1",
  "message": "Changelog query completed.",
  "liquibaseOperation": "changelogSync",
  "liquibaseCommandName": "changelogSync",
  "changelogFile": "changelog.mdc-cafe.sql",
  "databaseChangelogTableOutcome": "executed"
}
{
  "timestamp": "2023-03-29T19:29:06.957Z",
  "level": "INFO",
  "class": "liquibase.executor",
  "thread": "1",
  "message": "Changelog query completed.",
  "liquibaseOperation": "changelogSync",
  "liquibaseCommandName": "changelogSync",
  "changelogFile": "changelog.mdc-cafe.sql",
  "databaseChangelogTableOutcome": "executed"
}
{
  "timestamp": "2023-03-29T19:29:06.961Z",
  "level": "INFO",
  "class": "liquibase.executor",
  "thread": "1",
  "message": "Changelog query completed.",
  "liquibaseOperation": "changelogSync",
  "liquibaseCommandName": "changelogSync",
  "changelogFile": "changelog.mdc-cafe.sql",
  "databaseChangelogTableOutcome": "executed"
}
{
  "timestamp": "2023-03-29T19:29:06.966Z",
  "level": "INFO",
  "class": "liquibase.executor",
  "thread": "1",
  "message": "Changelog query completed.",
  "liquibaseOperation": "changelogSync",
  "liquibaseCommandName": "changelogSync",
  "changelogFile": "changelog.mdc-cafe.sql",
  "databaseChangelogTableOutcome": "executed"
}
{
  "timestamp": "2023-03-29T19:29:06.970Z",
  "level": "INFO",
  "class": "liquibase.executor",
  "thread": "1",
  "message": "Changelog query completed.",
  "liquibaseOperation": "changelogSync",
  "liquibaseCommandName": "changelogSync",
  "changelogFile": "changelog.mdc-cafe.sql",
  "databaseChangelogTableOutcome": "executed"
}
{
  "timestamp": "2023-03-29T19:29:06.975Z",
  "level": "INFO",
  "class": "liquibase.executor",
  "thread": "1",
  "message": "Changelog query completed.",
  "liquibaseOperation": "changelogSync",
  "liquibaseCommandName": "changelogSync",
  "changelogFile": "changelog.mdc-cafe.sql",
  "databaseChangelogTableOutcome": "executed"
}
{
  "timestamp": "2023-03-29T19:29:06.980Z",
  "level": "INFO",
  "class": "liquibase.executor",
  "thread": "1",
  "message": "Changelog query completed.",
  "liquibaseOperation": "changelogSync",
  "liquibaseCommandName": "changelogSync",
  "changelogFile": "changelog.mdc-cafe.sql",
  "databaseChangelogTableOutcome": "executed"
}
{
  "timestamp": "2023-03-29T19:29:06.984Z",
  "level": "INFO",
  "class": "liquibase.executor",
  "thread": "1",
  "message": "Changelog query completed.",
  "liquibaseOperation": "changelogSync",
  "liquibaseCommandName": "changelogSync",
  "changelogFile": "changelog.mdc-cafe.sql",
  "databaseChangelogTableOutcome": "executed"
}
{
  "timestamp": "2023-03-29T19:29:06.988Z",
  "level": "INFO",
  "class": "liquibase.executor",
  "thread": "1",
  "message": "Changelog query completed.",
  "liquibaseOperation": "changelogSync",
  "liquibaseCommandName": "changelogSync",
  "changelogFile": "changelog.mdc-cafe.sql",
  "databaseChangelogSQL": "UPDATE PUBLIC.DATABASECHANGELOGLOCK SET LOCKED = FALSE, LOCKEDBY = NULL, LOCKGRANTED = NULL WHERE ID = 1;",
  "databaseChangelogTableOutcome": "executed"
}
{
  "timestamp": "2023-03-29T19:29:06.990Z",
  "level": "INFO",
  "class": "liquibase.lockservice",
  "thread": "1",
  "message": "Successfully released change log lock",
  "liquibaseOperation": "changelogSync",
  "liquibaseCommandName": "changelogSync",
  "changelogFile": "changelog.mdc-cafe.sql"
}
{
  "timestamp": "2023-03-29T21:01:42.325Z",
  "level": "INFO",
  "class": "liquibase.integration",
  "thread": "1",
  "message": "Starting command execution.",
  "liquibaseVersion": "4.20.0",
  "liquibaseSystemUser": "mariochampion",
  "liquibaseSystemName": "mmc-mbp.lan"
}
{
  "timestamp": "2023-03-29T21:01:42.422Z",
  "level": "INFO",
  "class": "liquibase.license",
  "thread": "1",
  "message": "Successfully installed license from Base64 string starting with 'ABwwGgQU6h' (property liquibaseProLicenseKey).\n",
  "liquibaseOperation": "changelogSync"
}
{
  "timestamp": "2023-03-29T21:01:43.754Z",
  "level": "SEVERE",
  "class": "liquibase.integration",
  "thread": "1",
  "message": "Connection could not be created to jdbc:h2:tcp://localhost:9090/mem:dev with driver org.h2.Driver. Make sure your H2 database is active and accessible by opening a new terminal window, run \"liquibase init start-h2\", and then return to this terminal window to run commands.  Connection is broken: \"java.net.ConnectException: Connection refused: localhost:9090\" [90067-214]",
  "exception": "\nliquibase.exception.CommandExecutionException: liquibase.exception.DatabaseException: liquibase.exception.DatabaseException: liquibase.exception.DatabaseException: liquibase.exception.DatabaseException: Connection could not be created to jdbc:h2:tcp://localhost:9090/mem:dev with driver org.h2.Driver. Make sure your H2 database is active and accessible by opening a new terminal window, run \"liquibase init start-h2\", and then return to this terminal window to run commands.  Connection is broken: \"java.net.ConnectException: Connection refused: localhost:9090\" [90067-214]\n\tat liquibase.command.CommandScope.execute(CommandScope.java:209)\n\tat liquibase.integration.commandline.CommandRunner.call(CommandRunner.java:55)\n\tat liquibase.integration.commandline.CommandRunner.call(CommandRunner.java:24)\n\tat picocli.CommandLine.executeUserObject(CommandLine.java:2041)\n\tat picocli.CommandLine.access$1500(CommandLine.java:148)\n\tat picocli.CommandLine$RunLast.executeUserObjectOfLastSubcommandWithSameParent(CommandLine.java:2461)\n\tat picocli.CommandLine$RunLast.handle(CommandLine.java:2453)\n\tat picocli.CommandLine$RunLast.handle(CommandLine.java:2415)\n\tat picocli.CommandLine$AbstractParseResultHandler.execute(CommandLine.java:2273)\n\tat picocli.CommandLine$RunLast.execute(CommandLine.java:2417)\n\tat picocli.CommandLine.execute(CommandLine.java:2170)\n\tat liquibase.integration.commandline.LiquibaseCommandLine.lambda$null$2(LiquibaseCommandLine.java:367)\n\tat liquibase.Scope.child(Scope.java:196)\n\tat liquibase.Scope.child(Scope.java:172)\n\tat liquibase.integration.commandline.LiquibaseCommandLine.lambda$execute$3(LiquibaseCommandLine.java:332)\n\tat liquibase.Scope.child(Scope.java:196)\n\tat liquibase.Scope.child(Scope.java:172)\n\tat liquibase.integration.commandline.LiquibaseCommandLine.execute(LiquibaseCommandLine.java:330)\n\tat liquibase.integration.commandline.LiquibaseCommandLine.main(LiquibaseCommandLine.java:91)\n\tat java.base/jdk.internal.reflect.NativeMethodAccessorImpl.invoke0(Native Method)\n\tat java.base/jdk.internal.reflect.NativeMethodAccessorImpl.invoke(NativeMethodAccessorImpl.java:62)\n\tat java.base/jdk.internal.reflect.DelegatingMethodAccessorImpl.invoke(DelegatingMethodAccessorImpl.java:43)\n\tat java.base/java.lang.reflect.Method.invoke(Method.java:567)\n\tat liquibase.integration.commandline.LiquibaseLauncher.main(LiquibaseLauncher.java:107)\nCaused by: liquibase.exception.DatabaseException: liquibase.exception.DatabaseException: liquibase.exception.DatabaseException: liquibase.exception.DatabaseException: Connection could not be created to jdbc:h2:tcp://localhost:9090/mem:dev with driver org.h2.Driver. Make sure your H2 database is active and accessible by opening a new terminal window, run \"liquibase init start-h2\", and then return to this terminal window to run commands.  Connection is broken: \"java.net.ConnectException: Connection refused: localhost:9090\" [90067-214]\n\tat liquibase.integration.commandline.CommandLineUtils.createDatabaseObject(CommandLineUtils.java:142)\n\tat liquibase.integration.commandline.Main.doMigration(Main.java:1501)\n\tat liquibase.integration.commandline.Main$1.lambda$run$0(Main.java:415)\n\tat liquibase.Scope.lambda$child$0(Scope.java:187)\n\tat liquibase.Scope.child(Scope.java:196)\n\tat liquibase.Scope.child(Scope.java:186)\n\tat liquibase.Scope.child(Scope.java:165)\n\tat liquibase.integration.commandline.Main$1.run(Main.java:414)\n\tat liquibase.integration.commandline.Main$1.run(Main.java:231)\n\tat liquibase.Scope.child(Scope.java:196)\n\tat liquibase.Scope.child(Scope.java:172)\n\tat liquibase.integration.commandline.Main.run(Main.java:231)\n\tat liquibase.command.AbstractCliWrapperCommandStep.run(AbstractCliWrapperCommandStep.java:32)\n\tat liquibase.command.CommandScope.execute(CommandScope.java:195)\n\t... 23 more\nCaused by: liquibase.exception.DatabaseException: liquibase.exception.DatabaseException: liquibase.exception.DatabaseException: Connection could not be created to jdbc:h2:tcp://localhost:9090/mem:dev with driver org.h2.Driver. Make sure your H2 database is active and accessible by opening a new terminal window, run \"liquibase init start-h2\", and then return to this terminal window to run commands.  Connection is broken: \"java.net.ConnectException: Connection refused: localhost:9090\" [90067-214]\n\tat liquibase.database.DatabaseFactory.openConnection(DatabaseFactory.java:221)\n\tat liquibase.database.DatabaseFactory.openConnection(DatabaseFactory.java:179)\n\tat liquibase.database.DatabaseFactory.openDatabase(DatabaseFactory.java:144)\n\tat liquibase.integration.commandline.CommandLineUtils.createDatabaseObject(CommandLineUtils.java:96)\n\t... 36 more\nCaused by: liquibase.exception.DatabaseException: liquibase.exception.DatabaseException: Connection could not be created to jdbc:h2:tcp://localhost:9090/mem:dev with driver org.h2.Driver. Make sure your H2 database is active and accessible by opening a new terminal window, run \"liquibase init start-h2\", and then return to this terminal window to run commands.  Connection is broken: \"java.net.ConnectException: Connection refused: localhost:9090\" [90067-214]\n\tat liquibase.database.ConnectionServiceFactory.create(ConnectionServiceFactory.java:35)\n\tat liquibase.database.DatabaseFactory.openConnection(DatabaseFactory.java:218)\n\t... 39 more\nCaused by: liquibase.exception.DatabaseException: Connection could not be created to jdbc:h2:tcp://localhost:9090/mem:dev with driver org.h2.Driver. Make sure your H2 database is active and accessible by opening a new terminal window, run \"liquibase init start-h2\", and then return to this terminal window to run commands.  Connection is broken: \"java.net.ConnectException: Connection refused: localhost:9090\" [90067-214]\n\tat liquibase.database.jvm.JdbcConnection.open(JdbcConnection.java:91)\n\tat com.datical.liquibase.ext.database.jvm.ProJdbcConnection.open(Unknown Source)\n\tat liquibase.database.ConnectionServiceFactory.create(ConnectionServiceFactory.java:32)\n\t... 40 more\nCaused by: org.h2.jdbc.JdbcSQLNonTransientConnectionException: Connection is broken: \"java.net.ConnectException: Connection refused: localhost:9090\" [90067-214]\n\tat org.h2.message.DbException.getJdbcSQLException(DbException.java:678)\n\tat org.h2.message.DbException.getJdbcSQLException(DbException.java:477)\n\tat org.h2.message.DbException.get(DbException.java:212)\n\tat org.h2.engine.SessionRemote.connectServer(SessionRemote.java:437)\n\tat org.h2.engine.SessionRemote.connectEmbeddedOrServer(SessionRemote.java:325)\n\tat org.h2.jdbc.JdbcConnection.<init>(JdbcConnection.java:122)\n\tat org.h2.Driver.connect(Driver.java:59)\n\tat liquibase.database.jvm.JdbcConnection.open(JdbcConnection.java:83)\n\t... 42 more\nCaused by: java.net.ConnectException: Connection refused\n\tat java.base/sun.nio.ch.Net.pollConnect(Native Method)\n\tat java.base/sun.nio.ch.Net.pollConnectNow(Net.java:579)\n\tat java.base/sun.nio.ch.NioSocketImpl.timedFinishConnect(NioSocketImpl.java:549)\n\tat java.base/sun.nio.ch.NioSocketImpl.connect(NioSocketImpl.java:597)\n\tat java.base/java.net.SocksSocketImpl.connect(SocksSocketImpl.java:339)\n\tat java.base/java.net.Socket.connect(Socket.java:585)\n\tat org.h2.util.NetUtils.createSocket(NetUtils.java:135)\n\tat org.h2.util.NetUtils.createSocket(NetUtils.java:99)\n\tat org.h2.engine.SessionRemote.initTransfer(SessionRemote.java:130)\n\tat org.h2.engine.SessionRemote.connectServer(SessionRemote.java:433)\n\t... 46 more\n",
  "liquibaseOperation": "changelogSync"
}
