{
  "timestamp": "2023-04-02T18:36:17.371Z",
  "level": "INFO",
  "class": "liquibase.integration",
  "thread": "1",
  "message": "Starting command execution.",
  "liquibaseVersion": "4.20.0",
  "liquibaseSystemUser": "mariochampion",
  "liquibaseSystemName": "mmc-mbp.lan"
}
{
  "timestamp": "2023-04-02T18:36:17.507Z",
  "level": "INFO",
  "class": "liquibase.license",
  "thread": "1",
  "message": "Successfully installed license from Base64 string starting with 'ABwwGgQU6h' (property liquibaseProLicenseKey).\n",
  "liquibaseOperation": "updateToTag"
}
{
  "timestamp": "2023-04-02T18:36:17.645Z",
  "level": "INFO",
  "class": "liquibase.database",
  "thread": "1",
  "message": "Set default schema name to PUBLIC",
  "liquibaseOperation": "updateToTag",
  "liquibaseCommandName": "updateToTag"
}
{
  "timestamp": "2023-04-02T18:36:17.753Z",
  "level": "INFO",
  "class": "liquibase.executor",
  "thread": "1",
  "message": "Changelog query completed.",
  "liquibaseOperation": "updateToTag",
  "liquibaseCommandName": "updateToTag",
  "commandLabelFilter": "",
  "commandContextFilter": "",
  "databaseChangelogSQL": "SELECT COUNT(*) FROM PUBLIC.DATABASECHANGELOGLOCK;",
  "databaseChangelogTableOutcome": "executed"
}
{
  "timestamp": "2023-04-02T18:36:17.759Z",
  "level": "INFO",
  "class": "liquibase.executor",
  "thread": "1",
  "message": "Changelog query completed.",
  "liquibaseOperation": "updateToTag",
  "liquibaseCommandName": "updateToTag",
  "commandLabelFilter": "",
  "commandContextFilter": "",
  "databaseChangelogSQL": "SELECT LOCKED FROM PUBLIC.DATABASECHANGELOGLOCK WHERE ID=1;",
  "databaseChangelogTableOutcome": "executed"
}
{
  "timestamp": "2023-04-02T18:36:17.780Z",
  "level": "INFO",
  "class": "liquibase.executor",
  "thread": "1",
  "message": "Changelog query completed.",
  "liquibaseOperation": "updateToTag",
  "liquibaseCommandName": "updateToTag",
  "commandLabelFilter": "",
  "commandContextFilter": "",
  "databaseChangelogSQL": "UPDATE PUBLIC.DATABASECHANGELOGLOCK SET LOCKED = TRUE, LOCKEDBY = 'mmc-mbp.lan (192.168.86.30)', LOCKGRANTED = NOW() WHERE ID = 1 AND LOCKED = FALSE;",
  "databaseChangelogTableOutcome": "executed"
}
{
  "timestamp": "2023-04-02T18:36:17.782Z",
  "level": "INFO",
  "class": "liquibase.lockservice",
  "thread": "1",
  "message": "Successfully acquired change log lock",
  "liquibaseOperation": "updateToTag",
  "liquibaseCommandName": "updateToTag",
  "commandLabelFilter": "",
  "commandContextFilter": ""
}
{
  "timestamp": "2023-04-02T18:36:17.993Z",
  "level": "INFO",
  "class": "liquibase.executor",
  "thread": "1",
  "message": "Changelog query completed.",
  "liquibaseOperation": "updateToTag",
  "liquibaseCommandName": "updateToTag",
  "commandLabelFilter": "",
  "commandContextFilter": "",
  "liquibaseTargetUrl": "jdbc:h2:tcp://localhost:9090/mem:dev",
  "changelogFile": "changelog.mdc-04-errors.xml",
  "databaseChangelogSQL": "SELECT MD5SUM FROM PUBLIC.DATABASECHANGELOG WHERE MD5SUM IS NOT NULL;",
  "databaseChangelogTableOutcome": "executed"
}
{
  "timestamp": "2023-04-02T18:36:17.996Z",
  "level": "INFO",
  "class": "liquibase.changelog",
  "thread": "1",
  "message": "Reading from PUBLIC.DATABASECHANGELOG",
  "liquibaseOperation": "updateToTag",
  "liquibaseCommandName": "updateToTag",
  "commandLabelFilter": "",
  "commandContextFilter": "",
  "liquibaseTargetUrl": "jdbc:h2:tcp://localhost:9090/mem:dev",
  "changelogFile": "changelog.mdc-04-errors.xml"
}
{
  "timestamp": "2023-04-02T18:36:18.001Z",
  "level": "INFO",
  "class": "liquibase.executor",
  "thread": "1",
  "message": "Changelog query completed.",
  "liquibaseOperation": "updateToTag",
  "liquibaseCommandName": "updateToTag",
  "commandLabelFilter": "",
  "commandContextFilter": "",
  "liquibaseTargetUrl": "jdbc:h2:tcp://localhost:9090/mem:dev",
  "changelogFile": "changelog.mdc-04-errors.xml",
  "databaseChangelogSQL": "SELECT * FROM PUBLIC.DATABASECHANGELOG ORDER BY DATEEXECUTED ASC, ORDEREXECUTED ASC;",
  "databaseChangelogTableOutcome": "executed"
}
{
  "timestamp": "2023-04-02T18:36:18.007Z",
  "level": "INFO",
  "class": "liquibase.executor",
  "thread": "1",
  "message": "Changelog query completed.",
  "liquibaseOperation": "updateToTag",
  "liquibaseCommandName": "updateToTag",
  "commandLabelFilter": "",
  "commandContextFilter": "",
  "liquibaseTargetUrl": "jdbc:h2:tcp://localhost:9090/mem:dev",
  "changelogFile": "changelog.mdc-04-errors.xml",
  "databaseChangelogSQL": "SELECT COUNT(*) FROM PUBLIC.DATABASECHANGELOGLOCK;",
  "databaseChangelogTableOutcome": "executed"
}
{
  "timestamp": "2023-04-02T18:36:18.089Z",
  "level": "INFO",
  "class": "liquibase.changelog",
  "thread": "1",
  "message": "Table person04 created",
  "liquibaseOperation": "updateToTag",
  "liquibaseCommandName": "updateToTag",
  "commandLabelFilter": "",
  "commandContextFilter": "",
  "liquibaseTargetUrl": "jdbc:h2:tcp://localhost:9090/mem:dev",
  "changelogFile": "changelog.mdc-04-errors.xml",
  "deploymentId": "0460578059",
  "changesetId": "mdc-xml-01",
  "changesetAuthor": "mmc-xml",
  "changesetFilepath": "changelog.mdc-04-errors.xml",
  "changesetComment": "example-comment",
  "changesetLabel": "simple",
  "changesetContext": "example-context",
  "changesetOperationStart": "2023-04-02T13:36:18.08",
  "changesetSql": "CREATE TABLE PUBLIC.person04 (id INT GENERATED BY DEFAULT AS IDENTITY NOT NULL, name VARCHAR(50) NOT NULL, address1 VARCHAR(50), address2 VARCHAR(50), city VARCHAR(30), CONSTRAINT PK_PERSON04 PRIMARY KEY (id));"
}
{
  "timestamp": "2023-04-02T18:36:18.092Z",
  "level": "INFO",
  "class": "liquibase.changelog",
  "thread": "1",
  "message": "ChangeSet changelog.mdc-04-errors.xml::mdc-xml-01::mmc-xml ran successfully in 13ms",
  "liquibaseOperation": "updateToTag",
  "liquibaseCommandName": "updateToTag",
  "commandLabelFilter": "",
  "commandContextFilter": "",
  "liquibaseTargetUrl": "jdbc:h2:tcp://localhost:9090/mem:dev",
  "changelogFile": "changelog.mdc-04-errors.xml",
  "deploymentId": "0460578059",
  "changesetId": "mdc-xml-01",
  "changesetAuthor": "mmc-xml",
  "changesetFilepath": "changelog.mdc-04-errors.xml",
  "changesetComment": "example-comment",
  "changesetLabel": "simple",
  "changesetContext": "example-context",
  "changesetOperationStart": "2023-04-02T13:36:18.08",
  "changesetSql": "CREATE TABLE PUBLIC.person04 (id INT GENERATED BY DEFAULT AS IDENTITY NOT NULL, name VARCHAR(50) NOT NULL, address1 VARCHAR(50), address2 VARCHAR(50), city VARCHAR(30), CONSTRAINT PK_PERSON04 PRIMARY KEY (id));",
  "changesetOperationStop": "2023-04-02T13:36:18.092",
  "changesetOutcome": "executed"
}
{
  "timestamp": "2023-04-02T18:36:18.097Z",
  "level": "INFO",
  "class": "liquibase.executor",
  "thread": "1",
  "message": "Changelog query completed.",
  "liquibaseOperation": "updateToTag",
  "liquibaseCommandName": "updateToTag",
  "commandLabelFilter": "",
  "commandContextFilter": "",
  "liquibaseTargetUrl": "jdbc:h2:tcp://localhost:9090/mem:dev",
  "changelogFile": "changelog.mdc-04-errors.xml",
  "deploymentId": "0460578059",
  "changesetId": "mdc-xml-01",
  "changesetAuthor": "mmc-xml",
  "changesetFilepath": "changelog.mdc-04-errors.xml",
  "changesetComment": "example-comment",
  "changesetLabel": "simple",
  "changesetContext": "example-context",
  "changesetOperationStart": "2023-04-02T13:36:18.08",
  "changesetSql": "CREATE TABLE PUBLIC.person04 (id INT GENERATED BY DEFAULT AS IDENTITY NOT NULL, name VARCHAR(50) NOT NULL, address1 VARCHAR(50), address2 VARCHAR(50), city VARCHAR(30), CONSTRAINT PK_PERSON04 PRIMARY KEY (id));",
  "changesetOperationStop": "2023-04-02T13:36:18.092",
  "changesetOutcome": "executed",
  "databaseChangelogSQL": "SELECT MAX(ORDEREXECUTED) FROM PUBLIC.DATABASECHANGELOG;",
  "databaseChangelogTableOutcome": "executed"
}
{
  "timestamp": "2023-04-02T18:36:18.102Z",
  "level": "INFO",
  "class": "liquibase.executor",
  "thread": "1",
  "message": "Changelog query completed.",
  "liquibaseOperation": "updateToTag",
  "liquibaseCommandName": "updateToTag",
  "commandLabelFilter": "",
  "commandContextFilter": "",
  "liquibaseTargetUrl": "jdbc:h2:tcp://localhost:9090/mem:dev",
  "changelogFile": "changelog.mdc-04-errors.xml",
  "deploymentId": "0460578059",
  "changesetId": "mdc-xml-01",
  "changesetAuthor": "mmc-xml",
  "changesetFilepath": "changelog.mdc-04-errors.xml",
  "changesetComment": "example-comment",
  "changesetLabel": "simple",
  "changesetContext": "example-context",
  "changesetOperationStart": "2023-04-02T13:36:18.08",
  "changesetSql": "CREATE TABLE PUBLIC.person04 (id INT GENERATED BY DEFAULT AS IDENTITY NOT NULL, name VARCHAR(50) NOT NULL, address1 VARCHAR(50), address2 VARCHAR(50), city VARCHAR(30), CONSTRAINT PK_PERSON04 PRIMARY KEY (id));",
  "changesetOperationStop": "2023-04-02T13:36:18.092",
  "changesetOutcome": "executed",
  "databaseChangelogTableOutcome": "executed"
}
{
  "timestamp": "2023-04-02T18:36:18.108Z",
  "level": "INFO",
  "class": "liquibase.changelog",
  "thread": "1",
  "message": "Tag 'r01' applied to database",
  "liquibaseOperation": "updateToTag",
  "liquibaseCommandName": "updateToTag",
  "commandLabelFilter": "",
  "commandContextFilter": "",
  "liquibaseTargetUrl": "jdbc:h2:tcp://localhost:9090/mem:dev",
  "changelogFile": "changelog.mdc-04-errors.xml",
  "deploymentId": "0460578059",
  "changesetId": "tagDatabase-example",
  "changesetAuthor": "liquibase-docs",
  "changesetFilepath": "changelog.mdc-04-errors.xml",
  "changesetComment": "",
  "changesetLabel": "",
  "changesetContext": "",
  "changesetOperationStart": "2023-04-02T13:36:18.107",
  "changesetSql": ""
}
{
  "timestamp": "2023-04-02T18:36:18.110Z",
  "level": "INFO",
  "class": "liquibase.changelog",
  "thread": "1",
  "message": "ChangeSet changelog.mdc-04-errors.xml::tagDatabase-example::liquibase-docs ran successfully in 2ms",
  "liquibaseOperation": "updateToTag",
  "liquibaseCommandName": "updateToTag",
  "commandLabelFilter": "",
  "commandContextFilter": "",
  "liquibaseTargetUrl": "jdbc:h2:tcp://localhost:9090/mem:dev",
  "changelogFile": "changelog.mdc-04-errors.xml",
  "deploymentId": "0460578059",
  "changesetId": "tagDatabase-example",
  "changesetAuthor": "liquibase-docs",
  "changesetFilepath": "changelog.mdc-04-errors.xml",
  "changesetComment": "",
  "changesetLabel": "",
  "changesetContext": "",
  "changesetOperationStart": "2023-04-02T13:36:18.107",
  "changesetSql": "",
  "changesetOperationStop": "2023-04-02T13:36:18.109",
  "changesetOutcome": "executed"
}
{
  "timestamp": "2023-04-02T18:36:18.113Z",
  "level": "INFO",
  "class": "liquibase.executor",
  "thread": "1",
  "message": "Changelog query completed.",
  "liquibaseOperation": "updateToTag",
  "liquibaseCommandName": "updateToTag",
  "commandLabelFilter": "",
  "commandContextFilter": "",
  "liquibaseTargetUrl": "jdbc:h2:tcp://localhost:9090/mem:dev",
  "changelogFile": "changelog.mdc-04-errors.xml",
  "deploymentId": "0460578059",
  "changesetId": "tagDatabase-example",
  "changesetAuthor": "liquibase-docs",
  "changesetFilepath": "changelog.mdc-04-errors.xml",
  "changesetComment": "",
  "changesetLabel": "",
  "changesetContext": "",
  "changesetOperationStart": "2023-04-02T13:36:18.107",
  "changesetSql": "",
  "changesetOperationStop": "2023-04-02T13:36:18.109",
  "changesetOutcome": "executed",
  "databaseChangelogTableOutcome": "executed"
}
{
  "timestamp": "2023-04-02T18:36:18.118Z",
  "level": "INFO",
  "class": "liquibase",
  "thread": "1",
  "message": "Update command completed successfully.",
  "liquibaseOperation": "updateToTag",
  "liquibaseCommandName": "updateToTag",
  "commandLabelFilter": "",
  "commandContextFilter": "",
  "liquibaseTargetUrl": "jdbc:h2:tcp://localhost:9090/mem:dev",
  "changelogFile": "changelog.mdc-04-errors.xml",
  "deploymentId": "0460578059",
  "deploymentOutcome": "success",
  "deploymentOutcomeCount": "2"
}
{
  "timestamp": "2023-04-02T18:36:18.123Z",
  "level": "INFO",
  "class": "liquibase.executor",
  "thread": "1",
  "message": "Changelog query completed.",
  "liquibaseOperation": "updateToTag",
  "liquibaseCommandName": "updateToTag",
  "commandLabelFilter": "",
  "commandContextFilter": "",
  "liquibaseTargetUrl": "jdbc:h2:tcp://localhost:9090/mem:dev",
  "changelogFile": "changelog.mdc-04-errors.xml",
  "deploymentId": "0460578059",
  "databaseChangelogSQL": "UPDATE PUBLIC.DATABASECHANGELOGLOCK SET LOCKED = FALSE, LOCKEDBY = NULL, LOCKGRANTED = NULL WHERE ID = 1;",
  "databaseChangelogTableOutcome": "executed"
}
{
  "timestamp": "2023-04-02T18:36:18.124Z",
  "level": "INFO",
  "class": "liquibase.lockservice",
  "thread": "1",
  "message": "Successfully released change log lock",
  "liquibaseOperation": "updateToTag",
  "liquibaseCommandName": "updateToTag",
  "commandLabelFilter": "",
  "commandContextFilter": "",
  "liquibaseTargetUrl": "jdbc:h2:tcp://localhost:9090/mem:dev",
  "changelogFile": "changelog.mdc-04-errors.xml",
  "deploymentId": "0460578059"
}
