{
  "timestamp": "2023-03-29T19:30:25.263Z",
  "level": "INFO",
  "class": "liquibase.integration",
  "thread": "1",
  "message": "Starting command execution.",
  "liquibaseVersion": "4.20.0",
  "liquibaseSystemUser": "mariochampion",
  "liquibaseSystemName": "mmc-mbp.local"
}
{
  "timestamp": "2023-03-29T19:30:25.403Z",
  "level": "INFO",
  "class": "liquibase.license",
  "thread": "1",
  "message": "Successfully installed license from Base64 string starting with 'ABwwGgQU6h' (property liquibaseProLicenseKey).\n",
  "liquibaseOperation": "rollbackCount"
}
{
  "timestamp": "2023-03-29T19:30:25.559Z",
  "level": "INFO",
  "class": "liquibase.database",
  "thread": "1",
  "message": "Set default schema name to PUBLIC",
  "liquibaseOperation": "rollbackCount",
  "liquibaseCommandName": "rollbackCount"
}
{
  "timestamp": "2023-03-29T19:30:25.658Z",
  "level": "INFO",
  "class": "liquibase.executor",
  "thread": "1",
  "message": "Changelog query completed.",
  "liquibaseOperation": "rollbackCount",
  "liquibaseCommandName": "rollbackCount",
  "commandLabelFilter": "",
  "commandContextFilter": "",
  "rollbackCount": "2",
  "rollbackScript": "",
  "liquibaseTargetUrl": "jdbc:h2:tcp://localhost:9090/mem:dev",
  "databaseChangelogSQL": "SELECT COUNT(*) FROM PUBLIC.DATABASECHANGELOGLOCK;",
  "databaseChangelogTableOutcome": "executed"
}
{
  "timestamp": "2023-03-29T19:30:25.664Z",
  "level": "INFO",
  "class": "liquibase.executor",
  "thread": "1",
  "message": "Changelog query completed.",
  "liquibaseOperation": "rollbackCount",
  "liquibaseCommandName": "rollbackCount",
  "commandLabelFilter": "",
  "commandContextFilter": "",
  "rollbackCount": "2",
  "rollbackScript": "",
  "liquibaseTargetUrl": "jdbc:h2:tcp://localhost:9090/mem:dev",
  "databaseChangelogSQL": "SELECT LOCKED FROM PUBLIC.DATABASECHANGELOGLOCK WHERE ID=1;",
  "databaseChangelogTableOutcome": "executed"
}
{
  "timestamp": "2023-03-29T19:30:25.692Z",
  "level": "INFO",
  "class": "liquibase.executor",
  "thread": "1",
  "message": "Changelog query completed.",
  "liquibaseOperation": "rollbackCount",
  "liquibaseCommandName": "rollbackCount",
  "commandLabelFilter": "",
  "commandContextFilter": "",
  "rollbackCount": "2",
  "rollbackScript": "",
  "liquibaseTargetUrl": "jdbc:h2:tcp://localhost:9090/mem:dev",
  "databaseChangelogSQL": "UPDATE PUBLIC.DATABASECHANGELOGLOCK SET LOCKED = TRUE, LOCKEDBY = 'mmc-mbp.local (192.168.12.47)', LOCKGRANTED = NOW() WHERE ID = 1 AND LOCKED = FALSE;",
  "databaseChangelogTableOutcome": "executed"
}
{
  "timestamp": "2023-03-29T19:30:25.695Z",
  "level": "INFO",
  "class": "liquibase.lockservice",
  "thread": "1",
  "message": "Successfully acquired change log lock",
  "liquibaseOperation": "rollbackCount",
  "liquibaseCommandName": "rollbackCount",
  "commandLabelFilter": "",
  "commandContextFilter": "",
  "rollbackCount": "2",
  "rollbackScript": "",
  "liquibaseTargetUrl": "jdbc:h2:tcp://localhost:9090/mem:dev"
}
{
  "timestamp": "2023-03-29T19:30:25.800Z",
  "level": "INFO",
  "class": "liquibase.executor",
  "thread": "1",
  "message": "Changelog query completed.",
  "liquibaseOperation": "rollbackCount",
  "liquibaseCommandName": "rollbackCount",
  "commandLabelFilter": "",
  "commandContextFilter": "",
  "rollbackCount": "2",
  "rollbackScript": "",
  "liquibaseTargetUrl": "jdbc:h2:tcp://localhost:9090/mem:dev",
  "changelogFile": "changelog.mdc-somename.sql",
  "databaseChangelogSQL": "SELECT MD5SUM FROM PUBLIC.DATABASECHANGELOG WHERE MD5SUM IS NOT NULL;",
  "databaseChangelogTableOutcome": "executed"
}
{
  "timestamp": "2023-03-29T19:30:25.806Z",
  "level": "INFO",
  "class": "liquibase.executor",
  "thread": "1",
  "message": "Changelog query completed.",
  "liquibaseOperation": "rollbackCount",
  "liquibaseCommandName": "rollbackCount",
  "commandLabelFilter": "",
  "commandContextFilter": "",
  "rollbackCount": "2",
  "rollbackScript": "",
  "liquibaseTargetUrl": "jdbc:h2:tcp://localhost:9090/mem:dev",
  "changelogFile": "changelog.mdc-somename.sql",
  "databaseChangelogSQL": "SELECT COUNT(*) FROM PUBLIC.DATABASECHANGELOGLOCK;",
  "databaseChangelogTableOutcome": "executed"
}
{
  "timestamp": "2023-03-29T19:30:25.812Z",
  "level": "INFO",
  "class": "liquibase.changelog",
  "thread": "1",
  "message": "Reading from PUBLIC.DATABASECHANGELOG",
  "liquibaseOperation": "rollbackCount",
  "liquibaseCommandName": "rollbackCount",
  "commandLabelFilter": "",
  "commandContextFilter": "",
  "rollbackCount": "2",
  "rollbackScript": "",
  "liquibaseTargetUrl": "jdbc:h2:tcp://localhost:9090/mem:dev",
  "changelogFile": "changelog.mdc-somename.sql"
}
{
  "timestamp": "2023-03-29T19:30:25.818Z",
  "level": "INFO",
  "class": "liquibase.executor",
  "thread": "1",
  "message": "Changelog query completed.",
  "liquibaseOperation": "rollbackCount",
  "liquibaseCommandName": "rollbackCount",
  "commandLabelFilter": "",
  "commandContextFilter": "",
  "rollbackCount": "2",
  "rollbackScript": "",
  "liquibaseTargetUrl": "jdbc:h2:tcp://localhost:9090/mem:dev",
  "changelogFile": "changelog.mdc-somename.sql",
  "databaseChangelogSQL": "SELECT * FROM PUBLIC.DATABASECHANGELOG ORDER BY DATEEXECUTED ASC, ORDEREXECUTED ASC;",
  "databaseChangelogTableOutcome": "executed"
}
{
  "timestamp": "2023-03-29T19:30:25.866Z",
  "level": "INFO",
  "class": "liquibase.executor",
  "thread": "1",
  "message": "Changelog query completed.",
  "liquibaseOperation": "rollbackCount",
  "liquibaseCommandName": "rollbackCount",
  "commandLabelFilter": "",
  "commandContextFilter": "",
  "rollbackCount": "2",
  "rollbackScript": "",
  "liquibaseTargetUrl": "jdbc:h2:tcp://localhost:9090/mem:dev",
  "changelogFile": "changelog.mdc-somename.sql",
  "changesetId": "mdc-poc-03somename",
  "changesetAuthor": "mmc-somename",
  "changesetFilepath": "changelog.mdc-somename.sql",
  "changesetOperationStart": "2023-03-29T14:30:25.844",
  "changesetComment": "example comment",
  "changesetLabel": "example-label",
  "changesetContext": "example-context",
  "changesetSql": "ALTER TABLE someperson DROP COLUMN country;",
  "changesetOutcome": "executed",
  "changesetOperationStop": "2023-03-29T14:30:25.86",
  "databaseChangelogSQL": "DELETE FROM PUBLIC.DATABASECHANGELOG WHERE ID = 'mdc-poc-03somename' AND AUTHOR = 'mmc-somename' AND FILENAME = 'changelog.mdc-somename.sql';",
  "databaseChangelogTableOutcome": "executed"
}
{
  "timestamp": "2023-03-29T19:30:25.880Z",
  "level": "INFO",
  "class": "liquibase.executor",
  "thread": "1",
  "message": "Changelog query completed.",
  "liquibaseOperation": "rollbackCount",
  "liquibaseCommandName": "rollbackCount",
  "commandLabelFilter": "",
  "commandContextFilter": "",
  "rollbackCount": "2",
  "rollbackScript": "",
  "liquibaseTargetUrl": "jdbc:h2:tcp://localhost:9090/mem:dev",
  "changelogFile": "changelog.mdc-somename.sql",
  "changesetId": "mdc-poc-02somename",
  "changesetAuthor": "mmc-somename",
  "changesetFilepath": "changelog.mdc-somename.sql",
  "changesetOperationStart": "2023-03-29T14:30:25.873",
  "changesetComment": "example comment",
  "changesetLabel": "example-label",
  "changesetContext": "example-context",
  "changesetSql": "DROP TABLE somecompany;",
  "changesetOutcome": "executed",
  "changesetOperationStop": "2023-03-29T14:30:25.877",
  "databaseChangelogSQL": "DELETE FROM PUBLIC.DATABASECHANGELOG WHERE ID = 'mdc-poc-02somename' AND AUTHOR = 'mmc-somename' AND FILENAME = 'changelog.mdc-somename.sql';",
  "databaseChangelogTableOutcome": "executed"
}
{
  "timestamp": "2023-03-29T19:30:25.886Z",
  "level": "INFO",
  "class": "liquibase",
  "thread": "1",
  "message": "Rollback command completed successfully.",
  "liquibaseOperation": "rollbackCount",
  "liquibaseCommandName": "rollbackCount",
  "commandLabelFilter": "",
  "commandContextFilter": "",
  "rollbackCount": "2",
  "rollbackScript": "",
  "liquibaseTargetUrl": "jdbc:h2:tcp://localhost:9090/mem:dev",
  "changelogFile": "changelog.mdc-somename.sql",
  "changesetsRolledback": {
    "changesetCount": 2,
    "changesets": [
      {
        "author": "mmc-somename",
        "changesetId": "mdc-poc-03somename",
        "deploymentId": "0118223695",
        "filepath": "changelog.mdc-somename.sql"
      },
      {
        "author": "mmc-somename",
        "changesetId": "mdc-poc-02somename",
        "deploymentId": "0118223695",
        "filepath": "changelog.mdc-somename.sql"
      }
    ]
    
  },
  "deploymentOutcome": "success"
}
{
  "timestamp": "2023-03-29T19:30:25.897Z",
  "level": "INFO",
  "class": "liquibase.executor",
  "thread": "1",
  "message": "Changelog query completed.",
  "liquibaseOperation": "rollbackCount",
  "liquibaseCommandName": "rollbackCount",
  "commandLabelFilter": "",
  "commandContextFilter": "",
  "rollbackCount": "2",
  "rollbackScript": "",
  "liquibaseTargetUrl": "jdbc:h2:tcp://localhost:9090/mem:dev",
  "changelogFile": "changelog.mdc-somename.sql",
  "changesetsRolledback": {
    "changesetCount": 2,
    "changesets": [
      {
        "author": "mmc-somename",
        "changesetId": "mdc-poc-03somename",
        "deploymentId": "0118223695",
        "filepath": "changelog.mdc-somename.sql"
      },
      {
        "author": "mmc-somename",
        "changesetId": "mdc-poc-02somename",
        "deploymentId": "0118223695",
        "filepath": "changelog.mdc-somename.sql"
      }
    ]
    
  },
  "databaseChangelogSQL": "UPDATE PUBLIC.DATABASECHANGELOGLOCK SET LOCKED = FALSE, LOCKEDBY = NULL, LOCKGRANTED = NULL WHERE ID = 1;",
  "databaseChangelogTableOutcome": "executed"
}
{
  "timestamp": "2023-03-29T19:30:25.900Z",
  "level": "INFO",
  "class": "liquibase.lockservice",
  "thread": "1",
  "message": "Successfully released change log lock",
  "liquibaseOperation": "rollbackCount",
  "liquibaseCommandName": "rollbackCount",
  "commandLabelFilter": "",
  "commandContextFilter": "",
  "rollbackCount": "2",
  "rollbackScript": "",
  "liquibaseTargetUrl": "jdbc:h2:tcp://localhost:9090/mem:dev",
  "changelogFile": "changelog.mdc-somename.sql",
  "changesetsRolledback": {
    "changesetCount": 2,
    "changesets": [
      {
        "author": "mmc-somename",
        "changesetId": "mdc-poc-03somename",
        "deploymentId": "0118223695",
        "filepath": "changelog.mdc-somename.sql"
      },
      {
        "author": "mmc-somename",
        "changesetId": "mdc-poc-02somename",
        "deploymentId": "0118223695",
        "filepath": "changelog.mdc-somename.sql"
      }
    ]
    
  }
}
