{
  "timestamp": "2023-04-02T18:36:35.067Z",
  "level": "INFO",
  "class": "liquibase.integration",
  "thread": "1",
  "message": "Starting command execution.",
  "liquibaseVersion": "4.20.0",
  "liquibaseSystemUser": "mariochampion",
  "liquibaseSystemName": "mmc-mbp.lan"
}
{
  "timestamp": "2023-04-02T18:36:35.188Z",
  "level": "INFO",
  "class": "liquibase.license",
  "thread": "1",
  "message": "Successfully installed license from Base64 string starting with 'ABwwGgQU6h' (property liquibaseProLicenseKey).\n",
  "liquibaseOperation": "rollback"
}
{
  "timestamp": "2023-04-02T18:36:35.324Z",
  "level": "INFO",
  "class": "liquibase.database",
  "thread": "1",
  "message": "Set default schema name to PUBLIC",
  "liquibaseOperation": "rollback",
  "liquibaseCommandName": "rollback"
}
{
  "timestamp": "2023-04-02T18:36:35.419Z",
  "level": "INFO",
  "class": "liquibase.executor",
  "thread": "1",
  "message": "Changelog query completed.",
  "liquibaseOperation": "rollback",
  "liquibaseCommandName": "rollback",
  "commandLabelFilter": "",
  "commandContextFilter": "",
  "rollbackToTag": "v2",
  "rollbackScript": "",
  "liquibaseTargetUrl": "jdbc:h2:tcp://localhost:9090/mem:dev",
  "databaseChangelogSQL": "SELECT COUNT(*) FROM PUBLIC.DATABASECHANGELOGLOCK;",
  "databaseChangelogTableOutcome": "executed"
}
{
  "timestamp": "2023-04-02T18:36:35.424Z",
  "level": "INFO",
  "class": "liquibase.executor",
  "thread": "1",
  "message": "Changelog query completed.",
  "liquibaseOperation": "rollback",
  "liquibaseCommandName": "rollback",
  "commandLabelFilter": "",
  "commandContextFilter": "",
  "rollbackToTag": "v2",
  "rollbackScript": "",
  "liquibaseTargetUrl": "jdbc:h2:tcp://localhost:9090/mem:dev",
  "databaseChangelogSQL": "SELECT LOCKED FROM PUBLIC.DATABASECHANGELOGLOCK WHERE ID=1;",
  "databaseChangelogTableOutcome": "executed"
}
{
  "timestamp": "2023-04-02T18:36:35.443Z",
  "level": "INFO",
  "class": "liquibase.executor",
  "thread": "1",
  "message": "Changelog query completed.",
  "liquibaseOperation": "rollback",
  "liquibaseCommandName": "rollback",
  "commandLabelFilter": "",
  "commandContextFilter": "",
  "rollbackToTag": "v2",
  "rollbackScript": "",
  "liquibaseTargetUrl": "jdbc:h2:tcp://localhost:9090/mem:dev",
  "databaseChangelogSQL": "UPDATE PUBLIC.DATABASECHANGELOGLOCK SET LOCKED = TRUE, LOCKEDBY = 'mmc-mbp.lan (192.168.86.30)', LOCKGRANTED = NOW() WHERE ID = 1 AND LOCKED = FALSE;",
  "databaseChangelogTableOutcome": "executed"
}
{
  "timestamp": "2023-04-02T18:36:35.445Z",
  "level": "INFO",
  "class": "liquibase.lockservice",
  "thread": "1",
  "message": "Successfully acquired change log lock",
  "liquibaseOperation": "rollback",
  "liquibaseCommandName": "rollback",
  "commandLabelFilter": "",
  "commandContextFilter": "",
  "rollbackToTag": "v2",
  "rollbackScript": "",
  "liquibaseTargetUrl": "jdbc:h2:tcp://localhost:9090/mem:dev"
}
{
  "timestamp": "2023-04-02T18:36:35.503Z",
  "level": "INFO",
  "class": "liquibase.executor",
  "thread": "1",
  "message": "Changelog query completed.",
  "liquibaseOperation": "rollback",
  "liquibaseCommandName": "rollback",
  "commandLabelFilter": "",
  "commandContextFilter": "",
  "rollbackToTag": "v2",
  "rollbackScript": "",
  "liquibaseTargetUrl": "jdbc:h2:tcp://localhost:9090/mem:dev",
  "changelogFile": "changelog.mdc-somename.sql",
  "databaseChangelogSQL": "SELECT MD5SUM FROM PUBLIC.DATABASECHANGELOG WHERE MD5SUM IS NOT NULL;",
  "databaseChangelogTableOutcome": "executed"
}
{
  "timestamp": "2023-04-02T18:36:35.507Z",
  "level": "INFO",
  "class": "liquibase.executor",
  "thread": "1",
  "message": "Changelog query completed.",
  "liquibaseOperation": "rollback",
  "liquibaseCommandName": "rollback",
  "commandLabelFilter": "",
  "commandContextFilter": "",
  "rollbackToTag": "v2",
  "rollbackScript": "",
  "liquibaseTargetUrl": "jdbc:h2:tcp://localhost:9090/mem:dev",
  "changelogFile": "changelog.mdc-somename.sql",
  "databaseChangelogSQL": "SELECT COUNT(*) FROM PUBLIC.DATABASECHANGELOGLOCK;",
  "databaseChangelogTableOutcome": "executed"
}
{
  "timestamp": "2023-04-02T18:36:35.511Z",
  "level": "INFO",
  "class": "liquibase.changelog",
  "thread": "1",
  "message": "Reading from PUBLIC.DATABASECHANGELOG",
  "liquibaseOperation": "rollback",
  "liquibaseCommandName": "rollback",
  "commandLabelFilter": "",
  "commandContextFilter": "",
  "rollbackToTag": "v2",
  "rollbackScript": "",
  "liquibaseTargetUrl": "jdbc:h2:tcp://localhost:9090/mem:dev",
  "changelogFile": "changelog.mdc-somename.sql"
}
{
  "timestamp": "2023-04-02T18:36:35.516Z",
  "level": "INFO",
  "class": "liquibase.executor",
  "thread": "1",
  "message": "Changelog query completed.",
  "liquibaseOperation": "rollback",
  "liquibaseCommandName": "rollback",
  "commandLabelFilter": "",
  "commandContextFilter": "",
  "rollbackToTag": "v2",
  "rollbackScript": "",
  "liquibaseTargetUrl": "jdbc:h2:tcp://localhost:9090/mem:dev",
  "changelogFile": "changelog.mdc-somename.sql",
  "databaseChangelogSQL": "SELECT * FROM PUBLIC.DATABASECHANGELOG ORDER BY DATEEXECUTED ASC, ORDEREXECUTED ASC;",
  "databaseChangelogTableOutcome": "executed"
}
{
  "timestamp": "2023-04-02T18:36:35.549Z",
  "level": "INFO",
  "class": "liquibase.executor",
  "thread": "1",
  "message": "Changelog query completed.",
  "liquibaseOperation": "rollback",
  "liquibaseCommandName": "rollback",
  "commandLabelFilter": "",
  "commandContextFilter": "",
  "rollbackToTag": "v2",
  "rollbackScript": "",
  "liquibaseTargetUrl": "jdbc:h2:tcp://localhost:9090/mem:dev",
  "changelogFile": "changelog.mdc-somename.sql",
  "changesetId": "mdc-poc-03somename",
  "changesetAuthor": "mmc-somename",
  "changesetFilepath": "changelog.mdc-somename.sql",
  "changesetOperationStart": "2023-04-02T13:36:35.534",
  "changesetComment": "example comment",
  "changesetLabel": "example-label",
  "changesetContext": "example-context",
  "changesetSql": "ALTER TABLE someperson DROP COLUMN country;",
  "changesetOutcome": "executed",
  "changesetOperationStop": "2023-04-02T13:36:35.544",
  "databaseChangelogSQL": "DELETE FROM PUBLIC.DATABASECHANGELOG WHERE ID = 'mdc-poc-03somename' AND AUTHOR = 'mmc-somename' AND FILENAME = 'changelog.mdc-somename.sql';",
  "databaseChangelogTableOutcome": "executed"
}
{
  "timestamp": "2023-04-02T18:36:35.562Z",
  "level": "INFO",
  "class": "liquibase.executor",
  "thread": "1",
  "message": "Changelog query completed.",
  "liquibaseOperation": "rollback",
  "liquibaseCommandName": "rollback",
  "commandLabelFilter": "",
  "commandContextFilter": "",
  "rollbackToTag": "v2",
  "rollbackScript": "",
  "liquibaseTargetUrl": "jdbc:h2:tcp://localhost:9090/mem:dev",
  "changelogFile": "changelog.mdc-somename.sql",
  "changesetId": "mdc-poc-02somename",
  "changesetAuthor": "mmc-somename",
  "changesetFilepath": "changelog.mdc-somename.sql",
  "changesetOperationStart": "2023-04-02T13:36:35.556",
  "changesetComment": "example comment",
  "changesetLabel": "example-label",
  "changesetContext": "example-context",
  "changesetSql": "DROP TABLE somecompany;",
  "changesetOutcome": "executed",
  "changesetOperationStop": "2023-04-02T13:36:35.559",
  "databaseChangelogSQL": "DELETE FROM PUBLIC.DATABASECHANGELOG WHERE ID = 'mdc-poc-02somename' AND AUTHOR = 'mmc-somename' AND FILENAME = 'changelog.mdc-somename.sql';",
  "databaseChangelogTableOutcome": "executed"
}
{
  "timestamp": "2023-04-02T18:36:35.567Z",
  "level": "INFO",
  "class": "liquibase",
  "thread": "1",
  "message": "Rollback command completed successfully.",
  "liquibaseOperation": "rollback",
  "liquibaseCommandName": "rollback",
  "commandLabelFilter": "",
  "commandContextFilter": "",
  "rollbackToTag": "v2",
  "rollbackScript": "",
  "liquibaseTargetUrl": "jdbc:h2:tcp://localhost:9090/mem:dev",
  "changelogFile": "changelog.mdc-somename.sql",
  "changesetsRolledback": {
    "changesetCount": 2,
    "changesets": [
      {
        "author": "mmc-somename",
        "changesetId": "mdc-poc-03somename",
        "deploymentId": "0460593557",
        "filepath": "changelog.mdc-somename.sql"
      },
      {
        "author": "mmc-somename",
        "changesetId": "mdc-poc-02somename",
        "deploymentId": "0460593557",
        "filepath": "changelog.mdc-somename.sql"
      }
    ]
    
  },
  "deploymentOutcome": "success"
}
{
  "timestamp": "2023-04-02T18:36:35.576Z",
  "level": "INFO",
  "class": "liquibase.executor",
  "thread": "1",
  "message": "Changelog query completed.",
  "liquibaseOperation": "rollback",
  "liquibaseCommandName": "rollback",
  "commandLabelFilter": "",
  "commandContextFilter": "",
  "rollbackToTag": "v2",
  "rollbackScript": "",
  "liquibaseTargetUrl": "jdbc:h2:tcp://localhost:9090/mem:dev",
  "changelogFile": "changelog.mdc-somename.sql",
  "changesetsRolledback": {
    "changesetCount": 2,
    "changesets": [
      {
        "author": "mmc-somename",
        "changesetId": "mdc-poc-03somename",
        "deploymentId": "0460593557",
        "filepath": "changelog.mdc-somename.sql"
      },
      {
        "author": "mmc-somename",
        "changesetId": "mdc-poc-02somename",
        "deploymentId": "0460593557",
        "filepath": "changelog.mdc-somename.sql"
      }
    ]
    
  },
  "databaseChangelogSQL": "UPDATE PUBLIC.DATABASECHANGELOGLOCK SET LOCKED = FALSE, LOCKEDBY = NULL, LOCKGRANTED = NULL WHERE ID = 1;",
  "databaseChangelogTableOutcome": "executed"
}
{
  "timestamp": "2023-04-02T18:36:35.578Z",
  "level": "INFO",
  "class": "liquibase.lockservice",
  "thread": "1",
  "message": "Successfully released change log lock",
  "liquibaseOperation": "rollback",
  "liquibaseCommandName": "rollback",
  "commandLabelFilter": "",
  "commandContextFilter": "",
  "rollbackToTag": "v2",
  "rollbackScript": "",
  "liquibaseTargetUrl": "jdbc:h2:tcp://localhost:9090/mem:dev",
  "changelogFile": "changelog.mdc-somename.sql",
  "changesetsRolledback": {
    "changesetCount": 2,
    "changesets": [
      {
        "author": "mmc-somename",
        "changesetId": "mdc-poc-03somename",
        "deploymentId": "0460593557",
        "filepath": "changelog.mdc-somename.sql"
      },
      {
        "author": "mmc-somename",
        "changesetId": "mdc-poc-02somename",
        "deploymentId": "0460593557",
        "filepath": "changelog.mdc-somename.sql"
      }
    ]
    
  }
}
