{
  "timestamp": "2023-04-02T18:36:27.486Z",
  "level": "INFO",
  "class": "liquibase.integration",
  "thread": "1",
  "message": "Starting command execution.",
  "liquibaseVersion": "4.20.0",
  "liquibaseSystemUser": "mariochampion",
  "liquibaseSystemName": "mmc-mbp.lan"
}
{
  "timestamp": "2023-04-02T18:36:27.608Z",
  "level": "INFO",
  "class": "liquibase.license",
  "thread": "1",
  "message": "Successfully installed license from Base64 string starting with 'ABwwGgQU6h' (property liquibaseProLicenseKey).\n",
  "liquibaseOperation": "rollback"
}
{
  "timestamp": "2023-04-02T18:36:27.751Z",
  "level": "INFO",
  "class": "liquibase.database",
  "thread": "1",
  "message": "Set default schema name to PUBLIC",
  "liquibaseOperation": "rollback",
  "liquibaseCommandName": "rollback"
}
{
  "timestamp": "2023-04-02T18:36:27.845Z",
  "level": "INFO",
  "class": "liquibase.executor",
  "thread": "1",
  "message": "Changelog query completed.",
  "liquibaseOperation": "rollback",
  "liquibaseCommandName": "rollback",
  "commandLabelFilter": "",
  "commandContextFilter": "",
  "rollbackToTag": "v2",
  "rollbackScript": "",
  "liquibaseTargetUrl": "jdbc:h2:tcp://localhost:9090/mem:dev",
  "databaseChangelogSQL": "SELECT COUNT(*) FROM PUBLIC.DATABASECHANGELOGLOCK;",
  "databaseChangelogTableOutcome": "executed"
}
{
  "timestamp": "2023-04-02T18:36:27.851Z",
  "level": "INFO",
  "class": "liquibase.executor",
  "thread": "1",
  "message": "Changelog query completed.",
  "liquibaseOperation": "rollback",
  "liquibaseCommandName": "rollback",
  "commandLabelFilter": "",
  "commandContextFilter": "",
  "rollbackToTag": "v2",
  "rollbackScript": "",
  "liquibaseTargetUrl": "jdbc:h2:tcp://localhost:9090/mem:dev",
  "databaseChangelogSQL": "SELECT LOCKED FROM PUBLIC.DATABASECHANGELOGLOCK WHERE ID=1;",
  "databaseChangelogTableOutcome": "executed"
}
{
  "timestamp": "2023-04-02T18:36:27.869Z",
  "level": "INFO",
  "class": "liquibase.executor",
  "thread": "1",
  "message": "Changelog query completed.",
  "liquibaseOperation": "rollback",
  "liquibaseCommandName": "rollback",
  "commandLabelFilter": "",
  "commandContextFilter": "",
  "rollbackToTag": "v2",
  "rollbackScript": "",
  "liquibaseTargetUrl": "jdbc:h2:tcp://localhost:9090/mem:dev",
  "databaseChangelogSQL": "UPDATE PUBLIC.DATABASECHANGELOGLOCK SET LOCKED = TRUE, LOCKEDBY = 'mmc-mbp.lan (192.168.86.30)', LOCKGRANTED = NOW() WHERE ID = 1 AND LOCKED = FALSE;",
  "databaseChangelogTableOutcome": "executed"
}
{
  "timestamp": "2023-04-02T18:36:27.871Z",
  "level": "INFO",
  "class": "liquibase.lockservice",
  "thread": "1",
  "message": "Successfully acquired change log lock",
  "liquibaseOperation": "rollback",
  "liquibaseCommandName": "rollback",
  "commandLabelFilter": "",
  "commandContextFilter": "",
  "rollbackToTag": "v2",
  "rollbackScript": "",
  "liquibaseTargetUrl": "jdbc:h2:tcp://localhost:9090/mem:dev"
}
{
  "timestamp": "2023-04-02T18:36:27.933Z",
  "level": "INFO",
  "class": "liquibase.executor",
  "thread": "1",
  "message": "Changelog query completed.",
  "liquibaseOperation": "rollback",
  "liquibaseCommandName": "rollback",
  "commandLabelFilter": "",
  "commandContextFilter": "",
  "rollbackToTag": "v2",
  "rollbackScript": "",
  "liquibaseTargetUrl": "jdbc:h2:tcp://localhost:9090/mem:dev",
  "changelogFile": "changelog.mdc-cafe.sql",
  "databaseChangelogSQL": "SELECT MD5SUM FROM PUBLIC.DATABASECHANGELOG WHERE MD5SUM IS NOT NULL;",
  "databaseChangelogTableOutcome": "executed"
}
{
  "timestamp": "2023-04-02T18:36:27.936Z",
  "level": "INFO",
  "class": "liquibase.executor",
  "thread": "1",
  "message": "Changelog query completed.",
  "liquibaseOperation": "rollback",
  "liquibaseCommandName": "rollback",
  "commandLabelFilter": "",
  "commandContextFilter": "",
  "rollbackToTag": "v2",
  "rollbackScript": "",
  "liquibaseTargetUrl": "jdbc:h2:tcp://localhost:9090/mem:dev",
  "changelogFile": "changelog.mdc-cafe.sql",
  "databaseChangelogSQL": "SELECT COUNT(*) FROM PUBLIC.DATABASECHANGELOGLOCK;",
  "databaseChangelogTableOutcome": "executed"
}
{
  "timestamp": "2023-04-02T18:36:27.940Z",
  "level": "INFO",
  "class": "liquibase.changelog",
  "thread": "1",
  "message": "Reading from PUBLIC.DATABASECHANGELOG",
  "liquibaseOperation": "rollback",
  "liquibaseCommandName": "rollback",
  "commandLabelFilter": "",
  "commandContextFilter": "",
  "rollbackToTag": "v2",
  "rollbackScript": "",
  "liquibaseTargetUrl": "jdbc:h2:tcp://localhost:9090/mem:dev",
  "changelogFile": "changelog.mdc-cafe.sql"
}
{
  "timestamp": "2023-04-02T18:36:27.945Z",
  "level": "INFO",
  "class": "liquibase.executor",
  "thread": "1",
  "message": "Changelog query completed.",
  "liquibaseOperation": "rollback",
  "liquibaseCommandName": "rollback",
  "commandLabelFilter": "",
  "commandContextFilter": "",
  "rollbackToTag": "v2",
  "rollbackScript": "",
  "liquibaseTargetUrl": "jdbc:h2:tcp://localhost:9090/mem:dev",
  "changelogFile": "changelog.mdc-cafe.sql",
  "databaseChangelogSQL": "SELECT * FROM PUBLIC.DATABASECHANGELOG ORDER BY DATEEXECUTED ASC, ORDEREXECUTED ASC;",
  "databaseChangelogTableOutcome": "executed"
}
{
  "timestamp": "2023-04-02T18:36:27.984Z",
  "level": "INFO",
  "class": "liquibase.executor",
  "thread": "1",
  "message": "Changelog query completed.",
  "liquibaseOperation": "rollback",
  "liquibaseCommandName": "rollback",
  "commandLabelFilter": "",
  "commandContextFilter": "",
  "rollbackToTag": "v2",
  "rollbackScript": "",
  "liquibaseTargetUrl": "jdbc:h2:tcp://localhost:9090/mem:dev",
  "changelogFile": "changelog.mdc-cafe.sql",
  "changesetId": "create-bonuses",
  "changesetAuthor": "mmc",
  "changesetFilepath": "changelog.mdc-cafe.sql",
  "changesetOperationStart": "2023-04-02T13:36:27.969",
  "changesetComment": "get the bonuses started",
  "changesetLabel": "fiscal",
  "changesetContext": "two",
  "changesetSql": "DROP TABLE bonuses;",
  "changesetOutcome": "executed",
  "changesetOperationStop": "2023-04-02T13:36:27.978",
  "databaseChangelogSQL": "DELETE FROM PUBLIC.DATABASECHANGELOG WHERE ID = 'create-bonuses' AND AUTHOR = 'mmc' AND FILENAME = 'changelog.mdc-cafe.sql';",
  "databaseChangelogTableOutcome": "executed"
}
{
  "timestamp": "2023-04-02T18:36:27.997Z",
  "level": "INFO",
  "class": "liquibase.executor",
  "thread": "1",
  "message": "Changelog query completed.",
  "liquibaseOperation": "rollback",
  "liquibaseCommandName": "rollback",
  "commandLabelFilter": "",
  "commandContextFilter": "",
  "rollbackToTag": "v2",
  "rollbackScript": "",
  "liquibaseTargetUrl": "jdbc:h2:tcp://localhost:9090/mem:dev",
  "changelogFile": "changelog.mdc-cafe.sql",
  "changesetId": "create-state-taxes",
  "changesetAuthor": "mmc",
  "changesetFilepath": "changelog.mdc-cafe.sql",
  "changesetOperationStart": "2023-04-02T13:36:27.991",
  "changesetComment": "get the taxes started",
  "changesetLabel": "fiscal",
  "changesetContext": "two",
  "changesetSql": "DROP TABLE state_taxes;",
  "changesetOutcome": "executed",
  "changesetOperationStop": "2023-04-02T13:36:27.994",
  "databaseChangelogSQL": "DELETE FROM PUBLIC.DATABASECHANGELOG WHERE ID = 'create-state-taxes' AND AUTHOR = 'mmc' AND FILENAME = 'changelog.mdc-cafe.sql';",
  "databaseChangelogTableOutcome": "executed"
}
{
  "timestamp": "2023-04-02T18:36:28.009Z",
  "level": "INFO",
  "class": "liquibase.executor",
  "thread": "1",
  "message": "Changelog query completed.",
  "liquibaseOperation": "rollback",
  "liquibaseCommandName": "rollback",
  "commandLabelFilter": "",
  "commandContextFilter": "",
  "rollbackToTag": "v2",
  "rollbackScript": "",
  "liquibaseTargetUrl": "jdbc:h2:tcp://localhost:9090/mem:dev",
  "changelogFile": "changelog.mdc-cafe.sql",
  "changesetId": "create-fed-taxes",
  "changesetAuthor": "mmc",
  "changesetFilepath": "changelog.mdc-cafe.sql",
  "changesetOperationStart": "2023-04-02T13:36:28.002",
  "changesetComment": "get the taxes started",
  "changesetLabel": "fiscal",
  "changesetContext": "two",
  "changesetSql": "DROP TABLE fed_taxes;",
  "changesetOutcome": "executed",
  "changesetOperationStop": "2023-04-02T13:36:28.005",
  "databaseChangelogSQL": "DELETE FROM PUBLIC.DATABASECHANGELOG WHERE ID = 'create-fed-taxes' AND AUTHOR = 'mmc' AND FILENAME = 'changelog.mdc-cafe.sql';",
  "databaseChangelogTableOutcome": "executed"
}
{
  "timestamp": "2023-04-02T18:36:28.041Z",
  "level": "INFO",
  "class": "liquibase.executor",
  "thread": "1",
  "message": "Changelog query completed.",
  "liquibaseOperation": "rollback",
  "liquibaseCommandName": "rollback",
  "commandLabelFilter": "",
  "commandContextFilter": "",
  "rollbackToTag": "v2",
  "rollbackScript": "",
  "liquibaseTargetUrl": "jdbc:h2:tcp://localhost:9090/mem:dev",
  "changelogFile": "changelog.mdc-cafe.sql",
  "changesetId": "create-vendors",
  "changesetAuthor": "mmc",
  "changesetFilepath": "changelog.mdc-cafe.sql",
  "changesetOperationStart": "2023-04-02T13:36:28.013",
  "changesetComment": "get the vendors started",
  "changesetLabel": "people",
  "changesetContext": "one",
  "changesetSql": "DROP TABLE vendors;",
  "changesetOutcome": "executed",
  "changesetOperationStop": "2023-04-02T13:36:28.039",
  "databaseChangelogSQL": "DELETE FROM PUBLIC.DATABASECHANGELOG WHERE ID = 'create-vendors' AND AUTHOR = 'mmc' AND FILENAME = 'changelog.mdc-cafe.sql';",
  "databaseChangelogTableOutcome": "executed"
}
{
  "timestamp": "2023-04-02T18:36:28.051Z",
  "level": "INFO",
  "class": "liquibase.executor",
  "thread": "1",
  "message": "Changelog query completed.",
  "liquibaseOperation": "rollback",
  "liquibaseCommandName": "rollback",
  "commandLabelFilter": "",
  "commandContextFilter": "",
  "rollbackToTag": "v2",
  "rollbackScript": "",
  "liquibaseTargetUrl": "jdbc:h2:tcp://localhost:9090/mem:dev",
  "changelogFile": "changelog.mdc-cafe.sql",
  "changesetId": "create-staffers",
  "changesetAuthor": "mmc",
  "changesetFilepath": "changelog.mdc-cafe.sql",
  "changesetOperationStart": "2023-04-02T13:36:28.045",
  "changesetComment": "get the staffers started",
  "changesetLabel": "people",
  "changesetContext": "one",
  "changesetSql": "DROP TABLE staffers;",
  "changesetOutcome": "executed",
  "changesetOperationStop": "2023-04-02T13:36:28.048",
  "databaseChangelogSQL": "DELETE FROM PUBLIC.DATABASECHANGELOG WHERE ID = 'create-staffers' AND AUTHOR = 'mmc' AND FILENAME = 'changelog.mdc-cafe.sql';",
  "databaseChangelogTableOutcome": "executed"
}
{
  "timestamp": "2023-04-02T18:36:28.060Z",
  "level": "INFO",
  "class": "liquibase.executor",
  "thread": "1",
  "message": "Changelog query completed.",
  "liquibaseOperation": "rollback",
  "liquibaseCommandName": "rollback",
  "commandLabelFilter": "",
  "commandContextFilter": "",
  "rollbackToTag": "v2",
  "rollbackScript": "",
  "liquibaseTargetUrl": "jdbc:h2:tcp://localhost:9090/mem:dev",
  "changelogFile": "changelog.mdc-cafe.sql",
  "changesetId": "create-drinks",
  "changesetAuthor": "mmc",
  "changesetFilepath": "changelog.mdc-cafe.sql",
  "changesetOperationStart": "2023-04-02T13:36:28.055",
  "changesetComment": "get the drinks started",
  "changesetLabel": "edible",
  "changesetContext": "one",
  "changesetSql": "DROP TABLE drinks;",
  "changesetOutcome": "executed",
  "changesetOperationStop": "2023-04-02T13:36:28.058",
  "databaseChangelogSQL": "DELETE FROM PUBLIC.DATABASECHANGELOG WHERE ID = 'create-drinks' AND AUTHOR = 'mmc' AND FILENAME = 'changelog.mdc-cafe.sql';",
  "databaseChangelogTableOutcome": "executed"
}
{
  "timestamp": "2023-04-02T18:36:28.063Z",
  "level": "INFO",
  "class": "liquibase",
  "thread": "1",
  "message": "Rollback command completed successfully.",
  "liquibaseOperation": "rollback",
  "liquibaseCommandName": "rollback",
  "commandLabelFilter": "",
  "commandContextFilter": "",
  "rollbackToTag": "v2",
  "rollbackScript": "",
  "liquibaseTargetUrl": "jdbc:h2:tcp://localhost:9090/mem:dev",
  "changelogFile": "changelog.mdc-cafe.sql",
  "changesetsRolledback": {
    "changesetCount": 6,
    "changesets": [
      {
        "author": "mmc",
        "changesetId": "create-bonuses",
        "deploymentId": "0460585937",
        "filepath": "changelog.mdc-cafe.sql"
      },
      {
        "author": "mmc",
        "changesetId": "create-state-taxes",
        "deploymentId": "0460585937",
        "filepath": "changelog.mdc-cafe.sql"
      },
      {
        "author": "mmc",
        "changesetId": "create-fed-taxes",
        "deploymentId": "0460585937",
        "filepath": "changelog.mdc-cafe.sql"
      },
      {
        "author": "mmc",
        "changesetId": "create-vendors",
        "deploymentId": "0460585937",
        "filepath": "changelog.mdc-cafe.sql"
      },
      {
        "author": "mmc",
        "changesetId": "create-staffers",
        "deploymentId": "0460585937",
        "filepath": "changelog.mdc-cafe.sql"
      },
      {
        "author": "mmc",
        "changesetId": "create-drinks",
        "deploymentId": "0460585937",
        "filepath": "changelog.mdc-cafe.sql"
      }
    ]
    
  },
  "deploymentOutcome": "success"
}
{
  "timestamp": "2023-04-02T18:36:28.070Z",
  "level": "INFO",
  "class": "liquibase.executor",
  "thread": "1",
  "message": "Changelog query completed.",
  "liquibaseOperation": "rollback",
  "liquibaseCommandName": "rollback",
  "commandLabelFilter": "",
  "commandContextFilter": "",
  "rollbackToTag": "v2",
  "rollbackScript": "",
  "liquibaseTargetUrl": "jdbc:h2:tcp://localhost:9090/mem:dev",
  "changelogFile": "changelog.mdc-cafe.sql",
  "changesetsRolledback": {
    "changesetCount": 6,
    "changesets": [
      {
        "author": "mmc",
        "changesetId": "create-bonuses",
        "deploymentId": "0460585937",
        "filepath": "changelog.mdc-cafe.sql"
      },
      {
        "author": "mmc",
        "changesetId": "create-state-taxes",
        "deploymentId": "0460585937",
        "filepath": "changelog.mdc-cafe.sql"
      },
      {
        "author": "mmc",
        "changesetId": "create-fed-taxes",
        "deploymentId": "0460585937",
        "filepath": "changelog.mdc-cafe.sql"
      },
      {
        "author": "mmc",
        "changesetId": "create-vendors",
        "deploymentId": "0460585937",
        "filepath": "changelog.mdc-cafe.sql"
      },
      {
        "author": "mmc",
        "changesetId": "create-staffers",
        "deploymentId": "0460585937",
        "filepath": "changelog.mdc-cafe.sql"
      },
      {
        "author": "mmc",
        "changesetId": "create-drinks",
        "deploymentId": "0460585937",
        "filepath": "changelog.mdc-cafe.sql"
      }
    ]
    
  },
  "databaseChangelogSQL": "UPDATE PUBLIC.DATABASECHANGELOGLOCK SET LOCKED = FALSE, LOCKEDBY = NULL, LOCKGRANTED = NULL WHERE ID = 1;",
  "databaseChangelogTableOutcome": "executed"
}
{
  "timestamp": "2023-04-02T18:36:28.072Z",
  "level": "INFO",
  "class": "liquibase.lockservice",
  "thread": "1",
  "message": "Successfully released change log lock",
  "liquibaseOperation": "rollback",
  "liquibaseCommandName": "rollback",
  "commandLabelFilter": "",
  "commandContextFilter": "",
  "rollbackToTag": "v2",
  "rollbackScript": "",
  "liquibaseTargetUrl": "jdbc:h2:tcp://localhost:9090/mem:dev",
  "changelogFile": "changelog.mdc-cafe.sql",
  "changesetsRolledback": {
    "changesetCount": 6,
    "changesets": [
      {
        "author": "mmc",
        "changesetId": "create-bonuses",
        "deploymentId": "0460585937",
        "filepath": "changelog.mdc-cafe.sql"
      },
      {
        "author": "mmc",
        "changesetId": "create-state-taxes",
        "deploymentId": "0460585937",
        "filepath": "changelog.mdc-cafe.sql"
      },
      {
        "author": "mmc",
        "changesetId": "create-fed-taxes",
        "deploymentId": "0460585937",
        "filepath": "changelog.mdc-cafe.sql"
      },
      {
        "author": "mmc",
        "changesetId": "create-vendors",
        "deploymentId": "0460585937",
        "filepath": "changelog.mdc-cafe.sql"
      },
      {
        "author": "mmc",
        "changesetId": "create-staffers",
        "deploymentId": "0460585937",
        "filepath": "changelog.mdc-cafe.sql"
      },
      {
        "author": "mmc",
        "changesetId": "create-drinks",
        "deploymentId": "0460585937",
        "filepath": "changelog.mdc-cafe.sql"
      }
    ]
    
  }
}
