{
  "timestamp": "2023-04-02T18:36:04.167Z",
  "level": "INFO",
  "class": "liquibase.integration",
  "thread": "1",
  "message": "Starting command execution.",
  "liquibaseVersion": "4.20.0",
  "liquibaseSystemUser": "mariochampion",
  "liquibaseSystemName": "mmc-mbp.lan"
}
{
  "timestamp": "2023-04-02T18:36:04.272Z",
  "level": "INFO",
  "class": "liquibase.license",
  "thread": "1",
  "message": "Successfully installed license from Base64 string starting with 'ABwwGgQU6h' (property liquibaseProLicenseKey).\n",
  "liquibaseOperation": "updateCount"
}
{
  "timestamp": "2023-04-02T18:36:04.401Z",
  "level": "INFO",
  "class": "liquibase.database",
  "thread": "1",
  "message": "Set default schema name to PUBLIC",
  "liquibaseOperation": "updateCount",
  "liquibaseCommandName": "updateCount"
}
{
  "timestamp": "2023-04-02T18:36:04.517Z",
  "level": "INFO",
  "class": "liquibase.executor",
  "thread": "1",
  "message": "Changelog query completed.",
  "liquibaseOperation": "updateCount",
  "liquibaseCommandName": "updateCount",
  "commandLabelFilter": "",
  "commandContextFilter": "",
  "databaseChangelogSQL": "SELECT COUNT(*) FROM PUBLIC.DATABASECHANGELOGLOCK;",
  "databaseChangelogTableOutcome": "executed"
}
{
  "timestamp": "2023-04-02T18:36:04.523Z",
  "level": "INFO",
  "class": "liquibase.executor",
  "thread": "1",
  "message": "Changelog query completed.",
  "liquibaseOperation": "updateCount",
  "liquibaseCommandName": "updateCount",
  "commandLabelFilter": "",
  "commandContextFilter": "",
  "databaseChangelogSQL": "SELECT LOCKED FROM PUBLIC.DATABASECHANGELOGLOCK WHERE ID=1;",
  "databaseChangelogTableOutcome": "executed"
}
{
  "timestamp": "2023-04-02T18:36:04.542Z",
  "level": "INFO",
  "class": "liquibase.executor",
  "thread": "1",
  "message": "Changelog query completed.",
  "liquibaseOperation": "updateCount",
  "liquibaseCommandName": "updateCount",
  "commandLabelFilter": "",
  "commandContextFilter": "",
  "databaseChangelogSQL": "UPDATE PUBLIC.DATABASECHANGELOGLOCK SET LOCKED = TRUE, LOCKEDBY = 'mmc-mbp.lan (192.168.86.30)', LOCKGRANTED = NOW() WHERE ID = 1 AND LOCKED = FALSE;",
  "databaseChangelogTableOutcome": "executed"
}
{
  "timestamp": "2023-04-02T18:36:04.544Z",
  "level": "INFO",
  "class": "liquibase.lockservice",
  "thread": "1",
  "message": "Successfully acquired change log lock",
  "liquibaseOperation": "updateCount",
  "liquibaseCommandName": "updateCount",
  "commandLabelFilter": "",
  "commandContextFilter": ""
}
{
  "timestamp": "2023-04-02T18:36:04.602Z",
  "level": "INFO",
  "class": "liquibase.executor",
  "thread": "1",
  "message": "Changelog query completed.",
  "liquibaseOperation": "updateCount",
  "liquibaseCommandName": "updateCount",
  "commandLabelFilter": "",
  "commandContextFilter": "",
  "liquibaseTargetUrl": "jdbc:h2:tcp://localhost:9090/mem:dev",
  "changelogFile": "changelog.mdc-03.sql",
  "databaseChangelogSQL": "SELECT MD5SUM FROM PUBLIC.DATABASECHANGELOG WHERE MD5SUM IS NOT NULL;",
  "databaseChangelogTableOutcome": "executed"
}
{
  "timestamp": "2023-04-02T18:36:04.605Z",
  "level": "INFO",
  "class": "liquibase.changelog",
  "thread": "1",
  "message": "Reading from PUBLIC.DATABASECHANGELOG",
  "liquibaseOperation": "updateCount",
  "liquibaseCommandName": "updateCount",
  "commandLabelFilter": "",
  "commandContextFilter": "",
  "liquibaseTargetUrl": "jdbc:h2:tcp://localhost:9090/mem:dev",
  "changelogFile": "changelog.mdc-03.sql"
}
{
  "timestamp": "2023-04-02T18:36:04.609Z",
  "level": "INFO",
  "class": "liquibase.executor",
  "thread": "1",
  "message": "Changelog query completed.",
  "liquibaseOperation": "updateCount",
  "liquibaseCommandName": "updateCount",
  "commandLabelFilter": "",
  "commandContextFilter": "",
  "liquibaseTargetUrl": "jdbc:h2:tcp://localhost:9090/mem:dev",
  "changelogFile": "changelog.mdc-03.sql",
  "databaseChangelogSQL": "SELECT * FROM PUBLIC.DATABASECHANGELOG ORDER BY DATEEXECUTED ASC, ORDEREXECUTED ASC;",
  "databaseChangelogTableOutcome": "executed"
}
{
  "timestamp": "2023-04-02T18:36:04.613Z",
  "level": "INFO",
  "class": "liquibase.executor",
  "thread": "1",
  "message": "Changelog query completed.",
  "liquibaseOperation": "updateCount",
  "liquibaseCommandName": "updateCount",
  "commandLabelFilter": "",
  "commandContextFilter": "",
  "liquibaseTargetUrl": "jdbc:h2:tcp://localhost:9090/mem:dev",
  "changelogFile": "changelog.mdc-03.sql",
  "databaseChangelogSQL": "SELECT COUNT(*) FROM PUBLIC.DATABASECHANGELOGLOCK;",
  "databaseChangelogTableOutcome": "executed"
}
{
  "timestamp": "2023-04-02T18:36:04.646Z",
  "level": "INFO",
  "class": "liquibase.changelog",
  "thread": "1",
  "message": "Custom SQL executed",
  "liquibaseOperation": "updateCount",
  "liquibaseCommandName": "updateCount",
  "commandLabelFilter": "",
  "commandContextFilter": "",
  "liquibaseTargetUrl": "jdbc:h2:tcp://localhost:9090/mem:dev",
  "changelogFile": "changelog.mdc-03.sql",
  "deploymentId": "0460564628",
  "changesetId": "mdc-poc-01",
  "changesetAuthor": "mmc-03",
  "changesetFilepath": "changelog.mdc-03.sql",
  "changesetComment": "example comment",
  "changesetLabel": "example-label",
  "changesetContext": "example-context",
  "changesetOperationStart": "2023-04-02T13:36:04.636",
  "changesetSql": "create table person03 (\n    id int primary key auto_increment not null,\n    name varchar(50) not null,\n    address1 varchar(50),\n    address2 varchar(50),\n    city varchar(30)\n);"
}
{
  "timestamp": "2023-04-02T18:36:04.650Z",
  "level": "INFO",
  "class": "liquibase.changelog",
  "thread": "1",
  "message": "ChangeSet changelog.mdc-03.sql::mdc-poc-01::mmc-03 ran successfully in 14ms",
  "liquibaseOperation": "updateCount",
  "liquibaseCommandName": "updateCount",
  "commandLabelFilter": "",
  "commandContextFilter": "",
  "liquibaseTargetUrl": "jdbc:h2:tcp://localhost:9090/mem:dev",
  "changelogFile": "changelog.mdc-03.sql",
  "deploymentId": "0460564628",
  "changesetId": "mdc-poc-01",
  "changesetAuthor": "mmc-03",
  "changesetFilepath": "changelog.mdc-03.sql",
  "changesetComment": "example comment",
  "changesetLabel": "example-label",
  "changesetContext": "example-context",
  "changesetOperationStart": "2023-04-02T13:36:04.636",
  "changesetSql": "create table person03 (\n    id int primary key auto_increment not null,\n    name varchar(50) not null,\n    address1 varchar(50),\n    address2 varchar(50),\n    city varchar(30)\n);",
  "changesetOperationStop": "2023-04-02T13:36:04.649",
  "changesetOutcome": "executed"
}
{
  "timestamp": "2023-04-02T18:36:04.656Z",
  "level": "INFO",
  "class": "liquibase.executor",
  "thread": "1",
  "message": "Changelog query completed.",
  "liquibaseOperation": "updateCount",
  "liquibaseCommandName": "updateCount",
  "commandLabelFilter": "",
  "commandContextFilter": "",
  "liquibaseTargetUrl": "jdbc:h2:tcp://localhost:9090/mem:dev",
  "changelogFile": "changelog.mdc-03.sql",
  "deploymentId": "0460564628",
  "changesetId": "mdc-poc-01",
  "changesetAuthor": "mmc-03",
  "changesetFilepath": "changelog.mdc-03.sql",
  "changesetComment": "example comment",
  "changesetLabel": "example-label",
  "changesetContext": "example-context",
  "changesetOperationStart": "2023-04-02T13:36:04.636",
  "changesetSql": "create table person03 (\n    id int primary key auto_increment not null,\n    name varchar(50) not null,\n    address1 varchar(50),\n    address2 varchar(50),\n    city varchar(30)\n);",
  "changesetOperationStop": "2023-04-02T13:36:04.649",
  "changesetOutcome": "executed",
  "databaseChangelogSQL": "SELECT MAX(ORDEREXECUTED) FROM PUBLIC.DATABASECHANGELOG;",
  "databaseChangelogTableOutcome": "executed"
}
{
  "timestamp": "2023-04-02T18:36:04.660Z",
  "level": "INFO",
  "class": "liquibase.executor",
  "thread": "1",
  "message": "Changelog query completed.",
  "liquibaseOperation": "updateCount",
  "liquibaseCommandName": "updateCount",
  "commandLabelFilter": "",
  "commandContextFilter": "",
  "liquibaseTargetUrl": "jdbc:h2:tcp://localhost:9090/mem:dev",
  "changelogFile": "changelog.mdc-03.sql",
  "deploymentId": "0460564628",
  "changesetId": "mdc-poc-01",
  "changesetAuthor": "mmc-03",
  "changesetFilepath": "changelog.mdc-03.sql",
  "changesetComment": "example comment",
  "changesetLabel": "example-label",
  "changesetContext": "example-context",
  "changesetOperationStart": "2023-04-02T13:36:04.636",
  "changesetSql": "create table person03 (\n    id int primary key auto_increment not null,\n    name varchar(50) not null,\n    address1 varchar(50),\n    address2 varchar(50),\n    city varchar(30)\n);",
  "changesetOperationStop": "2023-04-02T13:36:04.649",
  "changesetOutcome": "executed",
  "databaseChangelogTableOutcome": "executed"
}
{
  "timestamp": "2023-04-02T18:36:04.669Z",
  "level": "INFO",
  "class": "liquibase.changelog",
  "thread": "1",
  "message": "Custom SQL executed",
  "liquibaseOperation": "updateCount",
  "liquibaseCommandName": "updateCount",
  "commandLabelFilter": "",
  "commandContextFilter": "",
  "liquibaseTargetUrl": "jdbc:h2:tcp://localhost:9090/mem:dev",
  "changelogFile": "changelog.mdc-03.sql",
  "deploymentId": "0460564628",
  "changesetId": "mdc-poc-02",
  "changesetAuthor": "mmc-03",
  "changesetFilepath": "changelog.mdc-03.sql",
  "changesetComment": "example comment",
  "changesetLabel": "example2-label",
  "changesetContext": "example-context",
  "changesetOperationStart": "2023-04-02T13:36:04.665",
  "changesetSql": "create table company03 (\n    id int primary key auto_increment not null,\n    name varchar(50) not null,\n    address1 varchar(50),\n    address2 varchar(50),\n    city varchar(30)\n);"
}
{
  "timestamp": "2023-04-02T18:36:04.672Z",
  "level": "INFO",
  "class": "liquibase.changelog",
  "thread": "1",
  "message": "ChangeSet changelog.mdc-03.sql::mdc-poc-02::mmc-03 ran successfully in 6ms",
  "liquibaseOperation": "updateCount",
  "liquibaseCommandName": "updateCount",
  "commandLabelFilter": "",
  "commandContextFilter": "",
  "liquibaseTargetUrl": "jdbc:h2:tcp://localhost:9090/mem:dev",
  "changelogFile": "changelog.mdc-03.sql",
  "deploymentId": "0460564628",
  "changesetId": "mdc-poc-02",
  "changesetAuthor": "mmc-03",
  "changesetFilepath": "changelog.mdc-03.sql",
  "changesetComment": "example comment",
  "changesetLabel": "example2-label",
  "changesetContext": "example-context",
  "changesetOperationStart": "2023-04-02T13:36:04.665",
  "changesetSql": "create table company03 (\n    id int primary key auto_increment not null,\n    name varchar(50) not null,\n    address1 varchar(50),\n    address2 varchar(50),\n    city varchar(30)\n);",
  "changesetOperationStop": "2023-04-02T13:36:04.671",
  "changesetOutcome": "executed"
}
{
  "timestamp": "2023-04-02T18:36:04.675Z",
  "level": "INFO",
  "class": "liquibase.executor",
  "thread": "1",
  "message": "Changelog query completed.",
  "liquibaseOperation": "updateCount",
  "liquibaseCommandName": "updateCount",
  "commandLabelFilter": "",
  "commandContextFilter": "",
  "liquibaseTargetUrl": "jdbc:h2:tcp://localhost:9090/mem:dev",
  "changelogFile": "changelog.mdc-03.sql",
  "deploymentId": "0460564628",
  "changesetId": "mdc-poc-02",
  "changesetAuthor": "mmc-03",
  "changesetFilepath": "changelog.mdc-03.sql",
  "changesetComment": "example comment",
  "changesetLabel": "example2-label",
  "changesetContext": "example-context",
  "changesetOperationStart": "2023-04-02T13:36:04.665",
  "changesetSql": "create table company03 (\n    id int primary key auto_increment not null,\n    name varchar(50) not null,\n    address1 varchar(50),\n    address2 varchar(50),\n    city varchar(30)\n);",
  "changesetOperationStop": "2023-04-02T13:36:04.671",
  "changesetOutcome": "executed",
  "databaseChangelogTableOutcome": "executed"
}
{
  "timestamp": "2023-04-02T18:36:04.679Z",
  "level": "INFO",
  "class": "liquibase",
  "thread": "1",
  "message": "Update command completed successfully.",
  "liquibaseOperation": "updateCount",
  "liquibaseCommandName": "updateCount",
  "commandLabelFilter": "",
  "commandContextFilter": "",
  "liquibaseTargetUrl": "jdbc:h2:tcp://localhost:9090/mem:dev",
  "changelogFile": "changelog.mdc-03.sql",
  "deploymentId": "0460564628",
  "deploymentOutcome": "success",
  "deploymentOutcomeCount": "2"
}
{
  "timestamp": "2023-04-02T18:36:04.683Z",
  "level": "INFO",
  "class": "liquibase.executor",
  "thread": "1",
  "message": "Changelog query completed.",
  "liquibaseOperation": "updateCount",
  "liquibaseCommandName": "updateCount",
  "commandLabelFilter": "",
  "commandContextFilter": "",
  "liquibaseTargetUrl": "jdbc:h2:tcp://localhost:9090/mem:dev",
  "changelogFile": "changelog.mdc-03.sql",
  "deploymentId": "0460564628",
  "databaseChangelogSQL": "UPDATE PUBLIC.DATABASECHANGELOGLOCK SET LOCKED = FALSE, LOCKEDBY = NULL, LOCKGRANTED = NULL WHERE ID = 1;",
  "databaseChangelogTableOutcome": "executed"
}
{
  "timestamp": "2023-04-02T18:36:04.685Z",
  "level": "INFO",
  "class": "liquibase.lockservice",
  "thread": "1",
  "message": "Successfully released change log lock",
  "liquibaseOperation": "updateCount",
  "liquibaseCommandName": "updateCount",
  "commandLabelFilter": "",
  "commandContextFilter": "",
  "liquibaseTargetUrl": "jdbc:h2:tcp://localhost:9090/mem:dev",
  "changelogFile": "changelog.mdc-03.sql",
  "deploymentId": "0460564628"
}
