{
  "timestamp": "2023-04-02T18:35:51.589Z",
  "level": "INFO",
  "class": "liquibase.integration",
  "thread": "1",
  "message": "Starting command execution.",
  "liquibaseVersion": "4.20.0",
  "liquibaseSystemUser": "mariochampion",
  "liquibaseSystemName": "mmc-mbp.lan"
}
{
  "timestamp": "2023-04-02T18:35:51.699Z",
  "level": "INFO",
  "class": "liquibase.license",
  "thread": "1",
  "message": "Successfully installed license from Base64 string starting with 'ABwwGgQU6h' (property liquibaseProLicenseKey).\n",
  "liquibaseOperation": "update"
}
{
  "timestamp": "2023-04-02T18:35:51.831Z",
  "level": "INFO",
  "class": "liquibase.database",
  "thread": "1",
  "message": "Set default schema name to PUBLIC",
  "liquibaseOperation": "update",
  "liquibaseCommandName": "update"
}
{
  "timestamp": "2023-04-02T18:35:52.101Z",
  "level": "INFO",
  "class": "liquibase.changelog",
  "thread": "1",
  "message": "Reading from PUBLIC.DATABASECHANGELOG",
  "liquibaseOperation": "update",
  "liquibaseCommandName": "update",
  "changelogFile": "changelog.mdc-04-errors.xml"
}
{
  "timestamp": "2023-04-02T18:35:52.115Z",
  "level": "INFO",
  "class": "liquibase.executor",
  "thread": "1",
  "message": "Changelog query completed.",
  "liquibaseOperation": "update",
  "liquibaseCommandName": "update",
  "changelogFile": "changelog.mdc-04-errors.xml",
  "databaseChangelogSQL": "SELECT * FROM PUBLIC.DATABASECHANGELOG ORDER BY DATEEXECUTED ASC, ORDEREXECUTED ASC;",
  "databaseChangelogTableOutcome": "executed"
}
{
  "timestamp": "2023-04-02T18:35:52.186Z",
  "level": "INFO",
  "class": "liquibase.executor",
  "thread": "1",
  "message": "Changelog query completed.",
  "liquibaseOperation": "update",
  "liquibaseCommandName": "update",
  "databaseChangelogSQL": "SELECT COUNT(*) FROM PUBLIC.DATABASECHANGELOGLOCK;",
  "databaseChangelogTableOutcome": "executed"
}
{
  "timestamp": "2023-04-02T18:35:52.190Z",
  "level": "INFO",
  "class": "liquibase.executor",
  "thread": "1",
  "message": "Changelog query completed.",
  "liquibaseOperation": "update",
  "liquibaseCommandName": "update",
  "databaseChangelogSQL": "SELECT LOCKED FROM PUBLIC.DATABASECHANGELOGLOCK WHERE ID=1;",
  "databaseChangelogTableOutcome": "executed"
}
{
  "timestamp": "2023-04-02T18:35:52.196Z",
  "level": "INFO",
  "class": "liquibase.executor",
  "thread": "1",
  "message": "Changelog query completed.",
  "liquibaseOperation": "update",
  "liquibaseCommandName": "update",
  "databaseChangelogSQL": "UPDATE PUBLIC.DATABASECHANGELOGLOCK SET LOCKED = TRUE, LOCKEDBY = 'mmc-mbp.lan (192.168.86.30)', LOCKGRANTED = NOW() WHERE ID = 1 AND LOCKED = FALSE;",
  "databaseChangelogTableOutcome": "executed"
}
{
  "timestamp": "2023-04-02T18:35:52.198Z",
  "level": "INFO",
  "class": "liquibase.lockservice",
  "thread": "1",
  "message": "Successfully acquired change log lock",
  "liquibaseOperation": "update",
  "liquibaseCommandName": "update"
}
{
  "timestamp": "2023-04-02T18:35:52.224Z",
  "level": "INFO",
  "class": "liquibase.executor",
  "thread": "1",
  "message": "Changelog query completed.",
  "liquibaseOperation": "update",
  "liquibaseCommandName": "update",
  "liquibaseTargetUrl": "jdbc:h2:tcp://localhost:9090/mem:dev",
  "commandLabelFilter": "",
  "commandContextFilter": "",
  "databaseChangelogSQL": "SELECT MD5SUM FROM PUBLIC.DATABASECHANGELOG WHERE MD5SUM IS NOT NULL;",
  "databaseChangelogTableOutcome": "executed"
}
{
  "timestamp": "2023-04-02T18:35:52.227Z",
  "level": "INFO",
  "class": "liquibase.changelog",
  "thread": "1",
  "message": "Reading from PUBLIC.DATABASECHANGELOG",
  "liquibaseOperation": "update",
  "liquibaseCommandName": "update",
  "liquibaseTargetUrl": "jdbc:h2:tcp://localhost:9090/mem:dev",
  "commandLabelFilter": "",
  "commandContextFilter": ""
}
{
  "timestamp": "2023-04-02T18:35:52.231Z",
  "level": "INFO",
  "class": "liquibase.executor",
  "thread": "1",
  "message": "Changelog query completed.",
  "liquibaseOperation": "update",
  "liquibaseCommandName": "update",
  "liquibaseTargetUrl": "jdbc:h2:tcp://localhost:9090/mem:dev",
  "commandLabelFilter": "",
  "commandContextFilter": "",
  "databaseChangelogSQL": "SELECT * FROM PUBLIC.DATABASECHANGELOG ORDER BY DATEEXECUTED ASC, ORDEREXECUTED ASC;",
  "databaseChangelogTableOutcome": "executed"
}
{
  "timestamp": "2023-04-02T18:35:52.235Z",
  "level": "INFO",
  "class": "liquibase.executor",
  "thread": "1",
  "message": "Changelog query completed.",
  "liquibaseOperation": "update",
  "liquibaseCommandName": "update",
  "liquibaseTargetUrl": "jdbc:h2:tcp://localhost:9090/mem:dev",
  "commandLabelFilter": "",
  "commandContextFilter": "",
  "databaseChangelogSQL": "SELECT COUNT(*) FROM PUBLIC.DATABASECHANGELOGLOCK;",
  "databaseChangelogTableOutcome": "executed"
}
{
  "timestamp": "2023-04-02T18:35:52.274Z",
  "level": "INFO",
  "class": "liquibase.changelog",
  "thread": "1",
  "message": "Table person04 created",
  "liquibaseOperation": "update",
  "liquibaseCommandName": "update",
  "liquibaseTargetUrl": "jdbc:h2:tcp://localhost:9090/mem:dev",
  "commandLabelFilter": "",
  "commandContextFilter": "",
  "deploymentId": "0460552247",
  "changesetId": "mdc-xml-01",
  "changesetAuthor": "mmc-xml",
  "changesetFilepath": "changelog.mdc-04-errors.xml",
  "changesetComment": "example-comment",
  "changesetLabel": "simple",
  "changesetContext": "example-context",
  "changesetOperationStart": "2023-04-02T13:35:52.266",
  "changesetSql": "CREATE TABLE PUBLIC.person04 (id INT GENERATED BY DEFAULT AS IDENTITY NOT NULL, name VARCHAR(50) NOT NULL, address1 VARCHAR(50), address2 VARCHAR(50), city VARCHAR(30), CONSTRAINT PK_PERSON04 PRIMARY KEY (id));"
}
{
  "timestamp": "2023-04-02T18:35:52.277Z",
  "level": "INFO",
  "class": "liquibase.changelog",
  "thread": "1",
  "message": "ChangeSet changelog.mdc-04-errors.xml::mdc-xml-01::mmc-xml ran successfully in 11ms",
  "liquibaseOperation": "update",
  "liquibaseCommandName": "update",
  "liquibaseTargetUrl": "jdbc:h2:tcp://localhost:9090/mem:dev",
  "commandLabelFilter": "",
  "commandContextFilter": "",
  "deploymentId": "0460552247",
  "changesetId": "mdc-xml-01",
  "changesetAuthor": "mmc-xml",
  "changesetFilepath": "changelog.mdc-04-errors.xml",
  "changesetComment": "example-comment",
  "changesetLabel": "simple",
  "changesetContext": "example-context",
  "changesetOperationStart": "2023-04-02T13:35:52.266",
  "changesetSql": "CREATE TABLE PUBLIC.person04 (id INT GENERATED BY DEFAULT AS IDENTITY NOT NULL, name VARCHAR(50) NOT NULL, address1 VARCHAR(50), address2 VARCHAR(50), city VARCHAR(30), CONSTRAINT PK_PERSON04 PRIMARY KEY (id));",
  "changesetOperationStop": "2023-04-02T13:35:52.276",
  "changesetOutcome": "executed"
}
{
  "timestamp": "2023-04-02T18:35:52.282Z",
  "level": "INFO",
  "class": "liquibase.executor",
  "thread": "1",
  "message": "Changelog query completed.",
  "liquibaseOperation": "update",
  "liquibaseCommandName": "update",
  "liquibaseTargetUrl": "jdbc:h2:tcp://localhost:9090/mem:dev",
  "commandLabelFilter": "",
  "commandContextFilter": "",
  "deploymentId": "0460552247",
  "changesetId": "mdc-xml-01",
  "changesetAuthor": "mmc-xml",
  "changesetFilepath": "changelog.mdc-04-errors.xml",
  "changesetComment": "example-comment",
  "changesetLabel": "simple",
  "changesetContext": "example-context",
  "changesetOperationStart": "2023-04-02T13:35:52.266",
  "changesetSql": "CREATE TABLE PUBLIC.person04 (id INT GENERATED BY DEFAULT AS IDENTITY NOT NULL, name VARCHAR(50) NOT NULL, address1 VARCHAR(50), address2 VARCHAR(50), city VARCHAR(30), CONSTRAINT PK_PERSON04 PRIMARY KEY (id));",
  "changesetOperationStop": "2023-04-02T13:35:52.276",
  "changesetOutcome": "executed",
  "databaseChangelogSQL": "SELECT MAX(ORDEREXECUTED) FROM PUBLIC.DATABASECHANGELOG;",
  "databaseChangelogTableOutcome": "executed"
}
{
  "timestamp": "2023-04-02T18:35:52.285Z",
  "level": "INFO",
  "class": "liquibase.executor",
  "thread": "1",
  "message": "Changelog query completed.",
  "liquibaseOperation": "update",
  "liquibaseCommandName": "update",
  "liquibaseTargetUrl": "jdbc:h2:tcp://localhost:9090/mem:dev",
  "commandLabelFilter": "",
  "commandContextFilter": "",
  "deploymentId": "0460552247",
  "changesetId": "mdc-xml-01",
  "changesetAuthor": "mmc-xml",
  "changesetFilepath": "changelog.mdc-04-errors.xml",
  "changesetComment": "example-comment",
  "changesetLabel": "simple",
  "changesetContext": "example-context",
  "changesetOperationStart": "2023-04-02T13:35:52.266",
  "changesetSql": "CREATE TABLE PUBLIC.person04 (id INT GENERATED BY DEFAULT AS IDENTITY NOT NULL, name VARCHAR(50) NOT NULL, address1 VARCHAR(50), address2 VARCHAR(50), city VARCHAR(30), CONSTRAINT PK_PERSON04 PRIMARY KEY (id));",
  "changesetOperationStop": "2023-04-02T13:35:52.276",
  "changesetOutcome": "executed",
  "databaseChangelogTableOutcome": "executed"
}
{
  "timestamp": "2023-04-02T18:35:52.291Z",
  "level": "INFO",
  "class": "liquibase.changelog",
  "thread": "1",
  "message": "Tag 'r01' applied to database",
  "liquibaseOperation": "update",
  "liquibaseCommandName": "update",
  "liquibaseTargetUrl": "jdbc:h2:tcp://localhost:9090/mem:dev",
  "commandLabelFilter": "",
  "commandContextFilter": "",
  "deploymentId": "0460552247",
  "changesetId": "tagDatabase-example",
  "changesetAuthor": "liquibase-docs",
  "changesetFilepath": "changelog.mdc-04-errors.xml",
  "changesetComment": "",
  "changesetLabel": "",
  "changesetContext": "",
  "changesetOperationStart": "2023-04-02T13:35:52.29",
  "changesetSql": ""
}
{
  "timestamp": "2023-04-02T18:35:52.293Z",
  "level": "INFO",
  "class": "liquibase.changelog",
  "thread": "1",
  "message": "ChangeSet changelog.mdc-04-errors.xml::tagDatabase-example::liquibase-docs ran successfully in 3ms",
  "liquibaseOperation": "update",
  "liquibaseCommandName": "update",
  "liquibaseTargetUrl": "jdbc:h2:tcp://localhost:9090/mem:dev",
  "commandLabelFilter": "",
  "commandContextFilter": "",
  "deploymentId": "0460552247",
  "changesetId": "tagDatabase-example",
  "changesetAuthor": "liquibase-docs",
  "changesetFilepath": "changelog.mdc-04-errors.xml",
  "changesetComment": "",
  "changesetLabel": "",
  "changesetContext": "",
  "changesetOperationStart": "2023-04-02T13:35:52.29",
  "changesetSql": "",
  "changesetOperationStop": "2023-04-02T13:35:52.293",
  "changesetOutcome": "executed"
}
{
  "timestamp": "2023-04-02T18:35:52.296Z",
  "level": "INFO",
  "class": "liquibase.executor",
  "thread": "1",
  "message": "Changelog query completed.",
  "liquibaseOperation": "update",
  "liquibaseCommandName": "update",
  "liquibaseTargetUrl": "jdbc:h2:tcp://localhost:9090/mem:dev",
  "commandLabelFilter": "",
  "commandContextFilter": "",
  "deploymentId": "0460552247",
  "changesetId": "tagDatabase-example",
  "changesetAuthor": "liquibase-docs",
  "changesetFilepath": "changelog.mdc-04-errors.xml",
  "changesetComment": "",
  "changesetLabel": "",
  "changesetContext": "",
  "changesetOperationStart": "2023-04-02T13:35:52.29",
  "changesetSql": "",
  "changesetOperationStop": "2023-04-02T13:35:52.293",
  "changesetOutcome": "executed",
  "databaseChangelogTableOutcome": "executed"
}
{
  "timestamp": "2023-04-02T18:35:52.306Z",
  "level": "SEVERE",
  "class": "liquibase.changelog",
  "thread": "1",
  "message": "ChangeSet changelog.mdc-04-errors.xml::mdc-xml-02::mmc-xml encountered an exception.",
  "liquibaseOperation": "update",
  "liquibaseCommandName": "update",
  "liquibaseTargetUrl": "jdbc:h2:tcp://localhost:9090/mem:dev",
  "commandLabelFilter": "",
  "commandContextFilter": "",
  "deploymentId": "0460552247",
  "changesetId": "mdc-xml-02",
  "changesetAuthor": "mmc-xml",
  "changesetFilepath": "changelog.mdc-04-errors.xml",
  "changesetComment": "this changeset has an error",
  "changesetLabel": "has-error",
  "changesetContext": "example-contexts",
  "changesetOperationStart": "2023-04-02T13:35:52.3",
  "changesetSql": "CREATE TABLE PUBLIC.company04 (id INT22 GENERATED BY DEFAULT AS IDENTITY NOT NULL, name VARCHAR(50) NOT NULL, address1 VARCHAR(50), address2 VARCHAR(50), city VARCHAR(30), CONSTRAINT PK_COMPANY04 PRIMARY KEY (id));"
}
{
  "timestamp": "2023-04-02T18:35:52.307Z",
  "level": "INFO",
  "class": "liquibase.changelog",
  "thread": "1",
  "message": "Changeset changelog.mdc-04-errors.xml::mdc-xml-02::mmc-xml failed, but failOnError was false.  Error: Unknown data type: \"INT22\"; SQL statement:\nCREATE TABLE PUBLIC.company04 (id INT22 GENERATED BY DEFAULT AS IDENTITY NOT NULL, name VARCHAR(50) NOT NULL, address1 VARCHAR(50), address2 VARCHAR(50), city VARCHAR(30), CONSTRAINT PK_COMPANY04 PRIMARY KEY (id)) [50004-214] [Failed SQL: (50004) CREATE TABLE PUBLIC.company04 (id INT22 GENERATED BY DEFAULT AS IDENTITY NOT NULL, name VARCHAR(50) NOT NULL, address1 VARCHAR(50), address2 VARCHAR(50), city VARCHAR(30), CONSTRAINT PK_COMPANY04 PRIMARY KEY (id))]",
  "liquibaseOperation": "update",
  "liquibaseCommandName": "update",
  "liquibaseTargetUrl": "jdbc:h2:tcp://localhost:9090/mem:dev",
  "commandLabelFilter": "",
  "commandContextFilter": "",
  "deploymentId": "0460552247",
  "changesetId": "mdc-xml-02",
  "changesetAuthor": "mmc-xml",
  "changesetFilepath": "changelog.mdc-04-errors.xml",
  "changesetComment": "this changeset has an error",
  "changesetLabel": "has-error",
  "changesetContext": "example-contexts",
  "changesetOperationStart": "2023-04-02T13:35:52.3",
  "changesetSql": "CREATE TABLE PUBLIC.company04 (id INT22 GENERATED BY DEFAULT AS IDENTITY NOT NULL, name VARCHAR(50) NOT NULL, address1 VARCHAR(50), address2 VARCHAR(50), city VARCHAR(30), CONSTRAINT PK_COMPANY04 PRIMARY KEY (id));"
}
{
  "timestamp": "2023-04-02T18:35:52.309Z",
  "level": "INFO",
  "class": "liquibase.executor",
  "thread": "1",
  "message": "Changelog query completed.",
  "liquibaseOperation": "update",
  "liquibaseCommandName": "update",
  "liquibaseTargetUrl": "jdbc:h2:tcp://localhost:9090/mem:dev",
  "commandLabelFilter": "",
  "commandContextFilter": "",
  "deploymentId": "0460552247",
  "changesetId": "mdc-xml-02",
  "changesetAuthor": "mmc-xml",
  "changesetFilepath": "changelog.mdc-04-errors.xml",
  "changesetComment": "this changeset has an error",
  "changesetLabel": "has-error",
  "changesetContext": "example-contexts",
  "changesetOperationStart": "2023-04-02T13:35:52.3",
  "changesetSql": "CREATE TABLE PUBLIC.company04 (id INT22 GENERATED BY DEFAULT AS IDENTITY NOT NULL, name VARCHAR(50) NOT NULL, address1 VARCHAR(50), address2 VARCHAR(50), city VARCHAR(30), CONSTRAINT PK_COMPANY04 PRIMARY KEY (id));",
  "databaseChangelogTableOutcome": "executed"
}
{
  "timestamp": "2023-04-02T18:35:52.318Z",
  "level": "INFO",
  "class": "liquibase.changelog",
  "thread": "1",
  "message": "Columns country(varchar(2)) added to person04",
  "liquibaseOperation": "update",
  "liquibaseCommandName": "update",
  "liquibaseTargetUrl": "jdbc:h2:tcp://localhost:9090/mem:dev",
  "commandLabelFilter": "",
  "commandContextFilter": "",
  "deploymentId": "0460552247",
  "changesetId": "mdc-xml-03",
  "changesetAuthor": "mmc-xml",
  "changesetFilepath": "changelog.mdc-04-errors.xml",
  "changesetComment": "example-comment",
  "changesetLabel": "simple",
  "changesetContext": "example-context",
  "changesetOperationStart": "2023-04-02T13:35:52.314",
  "changesetSql": "ALTER TABLE PUBLIC.person04 ADD country VARCHAR(2);"
}
{
  "timestamp": "2023-04-02T18:35:52.320Z",
  "level": "INFO",
  "class": "liquibase.changelog",
  "thread": "1",
  "message": "ChangeSet changelog.mdc-04-errors.xml::mdc-xml-03::mmc-xml ran successfully in 5ms",
  "liquibaseOperation": "update",
  "liquibaseCommandName": "update",
  "liquibaseTargetUrl": "jdbc:h2:tcp://localhost:9090/mem:dev",
  "commandLabelFilter": "",
  "commandContextFilter": "",
  "deploymentId": "0460552247",
  "changesetId": "mdc-xml-03",
  "changesetAuthor": "mmc-xml",
  "changesetFilepath": "changelog.mdc-04-errors.xml",
  "changesetComment": "example-comment",
  "changesetLabel": "simple",
  "changesetContext": "example-context",
  "changesetOperationStart": "2023-04-02T13:35:52.314",
  "changesetSql": "ALTER TABLE PUBLIC.person04 ADD country VARCHAR(2);",
  "changesetOperationStop": "2023-04-02T13:35:52.319",
  "changesetOutcome": "executed"
}
{
  "timestamp": "2023-04-02T18:35:52.322Z",
  "level": "INFO",
  "class": "liquibase.executor",
  "thread": "1",
  "message": "Changelog query completed.",
  "liquibaseOperation": "update",
  "liquibaseCommandName": "update",
  "liquibaseTargetUrl": "jdbc:h2:tcp://localhost:9090/mem:dev",
  "commandLabelFilter": "",
  "commandContextFilter": "",
  "deploymentId": "0460552247",
  "changesetId": "mdc-xml-03",
  "changesetAuthor": "mmc-xml",
  "changesetFilepath": "changelog.mdc-04-errors.xml",
  "changesetComment": "example-comment",
  "changesetLabel": "simple",
  "changesetContext": "example-context",
  "changesetOperationStart": "2023-04-02T13:35:52.314",
  "changesetSql": "ALTER TABLE PUBLIC.person04 ADD country VARCHAR(2);",
  "changesetOperationStop": "2023-04-02T13:35:52.319",
  "changesetOutcome": "executed",
  "databaseChangelogTableOutcome": "executed"
}
{
  "timestamp": "2023-04-02T18:35:52.326Z",
  "level": "INFO",
  "class": "liquibase",
  "thread": "1",
  "message": "Update command completed successfully.",
  "liquibaseOperation": "update",
  "liquibaseCommandName": "update",
  "liquibaseTargetUrl": "jdbc:h2:tcp://localhost:9090/mem:dev",
  "commandLabelFilter": "",
  "commandContextFilter": "",
  "deploymentId": "0460552247",
  "deploymentOutcome": "success",
  "deploymentOutcomeCount": "4"
}
{
  "timestamp": "2023-04-02T18:35:52.330Z",
  "level": "INFO",
  "class": "liquibase.executor",
  "thread": "1",
  "message": "Changelog query completed.",
  "liquibaseOperation": "update",
  "liquibaseCommandName": "update",
  "liquibaseTargetUrl": "jdbc:h2:tcp://localhost:9090/mem:dev",
  "commandLabelFilter": "",
  "commandContextFilter": "",
  "deploymentId": "0460552247",
  "databaseChangelogSQL": "UPDATE PUBLIC.DATABASECHANGELOGLOCK SET LOCKED = FALSE, LOCKEDBY = NULL, LOCKGRANTED = NULL WHERE ID = 1;",
  "databaseChangelogTableOutcome": "executed"
}
{
  "timestamp": "2023-04-02T18:35:52.330Z",
  "level": "INFO",
  "class": "liquibase.lockservice",
  "thread": "1",
  "message": "Successfully released change log lock",
  "liquibaseOperation": "update",
  "liquibaseCommandName": "update",
  "liquibaseTargetUrl": "jdbc:h2:tcp://localhost:9090/mem:dev",
  "commandLabelFilter": "",
  "commandContextFilter": "",
  "deploymentId": "0460552247"
}
