{
  "timestamp": "2023-04-02T18:35:40.923Z",
  "level": "INFO",
  "class": "liquibase.integration",
  "thread": "1",
  "message": "Starting command execution.",
  "liquibaseVersion": "4.20.0",
  "liquibaseSystemUser": "mariochampion",
  "liquibaseSystemName": "mmc-mbp.lan"
}
{
  "timestamp": "2023-04-02T18:35:41.026Z",
  "level": "INFO",
  "class": "liquibase.license",
  "thread": "1",
  "message": "Successfully installed license from Base64 string starting with 'ABwwGgQU6h' (property liquibaseProLicenseKey).\n",
  "liquibaseOperation": "changelogSync"
}
{
  "timestamp": "2023-04-02T18:35:41.158Z",
  "level": "INFO",
  "class": "liquibase.database",
  "thread": "1",
  "message": "Set default schema name to PUBLIC",
  "liquibaseOperation": "changelogSync",
  "liquibaseCommandName": "changelogSync"
}
{
  "timestamp": "2023-04-02T18:35:41.264Z",
  "level": "INFO",
  "class": "liquibase.executor",
  "thread": "1",
  "message": "Changelog query completed.",
  "liquibaseOperation": "changelogSync",
  "liquibaseCommandName": "changelogSync",
  "databaseChangelogSQL": "SELECT COUNT(*) FROM PUBLIC.DATABASECHANGELOGLOCK;",
  "databaseChangelogTableOutcome": "executed"
}
{
  "timestamp": "2023-04-02T18:35:41.268Z",
  "level": "INFO",
  "class": "liquibase.executor",
  "thread": "1",
  "message": "Changelog query completed.",
  "liquibaseOperation": "changelogSync",
  "liquibaseCommandName": "changelogSync",
  "databaseChangelogSQL": "SELECT LOCKED FROM PUBLIC.DATABASECHANGELOGLOCK WHERE ID=1;",
  "databaseChangelogTableOutcome": "executed"
}
{
  "timestamp": "2023-04-02T18:35:41.286Z",
  "level": "INFO",
  "class": "liquibase.executor",
  "thread": "1",
  "message": "Changelog query completed.",
  "liquibaseOperation": "changelogSync",
  "liquibaseCommandName": "changelogSync",
  "databaseChangelogSQL": "UPDATE PUBLIC.DATABASECHANGELOGLOCK SET LOCKED = TRUE, LOCKEDBY = 'mmc-mbp.lan (192.168.86.30)', LOCKGRANTED = NOW() WHERE ID = 1 AND LOCKED = FALSE;",
  "databaseChangelogTableOutcome": "executed"
}
{
  "timestamp": "2023-04-02T18:35:41.288Z",
  "level": "INFO",
  "class": "liquibase.lockservice",
  "thread": "1",
  "message": "Successfully acquired change log lock",
  "liquibaseOperation": "changelogSync",
  "liquibaseCommandName": "changelogSync"
}
{
  "timestamp": "2023-04-02T18:35:41.462Z",
  "level": "INFO",
  "class": "liquibase.executor",
  "thread": "1",
  "message": "Changelog query completed.",
  "liquibaseOperation": "changelogSync",
  "liquibaseCommandName": "changelogSync",
  "changelogFile": "changelog.mdc-04-errors.xml",
  "databaseChangelogSQL": "SELECT MD5SUM FROM PUBLIC.DATABASECHANGELOG WHERE MD5SUM IS NOT NULL;",
  "databaseChangelogTableOutcome": "executed"
}
{
  "timestamp": "2023-04-02T18:35:41.464Z",
  "level": "INFO",
  "class": "liquibase.changelog",
  "thread": "1",
  "message": "Reading from PUBLIC.DATABASECHANGELOG",
  "liquibaseOperation": "changelogSync",
  "liquibaseCommandName": "changelogSync",
  "changelogFile": "changelog.mdc-04-errors.xml"
}
{
  "timestamp": "2023-04-02T18:35:41.468Z",
  "level": "INFO",
  "class": "liquibase.executor",
  "thread": "1",
  "message": "Changelog query completed.",
  "liquibaseOperation": "changelogSync",
  "liquibaseCommandName": "changelogSync",
  "changelogFile": "changelog.mdc-04-errors.xml",
  "databaseChangelogSQL": "SELECT * FROM PUBLIC.DATABASECHANGELOG ORDER BY DATEEXECUTED ASC, ORDEREXECUTED ASC;",
  "databaseChangelogTableOutcome": "executed"
}
{
  "timestamp": "2023-04-02T18:35:41.472Z",
  "level": "INFO",
  "class": "liquibase.executor",
  "thread": "1",
  "message": "Changelog query completed.",
  "liquibaseOperation": "changelogSync",
  "liquibaseCommandName": "changelogSync",
  "changelogFile": "changelog.mdc-04-errors.xml",
  "databaseChangelogSQL": "SELECT COUNT(*) FROM PUBLIC.DATABASECHANGELOGLOCK;",
  "databaseChangelogTableOutcome": "executed"
}
{
  "timestamp": "2023-04-02T18:35:41.525Z",
  "level": "INFO",
  "class": "liquibase.executor",
  "thread": "1",
  "message": "Changelog query completed.",
  "liquibaseOperation": "changelogSync",
  "liquibaseCommandName": "changelogSync",
  "changelogFile": "changelog.mdc-04-errors.xml",
  "databaseChangelogSQL": "SELECT MAX(ORDEREXECUTED) FROM PUBLIC.DATABASECHANGELOG;",
  "databaseChangelogTableOutcome": "executed"
}
{
  "timestamp": "2023-04-02T18:35:41.536Z",
  "level": "INFO",
  "class": "liquibase.executor",
  "thread": "1",
  "message": "Changelog query completed.",
  "liquibaseOperation": "changelogSync",
  "liquibaseCommandName": "changelogSync",
  "changelogFile": "changelog.mdc-04-errors.xml",
  "databaseChangelogTableOutcome": "executed"
}
{
  "timestamp": "2023-04-02T18:35:41.539Z",
  "level": "INFO",
  "class": "liquibase.executor",
  "thread": "1",
  "message": "Changelog query completed.",
  "liquibaseOperation": "changelogSync",
  "liquibaseCommandName": "changelogSync",
  "changelogFile": "changelog.mdc-04-errors.xml",
  "databaseChangelogTableOutcome": "executed"
}
{
  "timestamp": "2023-04-02T18:35:41.545Z",
  "level": "INFO",
  "class": "liquibase.executor",
  "thread": "1",
  "message": "Changelog query completed.",
  "liquibaseOperation": "changelogSync",
  "liquibaseCommandName": "changelogSync",
  "changelogFile": "changelog.mdc-04-errors.xml",
  "databaseChangelogTableOutcome": "executed"
}
{
  "timestamp": "2023-04-02T18:35:41.550Z",
  "level": "INFO",
  "class": "liquibase.executor",
  "thread": "1",
  "message": "Changelog query completed.",
  "liquibaseOperation": "changelogSync",
  "liquibaseCommandName": "changelogSync",
  "changelogFile": "changelog.mdc-04-errors.xml",
  "databaseChangelogTableOutcome": "executed"
}
{
  "timestamp": "2023-04-02T18:35:41.554Z",
  "level": "INFO",
  "class": "liquibase.executor",
  "thread": "1",
  "message": "Changelog query completed.",
  "liquibaseOperation": "changelogSync",
  "liquibaseCommandName": "changelogSync",
  "changelogFile": "changelog.mdc-04-errors.xml",
  "databaseChangelogSQL": "UPDATE PUBLIC.DATABASECHANGELOGLOCK SET LOCKED = FALSE, LOCKEDBY = NULL, LOCKGRANTED = NULL WHERE ID = 1;",
  "databaseChangelogTableOutcome": "executed"
}
{
  "timestamp": "2023-04-02T18:35:41.555Z",
  "level": "INFO",
  "class": "liquibase.lockservice",
  "thread": "1",
  "message": "Successfully released change log lock",
  "liquibaseOperation": "changelogSync",
  "liquibaseCommandName": "changelogSync",
  "changelogFile": "changelog.mdc-04-errors.xml"
}
