{
  "timestamp": "2023-04-02T18:36:42.558Z",
  "level": "INFO",
  "class": "liquibase.integration",
  "thread": "1",
  "message": "Starting command execution.",
  "liquibaseVersion": "4.20.0",
  "liquibaseSystemUser": "mariochampion",
  "liquibaseSystemName": "mmc-mbp.lan"
}
{
  "timestamp": "2023-04-02T18:36:42.675Z",
  "level": "INFO",
  "class": "liquibase.license",
  "thread": "1",
  "message": "Successfully installed license from Base64 string starting with 'ABwwGgQU6h' (property liquibaseProLicenseKey).\n",
  "liquibaseOperation": "rollback"
}
{
  "timestamp": "2023-04-02T18:36:42.814Z",
  "level": "INFO",
  "class": "liquibase.database",
  "thread": "1",
  "message": "Set default schema name to PUBLIC",
  "liquibaseOperation": "rollback",
  "liquibaseCommandName": "rollback"
}
{
  "timestamp": "2023-04-02T18:36:42.911Z",
  "level": "INFO",
  "class": "liquibase.executor",
  "thread": "1",
  "message": "Changelog query completed.",
  "liquibaseOperation": "rollback",
  "liquibaseCommandName": "rollback",
  "commandLabelFilter": "",
  "commandContextFilter": "",
  "rollbackToTag": "v2",
  "rollbackScript": "",
  "liquibaseTargetUrl": "jdbc:h2:tcp://localhost:9090/mem:dev",
  "databaseChangelogSQL": "SELECT COUNT(*) FROM PUBLIC.DATABASECHANGELOGLOCK;",
  "databaseChangelogTableOutcome": "executed"
}
{
  "timestamp": "2023-04-02T18:36:42.917Z",
  "level": "INFO",
  "class": "liquibase.executor",
  "thread": "1",
  "message": "Changelog query completed.",
  "liquibaseOperation": "rollback",
  "liquibaseCommandName": "rollback",
  "commandLabelFilter": "",
  "commandContextFilter": "",
  "rollbackToTag": "v2",
  "rollbackScript": "",
  "liquibaseTargetUrl": "jdbc:h2:tcp://localhost:9090/mem:dev",
  "databaseChangelogSQL": "SELECT LOCKED FROM PUBLIC.DATABASECHANGELOGLOCK WHERE ID=1;",
  "databaseChangelogTableOutcome": "executed"
}
{
  "timestamp": "2023-04-02T18:36:42.936Z",
  "level": "INFO",
  "class": "liquibase.executor",
  "thread": "1",
  "message": "Changelog query completed.",
  "liquibaseOperation": "rollback",
  "liquibaseCommandName": "rollback",
  "commandLabelFilter": "",
  "commandContextFilter": "",
  "rollbackToTag": "v2",
  "rollbackScript": "",
  "liquibaseTargetUrl": "jdbc:h2:tcp://localhost:9090/mem:dev",
  "databaseChangelogSQL": "UPDATE PUBLIC.DATABASECHANGELOGLOCK SET LOCKED = TRUE, LOCKEDBY = 'mmc-mbp.lan (192.168.86.30)', LOCKGRANTED = NOW() WHERE ID = 1 AND LOCKED = FALSE;",
  "databaseChangelogTableOutcome": "executed"
}
{
  "timestamp": "2023-04-02T18:36:42.938Z",
  "level": "INFO",
  "class": "liquibase.lockservice",
  "thread": "1",
  "message": "Successfully acquired change log lock",
  "liquibaseOperation": "rollback",
  "liquibaseCommandName": "rollback",
  "commandLabelFilter": "",
  "commandContextFilter": "",
  "rollbackToTag": "v2",
  "rollbackScript": "",
  "liquibaseTargetUrl": "jdbc:h2:tcp://localhost:9090/mem:dev"
}
{
  "timestamp": "2023-04-02T18:36:42.995Z",
  "level": "INFO",
  "class": "liquibase.executor",
  "thread": "1",
  "message": "Changelog query completed.",
  "liquibaseOperation": "rollback",
  "liquibaseCommandName": "rollback",
  "commandLabelFilter": "",
  "commandContextFilter": "",
  "rollbackToTag": "v2",
  "rollbackScript": "",
  "liquibaseTargetUrl": "jdbc:h2:tcp://localhost:9090/mem:dev",
  "changelogFile": "changelog.mdc-03.sql",
  "databaseChangelogSQL": "SELECT MD5SUM FROM PUBLIC.DATABASECHANGELOG WHERE MD5SUM IS NOT NULL;",
  "databaseChangelogTableOutcome": "executed"
}
{
  "timestamp": "2023-04-02T18:36:42.998Z",
  "level": "INFO",
  "class": "liquibase.executor",
  "thread": "1",
  "message": "Changelog query completed.",
  "liquibaseOperation": "rollback",
  "liquibaseCommandName": "rollback",
  "commandLabelFilter": "",
  "commandContextFilter": "",
  "rollbackToTag": "v2",
  "rollbackScript": "",
  "liquibaseTargetUrl": "jdbc:h2:tcp://localhost:9090/mem:dev",
  "changelogFile": "changelog.mdc-03.sql",
  "databaseChangelogSQL": "SELECT COUNT(*) FROM PUBLIC.DATABASECHANGELOGLOCK;",
  "databaseChangelogTableOutcome": "executed"
}
{
  "timestamp": "2023-04-02T18:36:43.004Z",
  "level": "INFO",
  "class": "liquibase.changelog",
  "thread": "1",
  "message": "Reading from PUBLIC.DATABASECHANGELOG",
  "liquibaseOperation": "rollback",
  "liquibaseCommandName": "rollback",
  "commandLabelFilter": "",
  "commandContextFilter": "",
  "rollbackToTag": "v2",
  "rollbackScript": "",
  "liquibaseTargetUrl": "jdbc:h2:tcp://localhost:9090/mem:dev",
  "changelogFile": "changelog.mdc-03.sql"
}
{
  "timestamp": "2023-04-02T18:36:43.009Z",
  "level": "INFO",
  "class": "liquibase.executor",
  "thread": "1",
  "message": "Changelog query completed.",
  "liquibaseOperation": "rollback",
  "liquibaseCommandName": "rollback",
  "commandLabelFilter": "",
  "commandContextFilter": "",
  "rollbackToTag": "v2",
  "rollbackScript": "",
  "liquibaseTargetUrl": "jdbc:h2:tcp://localhost:9090/mem:dev",
  "changelogFile": "changelog.mdc-03.sql",
  "databaseChangelogSQL": "SELECT * FROM PUBLIC.DATABASECHANGELOG ORDER BY DATEEXECUTED ASC, ORDEREXECUTED ASC;",
  "databaseChangelogTableOutcome": "executed"
}
{
  "timestamp": "2023-04-02T18:36:43.041Z",
  "level": "INFO",
  "class": "liquibase.executor",
  "thread": "1",
  "message": "Changelog query completed.",
  "liquibaseOperation": "rollback",
  "liquibaseCommandName": "rollback",
  "commandLabelFilter": "",
  "commandContextFilter": "",
  "rollbackToTag": "v2",
  "rollbackScript": "",
  "liquibaseTargetUrl": "jdbc:h2:tcp://localhost:9090/mem:dev",
  "changelogFile": "changelog.mdc-03.sql",
  "changesetId": "mdc-poc-03yyy",
  "changesetAuthor": "mmc-03",
  "changesetFilepath": "changelog.mdc-03.sql",
  "changesetOperationStart": "2023-04-02T13:36:43.026",
  "changesetComment": "example comment",
  "changesetLabel": "example3-label",
  "changesetContext": "example-context",
  "changesetSql": "ALTER TABLE person03 DROP COLUMN country;",
  "changesetOutcome": "executed",
  "changesetOperationStop": "2023-04-02T13:36:43.037",
  "databaseChangelogSQL": "DELETE FROM PUBLIC.DATABASECHANGELOG WHERE ID = 'mdc-poc-03yyy' AND AUTHOR = 'mmc-03' AND FILENAME = 'changelog.mdc-03.sql';",
  "databaseChangelogTableOutcome": "executed"
}
{
  "timestamp": "2023-04-02T18:36:43.055Z",
  "level": "INFO",
  "class": "liquibase.executor",
  "thread": "1",
  "message": "Changelog query completed.",
  "liquibaseOperation": "rollback",
  "liquibaseCommandName": "rollback",
  "commandLabelFilter": "",
  "commandContextFilter": "",
  "rollbackToTag": "v2",
  "rollbackScript": "",
  "liquibaseTargetUrl": "jdbc:h2:tcp://localhost:9090/mem:dev",
  "changelogFile": "changelog.mdc-03.sql",
  "changesetId": "mdc-poc-02",
  "changesetAuthor": "mmc-03",
  "changesetFilepath": "changelog.mdc-03.sql",
  "changesetOperationStart": "2023-04-02T13:36:43.049",
  "changesetComment": "example comment",
  "changesetLabel": "example2-label",
  "changesetContext": "example-context",
  "changesetSql": "DROP TABLE company03;",
  "changesetOutcome": "executed",
  "changesetOperationStop": "2023-04-02T13:36:43.052",
  "databaseChangelogSQL": "DELETE FROM PUBLIC.DATABASECHANGELOG WHERE ID = 'mdc-poc-02' AND AUTHOR = 'mmc-03' AND FILENAME = 'changelog.mdc-03.sql';",
  "databaseChangelogTableOutcome": "executed"
}
{
  "timestamp": "2023-04-02T18:36:43.060Z",
  "level": "INFO",
  "class": "liquibase",
  "thread": "1",
  "message": "Rollback command completed successfully.",
  "liquibaseOperation": "rollback",
  "liquibaseCommandName": "rollback",
  "commandLabelFilter": "",
  "commandContextFilter": "",
  "rollbackToTag": "v2",
  "rollbackScript": "",
  "liquibaseTargetUrl": "jdbc:h2:tcp://localhost:9090/mem:dev",
  "changelogFile": "changelog.mdc-03.sql",
  "changesetsRolledback": {
    "changesetCount": 2,
    "changesets": [
      {
        "author": "mmc-03",
        "changesetId": "mdc-poc-03yyy",
        "deploymentId": "0460601084",
        "filepath": "changelog.mdc-03.sql"
      },
      {
        "author": "mmc-03",
        "changesetId": "mdc-poc-02",
        "deploymentId": "0460601084",
        "filepath": "changelog.mdc-03.sql"
      }
    ]
    
  },
  "deploymentOutcome": "success"
}
{
  "timestamp": "2023-04-02T18:36:43.068Z",
  "level": "INFO",
  "class": "liquibase.executor",
  "thread": "1",
  "message": "Changelog query completed.",
  "liquibaseOperation": "rollback",
  "liquibaseCommandName": "rollback",
  "commandLabelFilter": "",
  "commandContextFilter": "",
  "rollbackToTag": "v2",
  "rollbackScript": "",
  "liquibaseTargetUrl": "jdbc:h2:tcp://localhost:9090/mem:dev",
  "changelogFile": "changelog.mdc-03.sql",
  "changesetsRolledback": {
    "changesetCount": 2,
    "changesets": [
      {
        "author": "mmc-03",
        "changesetId": "mdc-poc-03yyy",
        "deploymentId": "0460601084",
        "filepath": "changelog.mdc-03.sql"
      },
      {
        "author": "mmc-03",
        "changesetId": "mdc-poc-02",
        "deploymentId": "0460601084",
        "filepath": "changelog.mdc-03.sql"
      }
    ]
    
  },
  "databaseChangelogSQL": "UPDATE PUBLIC.DATABASECHANGELOGLOCK SET LOCKED = FALSE, LOCKEDBY = NULL, LOCKGRANTED = NULL WHERE ID = 1;",
  "databaseChangelogTableOutcome": "executed"
}
{
  "timestamp": "2023-04-02T18:36:43.071Z",
  "level": "INFO",
  "class": "liquibase.lockservice",
  "thread": "1",
  "message": "Successfully released change log lock",
  "liquibaseOperation": "rollback",
  "liquibaseCommandName": "rollback",
  "commandLabelFilter": "",
  "commandContextFilter": "",
  "rollbackToTag": "v2",
  "rollbackScript": "",
  "liquibaseTargetUrl": "jdbc:h2:tcp://localhost:9090/mem:dev",
  "changelogFile": "changelog.mdc-03.sql",
  "changesetsRolledback": {
    "changesetCount": 2,
    "changesets": [
      {
        "author": "mmc-03",
        "changesetId": "mdc-poc-03yyy",
        "deploymentId": "0460601084",
        "filepath": "changelog.mdc-03.sql"
      },
      {
        "author": "mmc-03",
        "changesetId": "mdc-poc-02",
        "deploymentId": "0460601084",
        "filepath": "changelog.mdc-03.sql"
      }
    ]
    
  }
}
